<html>
<head>
<title>TestNG:  Command line test</title>
<link href="../testng.css" rel="stylesheet" type="text/css" />
<link href="../my-testng.css" rel="stylesheet" type="text/css" />

<style type="text/css">
.log { display: none;} 
.stack-trace { display: none;} 
</style>
<script type="text/javascript">
<!--
function flip(e) {
  current = e.style.display;
  if (current == 'block') {
    e.style.display = 'none';
    return 0;
  }
  else {
    e.style.display = 'block';
    return 1;
  }
}

function toggleBox(szDivId, elem, msg1, msg2)
{
  var res = -1;  if (document.getElementById) {
    res = flip(document.getElementById(szDivId));
  }
  else if (document.all) {
    // this is the way old msie versions work
    res = flip(document.all[szDivId]);
  }
  if(elem) {
    if(res == 0) elem.innerHTML = msg1; else elem.innerHTML = msg2;
  }

}

function toggleAllBoxes() {
  if (document.getElementsByTagName) {
    d = document.getElementsByTagName('div');
    for (i = 0; i < d.length; i++) {
      if (d[i].className == 'log') {
        flip(d[i]);
      }
    }
  }
}

// -->
</script>

</head>
<body>
<h2 align='center'>Command line test</h2><table border='1' align="center">
<tr>
<td>Tests passed/Failed/Skipped:</td><td>0/0/7</td>
</tr><tr>
<td>Started on:</td><td>Fri Aug 02 19:47:42 IST 2019</td>
</tr>
<tr><td>Total time:</td><td>0 seconds (16 ms)</td>
</tr><tr>
<td>Included groups:</td><td></td>
</tr><tr>
<td>Excluded groups:</td><td></td>
</tr>
</table><p/>
<small><i>(Hover the method name to see the test class name)</i></small><p/>
<table width='100%' border='1' class='invocation-failed'>
<tr><td colspan='4' align='center'><b>FAILED CONFIGURATIONS</b></td></tr>
<tr><td><b>Test method</b></td>
<td width="30%"><b>Exception</b></td>
<td width="10%"><b>Time (seconds)</b></td>
<td><b>Instance</b></td>
</tr>
<tr>
<td title='com.focus.testcases.CreateCompanyLoginTest.openBrowser()'><b>openBrowser</b><br>Test class: com.focus.testcases.CreateCompanyLoginTest<br>Parameters: chrome<br/>
<a href="#Output-1766869737" onClick='toggleBox("Output-1766869737", this, "Show output", "Hide output");'>Show output</a>

<a href="#Output-1766869737" onClick="toggleAllBoxes();">Show all outputs</a>
<div class='log' id="Output-1766869737">
Completed executing following method : BaseEngine.openBrowser<br/>
</div>
</td>
<td><div><pre>org.openqa.selenium.SessionNotCreatedException: session not created: Chrome version must be between 71 and 75
  (Driver info: chromedriver=2.46.628402 (536cd7adbad73a3783fdc2cab92ab2ba7ec361e1),platform=Windows NT 10.0.10586 x86_64) (WARNING: The server did not provide any stacktrace information)
Command duration or timeout: 1.50 seconds
Build info: version: &apos;3.12.0&apos;, revision: &apos;7c6e0b3&apos;, time: &apos;2018-05-08T14:04:26.12Z&apos;
System info: host: &apos;FOCUS-QA-4&apos;, ip: &apos;192.168.5.29&apos;, os.name: &apos;Windows 10&apos;, os.arch: &apos;amd64&apos;, os.version: &apos;10.0&apos;, java.version: &apos;1.8.0_65&apos;
Driver info: driver.version: ChromeDriver
	at org.openqa.selenium.remote.ErrorHandler.createThrowable(ErrorHandler.java:214)
	at org.openqa.selenium.remote.ErrorHandler.throwIfResponseFailed(ErrorHandler.java:166)
	at org.openqa.selenium.remote.JsonWireProtocolResponse.lambda$new$0(JsonWireProtocolResponse.java:53)
	at org.openqa.selenium.remote.JsonWireProtocolResponse.lambda$getResponseFunction$2(JsonWireProtocolResponse.java:91)
	at org.openqa.selenium.remote.ProtocolHandshake.lambda$createSession$0(ProtocolHandshake.java:123)
	at java.util.stream.ReferencePipeline$3$1.accept(ReferencePipeline.java:193)
	at java.util.Spliterators$ArraySpliterator.tryAdvance(Spliterators.java:958)
	at java.util.stream.ReferencePipeline.forEachWithCancel(ReferencePipeline.java:126)
	at java.util.stream.AbstractPipeline.copyIntoWithCancel(AbstractPipeline.java:498)
	at java.util.stream.AbstractPipeline.copyInto(AbstractPipeline.java:485)
	at java.util.stream.AbstractPipeline.wrapAndCopyInto(AbstractPipeline.java:471)
	at java.util.stream.FindOps$FindOp.evaluateSequential(FindOps.java:152)
	at java.util.stream.AbstractPipeline.evaluate(AbstractPipeline.java:234)
	at java.util.stream.ReferencePipeline.findFirst(ReferencePipeline.java:464)
	at org.openqa.selenium.remote.ProtocolHandshake.createSession(ProtocolHandshake.java:126)
	at org.openqa.selenium.remote.ProtocolHandshake.createSession(ProtocolHandshake.java:73)
	at org.openqa.selenium.remote.HttpCommandExecutor.execute(HttpCommandExecutor.java:136)
	at org.openqa.selenium.remote.service.DriverCommandExecutor.execute(DriverCommandExecutor.java:83)
	at org.openqa.selenium.remote.RemoteWebDriver.execute(RemoteWebDriver.java:543)
	at org.openqa.selenium.remote.RemoteWebDriver.startSession(RemoteWebDriver.java:207)
	at org.openqa.selenium.remote.RemoteWebDriver.&lt;init&gt;(RemoteWebDriver.java:130)
	at org.openqa.selenium.chrome.ChromeDriver.&lt;init&gt;(ChromeDriver.java:181)
	at org.openqa.selenium.chrome.ChromeDriver.&lt;init&gt;(ChromeDriver.java:168)
	at org.openqa.selenium.chrome.ChromeDriver.&lt;init&gt;(ChromeDriver.java:123)
	at com.focus.base.BaseEngine.openBrowser(BaseEngine.java:85)
... Removed 32 stack frames</pre></div><a href='#' onClick='toggleBox("stack-trace1766869737", this, "Click to show all stack frames", "Click to hide stack frames")'>Click to show all stack frames</a>
<div class='stack-trace' id='stack-trace1766869737'><pre>org.openqa.selenium.SessionNotCreatedException: session not created: Chrome version must be between 71 and 75
  (Driver info: chromedriver=2.46.628402 (536cd7adbad73a3783fdc2cab92ab2ba7ec361e1),platform=Windows NT 10.0.10586 x86_64) (WARNING: The server did not provide any stacktrace information)
Command duration or timeout: 1.50 seconds
Build info: version: &apos;3.12.0&apos;, revision: &apos;7c6e0b3&apos;, time: &apos;2018-05-08T14:04:26.12Z&apos;
System info: host: &apos;FOCUS-QA-4&apos;, ip: &apos;192.168.5.29&apos;, os.name: &apos;Windows 10&apos;, os.arch: &apos;amd64&apos;, os.version: &apos;10.0&apos;, java.version: &apos;1.8.0_65&apos;
Driver info: driver.version: ChromeDriver
	at sun.reflect.NativeConstructorAccessorImpl.newInstance0(Native Method)
	at sun.reflect.NativeConstructorAccessorImpl.newInstance(NativeConstructorAccessorImpl.java:62)
	at sun.reflect.DelegatingConstructorAccessorImpl.newInstance(DelegatingConstructorAccessorImpl.java:45)
	at java.lang.reflect.Constructor.newInstance(Constructor.java:422)
	at org.openqa.selenium.remote.ErrorHandler.createThrowable(ErrorHandler.java:214)
	at org.openqa.selenium.remote.ErrorHandler.throwIfResponseFailed(ErrorHandler.java:166)
	at org.openqa.selenium.remote.JsonWireProtocolResponse.lambda$new$0(JsonWireProtocolResponse.java:53)
	at org.openqa.selenium.remote.JsonWireProtocolResponse.lambda$getResponseFunction$2(JsonWireProtocolResponse.java:91)
	at org.openqa.selenium.remote.ProtocolHandshake.lambda$createSession$0(ProtocolHandshake.java:123)
	at java.util.stream.ReferencePipeline$3$1.accept(ReferencePipeline.java:193)
	at java.util.Spliterators$ArraySpliterator.tryAdvance(Spliterators.java:958)
	at java.util.stream.ReferencePipeline.forEachWithCancel(ReferencePipeline.java:126)
	at java.util.stream.AbstractPipeline.copyIntoWithCancel(AbstractPipeline.java:498)
	at java.util.stream.AbstractPipeline.copyInto(AbstractPipeline.java:485)
	at java.util.stream.AbstractPipeline.wrapAndCopyInto(AbstractPipeline.java:471)
	at java.util.stream.FindOps$FindOp.evaluateSequential(FindOps.java:152)
	at java.util.stream.AbstractPipeline.evaluate(AbstractPipeline.java:234)
	at java.util.stream.ReferencePipeline.findFirst(ReferencePipeline.java:464)
	at org.openqa.selenium.remote.ProtocolHandshake.createSession(ProtocolHandshake.java:126)
	at org.openqa.selenium.remote.ProtocolHandshake.createSession(ProtocolHandshake.java:73)
	at org.openqa.selenium.remote.HttpCommandExecutor.execute(HttpCommandExecutor.java:136)
	at org.openqa.selenium.remote.service.DriverCommandExecutor.execute(DriverCommandExecutor.java:83)
	at org.openqa.selenium.remote.RemoteWebDriver.execute(RemoteWebDriver.java:543)
	at org.openqa.selenium.remote.RemoteWebDriver.startSession(RemoteWebDriver.java:207)
	at org.openqa.selenium.remote.RemoteWebDriver.&lt;init&gt;(RemoteWebDriver.java:130)
	at org.openqa.selenium.chrome.ChromeDriver.&lt;init&gt;(ChromeDriver.java:181)
	at org.openqa.selenium.chrome.ChromeDriver.&lt;init&gt;(ChromeDriver.java:168)
	at org.openqa.selenium.chrome.ChromeDriver.&lt;init&gt;(ChromeDriver.java:123)
	at com.focus.base.BaseEngine.openBrowser(BaseEngine.java:85)
	at sun.reflect.NativeMethodAccessorImpl.invoke0(Native Method)
	at sun.reflect.NativeMethodAccessorImpl.invoke(NativeMethodAccessorImpl.java:62)
	at sun.reflect.DelegatingMethodAccessorImpl.invoke(DelegatingMethodAccessorImpl.java:43)
	at java.lang.reflect.Method.invoke(Method.java:497)
	at org.testng.internal.MethodInvocationHelper.invokeMethod(MethodInvocationHelper.java:86)
	at org.testng.internal.Invoker.invokeConfigurationMethod(Invoker.java:514)
	at org.testng.internal.Invoker.invokeConfigurations(Invoker.java:215)
	at org.testng.internal.Invoker.invokeConfigurations(Invoker.java:142)
	at org.testng.SuiteRunner.privateRun(SuiteRunner.java:305)
	at org.testng.SuiteRunner.run(SuiteRunner.java:268)
	at org.testng.SuiteRunnerWorker.runSuite(SuiteRunnerWorker.java:52)
	at org.testng.SuiteRunnerWorker.run(SuiteRunnerWorker.java:86)
	at org.testng.TestNG.runSuitesSequentially(TestNG.java:1244)
	at org.testng.TestNG.runSuitesLocally(TestNG.java:1169)
	at org.testng.TestNG.run(TestNG.java:1064)
	at org.apache.maven.surefire.testng.TestNGExecutor.run(TestNGExecutor.java:77)
	at org.apache.maven.surefire.testng.TestNGDirectoryTestSuite.executeMulti(TestNGDirectoryTestSuite.java:159)
	at org.apache.maven.surefire.testng.TestNGDirectoryTestSuite.execute(TestNGDirectoryTestSuite.java:99)
	at org.apache.maven.surefire.testng.TestNGProvider.invoke(TestNGProvider.java:106)
	at sun.reflect.NativeMethodAccessorImpl.invoke0(Native Method)
	at sun.reflect.NativeMethodAccessorImpl.invoke(NativeMethodAccessorImpl.java:62)
	at sun.reflect.DelegatingMethodAccessorImpl.invoke(DelegatingMethodAccessorImpl.java:43)
	at java.lang.reflect.Method.invoke(Method.java:497)
	at org.apache.maven.surefire.util.ReflectionUtils.invokeMethodWithArray(ReflectionUtils.java:189)
	at org.apache.maven.surefire.booter.ProviderFactory$ProviderProxy.invoke(ProviderFactory.java:165)
	at org.apache.maven.surefire.booter.ProviderFactory.invokeProvider(ProviderFactory.java:85)
	at org.apache.maven.surefire.booter.ForkedBooter.runSuitesInProcess(ForkedBooter.java:115)
	at org.apache.maven.surefire.booter.ForkedBooter.main(ForkedBooter.java:75)
</pre></div></td>
<td>0</td>
<td>null</td></tr>
</table><p>
<table width='100%' border='1' class='invocation-skipped'>
<tr><td colspan='4' align='center'><b>SKIPPED CONFIGURATIONS</b></td></tr>
<tr><td><b>Test method</b></td>
<td width="30%"><b>Exception</b></td>
<td width="10%"><b>Time (seconds)</b></td>
<td><b>Instance</b></td>
</tr>
<tr>
<td title='com.focus.testcases.CreateCompanyLoginTest.intialiseReports()'><b>intialiseReports</b><br>Test class: com.focus.testcases.CreateCompanyLoginTest</td>
<td></td>
<td>0</td>
<td>null</td></tr>
<tr>
<td title='com.focus.testcases.LoginPageTest.beforeMethodExecution()'><b>beforeMethodExecution</b><br>Test class: com.focus.testcases.LoginPageTest</td>
<td></td>
<td>0</td>
<td>com.focus.testcases.LoginPageTest@52a86356</td></tr>
<tr>
<td title='com.focus.testcases.LoginPageTest.beforeMethodExecution()'><b>beforeMethodExecution</b><br>Test class: com.focus.testcases.LoginPageTest</td>
<td></td>
<td>0</td>
<td>com.focus.testcases.LoginPageTest@52a86356</td></tr>
<tr>
<td title='com.focus.testcases.CreateCompanyLoginTest.beforeMethodExecution()'><b>beforeMethodExecution</b><br>Test class: com.focus.testcases.CreateCompanyLoginTest</td>
<td></td>
<td>0</td>
<td>com.focus.testcases.CreateCompanyLoginTest@4e1d422d</td></tr>
<tr>
<td title='com.focus.testcases.HomeMenuSecurityCreateProfileTest.beforeMethodExecution()'><b>beforeMethodExecution</b><br>Test class: com.focus.testcases.HomeMenuSecurityCreateProfileTest</td>
<td></td>
<td>0</td>
<td>com.focus.testcases.HomeMenuSecurityCreateProfileTest@66480dd7</td></tr>
<tr>
<td title='com.focus.testcases.HomeMenuSecurityCreateProfileTest.beforeMethodExecution()'><b>beforeMethodExecution</b><br>Test class: com.focus.testcases.HomeMenuSecurityCreateProfileTest</td>
<td></td>
<td>0</td>
<td>com.focus.testcases.HomeMenuSecurityCreateProfileTest@66480dd7</td></tr>
<tr>
<td title='com.focus.testcases.HomeMenuSecurityCreateProfileTest.beforeMethodExecution()'><b>beforeMethodExecution</b><br>Test class: com.focus.testcases.HomeMenuSecurityCreateProfileTest</td>
<td></td>
<td>0</td>
<td>com.focus.testcases.HomeMenuSecurityCreateProfileTest@66480dd7</td></tr>
<tr>
<td title='com.focus.testcases.HomeMenuSecurityCreateProfileTest.beforeMethodExecution()'><b>beforeMethodExecution</b><br>Test class: com.focus.testcases.HomeMenuSecurityCreateProfileTest</td>
<td></td>
<td>0</td>
<td>com.focus.testcases.HomeMenuSecurityCreateProfileTest@66480dd7</td></tr>
<tr>
<td title='com.focus.testcases.LoginPageTest.afterMethodExecution()'><b>afterMethodExecution</b><br>Test class: com.focus.testcases.LoginPageTest</td>
<td></td>
<td>0</td>
<td>com.focus.testcases.LoginPageTest@52a86356</td></tr>
<tr>
<td title='com.focus.testcases.LoginPageTest.afterMethodExecution()'><b>afterMethodExecution</b><br>Test class: com.focus.testcases.LoginPageTest</td>
<td></td>
<td>0</td>
<td>com.focus.testcases.LoginPageTest@52a86356</td></tr>
<tr>
<td title='com.focus.testcases.CreateCompanyLoginTest.afterMethodExecution()'><b>afterMethodExecution</b><br>Test class: com.focus.testcases.CreateCompanyLoginTest</td>
<td></td>
<td>0</td>
<td>com.focus.testcases.CreateCompanyLoginTest@4e1d422d</td></tr>
<tr>
<td title='com.focus.testcases.HomeMenuSecurityCreateProfileTest.afterMethodExecution()'><b>afterMethodExecution</b><br>Test class: com.focus.testcases.HomeMenuSecurityCreateProfileTest</td>
<td></td>
<td>0</td>
<td>com.focus.testcases.HomeMenuSecurityCreateProfileTest@66480dd7</td></tr>
<tr>
<td title='com.focus.testcases.HomeMenuSecurityCreateProfileTest.afterMethodExecution()'><b>afterMethodExecution</b><br>Test class: com.focus.testcases.HomeMenuSecurityCreateProfileTest</td>
<td></td>
<td>0</td>
<td>com.focus.testcases.HomeMenuSecurityCreateProfileTest@66480dd7</td></tr>
<tr>
<td title='com.focus.testcases.HomeMenuSecurityCreateProfileTest.afterMethodExecution()'><b>afterMethodExecution</b><br>Test class: com.focus.testcases.HomeMenuSecurityCreateProfileTest</td>
<td></td>
<td>0</td>
<td>com.focus.testcases.HomeMenuSecurityCreateProfileTest@66480dd7</td></tr>
<tr>
<td title='com.focus.testcases.HomeMenuSecurityCreateProfileTest.afterMethodExecution()'><b>afterMethodExecution</b><br>Test class: com.focus.testcases.HomeMenuSecurityCreateProfileTest</td>
<td></td>
<td>0</td>
<td>com.focus.testcases.HomeMenuSecurityCreateProfileTest@66480dd7</td></tr>
<tr>
<td title='com.focus.testcases.CreateCompanyLoginTest.generateReports()'><b>generateReports</b><br>Test class: com.focus.testcases.CreateCompanyLoginTest</td>
<td></td>
<td>0</td>
<td>null</td></tr>
</table><p>
<table width='100%' border='1' class='invocation-skipped'>
<tr><td colspan='4' align='center'><b>SKIPPED TESTS</b></td></tr>
<tr><td><b>Test method</b></td>
<td width="30%"><b>Exception</b></td>
<td width="10%"><b>Time (seconds)</b></td>
<td><b>Instance</b></td>
</tr>
<tr>
<td title='com.focus.testcases.LoginPageTest.enterUrl()'><b>enterUrl</b><br>Test class: com.focus.testcases.LoginPageTest</td>
<td></td>
<td>0</td>
<td>com.focus.testcases.LoginPageTest@52a86356</td></tr>
<tr>
<td title='com.focus.testcases.HomeMenuSecurityCreateProfileTest.verifyCreateProfilePage()'><b>verifyCreateProfilePage</b><br>Test class: com.focus.testcases.HomeMenuSecurityCreateProfileTest</td>
<td></td>
<td>0</td>
<td>com.focus.testcases.HomeMenuSecurityCreateProfileTest@66480dd7</td></tr>
<tr>
<td title='com.focus.testcases.HomeMenuSecurityCreateProfileTest.verifyOpenCompany()'><b>verifyOpenCompany</b><br>Test class: com.focus.testcases.HomeMenuSecurityCreateProfileTest</td>
<td></td>
<td>0</td>
<td>com.focus.testcases.HomeMenuSecurityCreateProfileTest@66480dd7</td></tr>
<tr>
<td title='com.focus.testcases.HomeMenuSecurityCreateProfileTest.verifyOpenCompanyMenuRestrcition()'><b>verifyOpenCompanyMenuRestrcition</b><br>Test class: com.focus.testcases.HomeMenuSecurityCreateProfileTest</td>
<td></td>
<td>0</td>
<td>com.focus.testcases.HomeMenuSecurityCreateProfileTest@66480dd7</td></tr>
<tr>
<td title='com.focus.testcases.HomeMenuSecurityCreateProfileTest.verifySavedProfile()'><b>verifySavedProfile</b><br>Test class: com.focus.testcases.HomeMenuSecurityCreateProfileTest</td>
<td></td>
<td>0</td>
<td>com.focus.testcases.HomeMenuSecurityCreateProfileTest@66480dd7</td></tr>
<tr>
<td title='com.focus.testcases.LoginPageTest.verifyTheAvaibilityOfFieldsInLoginScreen()'><b>verifyTheAvaibilityOfFieldsInLoginScreen</b><br>Test class: com.focus.testcases.LoginPageTest</td>
<td></td>
<td>0</td>
<td>com.focus.testcases.LoginPageTest@52a86356</td></tr>
<tr>
<td title='com.focus.testcases.CreateCompanyLoginTest.verifyValidLoginTest()'><b>verifyValidLoginTest</b><br>Test class: com.focus.testcases.CreateCompanyLoginTest</td>
<td></td>
<td>0</td>
<td>com.focus.testcases.CreateCompanyLoginTest@4e1d422d</td></tr>
</table><p>
</body>
</html>