<?xml version="1.0" encoding="UTF-8" ?>
<testsuite tests="25" failures="1" name="TestSuite" time="8.186" errors="0" skipped="24">
  <properties>
    <property name="java.runtime.name" value="Java(TM) SE Runtime Environment"/>
    <property name="sun.boot.library.path" value="C:\Program Files\Java\jdk1.8.0_65\jre\bin"/>
    <property name="java.vm.version" value="25.65-b01"/>
    <property name="java.vm.vendor" value="Oracle Corporation"/>
    <property name="maven.multiModuleProjectDirectory" value="E:\FocusAI\FocusAI"/>
    <property name="java.vendor.url" value="http://java.oracle.com/"/>
    <property name="path.separator" value=";"/>
    <property name="guice.disable.misplaced.annotation.check" value="true"/>
    <property name="java.vm.name" value="Java HotSpot(TM) 64-Bit Server VM"/>
    <property name="file.encoding.pkg" value="sun.io"/>
    <property name="user.script" value=""/>
    <property name="user.country" value="US"/>
    <property name="sun.java.launcher" value="SUN_STANDARD"/>
    <property name="sun.os.patch.level" value=""/>
    <property name="java.vm.specification.name" value="Java Virtual Machine Specification"/>
    <property name="user.dir" value="E:\FocusAI\FocusAI"/>
    <property name="java.runtime.version" value="1.8.0_65-b17"/>
    <property name="java.awt.graphicsenv" value="sun.awt.Win32GraphicsEnvironment"/>
    <property name="java.endorsed.dirs" value="C:\Program Files\Java\jdk1.8.0_65\jre\lib\endorsed"/>
    <property name="os.arch" value="amd64"/>
    <property name="java.io.tmpdir" value="C:\Users\ADMINI~1.FOC\AppData\Local\Temp\"/>
    <property name="line.separator" value="
"/>
    <property name="java.vm.specification.vendor" value="Oracle Corporation"/>
    <property name="user.variant" value=""/>
    <property name="os.name" value="Windows 10"/>
    <property name="classworlds.conf" value="E:\FocusAI\.metadata\.plugins\org.eclipse.m2e.launching\launches\m2conf30978479080028703.tmp"/>
    <property name="sun.jnu.encoding" value="Cp1252"/>
    <property name="java.library.path" value="C:\Program Files\Java\jdk1.8.0_65\bin;C:\WINDOWS\Sun\Java\bin;C:\WINDOWS\system32;C:\WINDOWS;C:\Program Files\Microsoft MPI\Bin\;C:\Program Files (x86)\HP\NV\lib\shunra\vcat;C:\ProgramData\Oracle\Java\javapath;C:\Program Files (x86)\Intel\iCLS Client\;C:\Program Files\Intel\iCLS Client\;C:\WINDOWS\system32;C:\WINDOWS;C:\WINDOWS\System32\Wbem;C:\WINDOWS\System32\WindowsPowerShell\v1.0\;C:\Program Files\Intel\Intel(R) Management Engine Components\DAL;C:\Program Files (x86)\Intel\Intel(R) Management Engine Components\DAL;C:\Program Files\Intel\Intel(R) Management Engine Components\IPT;C:\Program Files (x86)\Intel\Intel(R) Management Engine Components\IPT;C:\Program Files\Microsoft SQL Server\Client SDK\ODBC\110\Tools\Binn\;C:\Program Files (x86)\Microsoft SQL Server\120\Tools\Binn\;C:\Program Files\Microsoft SQL Server\120\Tools\Binn\;C:\Program Files\Microsoft SQL Server\120\DTS\Binn\;C:\Program Files\Java\jdk1.8.0_65\bin;C:\Program Files (x86)\HP\NV\lib\thirdparty\safenet\LDK\7.0;C:\Program Files (x86)\HP\NV\lib\shunra\snv;C:\Users\naveen\AppData\Local\Android\android-sdk;C:\Program Files (x86)\HP\LoadRunner\strawberry-perl\perl\bin;C:\Program Files (x86)\Windows Live\Shared;C:\jakarta5.0.28_RID\bin;C:\Program Files (x86)\Microsoft SQL Server\Client SDK\ODBC\130\Tools\Binn\;C:\Program Files (x86)\Microsoft SQL Server\140\Tools\Binn\;C:\Program Files (x86)\Microsoft SQL Server\140\DTS\Binn\;C:\Program Files (x86)\Microsoft SQL Server\140\Tools\Binn\ManagementStudio\;C:\wkhtmltopdf\bin;C:\apache-maven-3.6.0\bin;C:\Program Files\TortoiseSVN\bin;C:\Program Files\Git\cmd;C:\Program Files\Microsoft SQL Server\140\Tools\Binn\;C:\Program Files\Microsoft SQL Server\140\DTS\Binn\;C:\Program Files\Microsoft SQL Server\Client SDK\ODBC\130\Tools\Binn\;C:\Users\Administrator.FOCUS-QA-4\AppData\Local\Programs\Python\Python37\Scripts\;C:\Users\Administrator.FOCUS-QA-4\AppData\Local\Programs\Python\Python37\;."/>
    <property name="java.specification.name" value="Java Platform API Specification"/>
    <property name="java.class.version" value="52.0"/>
    <property name="sun.management.compiler" value="HotSpot 64-Bit Tiered Compilers"/>
    <property name="os.version" value="10.0"/>
    <property name="user.home" value="C:\Users\Administrator.FOCUS-QA-4"/>
    <property name="user.timezone" value="Asia/Calcutta"/>
    <property name="java.awt.printerjob" value="sun.awt.windows.WPrinterJob"/>
    <property name="java.specification.version" value="1.8"/>
    <property name="file.encoding" value="Cp1252"/>
    <property name="user.name" value="Administrator"/>
    <property name="java.class.path" value="/E:/Selenium/EclipseNeon/eclipse/plugins/org.eclipse.m2e.maven.runtime_1.7.0.20160603-1931/jars/plexus-classworlds-2.5.2.jar"/>
    <property name="java.vm.specification.version" value="1.8"/>
    <property name="sun.arch.data.model" value="64"/>
    <property name="java.home" value="C:\Program Files\Java\jdk1.8.0_65\jre"/>
    <property name="sun.java.command" value="org.codehaus.plexus.classworlds.launcher.Launcher -B test"/>
    <property name="java.specification.vendor" value="Oracle Corporation"/>
    <property name="user.language" value="en"/>
    <property name="awt.toolkit" value="sun.awt.windows.WToolkit"/>
    <property name="java.vm.info" value="mixed mode"/>
    <property name="java.version" value="1.8.0_65"/>
    <property name="java.ext.dirs" value="C:\Program Files\Java\jdk1.8.0_65\jre\lib\ext;C:\WINDOWS\Sun\Java\lib\ext"/>
    <property name="sun.boot.class.path" value="C:\Program Files\Java\jdk1.8.0_65\jre\lib\resources.jar;C:\Program Files\Java\jdk1.8.0_65\jre\lib\rt.jar;C:\Program Files\Java\jdk1.8.0_65\jre\lib\sunrsasign.jar;C:\Program Files\Java\jdk1.8.0_65\jre\lib\jsse.jar;C:\Program Files\Java\jdk1.8.0_65\jre\lib\jce.jar;C:\Program Files\Java\jdk1.8.0_65\jre\lib\charsets.jar;C:\Program Files\Java\jdk1.8.0_65\jre\lib\jfr.jar;C:\Program Files\Java\jdk1.8.0_65\jre\classes"/>
    <property name="java.vendor" value="Oracle Corporation"/>
    <property name="maven.home" value="E:\FocusAI\FocusAI\EMBEDDED"/>
    <property name="file.separator" value="\"/>
    <property name="java.vendor.url.bug" value="http://bugreport.sun.com/bugreport/"/>
    <property name="sun.cpu.endian" value="little"/>
    <property name="sun.io.unicode.encoding" value="UnicodeLittle"/>
    <property name="sun.desktop" value="windows"/>
    <property name="sun.cpu.isalist" value="amd64"/>
  </properties>
  <testcase classname="com.focus.testcases.CreateCompanyLoginTest" name="openBrowser" time="2.713">
    <failure message="session not created: Chrome version must be between 71 and 75
  (Driver info: chromedriver=2.46.628402 (536cd7adbad73a3783fdc2cab92ab2ba7ec361e1),platform=Windows NT 10.0.10586 x86_64) (WARNING: The server did not provide any stacktrace information)
Command duration or timeout: 1.50 seconds
Build info: version: &apos;3.12.0&apos;, revision: &apos;7c6e0b3&apos;, time: &apos;2018-05-08T14:04:26.12Z&apos;
System info: host: &apos;FOCUS-QA-4&apos;, ip: &apos;192.168.5.29&apos;, os.name: &apos;Windows 10&apos;, os.arch: &apos;amd64&apos;, os.version: &apos;10.0&apos;, java.version: &apos;1.8.0_65&apos;
Driver info: driver.version: ChromeDriver" type="org.openqa.selenium.SessionNotCreatedException">org.openqa.selenium.SessionNotCreatedException: session not created: Chrome version must be between 71 and 75
  (Driver info: chromedriver=2.46.628402 (536cd7adbad73a3783fdc2cab92ab2ba7ec361e1),platform=Windows NT 10.0.10586 x86_64) (WARNING: The server did not provide any stacktrace information)
Command duration or timeout: 1.50 seconds
Build info: version: &apos;3.12.0&apos;, revision: &apos;7c6e0b3&apos;, time: &apos;2018-05-08T14:04:26.12Z&apos;
System info: host: &apos;FOCUS-QA-4&apos;, ip: &apos;192.168.5.29&apos;, os.name: &apos;Windows 10&apos;, os.arch: &apos;amd64&apos;, os.version: &apos;10.0&apos;, java.version: &apos;1.8.0_65&apos;
Driver info: driver.version: ChromeDriver
	at sun.reflect.NativeConstructorAccessorImpl.newInstance0(Native Method)
	at sun.reflect.NativeConstructorAccessorImpl.newInstance(NativeConstructorAccessorImpl.java:62)
	at sun.reflect.DelegatingConstructorAccessorImpl.newInstance(DelegatingConstructorAccessorImpl.java:45)
	at java.lang.reflect.Constructor.newInstance(Constructor.java:422)
	at org.openqa.selenium.remote.ErrorHandler.createThrowable(ErrorHandler.java:214)
	at org.openqa.selenium.remote.ErrorHandler.throwIfResponseFailed(ErrorHandler.java:166)
	at org.openqa.selenium.remote.JsonWireProtocolResponse.lambda$new$0(JsonWireProtocolResponse.java:53)
	at org.openqa.selenium.remote.JsonWireProtocolResponse.lambda$getResponseFunction$2(JsonWireProtocolResponse.java:91)
	at org.openqa.selenium.remote.ProtocolHandshake.lambda$createSession$0(ProtocolHandshake.java:123)
	at java.util.stream.ReferencePipeline$3$1.accept(ReferencePipeline.java:193)
	at java.util.Spliterators$ArraySpliterator.tryAdvance(Spliterators.java:958)
	at java.util.stream.ReferencePipeline.forEachWithCancel(ReferencePipeline.java:126)
	at java.util.stream.AbstractPipeline.copyIntoWithCancel(AbstractPipeline.java:498)
	at java.util.stream.AbstractPipeline.copyInto(AbstractPipeline.java:485)
	at java.util.stream.AbstractPipeline.wrapAndCopyInto(AbstractPipeline.java:471)
	at java.util.stream.FindOps$FindOp.evaluateSequential(FindOps.java:152)
	at java.util.stream.AbstractPipeline.evaluate(AbstractPipeline.java:234)
	at java.util.stream.ReferencePipeline.findFirst(ReferencePipeline.java:464)
	at org.openqa.selenium.remote.ProtocolHandshake.createSession(ProtocolHandshake.java:126)
	at org.openqa.selenium.remote.ProtocolHandshake.createSession(ProtocolHandshake.java:73)
	at org.openqa.selenium.remote.HttpCommandExecutor.execute(HttpCommandExecutor.java:136)
	at org.openqa.selenium.remote.service.DriverCommandExecutor.execute(DriverCommandExecutor.java:83)
	at org.openqa.selenium.remote.RemoteWebDriver.execute(RemoteWebDriver.java:543)
	at org.openqa.selenium.remote.RemoteWebDriver.startSession(RemoteWebDriver.java:207)
	at org.openqa.selenium.remote.RemoteWebDriver.&lt;init&gt;(RemoteWebDriver.java:130)
	at org.openqa.selenium.chrome.ChromeDriver.&lt;init&gt;(ChromeDriver.java:181)
	at org.openqa.selenium.chrome.ChromeDriver.&lt;init&gt;(ChromeDriver.java:168)
	at org.openqa.selenium.chrome.ChromeDriver.&lt;init&gt;(ChromeDriver.java:123)
	at com.focus.base.BaseEngine.openBrowser(BaseEngine.java:85)
	at sun.reflect.NativeMethodAccessorImpl.invoke0(Native Method)
	at sun.reflect.NativeMethodAccessorImpl.invoke(NativeMethodAccessorImpl.java:62)
	at sun.reflect.DelegatingMethodAccessorImpl.invoke(DelegatingMethodAccessorImpl.java:43)
	at java.lang.reflect.Method.invoke(Method.java:497)
	at org.testng.internal.MethodInvocationHelper.invokeMethod(MethodInvocationHelper.java:86)
	at org.testng.internal.Invoker.invokeConfigurationMethod(Invoker.java:514)
	at org.testng.internal.Invoker.invokeConfigurations(Invoker.java:215)
	at org.testng.internal.Invoker.invokeConfigurations(Invoker.java:142)
	at org.testng.SuiteRunner.privateRun(SuiteRunner.java:305)
	at org.testng.SuiteRunner.run(SuiteRunner.java:268)
	at org.testng.SuiteRunnerWorker.runSuite(SuiteRunnerWorker.java:52)
	at org.testng.SuiteRunnerWorker.run(SuiteRunnerWorker.java:86)
	at org.testng.TestNG.runSuitesSequentially(TestNG.java:1244)
	at org.testng.TestNG.runSuitesLocally(TestNG.java:1169)
	at org.testng.TestNG.run(TestNG.java:1064)
	at org.apache.maven.surefire.testng.TestNGExecutor.run(TestNGExecutor.java:77)
	at org.apache.maven.surefire.testng.TestNGDirectoryTestSuite.executeMulti(TestNGDirectoryTestSuite.java:159)
	at org.apache.maven.surefire.testng.TestNGDirectoryTestSuite.execute(TestNGDirectoryTestSuite.java:99)
	at org.apache.maven.surefire.testng.TestNGProvider.invoke(TestNGProvider.java:106)
	at sun.reflect.NativeMethodAccessorImpl.invoke0(Native Method)
	at sun.reflect.NativeMethodAccessorImpl.invoke(NativeMethodAccessorImpl.java:62)
	at sun.reflect.DelegatingMethodAccessorImpl.invoke(DelegatingMethodAccessorImpl.java:43)
	at java.lang.reflect.Method.invoke(Method.java:497)
	at org.apache.maven.surefire.util.ReflectionUtils.invokeMethodWithArray(ReflectionUtils.java:189)
	at org.apache.maven.surefire.booter.ProviderFactory$ProviderProxy.invoke(ProviderFactory.java:165)
	at org.apache.maven.surefire.booter.ProviderFactory.invokeProvider(ProviderFactory.java:85)
	at org.apache.maven.surefire.booter.ForkedBooter.runSuitesInProcess(ForkedBooter.java:115)
	at org.apache.maven.surefire.booter.ForkedBooter.main(ForkedBooter.java:75)
</failure>
    <system-out>Configuring TestNG with: org.apache.maven.surefire.testng.conf.TestNG652Configurator@24273305
About to begin executing Suite Command line suite
About to begin executing following method : BaseEngine.openBrowser
Completed executing following method : BaseEngine.openBrowser
</system-out>
    <system-err>Starting ChromeDriver 2.46.628402 (536cd7adbad73a3783fdc2cab92ab2ba7ec361e1) on port 39847
Only local connections are allowed.
Please protect ports used by ChromeDriver and related test frameworks to prevent access by malicious code.
</system-err>
  </testcase>
  <testcase classname="com.focus.testcases.CreateCompanyLoginTest" name="intialiseReports" time="2.713">
    <skipped/>
    <system-out>About to begin executing Test Command line test
</system-out>
  </testcase>
  <testcase classname="com.focus.testcases.LoginPageTest" name="beforeMethodExecution" time="2.729">
    <skipped/>
  </testcase>
  <testcase classname="com.focus.testcases.LoginPageTest" name="enterUrl" time="0">
    <skipped/>
    <system-out>The execution of the main test starts now
About to begin executing following method : LoginPageTest.enterUrl
Completed executing following method : LoginPageTest.enterUrl
Test Method resides in com.focus.testcases.LoginPageTest
Test Status: Skipped
</system-out>
  </testcase>
  <testcase classname="com.focus.testcases.LoginPageTest" name="afterMethodExecution" time="0">
    <skipped/>
  </testcase>
  <testcase classname="com.focus.testcases.LoginPageTest" name="beforeMethodExecution" time="0">
    <skipped/>
  </testcase>
  <testcase classname="com.focus.testcases.LoginPageTest" name="verifyTheAvaibilityOfFieldsInLoginScreen" time="0">
    <skipped/>
    <system-out>The execution of the main test starts now
About to begin executing following method : LoginPageTest.verifyTheAvaibilityOfFieldsInLoginScreen
Completed executing following method : LoginPageTest.verifyTheAvaibilityOfFieldsInLoginScreen
Test Method resides in com.focus.testcases.LoginPageTest
Test Status: Skipped
</system-out>
  </testcase>
  <testcase classname="com.focus.testcases.LoginPageTest" name="afterMethodExecution" time="0">
    <skipped/>
  </testcase>
  <testcase classname="com.focus.testcases.CreateCompanyLoginTest" name="beforeMethodExecution" time="0">
    <skipped/>
  </testcase>
  <testcase classname="com.focus.testcases.CreateCompanyLoginTest" name="verifyValidLoginTest" time="0">
    <skipped/>
    <system-out>The execution of the main test starts now
About to begin executing following method : CreateCompanyLoginTest.verifyValidLoginTest
Completed executing following method : CreateCompanyLoginTest.verifyValidLoginTest
Test Method resides in com.focus.testcases.CreateCompanyLoginTest
Test Status: Skipped
</system-out>
  </testcase>
  <testcase classname="com.focus.testcases.CreateCompanyLoginTest" name="afterMethodExecution" time="0">
    <skipped/>
  </testcase>
  <testcase classname="com.focus.testcases.HomeMenuSecurityCreateProfileTest" name="beforeMethodExecution" time="0">
    <skipped/>
  </testcase>
  <testcase classname="com.focus.testcases.HomeMenuSecurityCreateProfileTest" name="verifyCreateProfilePage" time="0">
    <skipped/>
    <system-out>The execution of the main test starts now
About to begin executing following method : HomeMenuSecurityCreateProfileTest.verifyCreateProfilePage
Completed executing following method : HomeMenuSecurityCreateProfileTest.verifyCreateProfilePage
Test Method resides in com.focus.testcases.HomeMenuSecurityCreateProfileTest
Test Status: Skipped
</system-out>
  </testcase>
  <testcase classname="com.focus.testcases.HomeMenuSecurityCreateProfileTest" name="afterMethodExecution" time="0">
    <skipped/>
  </testcase>
  <testcase classname="com.focus.testcases.HomeMenuSecurityCreateProfileTest" name="beforeMethodExecution" time="0">
    <skipped/>
  </testcase>
  <testcase classname="com.focus.testcases.HomeMenuSecurityCreateProfileTest" name="verifySavedProfile" time="0">
    <skipped/>
    <system-out>The execution of the main test starts now
About to begin executing following method : HomeMenuSecurityCreateProfileTest.verifySavedProfile
Completed executing following method : HomeMenuSecurityCreateProfileTest.verifySavedProfile
Test Method resides in com.focus.testcases.HomeMenuSecurityCreateProfileTest
Test Status: Skipped
</system-out>
  </testcase>
  <testcase classname="com.focus.testcases.HomeMenuSecurityCreateProfileTest" name="afterMethodExecution" time="0">
    <skipped/>
  </testcase>
  <testcase classname="com.focus.testcases.HomeMenuSecurityCreateProfileTest" name="beforeMethodExecution" time="0">
    <skipped/>
  </testcase>
  <testcase classname="com.focus.testcases.HomeMenuSecurityCreateProfileTest" name="verifyOpenCompany" time="0">
    <skipped/>
    <system-out>The execution of the main test starts now
About to begin executing following method : HomeMenuSecurityCreateProfileTest.verifyOpenCompany
Completed executing following method : HomeMenuSecurityCreateProfileTest.verifyOpenCompany
Test Method resides in com.focus.testcases.HomeMenuSecurityCreateProfileTest
Test Status: Skipped
</system-out>
  </testcase>
  <testcase classname="com.focus.testcases.HomeMenuSecurityCreateProfileTest" name="afterMethodExecution" time="0">
    <skipped/>
  </testcase>
  <testcase classname="com.focus.testcases.HomeMenuSecurityCreateProfileTest" name="beforeMethodExecution" time="0">
    <skipped/>
  </testcase>
  <testcase classname="com.focus.testcases.HomeMenuSecurityCreateProfileTest" name="verifyOpenCompanyMenuRestrcition" time="0">
    <skipped/>
    <system-out>The execution of the main test starts now
About to begin executing following method : HomeMenuSecurityCreateProfileTest.verifyOpenCompanyMenuRestrcition
Completed executing following method : HomeMenuSecurityCreateProfileTest.verifyOpenCompanyMenuRestrcition
Test Method resides in com.focus.testcases.HomeMenuSecurityCreateProfileTest
Test Status: Skipped
</system-out>
  </testcase>
  <testcase classname="com.focus.testcases.HomeMenuSecurityCreateProfileTest" name="afterMethodExecution" time="0">
    <skipped/>
  </testcase>
  <testcase classname="com.focus.testcases.CreateCompanyLoginTest" name="generateReports" time="0">
    <skipped/>
  </testcase>
  <testcase classname="com.focus.testcases.CreateCompanyLoginTest" name="closeBrowser" time="0.031">
    <skipped/>
    <system-out>Completed executing test Command line test
</system-out>
  </testcase>
</testsuite>