<?xml version="1.0" encoding="UTF-8"?>
<!-- Generated by org.testng.reporters.JUnitReportReporter -->
<testsuite hostname="FOCUS-QA-4" name="com.focus.testcases.DesignWorkFlowOptionsTest" tests="63" failures="4" timestamp="27 Oct 2021 04:52:58 GMT" time="4443.464" errors="0">
  <testcase name="checkSavingPurchaseOrders" time="15.037" classname="com.focus.testcases.DesignWorkFlowOptionsTest"/>
  <testcase name="checkListingOfDocumentsReport" time="20.139" classname="com.focus.testcases.DesignWorkFlowOptionsTest"/>
  <testcase name="checkAllowBackDatedLinkingOption" time="125.125" classname="com.focus.testcases.DesignWorkFlowOptionsTest"/>
  <testcase name="checkLinkIsMandatoryOption" time="134.050" classname="com.focus.testcases.DesignWorkFlowOptionsTest"/>
  <testcase name="checkSavingPurchaseOrderAndPurchaseVoucherNRowWisePartialConsumeCloseLink" time="86.530" classname="com.focus.testcases.DesignWorkFlowOptionsTest"/>
  <testcase name="checkListingOfDocumentsByDueDateReport" time="21.446" classname="com.focus.testcases.DesignWorkFlowOptionsTest"/>
  <testcase name="checkSelectingItemOptionBetweenPurchaseOrderAndPvn" time="1.480" classname="com.focus.testcases.DesignWorkFlowOptionsTest"/>
  <testcase name="checkSavingPurchaseOrderAndPurchaseVoucherNPartialConsumeCloseLink" time="82.704" classname="com.focus.testcases.DesignWorkFlowOptionsTest"/>
  <testcase name="checkDeletingPurchaseFlowAndSavingNewFlowWithOneBaseAndOneLinkDocument" time="42.636" classname="com.focus.testcases.DesignWorkFlowOptionsTest"/>
  <testcase name="checkConsolidateOnDocumentWhenDisplayingInSelection" time="112.151" classname="com.focus.testcases.DesignWorkFlowOptionsTest">
    <failure type="java.lang.AssertionError" message="expected [true] but found [false]">
      <![CDATA[java.lang.AssertionError: expected [true] but found [false]
	at org.testng.Assert.fail(Assert.java:94)
	at org.testng.Assert.failNotEquals(Assert.java:513)
	at org.testng.Assert.assertEqualsImpl(Assert.java:135)
	at org.testng.Assert.assertEquals(Assert.java:116)
	at org.testng.Assert.assertEquals(Assert.java:305)
	at org.testng.Assert.assertEquals(Assert.java:315)
	at com.focus.testcases.DesignWorkFlowOptionsTest.checkConsolidateOnDocumentWhenDisplayingInSelection(DesignWorkFlowOptionsTest.java:219)
	at sun.reflect.NativeMethodAccessorImpl.invoke0(Native Method)
	at sun.reflect.NativeMethodAccessorImpl.invoke(Unknown Source)
	at sun.reflect.DelegatingMethodAccessorImpl.invoke(Unknown Source)
	at java.lang.reflect.Method.invoke(Unknown Source)
	at org.testng.internal.MethodInvocationHelper.invokeMethod(MethodInvocationHelper.java:86)
	at org.testng.internal.Invoker.invokeMethod(Invoker.java:643)
	at org.testng.internal.Invoker.invokeTestMethod(Invoker.java:820)
	at org.testng.internal.Invoker.invokeTestMethods(Invoker.java:1128)
	at org.testng.internal.TestMethodWorker.invokeTestMethods(TestMethodWorker.java:129)
	at org.testng.internal.TestMethodWorker.run(TestMethodWorker.java:112)
	at org.testng.TestRunner.privateRun(TestRunner.java:782)
	at org.testng.TestRunner.run(TestRunner.java:632)
	at org.testng.SuiteRunner.runTest(SuiteRunner.java:366)
	at org.testng.SuiteRunner.runSequentially(SuiteRunner.java:361)
	at org.testng.SuiteRunner.privateRun(SuiteRunner.java:319)
	at org.testng.SuiteRunner.run(SuiteRunner.java:268)
	at org.testng.SuiteRunnerWorker.runSuite(SuiteRunnerWorker.java:52)
	at org.testng.SuiteRunnerWorker.run(SuiteRunnerWorker.java:86)
	at org.testng.TestNG.runSuitesSequentially(TestNG.java:1244)
	at org.testng.TestNG.runSuitesLocally(TestNG.java:1169)
	at org.testng.TestNG.run(TestNG.java:1064)
	at org.testng.remote.AbstractRemoteTestNG.run(AbstractRemoteTestNG.java:114)
	at org.testng.remote.RemoteTestNG.initAndRun(RemoteTestNG.java:251)
	at org.testng.remote.RemoteTestNG.main(RemoteTestNG.java:77)
]]>
    </failure>
  </testcase> <!-- checkConsolidateOnDocumentWhenDisplayingInSelection -->
  <testcase name="checkPendingLinksThroughConvertOptionWithSelectingRow" time="6.169" classname="com.focus.testcases.DesignWorkFlowOptionsTest"/>
  <testcase name="checkCloseLinkOptionOnPartialRowSelectionInPurchaseOrderHavingTwoLinkDocuments" time="135.753" classname="com.focus.testcases.DesignWorkFlowOptionsTest"/>
  <testcase name="checkDoNotClubWithCommonBaseOption" time="159.507" classname="com.focus.testcases.DesignWorkFlowOptionsTest">
    <failure type="java.lang.AssertionError" message="expected [true] but found [false]">
      <![CDATA[java.lang.AssertionError: expected [true] but found [false]
	at org.testng.Assert.fail(Assert.java:94)
	at org.testng.Assert.failNotEquals(Assert.java:513)
	at org.testng.Assert.assertEqualsImpl(Assert.java:135)
	at org.testng.Assert.assertEquals(Assert.java:116)
	at org.testng.Assert.assertEquals(Assert.java:305)
	at org.testng.Assert.assertEquals(Assert.java:315)
	at com.focus.testcases.DesignWorkFlowOptionsTest.checkDoNotClubWithCommonBaseOption(DesignWorkFlowOptionsTest.java:263)
	at sun.reflect.NativeMethodAccessorImpl.invoke0(Native Method)
	at sun.reflect.NativeMethodAccessorImpl.invoke(Unknown Source)
	at sun.reflect.DelegatingMethodAccessorImpl.invoke(Unknown Source)
	at java.lang.reflect.Method.invoke(Unknown Source)
	at org.testng.internal.MethodInvocationHelper.invokeMethod(MethodInvocationHelper.java:86)
	at org.testng.internal.Invoker.invokeMethod(Invoker.java:643)
	at org.testng.internal.Invoker.invokeTestMethod(Invoker.java:820)
	at org.testng.internal.Invoker.invokeTestMethods(Invoker.java:1128)
	at org.testng.internal.TestMethodWorker.invokeTestMethods(TestMethodWorker.java:129)
	at org.testng.internal.TestMethodWorker.run(TestMethodWorker.java:112)
	at org.testng.TestRunner.privateRun(TestRunner.java:782)
	at org.testng.TestRunner.run(TestRunner.java:632)
	at org.testng.SuiteRunner.runTest(SuiteRunner.java:366)
	at org.testng.SuiteRunner.runSequentially(SuiteRunner.java:361)
	at org.testng.SuiteRunner.privateRun(SuiteRunner.java:319)
	at org.testng.SuiteRunner.run(SuiteRunner.java:268)
	at org.testng.SuiteRunnerWorker.runSuite(SuiteRunnerWorker.java:52)
	at org.testng.SuiteRunnerWorker.run(SuiteRunnerWorker.java:86)
	at org.testng.TestNG.runSuitesSequentially(TestNG.java:1244)
	at org.testng.TestNG.runSuitesLocally(TestNG.java:1169)
	at org.testng.TestNG.run(TestNG.java:1064)
	at org.testng.remote.AbstractRemoteTestNG.run(AbstractRemoteTestNG.java:114)
	at org.testng.remote.RemoteTestNG.initAndRun(RemoteTestNG.java:251)
	at org.testng.remote.RemoteTestNG.main(RemoteTestNG.java:77)
]]>
    </failure>
  </testcase> <!-- checkDoNotClubWithCommonBaseOption -->
  <testcase name="checkEraseAllTransactionsAfterExcessesInStocks" time="4.903" classname="com.focus.testcases.DesignWorkFlowOptionsTest"/>
  <testcase name="checkLoadTheBaseDocumentDetailsAtTheTimeOfLinkingOption" time="136.665" classname="com.focus.testcases.DesignWorkFlowOptionsTest"/>
  <testcase name="checkLogout" time="3.179" classname="com.focus.testcases.DesignWorkFlowOptionsTest"/>
  <testcase name="checkBaseDocumentCannotBeEditiedAfterItIsLinkedOption" time="139.137" classname="com.focus.testcases.DesignWorkFlowOptionsTest"/>
  <testcase name="checkAgeingOfPendingDocumentsReport" time="20.912" classname="com.focus.testcases.DesignWorkFlowOptionsTest"/>
  <testcase name="checkSavingPurchaseOrderVoucherForCloseLinkAndEditingLinkOptionAndSlabChangeVoucherSave" time="69.299" classname="com.focus.testcases.DesignWorkFlowOptionsTest"/>
  <testcase name="CheckSavingAndDeleteAllTransactions" time="45.451" classname="com.focus.testcases.DesignWorkFlowOptionsTest"/>
  <testcase name="checkCustomizeOptionAndAddingExtraFieldsInLineWise" time="25.165" classname="com.focus.testcases.DesignWorkFlowOptionsTest"/>
  <testcase name="checkAutoCLoseInDaysOption" time="100.552" classname="com.focus.testcases.DesignWorkFlowOptionsTest"/>
  <testcase name="checkUpdatingMapFieldsInBetweenPurchaseOrdersAndPvn" time="46.402" classname="com.focus.testcases.DesignWorkFlowOptionsTest"/>
  <testcase name="checkUseThisLinkOnlyForLoadingOption" time="210.367" classname="com.focus.testcases.DesignWorkFlowOptionsTest"/>
  <testcase name="checkLinkChainAnalysisReport" time="21.167" classname="com.focus.testcases.DesignWorkFlowOptionsTest"/>
  <testcase name="checkSavingPurchaseVoucherWithCovertOptionWithAllMandatoryFields" time="17.087" classname="com.focus.testcases.DesignWorkFlowOptionsTest"/>
  <testcase name="checkDoNotAllowSelectionIfLinksFieldsAreNotSelectedOption" time="131.443" classname="com.focus.testcases.DesignWorkFlowOptionsTest"/>
  <testcase name="checkCD" time="12.997" classname="com.focus.testcases.DesignWorkFlowOptionsTest"/>
  <testcase name="checkRaiseLinkDocumentWhenBaseIsSaved" time="122.378" classname="com.focus.testcases.DesignWorkFlowOptionsTest"/>
  <testcase name="checkCustomizeOptionAndAddingExtraFieldsInControlPlusL" time="48.279" classname="com.focus.testcases.DesignWorkFlowOptionsTest"/>
  <testcase name="checkCustomizeOptionAndHideThisColumnInControlPlusL" time="98.460" classname="com.focus.testcases.DesignWorkFlowOptionsTest">
    <failure type="java.lang.AssertionError" message="expected [true] but found [false]">
      <![CDATA[java.lang.AssertionError: expected [true] but found [false]
	at org.testng.Assert.fail(Assert.java:94)
	at org.testng.Assert.failNotEquals(Assert.java:513)
	at org.testng.Assert.assertEqualsImpl(Assert.java:135)
	at org.testng.Assert.assertEquals(Assert.java:116)
	at org.testng.Assert.assertEquals(Assert.java:305)
	at org.testng.Assert.assertEquals(Assert.java:315)
	at com.focus.testcases.DesignWorkFlowOptionsTest.checkCustomizeOptionAndHideThisColumnInControlPlusL(DesignWorkFlowOptionsTest.java:351)
	at sun.reflect.NativeMethodAccessorImpl.invoke0(Native Method)
	at sun.reflect.NativeMethodAccessorImpl.invoke(Unknown Source)
	at sun.reflect.DelegatingMethodAccessorImpl.invoke(Unknown Source)
	at java.lang.reflect.Method.invoke(Unknown Source)
	at org.testng.internal.MethodInvocationHelper.invokeMethod(MethodInvocationHelper.java:86)
	at org.testng.internal.Invoker.invokeMethod(Invoker.java:643)
	at org.testng.internal.Invoker.invokeTestMethod(Invoker.java:820)
	at org.testng.internal.Invoker.invokeTestMethods(Invoker.java:1128)
	at org.testng.internal.TestMethodWorker.invokeTestMethods(TestMethodWorker.java:129)
	at org.testng.internal.TestMethodWorker.run(TestMethodWorker.java:112)
	at org.testng.TestRunner.privateRun(TestRunner.java:782)
	at org.testng.TestRunner.run(TestRunner.java:632)
	at org.testng.SuiteRunner.runTest(SuiteRunner.java:366)
	at org.testng.SuiteRunner.runSequentially(SuiteRunner.java:361)
	at org.testng.SuiteRunner.privateRun(SuiteRunner.java:319)
	at org.testng.SuiteRunner.run(SuiteRunner.java:268)
	at org.testng.SuiteRunnerWorker.runSuite(SuiteRunnerWorker.java:52)
	at org.testng.SuiteRunnerWorker.run(SuiteRunnerWorker.java:86)
	at org.testng.TestNG.runSuitesSequentially(TestNG.java:1244)
	at org.testng.TestNG.runSuitesLocally(TestNG.java:1169)
	at org.testng.TestNG.run(TestNG.java:1064)
	at org.testng.remote.AbstractRemoteTestNG.run(AbstractRemoteTestNG.java:114)
	at org.testng.remote.RemoteTestNG.initAndRun(RemoteTestNG.java:251)
	at org.testng.remote.RemoteTestNG.main(RemoteTestNG.java:77)
]]>
    </failure>
  </testcase> <!-- checkCustomizeOptionAndHideThisColumnInControlPlusL -->
  <testcase name="checkSavingOpeningStockVoucher1WithBatchItem" time="47.873" classname="com.focus.testcases.DesignWorkFlowOptionsTest"/>
  <testcase name="checkRaiseLinkDocumentWhenBaseIsSavedOption" time="80.968" classname="com.focus.testcases.DesignWorkFlowOptionsTest"/>
  <testcase name="checkCloseLinkAndPartialOptionInPurchaseOrderHavingOneLinkDocument" time="85.357" classname="com.focus.testcases.DesignWorkFlowOptionsTest"/>
  <testcase name="checkExcessesInStocksVoucherBatchNosByConvertingPendingShortageInStocks" time="9.735" classname="com.focus.testcases.DesignWorkFlowOptionsTest"/>
  <testcase name="checkCloseLinkOptionOnPartialRowSelectionInPurchaseOrderHavingOneLinkDocument" time="140.892" classname="com.focus.testcases.DesignWorkFlowOptionsTest"/>
  <testcase name="checkCloseLinkAndPartialOptionInPurchaseOrderHavingTwoLinkDocuments" time="74.009" classname="com.focus.testcases.DesignWorkFlowOptionsTest"/>
  <testcase name="checkEraseAllTransactionsAfterIntialCheck" time="4.818" classname="com.focus.testcases.DesignWorkFlowOptionsTest"/>
  <testcase name="checkRecheckBeforeTheSavingIfLinkIsConsumedElseWhereOnTheNetWorkOption" time="173.484" classname="com.focus.testcases.DesignWorkFlowOptionsTest"/>
  <testcase name="checkLinkIsOptionalIfTheDocumentIsLinkedToOtherBaseDocumentOption" time="202.094" classname="com.focus.testcases.DesignWorkFlowOptionsTest"/>
  <testcase name="checkCloseLinkAfterDueDateElapses" time="134.164" classname="com.focus.testcases.DesignWorkFlowOptionsTest"/>
  <testcase name="checkCannotExceedTheBaseValueOption" time="153.027" classname="com.focus.testcases.DesignWorkFlowOptionsTest"/>
  <testcase name="checkPendingPurchaseOrdersPurchaseVoucherNHomePage" time="6.776" classname="com.focus.testcases.DesignWorkFlowOptionsTest"/>
  <testcase name="checkSavingPurchaseOrdersAfterUpdatingMapFields" time="13.653" classname="com.focus.testcases.DesignWorkFlowOptionsTest"/>
  <testcase name="checkCheckStockWhileLinkingOption" time="130.087" classname="com.focus.testcases.DesignWorkFlowOptionsTest"/>
  <testcase name="checkAgeingOfPendingDocumentsByDueDateReport" time="30.024" classname="com.focus.testcases.DesignWorkFlowOptionsTest"/>
  <testcase name="checkPendingVoucherReport" time="20.953" classname="com.focus.testcases.DesignWorkFlowOptionsTest"/>
  <testcase name="checkExcessesInStocksVoucherBatchNosByWorkFlow" time="26.359" classname="com.focus.testcases.DesignWorkFlowOptionsTest"/>
  <testcase name="checkCustomizeOptionAndHideThisColumnInLineWise" time="56.292" classname="com.focus.testcases.DesignWorkFlowOptionsTest">
    <failure type="java.lang.AssertionError" message="expected [true] but found [false]">
      <![CDATA[java.lang.AssertionError: expected [true] but found [false]
	at org.testng.Assert.fail(Assert.java:94)
	at org.testng.Assert.failNotEquals(Assert.java:513)
	at org.testng.Assert.assertEqualsImpl(Assert.java:135)
	at org.testng.Assert.assertEquals(Assert.java:116)
	at org.testng.Assert.assertEquals(Assert.java:305)
	at org.testng.Assert.assertEquals(Assert.java:315)
	at com.focus.testcases.DesignWorkFlowOptionsTest.checkCustomizeOptionAndHideThisColumnInLineWise(DesignWorkFlowOptionsTest.java:366)
	at sun.reflect.NativeMethodAccessorImpl.invoke0(Native Method)
	at sun.reflect.NativeMethodAccessorImpl.invoke(Unknown Source)
	at sun.reflect.DelegatingMethodAccessorImpl.invoke(Unknown Source)
	at java.lang.reflect.Method.invoke(Unknown Source)
	at org.testng.internal.MethodInvocationHelper.invokeMethod(MethodInvocationHelper.java:86)
	at org.testng.internal.Invoker.invokeMethod(Invoker.java:643)
	at org.testng.internal.Invoker.invokeTestMethod(Invoker.java:820)
	at org.testng.internal.Invoker.invokeTestMethods(Invoker.java:1128)
	at org.testng.internal.TestMethodWorker.invokeTestMethods(TestMethodWorker.java:129)
	at org.testng.internal.TestMethodWorker.run(TestMethodWorker.java:112)
	at org.testng.TestRunner.privateRun(TestRunner.java:782)
	at org.testng.TestRunner.run(TestRunner.java:632)
	at org.testng.SuiteRunner.runTest(SuiteRunner.java:366)
	at org.testng.SuiteRunner.runSequentially(SuiteRunner.java:361)
	at org.testng.SuiteRunner.privateRun(SuiteRunner.java:319)
	at org.testng.SuiteRunner.run(SuiteRunner.java:268)
	at org.testng.SuiteRunnerWorker.runSuite(SuiteRunnerWorker.java:52)
	at org.testng.SuiteRunnerWorker.run(SuiteRunnerWorker.java:86)
	at org.testng.TestNG.runSuitesSequentially(TestNG.java:1244)
	at org.testng.TestNG.runSuitesLocally(TestNG.java:1169)
	at org.testng.TestNG.run(TestNG.java:1064)
	at org.testng.remote.AbstractRemoteTestNG.run(AbstractRemoteTestNG.java:114)
	at org.testng.remote.RemoteTestNG.initAndRun(RemoteTestNG.java:251)
	at org.testng.remote.RemoteTestNG.main(RemoteTestNG.java:77)
]]>
    </failure>
  </testcase> <!-- checkCustomizeOptionAndHideThisColumnInLineWise -->
  <testcase name="checkPendingLinksThroughConvertOptionAfterMapFieldsUpdating" time="10.312" classname="com.focus.testcases.DesignWorkFlowOptionsTest"/>
  <testcase name="checkSelectingQuantityinLinkValueOptionBetweenPurchaseOrderAndPvn" time="0.379" classname="com.focus.testcases.DesignWorkFlowOptionsTest"/>
  <testcase name="CheckLinkValueDropDownOptions" time="1.051" classname="com.focus.testcases.DesignWorkFlowOptionsTest"/>
  <testcase name="checkAuthorizingPurchaseVoucher" time="32.719" classname="com.focus.testcases.DesignWorkFlowOptionsTest"/>
  <testcase name="CheckToleranceValueAndUseItemWiseToleranceWhenAvailableOption" time="335.710" classname="com.focus.testcases.DesignWorkFlowOptionsTest"/>
  <testcase name="checkLoadPendingDocumentsAndBasedOnFieldOption" time="132.356" classname="com.focus.testcases.DesignWorkFlowOptionsTest"/>
  <testcase name="checkBackup" time="34.905" classname="com.focus.testcases.DesignWorkFlowOptionsTest"/>
  <testcase name="checkLoadPendingDocumentsAndBasedOnFieldOptionWithExtraField" time="147.914" classname="com.focus.testcases.DesignWorkFlowOptionsTest"/>
  <testcase name="checkRestoringForTransactionsForOrderManagement" time="49.631" classname="com.focus.testcases.DesignWorkFlowOptionsTest"/>
  <testcase name="checkRestoringForLinks" time="50.088" classname="com.focus.testcases.DesignWorkFlowOptionsTest"/>
  <testcase name="checkSavingShortageInStocksVoucher1" time="39.615" classname="com.focus.testcases.DesignWorkFlowOptionsTest"/>
  <testcase name="checkInputingWorkflowNameAsPurchasesFlow" time="6.098" classname="com.focus.testcases.DesignWorkFlowOptionsTest"/>
  <testcase name="checkLinkBetweenPurchaseOrderAndPVN" time="5.693" classname="com.focus.testcases.DesignWorkFlowOptionsTest"/>
  <testcase name="checkMapOptionAndMappedFields" time="9.858" classname="com.focus.testcases.DesignWorkFlowOptionsTest"/>
</testsuite> <!-- com.focus.testcases.DesignWorkFlowOptionsTest -->
