<?xml version="1.0" encoding="UTF-8"?>
<!-- Generated by org.testng.reporters.JUnitReportReporter -->
<testsuite hostname="Focus-QA-4" name="com.focus.testcases.HPHomeMenuSecurityTest" tests="68" failures="2" timestamp="27 Sep 2019 11:45:11 GMT" time="591.024" errors="0">
  <testcase name="checkRestrictionOfEntryTabInCreateUser" time="11.039" classname="com.focus.testcases.HPHomeMenuSecurityTest"/>
  <testcase name="checUserWithExculsion" time="34.305" classname="com.focus.testcases.HPHomeMenuSecurityTest"/>
  <testcase name="checkCreateUserRestrictionForEntryAccountsReportAndView" time="18.012" classname="com.focus.testcases.HPHomeMenuSecurityTest"/>
  <testcase name="CheckPasswordPolicyForSimpleinCraeteUserScreen" time="11.616" classname="com.focus.testcases.HPHomeMenuSecurityTest"/>
  <testcase name="checkCreateUserWithSendEmailNotificationonLoginFailure" time="18.158" classname="com.focus.testcases.HPHomeMenuSecurityTest"/>
  <testcase name="checkSimpleWithCannotChangePassword" time="4.074" classname="com.focus.testcases.HPHomeMenuSecurityTest"/>
  <testcase name="checkPasswordAsMandatoryCheckInCreateUser" time="0.728" classname="com.focus.testcases.HPHomeMenuSecurityTest"/>
  <testcase name="checkNumeric" time="4.192" classname="com.focus.testcases.HPHomeMenuSecurityTest"/>
  <testcase name="checkLoginAbbreviationAsMandatoryCheckInCreateUser" time="1.019" classname="com.focus.testcases.HPHomeMenuSecurityTest"/>
  <testcase name="checkRoleAsMandatoryCheckByInputUserName" time="1.085" classname="com.focus.testcases.HPHomeMenuSecurityTest"/>
  <testcase name="checkERPRolesOptionInCreateUser" time="3.658" classname="com.focus.testcases.HPHomeMenuSecurityTest"/>
  <testcase name="checkResetOptionInCreateUser" time="9.693" classname="com.focus.testcases.HPHomeMenuSecurityTest"/>
  <testcase name="checkNameAsMandatoryCheckInCreateUser" time="0.805" classname="com.focus.testcases.HPHomeMenuSecurityTest"/>
  <testcase name="checkConfirmPasswordAsInvalid" time="2.097" classname="com.focus.testcases.HPHomeMenuSecurityTest"/>
  <testcase name="checkPasswordPolicyOnSelectingERPRole" time="6.967" classname="com.focus.testcases.HPHomeMenuSecurityTest"/>
  <testcase name="checkNoOptionInCreateUser" time="6.630" classname="com.focus.testcases.HPHomeMenuSecurityTest"/>
  <testcase name="checkSaveUserWithAddPhotoAndSignature" time="0.905" classname="com.focus.testcases.HPHomeMenuSecurityTest"/>
  <testcase name="checkAltLanguageInCreateUser" time="0.577" classname="com.focus.testcases.HPHomeMenuSecurityTest">
    <failure type="java.lang.AssertionError" message="expected [true] but found [false]">
      <![CDATA[java.lang.AssertionError: expected [true] but found [false]
	at org.testng.Assert.fail(Assert.java:94)
	at org.testng.Assert.failNotEquals(Assert.java:513)
	at org.testng.Assert.assertEqualsImpl(Assert.java:135)
	at org.testng.Assert.assertEquals(Assert.java:116)
	at org.testng.Assert.assertEquals(Assert.java:305)
	at org.testng.Assert.assertEquals(Assert.java:315)
	at com.focus.testcases.HPHomeMenuSecurityTest.checkAltLanguageInCreateUser(HPHomeMenuSecurityTest.java:1576)
	at sun.reflect.NativeMethodAccessorImpl.invoke0(Native Method)
	at sun.reflect.NativeMethodAccessorImpl.invoke(NativeMethodAccessorImpl.java:62)
	at sun.reflect.DelegatingMethodAccessorImpl.invoke(DelegatingMethodAccessorImpl.java:43)
	at java.lang.reflect.Method.invoke(Method.java:497)
	at org.testng.internal.MethodInvocationHelper.invokeMethod(MethodInvocationHelper.java:86)
	at org.testng.internal.Invoker.invokeMethod(Invoker.java:643)
	at org.testng.internal.Invoker.invokeTestMethod(Invoker.java:820)
	at org.testng.internal.Invoker.invokeTestMethods(Invoker.java:1128)
	at org.testng.internal.TestMethodWorker.invokeTestMethods(TestMethodWorker.java:129)
	at org.testng.internal.TestMethodWorker.run(TestMethodWorker.java:112)
	at org.testng.TestRunner.privateRun(TestRunner.java:782)
	at org.testng.TestRunner.run(TestRunner.java:632)
	at org.testng.SuiteRunner.runTest(SuiteRunner.java:366)
	at org.testng.SuiteRunner.runSequentially(SuiteRunner.java:361)
	at org.testng.SuiteRunner.privateRun(SuiteRunner.java:319)
	at org.testng.SuiteRunner.run(SuiteRunner.java:268)
	at org.testng.SuiteRunnerWorker.runSuite(SuiteRunnerWorker.java:52)
	at org.testng.SuiteRunnerWorker.run(SuiteRunnerWorker.java:86)
	at org.testng.TestNG.runSuitesSequentially(TestNG.java:1244)
	at org.testng.TestNG.runSuitesLocally(TestNG.java:1169)
	at org.testng.TestNG.run(TestNG.java:1064)
	at org.testng.remote.AbstractRemoteTestNG.run(AbstractRemoteTestNG.java:114)
	at org.testng.remote.RemoteTestNG.initAndRun(RemoteTestNG.java:251)
	at org.testng.remote.RemoteTestNG.main(RemoteTestNG.java:77)
]]>
    </failure>
  </testcase> <!-- checkAltLanguageInCreateUser -->
  <testcase name="checkCreateUserWithAccDisable" time="13.982" classname="com.focus.testcases.HPHomeMenuSecurityTest"/>
  <testcase name="checkCreateUseWithLoadFromUser" time="8.376" classname="com.focus.testcases.HPHomeMenuSecurityTest"/>
  <testcase name="checkCurrentTimewithLessThanCurrentTimeInRestrictionTab" time="6.943" classname="com.focus.testcases.HPHomeMenuSecurityTest"/>
  <testcase name="checkEditUserWithAddPhoto" time="21.446" classname="com.focus.testcases.HPHomeMenuSecurityTest"/>
  <testcase name="checkAlphaNumericSpecialStarWithAllOptions" time="4.276" classname="com.focus.testcases.HPHomeMenuSecurityTest"/>
  <testcase name="checkMovePageWithSelectingUser" time="15.789" classname="com.focus.testcases.HPHomeMenuSecurityTest"/>
  <testcase name="checkCreateUserWithAllowMultiLogin" time="15.736" classname="com.focus.testcases.HPHomeMenuSecurityTest"/>
  <testcase name="SelectagainUserandClickonDeleteButton" time="4.561" classname="com.focus.testcases.HPHomeMenuSecurityTest"/>
  <testcase name="checkClickOnCreateUser" time="10.259" classname="com.focus.testcases.HPHomeMenuSecurityTest"/>
  <testcase name="checkAlphaNumericSpecial" time="7.268" classname="com.focus.testcases.HPHomeMenuSecurityTest"/>
  <testcase name="checkMovePageClickOnMoveWithoutSelectionOfGroup" time="3.767" classname="com.focus.testcases.HPHomeMenuSecurityTest"/>
  <testcase name="checkMoveUserWitSelectingUser" time="10.626" classname="com.focus.testcases.HPHomeMenuSecurityTest"/>
  <testcase name="checkAlphabetsWithDontallowPrevious" time="5.389" classname="com.focus.testcases.HPHomeMenuSecurityTest"/>
  <testcase name="checkYesOptioninDeleteUserPopMessage" time="2.769" classname="com.focus.testcases.HPHomeMenuSecurityTest"/>
  <testcase name="checkSelectionOfUserInLoadFromButton" time="9.297" classname="com.focus.testcases.HPHomeMenuSecurityTest"/>
  <testcase name="checkCreateUserWithAccPOTransRight" time="38.490" classname="com.focus.testcases.HPHomeMenuSecurityTest"/>
  <testcase name="checkwithMoreThanCurrentTimeInRestrictionTab" time="6.472" classname="com.focus.testcases.HPHomeMenuSecurityTest"/>
  <testcase name="checkEditAndCheckUserWithAddPhotoAndAddSignature" time="7.243" classname="com.focus.testcases.HPHomeMenuSecurityTest"/>
  <testcase name="checkCloseOptionInCreateUser" time="2.680" classname="com.focus.testcases.HPHomeMenuSecurityTest"/>
  <testcase name="checkInvalidEmailAsMandatoryInCreateUser" time="0.967" classname="com.focus.testcases.HPHomeMenuSecurityTest"/>
  <testcase name="checkCreateUserWithDonotLockAccount" time="18.134" classname="com.focus.testcases.HPHomeMenuSecurityTest"/>
  <testcase name="checkDeleteInCreateUser" time="29.628" classname="com.focus.testcases.HPHomeMenuSecurityTest"/>
  <testcase name="checkLanguageInCreateUser" time="0.581" classname="com.focus.testcases.HPHomeMenuSecurityTest">
    <failure type="java.lang.AssertionError" message="expected [true] but found [false]">
      <![CDATA[java.lang.AssertionError: expected [true] but found [false]
	at org.testng.Assert.fail(Assert.java:94)
	at org.testng.Assert.failNotEquals(Assert.java:513)
	at org.testng.Assert.assertEqualsImpl(Assert.java:135)
	at org.testng.Assert.assertEquals(Assert.java:116)
	at org.testng.Assert.assertEquals(Assert.java:305)
	at org.testng.Assert.assertEquals(Assert.java:315)
	at com.focus.testcases.HPHomeMenuSecurityTest.checkLanguageInCreateUser(HPHomeMenuSecurityTest.java:1567)
	at sun.reflect.NativeMethodAccessorImpl.invoke0(Native Method)
	at sun.reflect.NativeMethodAccessorImpl.invoke(NativeMethodAccessorImpl.java:62)
	at sun.reflect.DelegatingMethodAccessorImpl.invoke(DelegatingMethodAccessorImpl.java:43)
	at java.lang.reflect.Method.invoke(Method.java:497)
	at org.testng.internal.MethodInvocationHelper.invokeMethod(MethodInvocationHelper.java:86)
	at org.testng.internal.Invoker.invokeMethod(Invoker.java:643)
	at org.testng.internal.Invoker.invokeTestMethod(Invoker.java:820)
	at org.testng.internal.Invoker.invokeTestMethods(Invoker.java:1128)
	at org.testng.internal.TestMethodWorker.invokeTestMethods(TestMethodWorker.java:129)
	at org.testng.internal.TestMethodWorker.run(TestMethodWorker.java:112)
	at org.testng.TestRunner.privateRun(TestRunner.java:782)
	at org.testng.TestRunner.run(TestRunner.java:632)
	at org.testng.SuiteRunner.runTest(SuiteRunner.java:366)
	at org.testng.SuiteRunner.runSequentially(SuiteRunner.java:361)
	at org.testng.SuiteRunner.privateRun(SuiteRunner.java:319)
	at org.testng.SuiteRunner.run(SuiteRunner.java:268)
	at org.testng.SuiteRunnerWorker.runSuite(SuiteRunnerWorker.java:52)
	at org.testng.SuiteRunnerWorker.run(SuiteRunnerWorker.java:86)
	at org.testng.TestNG.runSuitesSequentially(TestNG.java:1244)
	at org.testng.TestNG.runSuitesLocally(TestNG.java:1169)
	at org.testng.TestNG.run(TestNG.java:1064)
	at org.testng.remote.AbstractRemoteTestNG.run(AbstractRemoteTestNG.java:114)
	at org.testng.remote.RemoteTestNG.initAndRun(RemoteTestNG.java:251)
	at org.testng.remote.RemoteTestNG.main(RemoteTestNG.java:77)
]]>
    </failure>
  </testcase> <!-- checkLanguageInCreateUser -->
  <testcase name="checkCreateGroup" time="2.821" classname="com.focus.testcases.HPHomeMenuSecurityTest"/>
  <testcase name="checkDeleteRowInInResOfEntryInCreatedUser" time="19.619" classname="com.focus.testcases.HPHomeMenuSecurityTest"/>
  <testcase name="checkSaveUserWithLoadFromAsNameMandatory" time="0.735" classname="com.focus.testcases.HPHomeMenuSecurityTest"/>
  <testcase name="verifyLoginCompanyWithValidCredentials" time="11.044" classname="com.focus.testcases.HPHomeMenuSecurityTest"/>
  <testcase name="checkSecurityQuestionAsMandatoryInCreateUser" time="1.162" classname="com.focus.testcases.HPHomeMenuSecurityTest"/>
  <testcase name="checkSaveButtonWithoutMandatoryInputsInCreateUser" time="1.076" classname="com.focus.testcases.HPHomeMenuSecurityTest"/>
  <testcase name="checkSaveUserWithLoadFromAsEmail" time="4.188" classname="com.focus.testcases.HPHomeMenuSecurityTest"/>
  <testcase name="checkSecurityAnswerAsMandatoryInCreateUser" time="2.980" classname="com.focus.testcases.HPHomeMenuSecurityTest"/>
  <testcase name="checkSaveUserWithLoadFrom" time="4.814" classname="com.focus.testcases.HPHomeMenuSecurityTest"/>
  <testcase name="checkCreateUserwithBlockDateandTime" time="20.991" classname="com.focus.testcases.HPHomeMenuSecurityTest"/>
  <testcase name="checkSaveUserWithAllMandatoryInCreateUser" time="3.027" classname="com.focus.testcases.HPHomeMenuSecurityTest"/>
  <testcase name="checkCreateUserWithPurchaseINVFARole" time="8.778" classname="com.focus.testcases.HPHomeMenuSecurityTest"/>
  <testcase name="checkCreateUserWithSendEmailNotificationOnLognSuccess" time="17.278" classname="com.focus.testcases.HPHomeMenuSecurityTest"/>
  <testcase name="checkCreationOFUserUnderCreatedGroup" time="15.967" classname="com.focus.testcases.HPHomeMenuSecurityTest"/>
  <testcase name="checkConfirmPasswordAsMandatoryCheckInCreateUser" time="0.831" classname="com.focus.testcases.HPHomeMenuSecurityTest"/>
  <testcase name="checkAlphabetsWithNumeric" time="8.248" classname="com.focus.testcases.HPHomeMenuSecurityTest"/>
  <testcase name="checkGetSaveUserNameDisplayInTheList" time="2.623" classname="com.focus.testcases.HPHomeMenuSecurityTest"/>
  <testcase name="checkCreateUserWithItemPOTransRight" time="28.481" classname="com.focus.testcases.HPHomeMenuSecurityTest"/>
  <testcase name="checkPasswordPolicyInCreateUser" time="4.692" classname="com.focus.testcases.HPHomeMenuSecurityTest"/>
  <testcase name="CheckCreateGroupWithMandatoryFileds" time="3.104" classname="com.focus.testcases.HPHomeMenuSecurityTest"/>
  <testcase name="checkAlphabetsWithNumericStar" time="4.161" classname="com.focus.testcases.HPHomeMenuSecurityTest"/>
  <testcase name="checkTypeAsMandatoryInCreateUser" time="1.151" classname="com.focus.testcases.HPHomeMenuSecurityTest"/>
  <testcase name="checkMoveOptionWithoutSelctionOfUserInCreateUser" time="4.765" classname="com.focus.testcases.HPHomeMenuSecurityTest"/>
  <testcase name="checkEditUserWithAddSignature" time="8.658" classname="com.focus.testcases.HPHomeMenuSecurityTest"/>
  <testcase name="CheckCreateGroupWithGroupName" time="2.991" classname="com.focus.testcases.HPHomeMenuSecurityTest"/>
  <testcase name="checkAddRowInResOfEntryInCreatedUser" time="21.827" classname="com.focus.testcases.HPHomeMenuSecurityTest"/>
  <testcase name="checkEmailAsMandatoryInCreateUser" time="4.773" classname="com.focus.testcases.HPHomeMenuSecurityTest"/>
</testsuite> <!-- com.focus.testcases.HPHomeMenuSecurityTest -->
