<?xml version="1.0" encoding="UTF-8"?>
<!-- Generated by org.testng.reporters.JUnitReportReporter -->
<testsuite hostname="FOCUS-QA-11" name="com.focus.testcases.SmokeTransactionAuthorizationDefinitionTest" tests="70" failures="1" timestamp="11 Nov 2020 16:52:53 GMT" time="729.909" errors="1">
  <testcase name="checkSavedAlertTemplateInTemplate" time="16.425" classname="com.focus.testcases.SmokeTransactionAuthorizationDefinitionTest"/>
  <testcase name="checkSaveAuthorizationWithAlertsAndEsclations" time="4.240" classname="com.focus.testcases.SmokeTransactionAuthorizationDefinitionTest"/>
  <testcase name="checkSaveOptionWithLayoutName" time="13.691" classname="com.focus.testcases.SmokeTransactionAuthorizationDefinitionTest"/>
  <testcase name="checkBannerTextInNameTextBox" time="4.031" classname="com.focus.testcases.SmokeTransactionAuthorizationDefinitionTest"/>
  <testcase name="checkSavingTransactionAuthorizationOnSelctingEmailHeaderTemplate" time="4.028" classname="com.focus.testcases.SmokeTransactionAuthorizationDefinitionTest"/>
  <testcase name="checkAlertsTabOptions" time="4.138" classname="com.focus.testcases.SmokeTransactionAuthorizationDefinitionTest"/>
  <testcase name="checkConditionTabOptions" time="5.554" classname="com.focus.testcases.SmokeTransactionAuthorizationDefinitionTest"/>
  <testcase name="checkCloseAndLogoutTheCompany" time="8.371" classname="com.focus.testcases.SmokeTransactionAuthorizationDefinitionTest"/>
  <testcase name="checkCancelButtonInDefinitionScreen" time="4.232" classname="com.focus.testcases.SmokeTransactionAuthorizationDefinitionTest"/>
  <testcase name="checkStartPoint" time="7.092" classname="com.focus.testcases.SmokeTransactionAuthorizationDefinitionTest"/>
  <testcase name="checkNewOption" time="4.307" classname="com.focus.testcases.SmokeTransactionAuthorizationDefinitionTest"/>
  <testcase name="checkSaveAlertsTemplateWithMandatoryInputs" time="6.560" classname="com.focus.testcases.SmokeTransactionAuthorizationDefinitionTest"/>
  <testcase name="checkSaveButtonWithoutSMSTemplateName" time="5.948" classname="com.focus.testcases.SmokeTransactionAuthorizationDefinitionTest"/>
  <testcase name="checkOkButtonOnSelectingUser" time="10.143" classname="com.focus.testcases.SmokeTransactionAuthorizationDefinitionTest"/>
  <testcase name="checkCloseOptionInAlertsTemplateWithMandatoryInputs" time="2.733" classname="com.focus.testcases.SmokeTransactionAuthorizationDefinitionTest"/>
  <testcase name="checkUserCreatedVoucherTypeDocumentOptions" time="4.513" classname="com.focus.testcases.SmokeTransactionAuthorizationDefinitionTest"/>
  <testcase name="checkUserDropdownOptions" time="3.002" classname="com.focus.testcases.SmokeTransactionAuthorizationDefinitionTest"/>
  <testcase name="checkTransactionAuthorizationOptions" time="9.493" classname="com.focus.testcases.SmokeTransactionAuthorizationDefinitionTest"/>
  <testcase name="checkOkBtnInEscalationTabOptions" time="19.898" classname="com.focus.testcases.SmokeTransactionAuthorizationDefinitionTest"/>
  <testcase name="checkOkButtonOnSelectionEmailHeaderTemplate" time="4.404" classname="com.focus.testcases.SmokeTransactionAuthorizationDefinitionTest"/>
  <testcase name="checkHeaderOptions" time="9.403" classname="com.focus.testcases.SmokeTransactionAuthorizationDefinitionTest"/>
  <testcase name="checkEscalationTabOptionsAfterClickingAddBtn" time="4.667" classname="com.focus.testcases.SmokeTransactionAuthorizationDefinitionTest"/>
  <testcase name="checkBodyPropertiesControl" time="79.287" classname="com.focus.testcases.SmokeTransactionAuthorizationDefinitionTest">
    <error type="org.openqa.selenium.TimeoutException" message="Expected condition failed: waiting for element to be clickable: [[ChromeDriver: chrome on WINDOWS (52fe2559f14f853425702bbb1b491c08)] -&gt; xpath: //i[@class=&#039;icon-collepse icon-font8&#039;]] (tried for 20 second(s) with 1000 milliseconds interval)
Build info: version: &#039;3.12.0&#039;, revision: &#039;7c6e0b3&#039;, time: &#039;2018-05-08T14:04:26.12Z&#039;
System info: host: &#039;FOCUS-QA-11&#039;, ip: &#039;192.168.4.147&#039;, os.name: &#039;Windows 10&#039;, os.arch: &#039;amd64&#039;, os.version: &#039;10.0&#039;, java.version: &#039;1.8.0_111&#039;
Driver info: driver.version: unknown">
      <![CDATA[org.openqa.selenium.TimeoutException: Expected condition failed: waiting for element to be clickable: [[ChromeDriver: chrome on WINDOWS (52fe2559f14f853425702bbb1b491c08)] -> xpath: //i[@class='icon-collepse icon-font8']] (tried for 20 second(s) with 1000 milliseconds interval)
Build info: version: '3.12.0', revision: '7c6e0b3', time: '2018-05-08T14:04:26.12Z'
System info: host: 'FOCUS-QA-11', ip: '192.168.4.147', os.name: 'Windows 10', os.arch: 'amd64', os.version: '10.0', java.version: '1.8.0_111'
Driver info: driver.version: unknown
	at org.openqa.selenium.support.ui.FluentWait.timeoutException(FluentWait.java:303)
	at org.openqa.selenium.support.ui.FluentWait.until(FluentWait.java:271)
	at com.focus.Pages.SmokeTransactionAuthorizationDefinitionPage.checkBodyPropertiesControl(SmokeTransactionAuthorizationDefinitionPage.java:5806)
	at com.focus.testcases.SmokeTransactionAuthorizationDefinitionTest.checkBodyPropertiesControl(SmokeTransactionAuthorizationDefinitionTest.java:444)
	at sun.reflect.NativeMethodAccessorImpl.invoke0(Native Method)
	at sun.reflect.NativeMethodAccessorImpl.invoke(Unknown Source)
	at sun.reflect.DelegatingMethodAccessorImpl.invoke(Unknown Source)
	at java.lang.reflect.Method.invoke(Unknown Source)
	at org.testng.internal.MethodInvocationHelper.invokeMethod(MethodInvocationHelper.java:86)
	at org.testng.internal.Invoker.invokeMethod(Invoker.java:643)
	at org.testng.internal.Invoker.invokeTestMethod(Invoker.java:820)
	at org.testng.internal.Invoker.invokeTestMethods(Invoker.java:1128)
	at org.testng.internal.TestMethodWorker.invokeTestMethods(TestMethodWorker.java:129)
	at org.testng.internal.TestMethodWorker.run(TestMethodWorker.java:112)
	at org.testng.TestRunner.privateRun(TestRunner.java:782)
	at org.testng.TestRunner.run(TestRunner.java:632)
	at org.testng.SuiteRunner.runTest(SuiteRunner.java:366)
	at org.testng.SuiteRunner.runSequentially(SuiteRunner.java:361)
	at org.testng.SuiteRunner.privateRun(SuiteRunner.java:319)
	at org.testng.SuiteRunner.run(SuiteRunner.java:268)
	at org.testng.SuiteRunnerWorker.runSuite(SuiteRunnerWorker.java:52)
	at org.testng.SuiteRunnerWorker.run(SuiteRunnerWorker.java:86)
	at org.testng.TestNG.runSuitesSequentially(TestNG.java:1244)
	at org.testng.TestNG.runSuitesLocally(TestNG.java:1169)
	at org.testng.TestNG.run(TestNG.java:1064)
	at org.testng.remote.AbstractRemoteTestNG.run(AbstractRemoteTestNG.java:114)
	at org.testng.remote.RemoteTestNG.initAndRun(RemoteTestNG.java:251)
	at org.testng.remote.RemoteTestNG.main(RemoteTestNG.java:77)
]]>
    </error>
  </testcase> <!-- checkBodyPropertiesControl -->
  <testcase name="checkSaveWithAllMandatoryInputs" time="4.203" classname="com.focus.testcases.SmokeTransactionAuthorizationDefinitionTest"/>
  <testcase name="checkSavedEmailTemplateInEmailTemplate" time="19.602" classname="com.focus.testcases.SmokeTransactionAuthorizationDefinitionTest"/>
  <testcase name="checkUserSelectionTabOptions" time="6.122" classname="com.focus.testcases.SmokeTransactionAuthorizationDefinitionTest"/>
  <testcase name="checkEditAuthorizationSettings" time="6.703" classname="com.focus.testcases.SmokeTransactionAuthorizationDefinitionTest"/>
  <testcase name="checkEditClickOnEmailTemplate" time="15.008" classname="com.focus.testcases.SmokeTransactionAuthorizationDefinitionTest"/>
  <testcase name="checkOkInAlertDeleteOption" time="7.148" classname="com.focus.testcases.SmokeTransactionAuthorizationDefinitionTest"/>
  <testcase name="checkCloseOption" time="6.063" classname="com.focus.testcases.SmokeTransactionAuthorizationDefinitionTest"/>
  <testcase name="checkCreateAuthorizationInPurchasesOrder" time="23.787" classname="com.focus.testcases.SmokeTransactionAuthorizationDefinitionTest"/>
  <testcase name="checkDescriptionAsMandatory" time="7.045" classname="com.focus.testcases.SmokeTransactionAuthorizationDefinitionTest"/>
  <testcase name="checkCreateAuthorizationInMaterialRequistion" time="22.931" classname="com.focus.testcases.SmokeTransactionAuthorizationDefinitionTest"/>
  <testcase name="checkActiveCheckBox" time="4.048" classname="com.focus.testcases.SmokeTransactionAuthorizationDefinitionTest"/>
  <testcase name="checkCreatedEmailInEmailHedaerTemplate" time="8.175" classname="com.focus.testcases.SmokeTransactionAuthorizationDefinitionTest"/>
  <testcase name="checkInputNameAndClickOnSaveWithoutAuthorizationSettings" time="5.883" classname="com.focus.testcases.SmokeTransactionAuthorizationDefinitionTest"/>
  <testcase name="checkFieldsDragInHeaderOptions" time="29.749" classname="com.focus.testcases.SmokeTransactionAuthorizationDefinitionTest"/>
  <testcase name="checkPreviewOption" time="10.782" classname="com.focus.testcases.SmokeTransactionAuthorizationDefinitionTest"/>
  <testcase name="checkAlertsTemplateOption" time="18.221" classname="com.focus.testcases.SmokeTransactionAuthorizationDefinitionTest"/>
  <testcase name="checkEmailTemplateHeaderOption" time="4.361" classname="com.focus.testcases.SmokeTransactionAuthorizationDefinitionTest"/>
  <testcase name="checkCancelButton" time="4.535" classname="com.focus.testcases.SmokeTransactionAuthorizationDefinitionTest"/>
  <testcase name="checkConditionAsMandatory" time="4.176" classname="com.focus.testcases.SmokeTransactionAuthorizationDefinitionTest">
    <failure type="java.lang.AssertionError" message="expected [true] but found [false]">
      <![CDATA[java.lang.AssertionError: expected [true] but found [false]
	at org.testng.Assert.fail(Assert.java:94)
	at org.testng.Assert.failNotEquals(Assert.java:513)
	at org.testng.Assert.assertEqualsImpl(Assert.java:135)
	at org.testng.Assert.assertEquals(Assert.java:116)
	at org.testng.Assert.assertEquals(Assert.java:305)
	at org.testng.Assert.assertEquals(Assert.java:315)
	at com.focus.testcases.SmokeTransactionAuthorizationDefinitionTest.checkConditionAsMandatory(SmokeTransactionAuthorizationDefinitionTest.java:189)
	at sun.reflect.NativeMethodAccessorImpl.invoke0(Native Method)
	at sun.reflect.NativeMethodAccessorImpl.invoke(Unknown Source)
	at sun.reflect.DelegatingMethodAccessorImpl.invoke(Unknown Source)
	at java.lang.reflect.Method.invoke(Unknown Source)
	at org.testng.internal.MethodInvocationHelper.invokeMethod(MethodInvocationHelper.java:86)
	at org.testng.internal.Invoker.invokeMethod(Invoker.java:643)
	at org.testng.internal.Invoker.invokeTestMethod(Invoker.java:820)
	at org.testng.internal.Invoker.invokeTestMethods(Invoker.java:1128)
	at org.testng.internal.TestMethodWorker.invokeTestMethods(TestMethodWorker.java:129)
	at org.testng.internal.TestMethodWorker.run(TestMethodWorker.java:112)
	at org.testng.TestRunner.privateRun(TestRunner.java:782)
	at org.testng.TestRunner.run(TestRunner.java:632)
	at org.testng.SuiteRunner.runTest(SuiteRunner.java:366)
	at org.testng.SuiteRunner.runSequentially(SuiteRunner.java:361)
	at org.testng.SuiteRunner.privateRun(SuiteRunner.java:319)
	at org.testng.SuiteRunner.run(SuiteRunner.java:268)
	at org.testng.SuiteRunnerWorker.runSuite(SuiteRunnerWorker.java:52)
	at org.testng.SuiteRunnerWorker.run(SuiteRunnerWorker.java:86)
	at org.testng.TestNG.runSuitesSequentially(TestNG.java:1244)
	at org.testng.TestNG.runSuitesLocally(TestNG.java:1169)
	at org.testng.TestNG.run(TestNG.java:1064)
	at org.testng.remote.AbstractRemoteTestNG.run(AbstractRemoteTestNG.java:114)
	at org.testng.remote.RemoteTestNG.initAndRun(RemoteTestNG.java:251)
	at org.testng.remote.RemoteTestNG.main(RemoteTestNG.java:77)
]]>
    </failure>
  </testcase> <!-- checkConditionAsMandatory -->
  <testcase name="checkEditOnSelectAlertsTabOptions" time="9.103" classname="com.focus.testcases.SmokeTransactionAuthorizationDefinitionTest"/>
  <testcase name="checkCloseOptionInSMSTemplateWithMandatoryInputs" time="4.246" classname="com.focus.testcases.SmokeTransactionAuthorizationDefinitionTest"/>
  <testcase name="checkSaveOptionWithoutLayoutName" time="7.058" classname="com.focus.testcases.SmokeTransactionAuthorizationDefinitionTest"/>
  <testcase name="checkCancelInAlertDeleteOption" time="6.897" classname="com.focus.testcases.SmokeTransactionAuthorizationDefinitionTest"/>
  <testcase name="checkExitOptionInLayout" time="6.247" classname="com.focus.testcases.SmokeTransactionAuthorizationDefinitionTest"/>
  <testcase name="checkMiscellaneousOptions" time="7.994" classname="com.focus.testcases.SmokeTransactionAuthorizationDefinitionTest"/>
  <testcase name="checkSaveButtonWithoutTemplateName" time="3.917" classname="com.focus.testcases.SmokeTransactionAuthorizationDefinitionTest"/>
  <testcase name="checkCompanyExpandInFieldsTabOptions" time="5.580" classname="com.focus.testcases.SmokeTransactionAuthorizationDefinitionTest"/>
  <testcase name="checkSaveButtonWithoutAlertsTemplateName" time="3.855" classname="com.focus.testcases.SmokeTransactionAuthorizationDefinitionTest"/>
  <testcase name="checkVoucherTypeDocumentOptions" time="7.389" classname="com.focus.testcases.SmokeTransactionAuthorizationDefinitionTest"/>
  <testcase name="checkSelectingVoucherInDocumentDropdown" time="4.714" classname="com.focus.testcases.SmokeTransactionAuthorizationDefinitionTest"/>
  <testcase name="checkFieldsTabOptions" time="2.489" classname="com.focus.testcases.SmokeTransactionAuthorizationDefinitionTest"/>
  <testcase name="checkSMSTemplateOption" time="5.963" classname="com.focus.testcases.SmokeTransactionAuthorizationDefinitionTest"/>
  <testcase name="checkAlertMessageOnDeleteAuthorization" time="40.259" classname="com.focus.testcases.SmokeTransactionAuthorizationDefinitionTest"/>
  <testcase name="checkSavedSMSTemplateInTemplate" time="16.376" classname="com.focus.testcases.SmokeTransactionAuthorizationDefinitionTest"/>
  <testcase name="checkSaveOptionInEmailTemplate" time="13.217" classname="com.focus.testcases.SmokeTransactionAuthorizationDefinitionTest"/>
  <testcase name="checkSavingTransactionAuthorization" time="9.358" classname="com.focus.testcases.SmokeTransactionAuthorizationDefinitionTest"/>
  <testcase name="checkClearButton" time="7.789" classname="com.focus.testcases.SmokeTransactionAuthorizationDefinitionTest"/>
  <testcase name="checkBodyControlLayout" time="16.989" classname="com.focus.testcases.SmokeTransactionAuthorizationDefinitionTest"/>
  <testcase name="checkUserSelectionIsManadatory" time="10.368" classname="com.focus.testcases.SmokeTransactionAuthorizationDefinitionTest"/>
  <testcase name="checkTemplateNameWithoutTemplateText" time="9.197" classname="com.focus.testcases.SmokeTransactionAuthorizationDefinitionTest"/>
  <testcase name="checkSaveSMSTemplateWithMandatoryInputs" time="6.504" classname="com.focus.testcases.SmokeTransactionAuthorizationDefinitionTest"/>
  <testcase name="checkBodyOptions" time="11.790" classname="com.focus.testcases.SmokeTransactionAuthorizationDefinitionTest"/>
  <testcase name="checkLoginToCheckTransactionAuthorization" time="21.997" classname="com.focus.testcases.SmokeTransactionAuthorizationDefinitionTest"/>
  <testcase name="checkEscalationTabOptions" time="3.848" classname="com.focus.testcases.SmokeTransactionAuthorizationDefinitionTest"/>
  <testcase name="checkDisplayingAuthorizationName" time="21.191" classname="com.focus.testcases.SmokeTransactionAuthorizationDefinitionTest"/>
  <testcase name="checkUserDetailsOptions" time="8.302" classname="com.focus.testcases.SmokeTransactionAuthorizationDefinitionTest"/>
  <testcase name="checkEditCreateEmailTemplateHeader" time="12.570" classname="com.focus.testcases.SmokeTransactionAuthorizationDefinitionTest"/>
</testsuite> <!-- com.focus.testcases.SmokeTransactionAuthorizationDefinitionTest -->
