<?xml version="1.0" encoding="UTF-8"?>
<!-- Generated by org.testng.reporters.JUnitReportReporter -->
<testsuite hostname="FOCUS-QA-11" name="com.focus.testcases.SmokeAccountsTest" tests="29" failures="2" timestamp="11 Nov 2020 14:20:22 GMT" time="236.679" errors="0">
  <testcase name="checkClickOnCloseButtonInAccountMasterToCloseAccountsPage" time="3.294" classname="com.focus.testcases.SmokeAccountsTest"/>
  <testcase name="checkSettingTabFieldsAvailabilityOnClickOnSettingsTabInAccountsMasterCreationPage" time="21.835" classname="com.focus.testcases.SmokeAccountsTest"/>
  <testcase name="checkSearchOptionAvailableInAccountMastersPage" time="4.345" classname="com.focus.testcases.SmokeAccountsTest"/>
  <testcase name="checkCloseAccountsCreationPageOnClickOnCloseButtonInAccountsCreationPage" time="4.727" classname="com.focus.testcases.SmokeAccountsTest"/>
  <testcase name="checkAccountMasterSavedInfomationDetailsOnClickOnEditInAccountsMasterPage" time="17.359" classname="com.focus.testcases.SmokeAccountsTest"/>
  <testcase name="checkCreateTreeToggleOptionsAvailableInAccountMastersPage" time="4.487" classname="com.focus.testcases.SmokeAccountsTest"/>
  <testcase name="checkSeclectAccountAndDeleteOptionInMasterPage" time="13.062" classname="com.focus.testcases.SmokeAccountsTest"/>
  <testcase name="checkAccountsDisplayTableColumnValuesAvailableInAccountMastersPage" time="4.430" classname="com.focus.testcases.SmokeAccountsTest"/>
  <testcase name="checkCreateViewToggleOptionsAvailableInAccountMastersPage" time="4.203" classname="com.focus.testcases.SmokeAccountsTest"/>
  <testcase name="checkHeaderFieldsOptionsAvailableInAccountMastersPage" time="6.433" classname="com.focus.testcases.SmokeAccountsTest"/>
  <testcase name="checkAccountUpdatedInformationDisplayInMasterDisplayTableOfMastersPage" time="5.738" classname="com.focus.testcases.SmokeAccountsTest"/>
  <testcase name="checkSignToCheckAccountsMastersPage" time="19.980" classname="com.focus.testcases.SmokeAccountsTest"/>
  <testcase name="checkUpdateAcountInformationForUpdateAccountInAccountsMasterPage" time="18.653" classname="com.focus.testcases.SmokeAccountsTest">
    <failure type="java.lang.AssertionError" message="expected [true] but found [false]">
      <![CDATA[java.lang.AssertionError: expected [true] but found [false]
	at org.testng.Assert.fail(Assert.java:94)
	at org.testng.Assert.failNotEquals(Assert.java:513)
	at org.testng.Assert.assertEqualsImpl(Assert.java:135)
	at org.testng.Assert.assertEquals(Assert.java:116)
	at org.testng.Assert.assertEquals(Assert.java:305)
	at org.testng.Assert.assertEquals(Assert.java:315)
	at com.focus.testcases.SmokeAccountsTest.checkUpdateAcountInformationForUpdateAccountInAccountsMasterPage(SmokeAccountsTest.java:190)
	at sun.reflect.NativeMethodAccessorImpl.invoke0(Native Method)
	at sun.reflect.NativeMethodAccessorImpl.invoke(Unknown Source)
	at sun.reflect.DelegatingMethodAccessorImpl.invoke(Unknown Source)
	at java.lang.reflect.Method.invoke(Unknown Source)
	at org.testng.internal.MethodInvocationHelper.invokeMethod(MethodInvocationHelper.java:86)
	at org.testng.internal.Invoker.invokeMethod(Invoker.java:643)
	at org.testng.internal.Invoker.invokeTestMethod(Invoker.java:820)
	at org.testng.internal.Invoker.invokeTestMethods(Invoker.java:1128)
	at org.testng.internal.TestMethodWorker.invokeTestMethods(TestMethodWorker.java:129)
	at org.testng.internal.TestMethodWorker.run(TestMethodWorker.java:112)
	at org.testng.TestRunner.privateRun(TestRunner.java:782)
	at org.testng.TestRunner.run(TestRunner.java:632)
	at org.testng.SuiteRunner.runTest(SuiteRunner.java:366)
	at org.testng.SuiteRunner.runSequentially(SuiteRunner.java:361)
	at org.testng.SuiteRunner.privateRun(SuiteRunner.java:319)
	at org.testng.SuiteRunner.run(SuiteRunner.java:268)
	at org.testng.SuiteRunnerWorker.runSuite(SuiteRunnerWorker.java:52)
	at org.testng.SuiteRunnerWorker.run(SuiteRunnerWorker.java:86)
	at org.testng.TestNG.runSuitesSequentially(TestNG.java:1244)
	at org.testng.TestNG.runSuitesLocally(TestNG.java:1169)
	at org.testng.TestNG.run(TestNG.java:1064)
	at org.testng.remote.AbstractRemoteTestNG.run(AbstractRemoteTestNG.java:114)
	at org.testng.remote.RemoteTestNG.initAndRun(RemoteTestNG.java:251)
	at org.testng.remote.RemoteTestNG.main(RemoteTestNG.java:77)
]]>
    </failure>
  </testcase> <!-- checkUpdateAcountInformationForUpdateAccountInAccountsMasterPage -->
  <testcase name="checkHideAccountGroupOptionsAvailableInAccountMastersPage" time="4.195" classname="com.focus.testcases.SmokeAccountsTest"/>
  <testcase name="checkDeleteAccountMasterNotDisplayInAccountGrid" time="4.167" classname="com.focus.testcases.SmokeAccountsTest"/>
  <testcase name="checkClickOnSavedAccountCheckBoxToUnCheckInAccountsMasterPage" time="3.843" classname="com.focus.testcases.SmokeAccountsTest"/>
  <testcase name="checkDisplayOfGroupAvailableTreeStructureLeftPaneInAccountMastersPage" time="6.102" classname="com.focus.testcases.SmokeAccountsTest"/>
  <testcase name="checkUnHideAccountGroupOptionsAvailableInAccountMastersPage" time="6.353" classname="com.focus.testcases.SmokeAccountsTest"/>
  <testcase name="checkTreeViewOptionsAvailableInAccountMastersPage" time="5.552" classname="com.focus.testcases.SmokeAccountsTest"/>
  <testcase name="checkDetailsTabFieldsAvailabilityOnClickOnDetailsTabInAccountsMasterCreationPage" time="7.998" classname="com.focus.testcases.SmokeAccountsTest"/>
  <testcase name="checkPrintLayoutTabFieldsAvailabilityOnClickOnPrintLayoutTabInAccountsMasterCreationPage" time="5.364" classname="com.focus.testcases.SmokeAccountsTest"/>
  <testcase name="checkUpdatingAccountInformationOnClickSaveButtonInAccountsCreationPage" time="9.204" classname="com.focus.testcases.SmokeAccountsTest"/>
  <testcase name="checkClickOnAccountSavedCheckBoxToCheckInAccountsMasterPage" time="3.910" classname="com.focus.testcases.SmokeAccountsTest"/>
  <testcase name="checkLogoutInAccountsMasterPage" time="4.479" classname="com.focus.testcases.SmokeAccountsTest"/>
  <testcase name="checkAccountSaveOnInputAndClickOnSaveButtonInMasterCreationPage" time="10.510" classname="com.focus.testcases.SmokeAccountsTest"/>
  <testcase name="checkCreateTabUpdateTabFieldsAvailabilityInAccountsMasterCreationPage" time="3.480" classname="com.focus.testcases.SmokeAccountsTest"/>
  <testcase name="checkAccountsDisplayTableColumnNamesAvailableInAccountMastersPage" time="5.723" classname="com.focus.testcases.SmokeAccountsTest"/>
  <testcase name="checkOpenAccountsMastersPage" time="4.452" classname="com.focus.testcases.SmokeAccountsTest"/>
  <testcase name="checkAccountsCreationPageAndGeneralTabFieldsAvailabilityOnClickOnNewButtonInAccountsMasterPage" time="22.801" classname="com.focus.testcases.SmokeAccountsTest">
    <failure type="java.lang.AssertionError" message="expected [true] but found [false]">
      <![CDATA[java.lang.AssertionError: expected [true] but found [false]
	at org.testng.Assert.fail(Assert.java:94)
	at org.testng.Assert.failNotEquals(Assert.java:513)
	at org.testng.Assert.assertEqualsImpl(Assert.java:135)
	at org.testng.Assert.assertEquals(Assert.java:116)
	at org.testng.Assert.assertEquals(Assert.java:305)
	at org.testng.Assert.assertEquals(Assert.java:315)
	at com.focus.testcases.SmokeAccountsTest.checkAccountsCreationPageAndGeneralTabFieldsAvailabilityOnClickOnNewButtonInAccountsMasterPage(SmokeAccountsTest.java:105)
	at sun.reflect.NativeMethodAccessorImpl.invoke0(Native Method)
	at sun.reflect.NativeMethodAccessorImpl.invoke(Unknown Source)
	at sun.reflect.DelegatingMethodAccessorImpl.invoke(Unknown Source)
	at java.lang.reflect.Method.invoke(Unknown Source)
	at org.testng.internal.MethodInvocationHelper.invokeMethod(MethodInvocationHelper.java:86)
	at org.testng.internal.Invoker.invokeMethod(Invoker.java:643)
	at org.testng.internal.Invoker.invokeTestMethod(Invoker.java:820)
	at org.testng.internal.Invoker.invokeTestMethods(Invoker.java:1128)
	at org.testng.internal.TestMethodWorker.invokeTestMethods(TestMethodWorker.java:129)
	at org.testng.internal.TestMethodWorker.run(TestMethodWorker.java:112)
	at org.testng.TestRunner.privateRun(TestRunner.java:782)
	at org.testng.TestRunner.run(TestRunner.java:632)
	at org.testng.SuiteRunner.runTest(SuiteRunner.java:366)
	at org.testng.SuiteRunner.runSequentially(SuiteRunner.java:361)
	at org.testng.SuiteRunner.privateRun(SuiteRunner.java:319)
	at org.testng.SuiteRunner.run(SuiteRunner.java:268)
	at org.testng.SuiteRunnerWorker.runSuite(SuiteRunnerWorker.java:52)
	at org.testng.SuiteRunnerWorker.run(SuiteRunnerWorker.java:86)
	at org.testng.TestNG.runSuitesSequentially(TestNG.java:1244)
	at org.testng.TestNG.runSuitesLocally(TestNG.java:1169)
	at org.testng.TestNG.run(TestNG.java:1064)
	at org.testng.remote.AbstractRemoteTestNG.run(AbstractRemoteTestNG.java:114)
	at org.testng.remote.RemoteTestNG.initAndRun(RemoteTestNG.java:251)
	at org.testng.remote.RemoteTestNG.main(RemoteTestNG.java:77)
]]>
    </failure>
  </testcase> <!-- checkAccountsCreationPageAndGeneralTabFieldsAvailabilityOnClickOnNewButtonInAccountsMasterPage -->
</testsuite> <!-- com.focus.testcases.SmokeAccountsTest -->
