<?xml version="1.0" encoding="UTF-8"?>
<!-- Generated by org.testng.reporters.JUnitReportReporter -->
<testsuite hostname="FOCUS-QA-11" name="com.focus.testcases.SecuritySmokeTest" tests="57" failures="2" timestamp="11 Nov 2020 15:51:55 GMT" time="822.284" errors="0">
  <testcase name="checkCreateProfileSalesInvoiceSelectingSuspendOnSavingAndHideMenuCheckBoxes" time="7.142" classname="com.focus.testcases.SecuritySmokeTest"/>
  <testcase name="verifyUpdateBtn" time="8.395" classname="com.focus.testcases.SecuritySmokeTest"/>
  <testcase name="checkOptionDeleteToCickCloseImageInIpTextBoxOnMove" time="11.346" classname="com.focus.testcases.SecuritySmokeTest"/>
  <testcase name="checkEditingAndUpdatingSavedUser" time="20.080" classname="com.focus.testcases.SecuritySmokeTest"/>
  <testcase name="checkCreateProfilePageWithAllOptions" time="8.184" classname="com.focus.testcases.SecuritySmokeTest"/>
  <testcase name="checkLoginWithUpdatedPassword" time="10.690" classname="com.focus.testcases.SecuritySmokeTest"/>
  <testcase name="verifyPasswordPolicy" time="9.100" classname="com.focus.testcases.SecuritySmokeTest"/>
  <testcase name="checkSavingRoleWithAllProfileST" time="13.605" classname="com.focus.testcases.SecuritySmokeTest"/>
  <testcase name="checkCreateUsersPageWithAllOptions" time="38.556" classname="com.focus.testcases.SecuritySmokeTest">
    <failure type="java.lang.AssertionError" message="expected [true] but found [false]">
      <![CDATA[java.lang.AssertionError: expected [true] but found [false]
	at org.testng.Assert.fail(Assert.java:94)
	at org.testng.Assert.failNotEquals(Assert.java:513)
	at org.testng.Assert.assertEqualsImpl(Assert.java:135)
	at org.testng.Assert.assertEquals(Assert.java:116)
	at org.testng.Assert.assertEquals(Assert.java:305)
	at org.testng.Assert.assertEquals(Assert.java:315)
	at com.focus.testcases.SecuritySmokeTest.checkCreateUsersPageWithAllOptions(SecuritySmokeTest.java:346)
	at sun.reflect.NativeMethodAccessorImpl.invoke0(Native Method)
	at sun.reflect.NativeMethodAccessorImpl.invoke(Unknown Source)
	at sun.reflect.DelegatingMethodAccessorImpl.invoke(Unknown Source)
	at java.lang.reflect.Method.invoke(Unknown Source)
	at org.testng.internal.MethodInvocationHelper.invokeMethod(MethodInvocationHelper.java:86)
	at org.testng.internal.Invoker.invokeMethod(Invoker.java:643)
	at org.testng.internal.Invoker.invokeTestMethod(Invoker.java:820)
	at org.testng.internal.Invoker.invokeTestMethods(Invoker.java:1128)
	at org.testng.internal.TestMethodWorker.invokeTestMethods(TestMethodWorker.java:129)
	at org.testng.internal.TestMethodWorker.run(TestMethodWorker.java:112)
	at org.testng.TestRunner.privateRun(TestRunner.java:782)
	at org.testng.TestRunner.run(TestRunner.java:632)
	at org.testng.SuiteRunner.runTest(SuiteRunner.java:366)
	at org.testng.SuiteRunner.runSequentially(SuiteRunner.java:361)
	at org.testng.SuiteRunner.privateRun(SuiteRunner.java:319)
	at org.testng.SuiteRunner.run(SuiteRunner.java:268)
	at org.testng.SuiteRunnerWorker.runSuite(SuiteRunnerWorker.java:52)
	at org.testng.SuiteRunnerWorker.run(SuiteRunnerWorker.java:86)
	at org.testng.TestNG.runSuitesSequentially(TestNG.java:1244)
	at org.testng.TestNG.runSuitesLocally(TestNG.java:1169)
	at org.testng.TestNG.run(TestNG.java:1064)
	at org.testng.remote.AbstractRemoteTestNG.run(AbstractRemoteTestNG.java:114)
	at org.testng.remote.RemoteTestNG.initAndRun(RemoteTestNG.java:251)
	at org.testng.remote.RemoteTestNG.main(RemoteTestNG.java:77)
]]>
    </failure>
  </testcase> <!-- checkCreateUsersPageWithAllOptions -->
  <testcase name="checkUserDataInSavedUser" time="32.313" classname="com.focus.testcases.SecuritySmokeTest"/>
  <testcase name="verifyGetTheSimplePasswordPolicy" time="2.581" classname="com.focus.testcases.SecuritySmokeTest"/>
  <testcase name="verifyAlertOnDeletePasswordPolicy" time="7.868" classname="com.focus.testcases.SecuritySmokeTest"/>
  <testcase name="checkCreateProfileSavingAfterEditingProfile" time="4.073" classname="com.focus.testcases.SecuritySmokeTest"/>
  <testcase name="checkCreateProfileLoadFromAllProfileAndValidatePurchasesVouchers" time="36.714" classname="com.focus.testcases.SecuritySmokeTest"/>
  <testcase name="checkClickOnRightArrowIconWitSelectProfile" time="7.633" classname="com.focus.testcases.SecuritySmokeTest"/>
  <testcase name="checkLoginCompanyWithValidCredentials" time="16.483" classname="com.focus.testcases.SecuritySmokeTest"/>
  <testcase name="checkCloseAlertInAlertClickOnOkBtn" time="7.310" classname="com.focus.testcases.SecuritySmokeTest"/>
  <testcase name="checkSavingUserWithRoleST" time="15.904" classname="com.focus.testcases.SecuritySmokeTest"/>
  <testcase name="checkLogoutAndLoginWithSUToUpdatedUserDeleteUser" time="13.065" classname="com.focus.testcases.SecuritySmokeTest"/>
  <testcase name="CheckSavingAllProfileSTwithAlloptionsEnabled" time="22.991" classname="com.focus.testcases.SecuritySmokeTest"/>
  <testcase name="verifyPasswordPolicyLists" time="3.989" classname="com.focus.testcases.SecuritySmokeTest"/>
  <testcase name="checkCloseBtnInNetworkPolicyPage" time="3.718" classname="com.focus.testcases.SecuritySmokeTest"/>
  <testcase name="checkDeletingUpdatedUser" time="18.106" classname="com.focus.testcases.SecuritySmokeTest"/>
  <testcase name="checkLogoutUserSecurityPage" time="4.507" classname="com.focus.testcases.SecuritySmokeTest"/>
  <testcase name="verifyGetTheUpdatedPasswordPolicy" time="5.960" classname="com.focus.testcases.SecuritySmokeTest"/>
  <testcase name="checkCreateProfileFinancialsTransactionsSalesSalesInvoiceSelectingAllCheckBoxes" time="6.960" classname="com.focus.testcases.SecuritySmokeTest"/>
  <testcase name="checkCreateProfileSavingValidatingAndDeletingLoadedProfile" time="28.042" classname="com.focus.testcases.SecuritySmokeTest"/>
  <testcase name="checkSavingUserWithExclusion" time="28.018" classname="com.focus.testcases.SecuritySmokeTest"/>
  <testcase name="verifyClickOnSaveBtn" time="6.328" classname="com.focus.testcases.SecuritySmokeTest"/>
  <testcase name="checkCreateProfileValidatingSalesInvoice" time="12.205" classname="com.focus.testcases.SecuritySmokeTest"/>
  <testcase name="checkCreateRolePageWithAllOptions" time="8.551" classname="com.focus.testcases.SecuritySmokeTest"/>
  <testcase name="checkLogoutAndLoginWithNewlySavedUser" time="23.744" classname="com.focus.testcases.SecuritySmokeTest"/>
  <testcase name="checkCompareAndDeleteUpdatedRole" time="17.840" classname="com.focus.testcases.SecuritySmokeTest"/>
  <testcase name="verifyClearBtnWhileUpdate" time="8.026" classname="com.focus.testcases.SecuritySmokeTest"/>
  <testcase name="checkCreateProfileValidatingSalesInvoiceAfterSavingEditedProfile" time="13.923" classname="com.focus.testcases.SecuritySmokeTest"/>
  <testcase name="checkSavedIpIsdisplayingUserCloseReOpenTheNetworkpolicy" time="9.174" classname="com.focus.testcases.SecuritySmokeTest"/>
  <testcase name="CheckSavingPassWordPolicyOfNumericTypeandSimplePolicy" time="9.168" classname="com.focus.testcases.SecuritySmokeTest"/>
  <testcase name="checkPasswordPolicyintheAssignedProfileTab" time="5.091" classname="com.focus.testcases.SecuritySmokeTest"/>
  <testcase name="checkClickOnLeftArrowIconWitSelectProfile" time="7.788" classname="com.focus.testcases.SecuritySmokeTest"/>
  <testcase name="checkLogoutAndLoginWithSU" time="13.072" classname="com.focus.testcases.SecuritySmokeTest"/>
  <testcase name="checkCreateProfileFinancialsTransactionsSalesSalesInvoiceRestrictionsTab" time="18.680" classname="com.focus.testcases.SecuritySmokeTest">
    <failure type="java.lang.AssertionError" message="expected [true] but found [false]">
      <![CDATA[java.lang.AssertionError: expected [true] but found [false]
	at org.testng.Assert.fail(Assert.java:94)
	at org.testng.Assert.failNotEquals(Assert.java:513)
	at org.testng.Assert.assertEqualsImpl(Assert.java:135)
	at org.testng.Assert.assertEquals(Assert.java:116)
	at org.testng.Assert.assertEquals(Assert.java:305)
	at org.testng.Assert.assertEquals(Assert.java:315)
	at com.focus.testcases.SecuritySmokeTest.checkCreateProfileFinancialsTransactionsSalesSalesInvoiceRestrictionsTab(SecuritySmokeTest.java:205)
	at sun.reflect.NativeMethodAccessorImpl.invoke0(Native Method)
	at sun.reflect.NativeMethodAccessorImpl.invoke(Unknown Source)
	at sun.reflect.DelegatingMethodAccessorImpl.invoke(Unknown Source)
	at java.lang.reflect.Method.invoke(Unknown Source)
	at org.testng.internal.MethodInvocationHelper.invokeMethod(MethodInvocationHelper.java:86)
	at org.testng.internal.Invoker.invokeMethod(Invoker.java:643)
	at org.testng.internal.Invoker.invokeTestMethod(Invoker.java:820)
	at org.testng.internal.Invoker.invokeTestMethods(Invoker.java:1128)
	at org.testng.internal.TestMethodWorker.invokeTestMethods(TestMethodWorker.java:129)
	at org.testng.internal.TestMethodWorker.run(TestMethodWorker.java:112)
	at org.testng.TestRunner.privateRun(TestRunner.java:782)
	at org.testng.TestRunner.run(TestRunner.java:632)
	at org.testng.SuiteRunner.runTest(SuiteRunner.java:366)
	at org.testng.SuiteRunner.runSequentially(SuiteRunner.java:361)
	at org.testng.SuiteRunner.privateRun(SuiteRunner.java:319)
	at org.testng.SuiteRunner.run(SuiteRunner.java:268)
	at org.testng.SuiteRunnerWorker.runSuite(SuiteRunnerWorker.java:52)
	at org.testng.SuiteRunnerWorker.run(SuiteRunnerWorker.java:86)
	at org.testng.TestNG.runSuitesSequentially(TestNG.java:1244)
	at org.testng.TestNG.runSuitesLocally(TestNG.java:1169)
	at org.testng.TestNG.run(TestNG.java:1064)
	at org.testng.remote.AbstractRemoteTestNG.run(AbstractRemoteTestNG.java:114)
	at org.testng.remote.RemoteTestNG.initAndRun(RemoteTestNG.java:251)
	at org.testng.remote.RemoteTestNG.main(RemoteTestNG.java:77)
]]>
    </failure>
  </testcase> <!-- checkCreateProfileFinancialsTransactionsSalesSalesInvoiceRestrictionsTab -->
  <testcase name="checkCreateProfileHomeMastersAccountRestrictionsTab" time="11.742" classname="com.focus.testcases.SecuritySmokeTest"/>
  <testcase name="verifyOpenNetworkPolicy" time="8.717" classname="com.focus.testcases.SecuritySmokeTest"/>
  <testcase name="verifyPasswordPolicySimpleSave" time="4.544" classname="com.focus.testcases.SecuritySmokeTest"/>
  <testcase name="checkSavedAllowIpInNetworkPolicy" time="7.565" classname="com.focus.testcases.SecuritySmokeTest"/>
  <testcase name="checkLogoutAndLoginWithUpdatedUserWithPreviousPassword" time="6.690" classname="com.focus.testcases.SecuritySmokeTest"/>
  <testcase name="checkCreateProfileHomeMastersAccountSelectingAllCheckBox" time="5.410" classname="com.focus.testcases.SecuritySmokeTest"/>
  <testcase name="verifyInputValidStartIpAndEndIpInNetworkPolicy" time="10.968" classname="com.focus.testcases.SecuritySmokeTest"/>
  <testcase name="checkSavingUserWithRoleSTRestriction" time="15.691" classname="com.focus.testcases.SecuritySmokeTest"/>
  <testcase name="checkUserDataInUpdatedUser" time="30.755" classname="com.focus.testcases.SecuritySmokeTest"/>
  <testcase name="checkSaveingRoleWithAllfieldsInAllTabs" time="72.724" classname="com.focus.testcases.SecuritySmokeTest"/>
  <testcase name="checkCreateProfileSubMenus" time="39.002" classname="com.focus.testcases.SecuritySmokeTest"/>
  <testcase name="checkSaveIP" time="5.595" classname="com.focus.testcases.SecuritySmokeTest"/>
  <testcase name="checkCreateProfileSavingProfile" time="4.245" classname="com.focus.testcases.SecuritySmokeTest"/>
  <testcase name="checInputMandatoryFieldsInCreateUser" time="14.861" classname="com.focus.testcases.SecuritySmokeTest"/>
  <testcase name="verifyUpdateSimplePasswordPolicy" time="7.418" classname="com.focus.testcases.SecuritySmokeTest"/>
  <testcase name="checkEditAndUpdateSavedRole" time="29.434" classname="com.focus.testcases.SecuritySmokeTest"/>
</testsuite> <!-- com.focus.testcases.SecuritySmokeTest -->
