<?xml version="1.0" encoding="UTF-8"?>
<!-- Generated by org.testng.reporters.JUnitReportReporter -->
<testsuite hostname="FOCUS-QA-11" name="com.focus.testcases.VoucherSalesTest" tests="137" failures="7" timestamp="26 Nov 2020 19:20:40 GMT" time="2227.459" errors="1">
  <testcase name="checkFirstSerialNumberWithNoQtyAfterCheckingAndUncheckingAllSerialNumber" time="11.708" classname="com.focus.testcases.VoucherSalesTest"/>
  <testcase name="checkBatchWiseScreenPopupWithPickOnFIFO" time="123.036" classname="com.focus.testcases.VoucherSalesTest"/>
  <testcase name="checkFirstRowByClickOnOkButtonInBatchWisePopupScreenPickingBatch" time="10.091" classname="com.focus.testcases.VoucherSalesTest"/>
  <testcase name="checkBinOutwardToBePickedInputManualWithGreaterThanQty" time="8.324" classname="com.focus.testcases.VoucherSalesTest"/>
  <testcase name="checkSavingSalesInvoiceVoucherWithCustomerChange" time="62.612" classname="com.focus.testcases.VoucherSalesTest"/>
  <testcase name="checkSignInDemoPopupPageOnClickDoNotShowAndCloseToDisplayMenusAndHomePage" time="27.133" classname="com.focus.testcases.VoucherSalesTest"/>
  <testcase name="checkSalesVoucherVATEntryPageInfoSideBarInfoPanelOption" time="3.947" classname="com.focus.testcases.VoucherSalesTest"/>
  <testcase name="checkFooterFieldsBeforeInputingDiscount" time="8.120" classname="com.focus.testcases.VoucherSalesTest"/>
  <testcase name="checkQtyPreLoadByInputAQFQInFirstRow" time="10.295" classname="com.focus.testcases.VoucherSalesTest"/>
  <testcase name="checkSettingPlaceofSupplyForCustomerUpdateInPSalesInvoiceVAT" time="14.041" classname="com.focus.testcases.VoucherSalesTest"/>
  <testcase name="checkSalesExchangeRateAndLocalExchangeRatewithCurrencyAED" time="5.811" classname="com.focus.testcases.VoucherSalesTest"/>
  <testcase name="checkRMAColumnRMANumbersInVoucherOneFourthRow" time="7.014" classname="com.focus.testcases.VoucherSalesTest"/>
  <testcase name="checkyInputMoreQtyInAdjustedQtyThanVoucherQtyInBatchPopUp" time="4.030" classname="com.focus.testcases.VoucherSalesTest"/>
  <testcase name="checkSavingSalesVoucherVATWithEmptyRows" time="8.757" classname="com.focus.testcases.VoucherSalesTest"/>
  <testcase name="checkDueDateOptionForCustomerAccountAsCustomerUpdateCreditDays3" time="12.098" classname="com.focus.testcases.VoucherSalesTest"/>
  <testcase name="checkSecondRowBinInputAndClickSaveWithoutBin" time="96.347" classname="com.focus.testcases.VoucherSalesTest">
    <failure type="java.lang.AssertionError" message="expected [true] but found [false]">
      <![CDATA[java.lang.AssertionError: expected [true] but found [false]
	at org.testng.Assert.fail(Assert.java:94)
	at org.testng.Assert.failNotEquals(Assert.java:513)
	at org.testng.Assert.assertEqualsImpl(Assert.java:135)
	at org.testng.Assert.assertEquals(Assert.java:116)
	at org.testng.Assert.assertEquals(Assert.java:305)
	at org.testng.Assert.assertEquals(Assert.java:315)
	at com.focus.testcases.VoucherSalesTest.checkSecondRowBinInputAndClickSaveWithoutBin(VoucherSalesTest.java:521)
	at sun.reflect.NativeMethodAccessorImpl.invoke0(Native Method)
	at sun.reflect.NativeMethodAccessorImpl.invoke(Unknown Source)
	at sun.reflect.DelegatingMethodAccessorImpl.invoke(Unknown Source)
	at java.lang.reflect.Method.invoke(Unknown Source)
	at org.testng.internal.MethodInvocationHelper.invokeMethod(MethodInvocationHelper.java:86)
	at org.testng.internal.Invoker.invokeMethod(Invoker.java:643)
	at org.testng.internal.Invoker.invokeTestMethod(Invoker.java:820)
	at org.testng.internal.Invoker.invokeTestMethods(Invoker.java:1128)
	at org.testng.internal.TestMethodWorker.invokeTestMethods(TestMethodWorker.java:129)
	at org.testng.internal.TestMethodWorker.run(TestMethodWorker.java:112)
	at org.testng.TestRunner.privateRun(TestRunner.java:782)
	at org.testng.TestRunner.run(TestRunner.java:632)
	at org.testng.SuiteRunner.runTest(SuiteRunner.java:366)
	at org.testng.SuiteRunner.runSequentially(SuiteRunner.java:361)
	at org.testng.SuiteRunner.privateRun(SuiteRunner.java:319)
	at org.testng.SuiteRunner.run(SuiteRunner.java:268)
	at org.testng.SuiteRunnerWorker.runSuite(SuiteRunnerWorker.java:52)
	at org.testng.SuiteRunnerWorker.run(SuiteRunnerWorker.java:86)
	at org.testng.TestNG.runSuitesSequentially(TestNG.java:1244)
	at org.testng.TestNG.runSuitesLocally(TestNG.java:1169)
	at org.testng.TestNG.run(TestNG.java:1064)
	at org.testng.remote.AbstractRemoteTestNG.run(AbstractRemoteTestNG.java:114)
	at org.testng.remote.RemoteTestNG.initAndRun(RemoteTestNG.java:251)
	at org.testng.remote.RemoteTestNG.main(RemoteTestNG.java:77)
]]>
    </failure>
  </testcase> <!-- checkSecondRowBinInputAndClickSaveWithoutBin -->
  <testcase name="checkOkButtonInRMAPopupScreenInVoucherOneFourthRow" time="6.027" classname="com.focus.testcases.VoucherSalesTest"/>
  <testcase name="checkBatchConsumingOnDoubleClickInBatchPopUpScreen" time="37.590" classname="com.focus.testcases.VoucherSalesTest"/>
  <testcase name="checkSalesVoucherVATNewHomePage" time="12.304" classname="com.focus.testcases.VoucherSalesTest"/>
  <testcase name="checkCancelBinPopupScreenDeleteRowAndSaveVoucher" time="59.203" classname="com.focus.testcases.VoucherSalesTest"/>
  <testcase name="checkPickOptionInBinScreenWithoutSelection" time="4.053" classname="com.focus.testcases.VoucherSalesTest"/>
  <testcase name="checkSavingSalesInvoiceVoucherWithCopyDocumentOption" time="71.024" classname="com.focus.testcases.VoucherSalesTest"/>
  <testcase name="checkRMAPopUpScreenWithoutInputTheQty" time="9.499" classname="com.focus.testcases.VoucherSalesTest"/>
  <testcase name="checkRMAColumnInTheVoucherBodyonClickOnOkButton" time="7.875" classname="com.focus.testcases.VoucherSalesTest"/>
  <testcase name="checkVoucherFirstRowInputValues" time="11.950" classname="com.focus.testcases.VoucherSalesTest"/>
  <testcase name="checkRMASearchInAnEmptyRowsExitsVoucherOneFifthRow" time="7.056" classname="com.focus.testcases.VoucherSalesTest"/>
  <testcase name="checkOkAfterAutoAllocatingBin" time="8.696" classname="com.focus.testcases.VoucherSalesTest">
    <failure type="java.lang.AssertionError" message="expected [true] but found [false]">
      <![CDATA[java.lang.AssertionError: expected [true] but found [false]
	at org.testng.Assert.fail(Assert.java:94)
	at org.testng.Assert.failNotEquals(Assert.java:513)
	at org.testng.Assert.assertEqualsImpl(Assert.java:135)
	at org.testng.Assert.assertEquals(Assert.java:116)
	at org.testng.Assert.assertEquals(Assert.java:305)
	at org.testng.Assert.assertEquals(Assert.java:315)
	at com.focus.testcases.VoucherSalesTest.checkOkAfterAutoAllocatingBin(VoucherSalesTest.java:549)
	at sun.reflect.NativeMethodAccessorImpl.invoke0(Native Method)
	at sun.reflect.NativeMethodAccessorImpl.invoke(Unknown Source)
	at sun.reflect.DelegatingMethodAccessorImpl.invoke(Unknown Source)
	at java.lang.reflect.Method.invoke(Unknown Source)
	at org.testng.internal.MethodInvocationHelper.invokeMethod(MethodInvocationHelper.java:86)
	at org.testng.internal.Invoker.invokeMethod(Invoker.java:643)
	at org.testng.internal.Invoker.invokeTestMethod(Invoker.java:820)
	at org.testng.internal.Invoker.invokeTestMethods(Invoker.java:1128)
	at org.testng.internal.TestMethodWorker.invokeTestMethods(TestMethodWorker.java:129)
	at org.testng.internal.TestMethodWorker.run(TestMethodWorker.java:112)
	at org.testng.TestRunner.privateRun(TestRunner.java:782)
	at org.testng.TestRunner.run(TestRunner.java:632)
	at org.testng.SuiteRunner.runTest(SuiteRunner.java:366)
	at org.testng.SuiteRunner.runSequentially(SuiteRunner.java:361)
	at org.testng.SuiteRunner.privateRun(SuiteRunner.java:319)
	at org.testng.SuiteRunner.run(SuiteRunner.java:268)
	at org.testng.SuiteRunnerWorker.runSuite(SuiteRunnerWorker.java:52)
	at org.testng.SuiteRunnerWorker.run(SuiteRunnerWorker.java:86)
	at org.testng.TestNG.runSuitesSequentially(TestNG.java:1244)
	at org.testng.TestNG.runSuitesLocally(TestNG.java:1169)
	at org.testng.TestNG.run(TestNG.java:1064)
	at org.testng.remote.AbstractRemoteTestNG.run(AbstractRemoteTestNG.java:114)
	at org.testng.remote.RemoteTestNG.initAndRun(RemoteTestNG.java:251)
	at org.testng.remote.RemoteTestNG.main(RemoteTestNG.java:77)
]]>
    </failure>
  </testcase> <!-- checkOkAfterAutoAllocatingBin -->
  <testcase name="checkRMAAsMandatoryByInputQtyWithOutRMAAndClickOnSaveButton" time="10.111" classname="com.focus.testcases.VoucherSalesTest"/>
  <testcase name="checkVocuherGridBatchSplittingOnManualEntryInBatchPopUpScreen" time="10.791" classname="com.focus.testcases.VoucherSalesTest"/>
  <testcase name="checkBatchSplittingAfterClickOnOKinBatchPopUpScreen" time="12.613" classname="com.focus.testcases.VoucherSalesTest"/>
  <testcase name="checkEntryPageSuspendOptionOnPreviousButtonInSalesInvoice" time="23.324" classname="com.focus.testcases.VoucherSalesTest"/>
  <testcase name="checkSearchBoxByInputRMANumber" time="7.527" classname="com.focus.testcases.VoucherSalesTest"/>
  <testcase name="checkOKButtonInRmaPopUpScreenBySelectingLessSerialNumbersToVoucherQty" time="5.735" classname="com.focus.testcases.VoucherSalesTest"/>
  <testcase name="checkOkButtonInSearchRMAwithNoQty" time="5.692" classname="com.focus.testcases.VoucherSalesTest"/>
  <testcase name="checkSalesVoucherVATDateFieldLessThanCompanyAccountingDate" time="9.307" classname="com.focus.testcases.VoucherSalesTest"/>
  <testcase name="checkManualInputingInBatchPopUpScreen" time="27.375" classname="com.focus.testcases.VoucherSalesTest"/>
  <testcase name="checkSalesVoucherVATInfoPanelDashlet" time="5.563" classname="com.focus.testcases.VoucherSalesTest"/>
  <testcase name="checkBatchPopUpValuesAfterDeletingSecondAndThirdRows" time="150.322" classname="com.focus.testcases.VoucherSalesTest">
    <failure type="java.lang.AssertionError" message="expected [true] but found [false]">
      <![CDATA[java.lang.AssertionError: expected [true] but found [false]
	at org.testng.Assert.fail(Assert.java:94)
	at org.testng.Assert.failNotEquals(Assert.java:513)
	at org.testng.Assert.assertEqualsImpl(Assert.java:135)
	at org.testng.Assert.assertEquals(Assert.java:116)
	at org.testng.Assert.assertEquals(Assert.java:305)
	at org.testng.Assert.assertEquals(Assert.java:315)
	at com.focus.testcases.VoucherSalesTest.checkBatchPopUpValuesAfterDeletingSecondAndThirdRows(VoucherSalesTest.java:441)
	at sun.reflect.NativeMethodAccessorImpl.invoke0(Native Method)
	at sun.reflect.NativeMethodAccessorImpl.invoke(Unknown Source)
	at sun.reflect.DelegatingMethodAccessorImpl.invoke(Unknown Source)
	at java.lang.reflect.Method.invoke(Unknown Source)
	at org.testng.internal.MethodInvocationHelper.invokeMethod(MethodInvocationHelper.java:86)
	at org.testng.internal.Invoker.invokeMethod(Invoker.java:643)
	at org.testng.internal.Invoker.invokeTestMethod(Invoker.java:820)
	at org.testng.internal.Invoker.invokeTestMethods(Invoker.java:1128)
	at org.testng.internal.TestMethodWorker.invokeTestMethods(TestMethodWorker.java:129)
	at org.testng.internal.TestMethodWorker.run(TestMethodWorker.java:112)
	at org.testng.TestRunner.privateRun(TestRunner.java:782)
	at org.testng.TestRunner.run(TestRunner.java:632)
	at org.testng.SuiteRunner.runTest(SuiteRunner.java:366)
	at org.testng.SuiteRunner.runSequentially(SuiteRunner.java:361)
	at org.testng.SuiteRunner.privateRun(SuiteRunner.java:319)
	at org.testng.SuiteRunner.run(SuiteRunner.java:268)
	at org.testng.SuiteRunnerWorker.runSuite(SuiteRunnerWorker.java:52)
	at org.testng.SuiteRunnerWorker.run(SuiteRunnerWorker.java:86)
	at org.testng.TestNG.runSuitesSequentially(TestNG.java:1244)
	at org.testng.TestNG.runSuitesLocally(TestNG.java:1169)
	at org.testng.TestNG.run(TestNG.java:1064)
	at org.testng.remote.AbstractRemoteTestNG.run(AbstractRemoteTestNG.java:114)
	at org.testng.remote.RemoteTestNG.initAndRun(RemoteTestNG.java:251)
	at org.testng.remote.RemoteTestNG.main(RemoteTestNG.java:77)
]]>
    </failure>
  </testcase> <!-- checkBatchPopUpValuesAfterDeletingSecondAndThirdRows -->
  <testcase name="checkCurrencyOptioninSalesInvoiceVAT" time="4.024" classname="com.focus.testcases.VoucherSalesTest"/>
  <testcase name="checkSalesVoucherVATEntryPageInfoSideBarWorkFlowOption" time="3.975" classname="com.focus.testcases.VoucherSalesTest"/>
  <testcase name="checkClickOnCancelButtonInBillwiseScreen" time="4.028" classname="com.focus.testcases.VoucherSalesTest"/>
  <testcase name="checkSalesVoucherVATEntryPageDocumentNumber" time="3.995" classname="com.focus.testcases.VoucherSalesTest"/>
  <testcase name="checkBatchPopUpDisplayasEmptyAfteFullConsumeOfBatch" time="11.555" classname="com.focus.testcases.VoucherSalesTest"/>
  <testcase name="checkInputingStockItemInFourthRow" time="13.734" classname="com.focus.testcases.VoucherSalesTest"/>
  <testcase name="checkRMAPopUpScreenOnClickCancelButtonInTheAlert" time="5.349" classname="com.focus.testcases.VoucherSalesTest"/>
  <testcase name="checkDisplayRMASerialNumbersRemainingInVoucherOneFifthRow" time="19.757" classname="com.focus.testcases.VoucherSalesTest"/>
  <testcase name="checkSalesVoucherVATVouchersEntryPageNew" time="12.215" classname="com.focus.testcases.VoucherSalesTest"/>
  <testcase name="chekBinValuesClickOnPickWithSelectingInNewVoucher" time="15.067" classname="com.focus.testcases.VoucherSalesTest"/>
  <testcase name="checkSalesVoucherVATEntryPageInfoSideBar" time="5.367" classname="com.focus.testcases.VoucherSalesTest"/>
  <testcase name="checkSalesVoucherNewDepartment" time="4.442" classname="com.focus.testcases.VoucherSalesTest"/>
  <testcase name="checkSavingVoucherWithRateMoreThanCreditLimit" time="5.277" classname="com.focus.testcases.VoucherSalesTest"/>
  <testcase name="checkSalesVoucherVATEntryPageInfoSideBarCustomizeBtn" time="4.110" classname="com.focus.testcases.VoucherSalesTest"/>
  <testcase name="checkSelectTheRMANumbersThroughCheckBoxInVoucherOneFourthRow" time="7.034" classname="com.focus.testcases.VoucherSalesTest"/>
  <testcase name="checkQtyAndNumnerOfItemOnSelectingHeaderCheckBox" time="9.247" classname="com.focus.testcases.VoucherSalesTest"/>
  <testcase name="checkBatchPopUpScreenByInputingQtytoCheckManualBatchAllocation" time="35.421" classname="com.focus.testcases.VoucherSalesTest"/>
  <testcase name="checkFooterFieldsOnInputingDiscountForStockItem" time="8.380" classname="com.focus.testcases.VoucherSalesTest"/>
  <testcase name="checkSecondRowByClickOnOkButtonInBatchWisePopupScreenPickingBatchOnDoubleClick" time="9.640" classname="com.focus.testcases.VoucherSalesTest"/>
  <testcase name="checkDueDateOptionForCustomerAccountCreditDaysAs0" time="9.037" classname="com.focus.testcases.VoucherSalesTest"/>
  <testcase name="checkBinOutwardToBePickedInputManualWithLessThanQty" time="8.659" classname="com.focus.testcases.VoucherSalesTest"/>
  <testcase name="checkBatchPopUpDisplayasEmptyInSavedVoucherAfterFullConsuming" time="81.872" classname="com.focus.testcases.VoucherSalesTest"/>
  <testcase name="checkSalesExchangeRateAndLocalExchangeReatewithCurrencyUSD" time="5.613" classname="com.focus.testcases.VoucherSalesTest"/>
  <testcase name="checkClickOnOkButtonWithoutPickButtonInSalesInvoiceBillwiseScreen" time="6.066" classname="com.focus.testcases.VoucherSalesTest"/>
  <testcase name="checkSalesVoucherVATSaveInfoPanelDashlet" time="6.521" classname="com.focus.testcases.VoucherSalesTest"/>
  <testcase name="checkSalesVoucherVATSaveWithCustomerInput" time="6.239" classname="com.focus.testcases.VoucherSalesTest"/>
  <testcase name="checkBatchPopUpDisplayasEmptyAfteFullConsumeOfBatchInPreviousVoucher" time="14.106" classname="com.focus.testcases.VoucherSalesTest"/>
  <testcase name="checkAddButtonByInputOfInvalidRMANumber" time="13.160" classname="com.focus.testcases.VoucherSalesTest"/>
  <testcase name="CheckBinPopUpEmptyAfterFullConsumeInPreviousRows" time="15.664" classname="com.focus.testcases.VoucherSalesTest"/>
  <testcase name="checkBinSplittingOnAutoAllocateButton" time="8.311" classname="com.focus.testcases.VoucherSalesTest">
    <failure type="java.lang.AssertionError" message="expected [true] but found [false]">
      <![CDATA[java.lang.AssertionError: expected [true] but found [false]
	at org.testng.Assert.fail(Assert.java:94)
	at org.testng.Assert.failNotEquals(Assert.java:513)
	at org.testng.Assert.assertEqualsImpl(Assert.java:135)
	at org.testng.Assert.assertEquals(Assert.java:116)
	at org.testng.Assert.assertEquals(Assert.java:305)
	at org.testng.Assert.assertEquals(Assert.java:315)
	at com.focus.testcases.VoucherSalesTest.checkBinSplittingOnAutoAllocateButton(VoucherSalesTest.java:570)
	at sun.reflect.NativeMethodAccessorImpl.invoke0(Native Method)
	at sun.reflect.NativeMethodAccessorImpl.invoke(Unknown Source)
	at sun.reflect.DelegatingMethodAccessorImpl.invoke(Unknown Source)
	at java.lang.reflect.Method.invoke(Unknown Source)
	at org.testng.internal.MethodInvocationHelper.invokeMethod(MethodInvocationHelper.java:86)
	at org.testng.internal.Invoker.invokeMethod(Invoker.java:643)
	at org.testng.internal.Invoker.invokeTestMethod(Invoker.java:820)
	at org.testng.internal.Invoker.invokeTestMethods(Invoker.java:1128)
	at org.testng.internal.TestMethodWorker.invokeTestMethods(TestMethodWorker.java:129)
	at org.testng.internal.TestMethodWorker.run(TestMethodWorker.java:112)
	at org.testng.TestRunner.privateRun(TestRunner.java:782)
	at org.testng.TestRunner.run(TestRunner.java:632)
	at org.testng.SuiteRunner.runTest(SuiteRunner.java:366)
	at org.testng.SuiteRunner.runSequentially(SuiteRunner.java:361)
	at org.testng.SuiteRunner.privateRun(SuiteRunner.java:319)
	at org.testng.SuiteRunner.run(SuiteRunner.java:268)
	at org.testng.SuiteRunnerWorker.runSuite(SuiteRunnerWorker.java:52)
	at org.testng.SuiteRunnerWorker.run(SuiteRunnerWorker.java:86)
	at org.testng.TestNG.runSuitesSequentially(TestNG.java:1244)
	at org.testng.TestNG.runSuitesLocally(TestNG.java:1169)
	at org.testng.TestNG.run(TestNG.java:1064)
	at org.testng.remote.AbstractRemoteTestNG.run(AbstractRemoteTestNG.java:114)
	at org.testng.remote.RemoteTestNG.initAndRun(RemoteTestNG.java:251)
	at org.testng.remote.RemoteTestNG.main(RemoteTestNG.java:77)
]]>
    </failure>
  </testcase> <!-- checkBinSplittingOnAutoAllocateButton -->
  <testcase name="checkClickOnOkButtonInBatchPupupScreenWithoutInputOfQtyAdjustmentAfterRefresh" time="4.041" classname="com.focus.testcases.VoucherSalesTest"/>
  <testcase name="checkSalesVoucherVATCustomerOptions" time="6.336" classname="com.focus.testcases.VoucherSalesTest"/>
  <testcase name="checkSavingWithRmaQtyAndNumbersNotEqual" time="5.958" classname="com.focus.testcases.VoucherSalesTest"/>
  <testcase name="checkSavedVoucherWithFullCreditLimitOnPreviousButton" time="13.546" classname="com.focus.testcases.VoucherSalesTest"/>
  <testcase name="checkBatchWisePopupAfterPickFIFOInSecondRowOfBatchColumn" time="25.809" classname="com.focus.testcases.VoucherSalesTest"/>
  <testcase name="checkSalesVoucherVATEntryPageInfoSideBarGraphOption" time="5.186" classname="com.focus.testcases.VoucherSalesTest"/>
  <testcase name="checkSalesVoucherVATSaveWithoutMandatoryFields" time="3.940" classname="com.focus.testcases.VoucherSalesTest"/>
  <testcase name="checkFirstSerialNumberWithNoQty" time="5.699" classname="com.focus.testcases.VoucherSalesTest"/>
  <testcase name="checkOkButtonInSearchRMAWithQtyInVoucher" time="5.844" classname="com.focus.testcases.VoucherSalesTest"/>
  <testcase name="checkBatchPopUpValuesAfterAllocatingOnPreviousButton" time="32.090" classname="com.focus.testcases.VoucherSalesTest"/>
  <testcase name="checkSalesVoucherVATEntryPageFooterFields" time="2.294" classname="com.focus.testcases.VoucherSalesTest"/>
  <testcase name="checkQtyAndNumberOfItemsInRMAPopupScreenBySelectingSearchRMA" time="17.298" classname="com.focus.testcases.VoucherSalesTest"/>
  <testcase name="checkSalesExchangeRateAndLocalExchangeReatewithCurrencyINR" time="5.597" classname="com.focus.testcases.VoucherSalesTest"/>
  <testcase name="checkOkButtonByUsingSelectionOfRMAThroughSearch" time="26.144" classname="com.focus.testcases.VoucherSalesTest">
    <failure type="java.lang.AssertionError" message="expected [true] but found [false]">
      <![CDATA[java.lang.AssertionError: expected [true] but found [false]
	at org.testng.Assert.fail(Assert.java:94)
	at org.testng.Assert.failNotEquals(Assert.java:513)
	at org.testng.Assert.assertEqualsImpl(Assert.java:135)
	at org.testng.Assert.assertEquals(Assert.java:116)
	at org.testng.Assert.assertEquals(Assert.java:305)
	at org.testng.Assert.assertEquals(Assert.java:315)
	at com.focus.testcases.VoucherSalesTest.checkOkButtonByUsingSelectionOfRMAThroughSearch(VoucherSalesTest.java:851)
	at sun.reflect.NativeMethodAccessorImpl.invoke0(Native Method)
	at sun.reflect.NativeMethodAccessorImpl.invoke(Unknown Source)
	at sun.reflect.DelegatingMethodAccessorImpl.invoke(Unknown Source)
	at java.lang.reflect.Method.invoke(Unknown Source)
	at org.testng.internal.MethodInvocationHelper.invokeMethod(MethodInvocationHelper.java:86)
	at org.testng.internal.Invoker.invokeMethod(Invoker.java:643)
	at org.testng.internal.Invoker.invokeTestMethod(Invoker.java:820)
	at org.testng.internal.Invoker.invokeTestMethods(Invoker.java:1128)
	at org.testng.internal.TestMethodWorker.invokeTestMethods(TestMethodWorker.java:129)
	at org.testng.internal.TestMethodWorker.run(TestMethodWorker.java:112)
	at org.testng.TestRunner.privateRun(TestRunner.java:782)
	at org.testng.TestRunner.run(TestRunner.java:632)
	at org.testng.SuiteRunner.runTest(SuiteRunner.java:366)
	at org.testng.SuiteRunner.runSequentially(SuiteRunner.java:361)
	at org.testng.SuiteRunner.privateRun(SuiteRunner.java:319)
	at org.testng.SuiteRunner.run(SuiteRunner.java:268)
	at org.testng.SuiteRunnerWorker.runSuite(SuiteRunnerWorker.java:52)
	at org.testng.SuiteRunnerWorker.run(SuiteRunnerWorker.java:86)
	at org.testng.TestNG.runSuitesSequentially(TestNG.java:1244)
	at org.testng.TestNG.runSuitesLocally(TestNG.java:1169)
	at org.testng.TestNG.run(TestNG.java:1064)
	at org.testng.remote.AbstractRemoteTestNG.run(AbstractRemoteTestNG.java:114)
	at org.testng.remote.RemoteTestNG.initAndRun(RemoteTestNG.java:251)
	at org.testng.remote.RemoteTestNG.main(RemoteTestNG.java:77)
]]>
    </failure>
  </testcase> <!-- checkOkButtonByUsingSelectionOfRMAThroughSearch -->
  <testcase name="checkSalesVoucherVATEntryPageInfoSideBarReportOption" time="3.870" classname="com.focus.testcases.VoucherSalesTest"/>
  <testcase name="checkSaveButtonWithoutInputBatchInSalesVoucher" time="4.008" classname="com.focus.testcases.VoucherSalesTest"/>
  <testcase name="checkSavingSalesInvoiceVoucherWithStockItemAndCreditLimitFull" time="45.914" classname="com.focus.testcases.VoucherSalesTest"/>
  <testcase name="checkDeleteRowAndRMASearchkByEditingToLessQtyInVoucherOneThirdRow" time="68.617" classname="com.focus.testcases.VoucherSalesTest"/>
  <testcase name="checkBinPopUpValuesInNewVoucher" time="26.004" classname="com.focus.testcases.VoucherSalesTest"/>
  <testcase name="checkVoucherDataOnCopyAndPasteFromClipBoard" time="14.941" classname="com.focus.testcases.VoucherSalesTest"/>
  <testcase name="checkSalesVoucherVATNewEntryPage" time="5.892" classname="com.focus.testcases.VoucherSalesTest"/>
  <testcase name="CheckInputingAqAndFqForBatchSplittingInSecondandThirdRow" time="9.455" classname="com.focus.testcases.VoucherSalesTest"/>
  <testcase name="checkDisplayBinOutWardPopUpScreen" time="8.199" classname="com.focus.testcases.VoucherSalesTest"/>
  <testcase name="checkInputRMANumberForValidationOfRMAWhichIsAlreadySelect" time="5.825" classname="com.focus.testcases.VoucherSalesTest">
    <failure type="java.lang.AssertionError" message="expected [true] but found [false]">
      <![CDATA[java.lang.AssertionError: expected [true] but found [false]
	at org.testng.Assert.fail(Assert.java:94)
	at org.testng.Assert.failNotEquals(Assert.java:513)
	at org.testng.Assert.assertEqualsImpl(Assert.java:135)
	at org.testng.Assert.assertEquals(Assert.java:116)
	at org.testng.Assert.assertEquals(Assert.java:305)
	at org.testng.Assert.assertEquals(Assert.java:315)
	at com.focus.testcases.VoucherSalesTest.checkInputRMANumberForValidationOfRMAWhichIsAlreadySelect(VoucherSalesTest.java:844)
	at sun.reflect.NativeMethodAccessorImpl.invoke0(Native Method)
	at sun.reflect.NativeMethodAccessorImpl.invoke(Unknown Source)
	at sun.reflect.DelegatingMethodAccessorImpl.invoke(Unknown Source)
	at java.lang.reflect.Method.invoke(Unknown Source)
	at org.testng.internal.MethodInvocationHelper.invokeMethod(MethodInvocationHelper.java:86)
	at org.testng.internal.Invoker.invokeMethod(Invoker.java:643)
	at org.testng.internal.Invoker.invokeTestMethod(Invoker.java:820)
	at org.testng.internal.Invoker.invokeTestMethods(Invoker.java:1128)
	at org.testng.internal.TestMethodWorker.invokeTestMethods(TestMethodWorker.java:129)
	at org.testng.internal.TestMethodWorker.run(TestMethodWorker.java:112)
	at org.testng.TestRunner.privateRun(TestRunner.java:782)
	at org.testng.TestRunner.run(TestRunner.java:632)
	at org.testng.SuiteRunner.runTest(SuiteRunner.java:366)
	at org.testng.SuiteRunner.runSequentially(SuiteRunner.java:361)
	at org.testng.SuiteRunner.privateRun(SuiteRunner.java:319)
	at org.testng.SuiteRunner.run(SuiteRunner.java:268)
	at org.testng.SuiteRunnerWorker.runSuite(SuiteRunnerWorker.java:52)
	at org.testng.SuiteRunnerWorker.run(SuiteRunnerWorker.java:86)
	at org.testng.TestNG.runSuitesSequentially(TestNG.java:1244)
	at org.testng.TestNG.runSuitesLocally(TestNG.java:1169)
	at org.testng.TestNG.run(TestNG.java:1064)
	at org.testng.remote.AbstractRemoteTestNG.run(AbstractRemoteTestNG.java:114)
	at org.testng.remote.RemoteTestNG.initAndRun(RemoteTestNG.java:251)
	at org.testng.remote.RemoteTestNG.main(RemoteTestNG.java:77)
]]>
    </failure>
  </testcase> <!-- checkInputRMANumberForValidationOfRMAWhichIsAlreadySelect -->
  <testcase name="checkSalesVoucherVATEntryPageBodyFields" time="4.346" classname="com.focus.testcases.VoucherSalesTest"/>
  <testcase name="checkBinOutwardToBePickedInputManualWithEqualQty" time="11.119" classname="com.focus.testcases.VoucherSalesTest"/>
  <testcase name="checkBalanceInBinPopUpScreenToAllocateOnManual" time="22.734" classname="com.focus.testcases.VoucherSalesTest"/>
  <testcase name="checkSalesInvoiceVATCloseOptionInEntryPage" time="8.195" classname="com.focus.testcases.VoucherSalesTest"/>
  <testcase name="checkRMAPopUpScreenByInputQty" time="11.498" classname="com.focus.testcases.VoucherSalesTest"/>
  <testcase name="checkPreviousRowBinPopUpAllocated" time="14.536" classname="com.focus.testcases.VoucherSalesTest"/>
  <testcase name="checkBatchScreenPopupBatchValueBeforePickOption" time="26.218" classname="com.focus.testcases.VoucherSalesTest"/>
  <testcase name="checkSaveVoucherOnPickingInBillReferenceScreen" time="47.538" classname="com.focus.testcases.VoucherSalesTest"/>
  <testcase name="checkExchangeRateWithCurrencyWithAED" time="4.761" classname="com.focus.testcases.VoucherSalesTest"/>
  <testcase name="checkBatchPopupScreenInSalesInvoiceNew" time="8.317" classname="com.focus.testcases.VoucherSalesTest"/>
  <testcase name="checkDisplayRMASerialNumbersRemainingInVoucherOneFourthRow" time="20.633" classname="com.focus.testcases.VoucherSalesTest"/>
  <testcase name="checkBinValuesInSalesInvoiceBinPopupScreen" time="9.230" classname="com.focus.testcases.VoucherSalesTest"/>
  <testcase name="checkClickOnOkButtonInBatchPupupScreenWithoutInputOfQtyAdjustment" time="3.768" classname="com.focus.testcases.VoucherSalesTest"/>
  <testcase name="checkOkButtonInRMAPopUpScreenWithoutSelectingRMA" time="5.137" classname="com.focus.testcases.VoucherSalesTest"/>
  <testcase name="checkRMAIsMandatoryWithoutInputTheQty" time="6.111" classname="com.focus.testcases.VoucherSalesTest"/>
  <testcase name="checkAddButtonInRMAwithNoQty" time="3.740" classname="com.focus.testcases.VoucherSalesTest"/>
  <testcase name="checkSalesVoucherVATEntryPageInfoSideBarOtherDashletsOption" time="6.872" classname="com.focus.testcases.VoucherSalesTest"/>
  <testcase name="checkOkButtonInRMAwithNoQty" time="5.865" classname="com.focus.testcases.VoucherSalesTest"/>
  <testcase name="checkAddButtonByInputOfValidRMANumberWhichIsAlreadySelectedThroughSearch" time="7.483" classname="com.focus.testcases.VoucherSalesTest">
    <failure type="java.lang.AssertionError" message="expected [true] but found [false]">
      <![CDATA[java.lang.AssertionError: expected [true] but found [false]
	at org.testng.Assert.fail(Assert.java:94)
	at org.testng.Assert.failNotEquals(Assert.java:513)
	at org.testng.Assert.assertEqualsImpl(Assert.java:135)
	at org.testng.Assert.assertEquals(Assert.java:116)
	at org.testng.Assert.assertEquals(Assert.java:305)
	at org.testng.Assert.assertEquals(Assert.java:315)
	at com.focus.testcases.VoucherSalesTest.checkAddButtonByInputOfValidRMANumberWhichIsAlreadySelectedThroughSearch(VoucherSalesTest.java:837)
	at sun.reflect.NativeMethodAccessorImpl.invoke0(Native Method)
	at sun.reflect.NativeMethodAccessorImpl.invoke(Unknown Source)
	at sun.reflect.DelegatingMethodAccessorImpl.invoke(Unknown Source)
	at java.lang.reflect.Method.invoke(Unknown Source)
	at org.testng.internal.MethodInvocationHelper.invokeMethod(MethodInvocationHelper.java:86)
	at org.testng.internal.Invoker.invokeMethod(Invoker.java:643)
	at org.testng.internal.Invoker.invokeTestMethod(Invoker.java:820)
	at org.testng.internal.Invoker.invokeTestMethods(Invoker.java:1128)
	at org.testng.internal.TestMethodWorker.invokeTestMethods(TestMethodWorker.java:129)
	at org.testng.internal.TestMethodWorker.run(TestMethodWorker.java:112)
	at org.testng.TestRunner.privateRun(TestRunner.java:782)
	at org.testng.TestRunner.run(TestRunner.java:632)
	at org.testng.SuiteRunner.runTest(SuiteRunner.java:366)
	at org.testng.SuiteRunner.runSequentially(SuiteRunner.java:361)
	at org.testng.SuiteRunner.privateRun(SuiteRunner.java:319)
	at org.testng.SuiteRunner.run(SuiteRunner.java:268)
	at org.testng.SuiteRunnerWorker.runSuite(SuiteRunnerWorker.java:52)
	at org.testng.SuiteRunnerWorker.run(SuiteRunnerWorker.java:86)
	at org.testng.TestNG.runSuitesSequentially(TestNG.java:1244)
	at org.testng.TestNG.runSuitesLocally(TestNG.java:1169)
	at org.testng.TestNG.run(TestNG.java:1064)
	at org.testng.remote.AbstractRemoteTestNG.run(AbstractRemoteTestNG.java:114)
	at org.testng.remote.RemoteTestNG.initAndRun(RemoteTestNG.java:251)
	at org.testng.remote.RemoteTestNG.main(RemoteTestNG.java:77)
]]>
    </failure>
  </testcase> <!-- checkAddButtonByInputOfValidRMANumberWhichIsAlreadySelectedThroughSearch -->
  <testcase name="checkBinColumnInVoucherAfterClickingOkInBinPopUpScreenToCheckSplitting" time="7.514" classname="com.focus.testcases.VoucherSalesTest"/>
  <testcase name="checkBatchWisePopupBeforePickFIFOInSecondRowOfBatchColumn" time="27.445" classname="com.focus.testcases.VoucherSalesTest"/>
  <testcase name="checkClickOnCancelButtonInBatchWisePopupScreen" time="5.907" classname="com.focus.testcases.VoucherSalesTest"/>
  <testcase name="checkOkWithoutSelectingAnyBin" time="3.689" classname="com.focus.testcases.VoucherSalesTest"/>
  <testcase name="checkRmaSearchPopupOnRmaExpansion" time="7.113" classname="com.focus.testcases.VoucherSalesTest"/>
  <testcase name="checkQtyAndNumberOfItemsByInputSearchRMAInSearchPopupScreen" time="7.792" classname="com.focus.testcases.VoucherSalesTest"/>
  <testcase name="checkDueDateOptionForCustomerAccountAsCustomerDisplayCDForEachAccountThreeCreditDays4" time="5.730" classname="com.focus.testcases.VoucherSalesTest"/>
  <testcase name="checkEntryPageDeleteOptionOnPreviousButtonInSalesInvoice" time="13.029" classname="com.focus.testcases.VoucherSalesTest"/>
  <testcase name="checkSalesVoucherVATWithCurrencyInputINR" time="3.999" classname="com.focus.testcases.VoucherSalesTest"/>
  <testcase name="checkRmaSearchPopupOnRMAExpansionInVoucherOneFourthRow" time="39.788" classname="com.focus.testcases.VoucherSalesTest"/>
  <testcase name="checkSavedVoucherOnPreviousButton" time="13.425" classname="com.focus.testcases.VoucherSalesTest"/>
  <testcase name="checkOkButtonUsingPickOptionInBinScreenToDisplayBinInVoucherBinColumn" time="7.195" classname="com.focus.testcases.VoucherSalesTest"/>
  <testcase name="checkSalesVoucherVATEntryPageInfoSideBarSearch" time="6.255" classname="com.focus.testcases.VoucherSalesTest"/>
  <testcase name="checkRMASearchPopupOnRMAExpansionWithQtyInVoucher" time="7.327" classname="com.focus.testcases.VoucherSalesTest"/>
  <testcase name="checkQtyAndNumnerOfItemOnUncheckingHeaderCheckBox" time="7.136" classname="com.focus.testcases.VoucherSalesTest"/>
  <testcase name="checkClickOnRefreshOptionInSalesBatchPopupScreen" time="43.161" classname="com.focus.testcases.VoucherSalesTest">
    <error type="org.openqa.selenium.NoSuchElementException" message="no such element: Unable to locate element: {&quot;method&quot;:&quot;xpath&quot;,&quot;selector&quot;:&quot;//td[@id=&#039;Id_MRPBatch_Grid_col_1-1&#039;]&quot;}
  (Session info: chrome=87.0.4280.66)
For documentation on this error, please visit: http://seleniumhq.org/exceptions/no_such_element.html
Build info: version: &#039;3.12.0&#039;, revision: &#039;7c6e0b3&#039;, time: &#039;2018-05-08T14:04:26.12Z&#039;
System info: host: &#039;FOCUS-QA-11&#039;, ip: &#039;192.168.4.147&#039;, os.name: &#039;Windows 10&#039;, os.arch: &#039;amd64&#039;, os.version: &#039;10.0&#039;, java.version: &#039;1.8.0_111&#039;
Driver info: org.openqa.selenium.chrome.ChromeDriver
Capabilities {acceptInsecureCerts: false, browserName: chrome, browserVersion: 87.0.4280.66, chrome: {chromedriverVersion: 87.0.4280.20 (c99e81631faa0..., userDataDir: C:\Users\Admin\AppData\Loca...}, goog:chromeOptions: {debuggerAddress: localhost:49976}, javascriptEnabled: true, networkConnectionEnabled: false, pageLoadStrategy: normal, platform: WINDOWS, platformName: WINDOWS, proxy: Proxy(), setWindowRect: true, strictFileInteractability: false, timeouts: {implicit: 0, pageLoad: 300000, script: 30000}, unhandledPromptBehavior: dismiss and notify, webauthn:virtualAuthenticators: true}
Session ID: 77a0723bb47198b78c3b5cf5fff4fa73
*** Element info: {Using=xpath, value=//td[@id=&#039;Id_MRPBatch_Grid_col_1-1&#039;]}">
      <![CDATA[org.openqa.selenium.NoSuchElementException: no such element: Unable to locate element: {"method":"xpath","selector":"//td[@id='Id_MRPBatch_Grid_col_1-1']"}
  (Session info: chrome=87.0.4280.66)
For documentation on this error, please visit: http://seleniumhq.org/exceptions/no_such_element.html
Build info: version: '3.12.0', revision: '7c6e0b3', time: '2018-05-08T14:04:26.12Z'
System info: host: 'FOCUS-QA-11', ip: '192.168.4.147', os.name: 'Windows 10', os.arch: 'amd64', os.version: '10.0', java.version: '1.8.0_111'
Driver info: org.openqa.selenium.chrome.ChromeDriver
Capabilities {acceptInsecureCerts: false, browserName: chrome, browserVersion: 87.0.4280.66, chrome: {chromedriverVersion: 87.0.4280.20 (c99e81631faa0..., userDataDir: C:\Users\Admin\AppData\Loca...}, goog:chromeOptions: {debuggerAddress: localhost:49976}, javascriptEnabled: true, networkConnectionEnabled: false, pageLoadStrategy: normal, platform: WINDOWS, platformName: WINDOWS, proxy: Proxy(), setWindowRect: true, strictFileInteractability: false, timeouts: {implicit: 0, pageLoad: 300000, script: 30000}, unhandledPromptBehavior: dismiss and notify, webauthn:virtualAuthenticators: true}
Session ID: 77a0723bb47198b78c3b5cf5fff4fa73
*** Element info: {Using=xpath, value=//td[@id='Id_MRPBatch_Grid_col_1-1']}
	at sun.reflect.NativeConstructorAccessorImpl.newInstance0(Native Method)
	at sun.reflect.NativeConstructorAccessorImpl.newInstance(Unknown Source)
	at sun.reflect.DelegatingConstructorAccessorImpl.newInstance(Unknown Source)
	at java.lang.reflect.Constructor.newInstance(Unknown Source)
	at org.openqa.selenium.remote.http.W3CHttpResponseCodec.createException(W3CHttpResponseCodec.java:187)
	at org.openqa.selenium.remote.http.W3CHttpResponseCodec.decode(W3CHttpResponseCodec.java:122)
	at org.openqa.selenium.remote.http.W3CHttpResponseCodec.decode(W3CHttpResponseCodec.java:49)
	at org.openqa.selenium.remote.HttpCommandExecutor.execute(HttpCommandExecutor.java:158)
	at org.openqa.selenium.remote.service.DriverCommandExecutor.execute(DriverCommandExecutor.java:83)
	at org.openqa.selenium.remote.RemoteWebDriver.execute(RemoteWebDriver.java:543)
	at org.openqa.selenium.remote.RemoteWebDriver.findElement(RemoteWebDriver.java:317)
	at org.openqa.selenium.remote.RemoteWebDriver.findElementByXPath(RemoteWebDriver.java:419)
	at org.openqa.selenium.By$ByXPath.findElement(By.java:353)
	at org.openqa.selenium.remote.RemoteWebDriver.findElement(RemoteWebDriver.java:309)
	at org.openqa.selenium.support.pagefactory.DefaultElementLocator.findElement(DefaultElementLocator.java:69)
	at org.openqa.selenium.support.pagefactory.internal.LocatingElementHandler.invoke(LocatingElementHandler.java:38)
	at com.sun.proxy.$Proxy15.getText(Unknown Source)
	at com.focus.Pages.VoucherSalesPage.checkClickOnRefreshOptionInSalesBatchPopupScreen(VoucherSalesPage.java:54620)
	at com.focus.testcases.VoucherSalesTest.checkClickOnRefreshOptionInSalesBatchPopupScreen(VoucherSalesTest.java:340)
	at sun.reflect.NativeMethodAccessorImpl.invoke0(Native Method)
	at sun.reflect.NativeMethodAccessorImpl.invoke(Unknown Source)
	at sun.reflect.DelegatingMethodAccessorImpl.invoke(Unknown Source)
	at java.lang.reflect.Method.invoke(Unknown Source)
	at org.testng.internal.MethodInvocationHelper.invokeMethod(MethodInvocationHelper.java:86)
	at org.testng.internal.Invoker.invokeMethod(Invoker.java:643)
	at org.testng.internal.Invoker.invokeTestMethod(Invoker.java:820)
	at org.testng.internal.Invoker.invokeTestMethods(Invoker.java:1128)
	at org.testng.internal.TestMethodWorker.invokeTestMethods(TestMethodWorker.java:129)
	at org.testng.internal.TestMethodWorker.run(TestMethodWorker.java:112)
	at org.testng.TestRunner.privateRun(TestRunner.java:782)
	at org.testng.TestRunner.run(TestRunner.java:632)
	at org.testng.SuiteRunner.runTest(SuiteRunner.java:366)
	at org.testng.SuiteRunner.runSequentially(SuiteRunner.java:361)
	at org.testng.SuiteRunner.privateRun(SuiteRunner.java:319)
	at org.testng.SuiteRunner.run(SuiteRunner.java:268)
	at org.testng.SuiteRunnerWorker.runSuite(SuiteRunnerWorker.java:52)
	at org.testng.SuiteRunnerWorker.run(SuiteRunnerWorker.java:86)
	at org.testng.TestNG.runSuitesSequentially(TestNG.java:1244)
	at org.testng.TestNG.runSuitesLocally(TestNG.java:1169)
	at org.testng.TestNG.run(TestNG.java:1064)
	at org.testng.remote.AbstractRemoteTestNG.run(AbstractRemoteTestNG.java:114)
	at org.testng.remote.RemoteTestNG.initAndRun(RemoteTestNG.java:251)
	at org.testng.remote.RemoteTestNG.main(RemoteTestNG.java:77)
]]>
    </error>
  </testcase> <!-- checkClickOnRefreshOptionInSalesBatchPopupScreen -->
  <testcase name="checkSavingSalesInvoiceVoucherWithUpadtedRMA" time="45.401" classname="com.focus.testcases.VoucherSalesTest"/>
  <testcase name="checkAddButtonInRMAWithQtyInVoucher" time="5.787" classname="com.focus.testcases.VoucherSalesTest"/>
  <testcase name="checkDeleteRowAndSaveSalesVoucherWithBatchItem" time="6.547" classname="com.focus.testcases.VoucherSalesTest"/>
  <testcase name="checkBinCapcityInNextRowAfterAllocatingBin" time="22.303" classname="com.focus.testcases.VoucherSalesTest"/>
  <testcase name="checkSavingVocuherForCreditLimitConsumedCustomerWithInputinhMandate" time="21.472" classname="com.focus.testcases.VoucherSalesTest"/>
  <testcase name="checkSalesVoucherVATNewEntryPageHeaderFields" time="5.316" classname="com.focus.testcases.VoucherSalesTest"/>
  <testcase name="checkBinColumnInVoucherAfterClickingOkInBinPopUpScreen" time="5.875" classname="com.focus.testcases.VoucherSalesTest"/>
  <testcase name="checkExchangeRateWithCurrencyWithUSD" time="4.114" classname="com.focus.testcases.VoucherSalesTest"/>
  <testcase name="checkinputingAqFqRateAndRateAndClickSaveToDisplayBillRefernceScreen" time="6.847" classname="com.focus.testcases.VoucherSalesTest"/>
  <testcase name="checkSaveSalesInvoiceWithEditingRMAInVoucherTwoThirdRow" time="41.818" classname="com.focus.testcases.VoucherSalesTest"/>
</testsuite> <!-- com.focus.testcases.VoucherSalesTest -->
