<?xml version="1.0" encoding="UTF-8"?>
<!-- Generated by org.testng.reporters.JUnitReportReporter -->
<testsuite hostname="FOCUS-QA-11" name="com.focus.testcases.LoginPageTest" tests="4" failures="0" timestamp="25 Nov 2020 06:26:35 GMT" time="0.004" errors="4">
  <testcase name="checkCompanyTextDisplayInCompanyListDropdown" time="0.001" classname="com.focus.testcases.LoginPageTest">
    <error type="org.openqa.selenium.SessionNotCreatedException" message="session not created: This version of ChromeDriver only supports Chrome version 85
Build info: version: &#039;3.12.0&#039;, revision: &#039;7c6e0b3&#039;, time: &#039;2018-05-08T14:04:26.12Z&#039;
System info: host: &#039;FOCUS-QA-11&#039;, ip: &#039;192.168.4.147&#039;, os.name: &#039;Windows 10&#039;, os.arch: &#039;amd64&#039;, os.version: &#039;10.0&#039;, java.version: &#039;1.8.0_111&#039;
Driver info: driver.version: ChromeDriver
remote stacktrace: Backtrace:
	Ordinal0 [0x00E4D343+3134275]
	Ordinal0 [0x00D3A131+2007345]
	Ordinal0 [0x00BDAEC8+569032]
	Ordinal0 [0x00B6139F+70559]
	Ordinal0 [0x00B5CC63+52323]
	Ordinal0 [0x00B80DFC+200188]
	Ordinal0 [0x00B80C1D+199709]
	Ordinal0 [0x00B7EB0B+191243]
	Ordinal0 [0x00B62E77+77431]
	Ordinal0 [0x00B63E3E+81470]
	Ordinal0 [0x00B63DC9+81353]
	Ordinal0 [0x00D50C99+2100377]
	GetHandleVerifier [0x00FBB71A+1396954]
	GetHandleVerifier [0x00FBB399+1396057]
	GetHandleVerifier [0x00FC70E6+1444518]
	GetHandleVerifier [0x00FBBCA8+1398376]
	Ordinal0 [0x00D47F11+2064145]
	Ordinal0 [0x00D522AB+2106027]
	Ordinal0 [0x00D523D1+2106321]
	Ordinal0 [0x00D64984+2181508]
	BaseThreadInitThunk [0x77103744+36]
	RtlSetCurrentTransaction [0x7745A064+212]
	RtlSetCurrentTransaction [0x7745A02F+159]
">
      <![CDATA[org.openqa.selenium.SessionNotCreatedException: session not created: This version of ChromeDriver only supports Chrome version 85
Build info: version: '3.12.0', revision: '7c6e0b3', time: '2018-05-08T14:04:26.12Z'
System info: host: 'FOCUS-QA-11', ip: '192.168.4.147', os.name: 'Windows 10', os.arch: 'amd64', os.version: '10.0', java.version: '1.8.0_111'
Driver info: driver.version: ChromeDriver
remote stacktrace: Backtrace:
	Ordinal0 [0x00E4D343+3134275]
	Ordinal0 [0x00D3A131+2007345]
	Ordinal0 [0x00BDAEC8+569032]
	Ordinal0 [0x00B6139F+70559]
	Ordinal0 [0x00B5CC63+52323]
	Ordinal0 [0x00B80DFC+200188]
	Ordinal0 [0x00B80C1D+199709]
	Ordinal0 [0x00B7EB0B+191243]
	Ordinal0 [0x00B62E77+77431]
	Ordinal0 [0x00B63E3E+81470]
	Ordinal0 [0x00B63DC9+81353]
	Ordinal0 [0x00D50C99+2100377]
	GetHandleVerifier [0x00FBB71A+1396954]
	GetHandleVerifier [0x00FBB399+1396057]
	GetHandleVerifier [0x00FC70E6+1444518]
	GetHandleVerifier [0x00FBBCA8+1398376]
	Ordinal0 [0x00D47F11+2064145]
	Ordinal0 [0x00D522AB+2106027]
	Ordinal0 [0x00D523D1+2106321]
	Ordinal0 [0x00D64984+2181508]
	BaseThreadInitThunk [0x77103744+36]
	RtlSetCurrentTransaction [0x7745A064+212]
	RtlSetCurrentTransaction [0x7745A02F+159]

	at sun.reflect.NativeConstructorAccessorImpl.newInstance0(Native Method)
	at sun.reflect.NativeConstructorAccessorImpl.newInstance(Unknown Source)
	at sun.reflect.DelegatingConstructorAccessorImpl.newInstance(Unknown Source)
	at java.lang.reflect.Constructor.newInstance(Unknown Source)
	at org.openqa.selenium.remote.W3CHandshakeResponse.lambda$new$0(W3CHandshakeResponse.java:57)
	at org.openqa.selenium.remote.W3CHandshakeResponse.lambda$getResponseFunction$2(W3CHandshakeResponse.java:104)
	at org.openqa.selenium.remote.ProtocolHandshake.lambda$createSession$0(ProtocolHandshake.java:123)
	at java.util.stream.ReferencePipeline$3$1.accept(Unknown Source)
	at java.util.Spliterators$ArraySpliterator.tryAdvance(Unknown Source)
	at java.util.stream.ReferencePipeline.forEachWithCancel(Unknown Source)
	at java.util.stream.AbstractPipeline.copyIntoWithCancel(Unknown Source)
	at java.util.stream.AbstractPipeline.copyInto(Unknown Source)
	at java.util.stream.AbstractPipeline.wrapAndCopyInto(Unknown Source)
	at java.util.stream.FindOps$FindOp.evaluateSequential(Unknown Source)
	at java.util.stream.AbstractPipeline.evaluate(Unknown Source)
	at java.util.stream.ReferencePipeline.findFirst(Unknown Source)
	at org.openqa.selenium.remote.ProtocolHandshake.createSession(ProtocolHandshake.java:126)
	at org.openqa.selenium.remote.ProtocolHandshake.createSession(ProtocolHandshake.java:73)
	at org.openqa.selenium.remote.HttpCommandExecutor.execute(HttpCommandExecutor.java:136)
	at org.openqa.selenium.remote.service.DriverCommandExecutor.execute(DriverCommandExecutor.java:83)
	at org.openqa.selenium.remote.RemoteWebDriver.execute(RemoteWebDriver.java:543)
	at org.openqa.selenium.remote.RemoteWebDriver.startSession(RemoteWebDriver.java:207)
	at org.openqa.selenium.remote.RemoteWebDriver.<init>(RemoteWebDriver.java:130)
	at org.openqa.selenium.chrome.ChromeDriver.<init>(ChromeDriver.java:181)
	at org.openqa.selenium.chrome.ChromeDriver.<init>(ChromeDriver.java:147)
	at com.focus.base.BaseEngine.openBrowser(BaseEngine.java:102)
	at sun.reflect.NativeMethodAccessorImpl.invoke0(Native Method)
	at sun.reflect.NativeMethodAccessorImpl.invoke(Unknown Source)
	at sun.reflect.DelegatingMethodAccessorImpl.invoke(Unknown Source)
	at java.lang.reflect.Method.invoke(Unknown Source)
	at org.testng.internal.MethodInvocationHelper.invokeMethod(MethodInvocationHelper.java:86)
	at org.testng.internal.Invoker.invokeConfigurationMethod(Invoker.java:514)
	at org.testng.internal.Invoker.invokeConfigurations(Invoker.java:215)
	at org.testng.internal.Invoker.invokeConfigurations(Invoker.java:142)
	at org.testng.SuiteRunner.privateRun(SuiteRunner.java:305)
	at org.testng.SuiteRunner.run(SuiteRunner.java:268)
	at org.testng.SuiteRunnerWorker.runSuite(SuiteRunnerWorker.java:52)
	at org.testng.SuiteRunnerWorker.run(SuiteRunnerWorker.java:86)
	at org.testng.TestNG.runSuitesSequentially(TestNG.java:1244)
	at org.testng.TestNG.runSuitesLocally(TestNG.java:1169)
	at org.testng.TestNG.run(TestNG.java:1064)
	at org.testng.remote.AbstractRemoteTestNG.run(AbstractRemoteTestNG.java:114)
	at org.testng.remote.RemoteTestNG.initAndRun(RemoteTestNG.java:251)
	at org.testng.remote.RemoteTestNG.main(RemoteTestNG.java:77)
]]>
    </error>
  </testcase> <!-- checkCompanyTextDisplayInCompanyListDropdown -->
  <testcase name="checkSignInBtnWithValidUserNameAndValidPassword" time="0.001" classname="com.focus.testcases.LoginPageTest">
    <error type="org.openqa.selenium.SessionNotCreatedException" message="session not created: This version of ChromeDriver only supports Chrome version 85
Build info: version: &#039;3.12.0&#039;, revision: &#039;7c6e0b3&#039;, time: &#039;2018-05-08T14:04:26.12Z&#039;
System info: host: &#039;FOCUS-QA-11&#039;, ip: &#039;192.168.4.147&#039;, os.name: &#039;Windows 10&#039;, os.arch: &#039;amd64&#039;, os.version: &#039;10.0&#039;, java.version: &#039;1.8.0_111&#039;
Driver info: driver.version: ChromeDriver
remote stacktrace: Backtrace:
	Ordinal0 [0x00E4D343+3134275]
	Ordinal0 [0x00D3A131+2007345]
	Ordinal0 [0x00BDAEC8+569032]
	Ordinal0 [0x00B6139F+70559]
	Ordinal0 [0x00B5CC63+52323]
	Ordinal0 [0x00B80DFC+200188]
	Ordinal0 [0x00B80C1D+199709]
	Ordinal0 [0x00B7EB0B+191243]
	Ordinal0 [0x00B62E77+77431]
	Ordinal0 [0x00B63E3E+81470]
	Ordinal0 [0x00B63DC9+81353]
	Ordinal0 [0x00D50C99+2100377]
	GetHandleVerifier [0x00FBB71A+1396954]
	GetHandleVerifier [0x00FBB399+1396057]
	GetHandleVerifier [0x00FC70E6+1444518]
	GetHandleVerifier [0x00FBBCA8+1398376]
	Ordinal0 [0x00D47F11+2064145]
	Ordinal0 [0x00D522AB+2106027]
	Ordinal0 [0x00D523D1+2106321]
	Ordinal0 [0x00D64984+2181508]
	BaseThreadInitThunk [0x77103744+36]
	RtlSetCurrentTransaction [0x7745A064+212]
	RtlSetCurrentTransaction [0x7745A02F+159]
">
      <![CDATA[org.openqa.selenium.SessionNotCreatedException: session not created: This version of ChromeDriver only supports Chrome version 85
Build info: version: '3.12.0', revision: '7c6e0b3', time: '2018-05-08T14:04:26.12Z'
System info: host: 'FOCUS-QA-11', ip: '192.168.4.147', os.name: 'Windows 10', os.arch: 'amd64', os.version: '10.0', java.version: '1.8.0_111'
Driver info: driver.version: ChromeDriver
remote stacktrace: Backtrace:
	Ordinal0 [0x00E4D343+3134275]
	Ordinal0 [0x00D3A131+2007345]
	Ordinal0 [0x00BDAEC8+569032]
	Ordinal0 [0x00B6139F+70559]
	Ordinal0 [0x00B5CC63+52323]
	Ordinal0 [0x00B80DFC+200188]
	Ordinal0 [0x00B80C1D+199709]
	Ordinal0 [0x00B7EB0B+191243]
	Ordinal0 [0x00B62E77+77431]
	Ordinal0 [0x00B63E3E+81470]
	Ordinal0 [0x00B63DC9+81353]
	Ordinal0 [0x00D50C99+2100377]
	GetHandleVerifier [0x00FBB71A+1396954]
	GetHandleVerifier [0x00FBB399+1396057]
	GetHandleVerifier [0x00FC70E6+1444518]
	GetHandleVerifier [0x00FBBCA8+1398376]
	Ordinal0 [0x00D47F11+2064145]
	Ordinal0 [0x00D522AB+2106027]
	Ordinal0 [0x00D523D1+2106321]
	Ordinal0 [0x00D64984+2181508]
	BaseThreadInitThunk [0x77103744+36]
	RtlSetCurrentTransaction [0x7745A064+212]
	RtlSetCurrentTransaction [0x7745A02F+159]

	at sun.reflect.NativeConstructorAccessorImpl.newInstance0(Native Method)
	at sun.reflect.NativeConstructorAccessorImpl.newInstance(Unknown Source)
	at sun.reflect.DelegatingConstructorAccessorImpl.newInstance(Unknown Source)
	at java.lang.reflect.Constructor.newInstance(Unknown Source)
	at org.openqa.selenium.remote.W3CHandshakeResponse.lambda$new$0(W3CHandshakeResponse.java:57)
	at org.openqa.selenium.remote.W3CHandshakeResponse.lambda$getResponseFunction$2(W3CHandshakeResponse.java:104)
	at org.openqa.selenium.remote.ProtocolHandshake.lambda$createSession$0(ProtocolHandshake.java:123)
	at java.util.stream.ReferencePipeline$3$1.accept(Unknown Source)
	at java.util.Spliterators$ArraySpliterator.tryAdvance(Unknown Source)
	at java.util.stream.ReferencePipeline.forEachWithCancel(Unknown Source)
	at java.util.stream.AbstractPipeline.copyIntoWithCancel(Unknown Source)
	at java.util.stream.AbstractPipeline.copyInto(Unknown Source)
	at java.util.stream.AbstractPipeline.wrapAndCopyInto(Unknown Source)
	at java.util.stream.FindOps$FindOp.evaluateSequential(Unknown Source)
	at java.util.stream.AbstractPipeline.evaluate(Unknown Source)
	at java.util.stream.ReferencePipeline.findFirst(Unknown Source)
	at org.openqa.selenium.remote.ProtocolHandshake.createSession(ProtocolHandshake.java:126)
	at org.openqa.selenium.remote.ProtocolHandshake.createSession(ProtocolHandshake.java:73)
	at org.openqa.selenium.remote.HttpCommandExecutor.execute(HttpCommandExecutor.java:136)
	at org.openqa.selenium.remote.service.DriverCommandExecutor.execute(DriverCommandExecutor.java:83)
	at org.openqa.selenium.remote.RemoteWebDriver.execute(RemoteWebDriver.java:543)
	at org.openqa.selenium.remote.RemoteWebDriver.startSession(RemoteWebDriver.java:207)
	at org.openqa.selenium.remote.RemoteWebDriver.<init>(RemoteWebDriver.java:130)
	at org.openqa.selenium.chrome.ChromeDriver.<init>(ChromeDriver.java:181)
	at org.openqa.selenium.chrome.ChromeDriver.<init>(ChromeDriver.java:147)
	at com.focus.base.BaseEngine.openBrowser(BaseEngine.java:102)
	at sun.reflect.NativeMethodAccessorImpl.invoke0(Native Method)
	at sun.reflect.NativeMethodAccessorImpl.invoke(Unknown Source)
	at sun.reflect.DelegatingMethodAccessorImpl.invoke(Unknown Source)
	at java.lang.reflect.Method.invoke(Unknown Source)
	at org.testng.internal.MethodInvocationHelper.invokeMethod(MethodInvocationHelper.java:86)
	at org.testng.internal.Invoker.invokeConfigurationMethod(Invoker.java:514)
	at org.testng.internal.Invoker.invokeConfigurations(Invoker.java:215)
	at org.testng.internal.Invoker.invokeConfigurations(Invoker.java:142)
	at org.testng.SuiteRunner.privateRun(SuiteRunner.java:305)
	at org.testng.SuiteRunner.run(SuiteRunner.java:268)
	at org.testng.SuiteRunnerWorker.runSuite(SuiteRunnerWorker.java:52)
	at org.testng.SuiteRunnerWorker.run(SuiteRunnerWorker.java:86)
	at org.testng.TestNG.runSuitesSequentially(TestNG.java:1244)
	at org.testng.TestNG.runSuitesLocally(TestNG.java:1169)
	at org.testng.TestNG.run(TestNG.java:1064)
	at org.testng.remote.AbstractRemoteTestNG.run(AbstractRemoteTestNG.java:114)
	at org.testng.remote.RemoteTestNG.initAndRun(RemoteTestNG.java:251)
	at org.testng.remote.RemoteTestNG.main(RemoteTestNG.java:77)
]]>
    </error>
  </testcase> <!-- checkSignInBtnWithValidUserNameAndValidPassword -->
  <testcase name="checkLoginPageAvailablityOfFields" time="0.002" classname="com.focus.testcases.LoginPageTest">
    <error type="org.openqa.selenium.SessionNotCreatedException" message="session not created: This version of ChromeDriver only supports Chrome version 85
Build info: version: &#039;3.12.0&#039;, revision: &#039;7c6e0b3&#039;, time: &#039;2018-05-08T14:04:26.12Z&#039;
System info: host: &#039;FOCUS-QA-11&#039;, ip: &#039;192.168.4.147&#039;, os.name: &#039;Windows 10&#039;, os.arch: &#039;amd64&#039;, os.version: &#039;10.0&#039;, java.version: &#039;1.8.0_111&#039;
Driver info: driver.version: ChromeDriver
remote stacktrace: Backtrace:
	Ordinal0 [0x00E4D343+3134275]
	Ordinal0 [0x00D3A131+2007345]
	Ordinal0 [0x00BDAEC8+569032]
	Ordinal0 [0x00B6139F+70559]
	Ordinal0 [0x00B5CC63+52323]
	Ordinal0 [0x00B80DFC+200188]
	Ordinal0 [0x00B80C1D+199709]
	Ordinal0 [0x00B7EB0B+191243]
	Ordinal0 [0x00B62E77+77431]
	Ordinal0 [0x00B63E3E+81470]
	Ordinal0 [0x00B63DC9+81353]
	Ordinal0 [0x00D50C99+2100377]
	GetHandleVerifier [0x00FBB71A+1396954]
	GetHandleVerifier [0x00FBB399+1396057]
	GetHandleVerifier [0x00FC70E6+1444518]
	GetHandleVerifier [0x00FBBCA8+1398376]
	Ordinal0 [0x00D47F11+2064145]
	Ordinal0 [0x00D522AB+2106027]
	Ordinal0 [0x00D523D1+2106321]
	Ordinal0 [0x00D64984+2181508]
	BaseThreadInitThunk [0x77103744+36]
	RtlSetCurrentTransaction [0x7745A064+212]
	RtlSetCurrentTransaction [0x7745A02F+159]
">
      <![CDATA[org.openqa.selenium.SessionNotCreatedException: session not created: This version of ChromeDriver only supports Chrome version 85
Build info: version: '3.12.0', revision: '7c6e0b3', time: '2018-05-08T14:04:26.12Z'
System info: host: 'FOCUS-QA-11', ip: '192.168.4.147', os.name: 'Windows 10', os.arch: 'amd64', os.version: '10.0', java.version: '1.8.0_111'
Driver info: driver.version: ChromeDriver
remote stacktrace: Backtrace:
	Ordinal0 [0x00E4D343+3134275]
	Ordinal0 [0x00D3A131+2007345]
	Ordinal0 [0x00BDAEC8+569032]
	Ordinal0 [0x00B6139F+70559]
	Ordinal0 [0x00B5CC63+52323]
	Ordinal0 [0x00B80DFC+200188]
	Ordinal0 [0x00B80C1D+199709]
	Ordinal0 [0x00B7EB0B+191243]
	Ordinal0 [0x00B62E77+77431]
	Ordinal0 [0x00B63E3E+81470]
	Ordinal0 [0x00B63DC9+81353]
	Ordinal0 [0x00D50C99+2100377]
	GetHandleVerifier [0x00FBB71A+1396954]
	GetHandleVerifier [0x00FBB399+1396057]
	GetHandleVerifier [0x00FC70E6+1444518]
	GetHandleVerifier [0x00FBBCA8+1398376]
	Ordinal0 [0x00D47F11+2064145]
	Ordinal0 [0x00D522AB+2106027]
	Ordinal0 [0x00D523D1+2106321]
	Ordinal0 [0x00D64984+2181508]
	BaseThreadInitThunk [0x77103744+36]
	RtlSetCurrentTransaction [0x7745A064+212]
	RtlSetCurrentTransaction [0x7745A02F+159]

	at sun.reflect.NativeConstructorAccessorImpl.newInstance0(Native Method)
	at sun.reflect.NativeConstructorAccessorImpl.newInstance(Unknown Source)
	at sun.reflect.DelegatingConstructorAccessorImpl.newInstance(Unknown Source)
	at java.lang.reflect.Constructor.newInstance(Unknown Source)
	at org.openqa.selenium.remote.W3CHandshakeResponse.lambda$new$0(W3CHandshakeResponse.java:57)
	at org.openqa.selenium.remote.W3CHandshakeResponse.lambda$getResponseFunction$2(W3CHandshakeResponse.java:104)
	at org.openqa.selenium.remote.ProtocolHandshake.lambda$createSession$0(ProtocolHandshake.java:123)
	at java.util.stream.ReferencePipeline$3$1.accept(Unknown Source)
	at java.util.Spliterators$ArraySpliterator.tryAdvance(Unknown Source)
	at java.util.stream.ReferencePipeline.forEachWithCancel(Unknown Source)
	at java.util.stream.AbstractPipeline.copyIntoWithCancel(Unknown Source)
	at java.util.stream.AbstractPipeline.copyInto(Unknown Source)
	at java.util.stream.AbstractPipeline.wrapAndCopyInto(Unknown Source)
	at java.util.stream.FindOps$FindOp.evaluateSequential(Unknown Source)
	at java.util.stream.AbstractPipeline.evaluate(Unknown Source)
	at java.util.stream.ReferencePipeline.findFirst(Unknown Source)
	at org.openqa.selenium.remote.ProtocolHandshake.createSession(ProtocolHandshake.java:126)
	at org.openqa.selenium.remote.ProtocolHandshake.createSession(ProtocolHandshake.java:73)
	at org.openqa.selenium.remote.HttpCommandExecutor.execute(HttpCommandExecutor.java:136)
	at org.openqa.selenium.remote.service.DriverCommandExecutor.execute(DriverCommandExecutor.java:83)
	at org.openqa.selenium.remote.RemoteWebDriver.execute(RemoteWebDriver.java:543)
	at org.openqa.selenium.remote.RemoteWebDriver.startSession(RemoteWebDriver.java:207)
	at org.openqa.selenium.remote.RemoteWebDriver.<init>(RemoteWebDriver.java:130)
	at org.openqa.selenium.chrome.ChromeDriver.<init>(ChromeDriver.java:181)
	at org.openqa.selenium.chrome.ChromeDriver.<init>(ChromeDriver.java:147)
	at com.focus.base.BaseEngine.openBrowser(BaseEngine.java:102)
	at sun.reflect.NativeMethodAccessorImpl.invoke0(Native Method)
	at sun.reflect.NativeMethodAccessorImpl.invoke(Unknown Source)
	at sun.reflect.DelegatingMethodAccessorImpl.invoke(Unknown Source)
	at java.lang.reflect.Method.invoke(Unknown Source)
	at org.testng.internal.MethodInvocationHelper.invokeMethod(MethodInvocationHelper.java:86)
	at org.testng.internal.Invoker.invokeConfigurationMethod(Invoker.java:514)
	at org.testng.internal.Invoker.invokeConfigurations(Invoker.java:215)
	at org.testng.internal.Invoker.invokeConfigurations(Invoker.java:142)
	at org.testng.SuiteRunner.privateRun(SuiteRunner.java:305)
	at org.testng.SuiteRunner.run(SuiteRunner.java:268)
	at org.testng.SuiteRunnerWorker.runSuite(SuiteRunnerWorker.java:52)
	at org.testng.SuiteRunnerWorker.run(SuiteRunnerWorker.java:86)
	at org.testng.TestNG.runSuitesSequentially(TestNG.java:1244)
	at org.testng.TestNG.runSuitesLocally(TestNG.java:1169)
	at org.testng.TestNG.run(TestNG.java:1064)
	at org.testng.remote.AbstractRemoteTestNG.run(AbstractRemoteTestNG.java:114)
	at org.testng.remote.RemoteTestNG.initAndRun(RemoteTestNG.java:251)
	at org.testng.remote.RemoteTestNG.main(RemoteTestNG.java:77)
]]>
    </error>
  </testcase> <!-- checkLoginPageAvailablityOfFields -->
  <testcase name="checkUserNameInfoInHomePage" time="0.000" classname="com.focus.testcases.LoginPageTest">
    <error type="org.openqa.selenium.SessionNotCreatedException" message="session not created: This version of ChromeDriver only supports Chrome version 85
Build info: version: &#039;3.12.0&#039;, revision: &#039;7c6e0b3&#039;, time: &#039;2018-05-08T14:04:26.12Z&#039;
System info: host: &#039;FOCUS-QA-11&#039;, ip: &#039;192.168.4.147&#039;, os.name: &#039;Windows 10&#039;, os.arch: &#039;amd64&#039;, os.version: &#039;10.0&#039;, java.version: &#039;1.8.0_111&#039;
Driver info: driver.version: ChromeDriver
remote stacktrace: Backtrace:
	Ordinal0 [0x00E4D343+3134275]
	Ordinal0 [0x00D3A131+2007345]
	Ordinal0 [0x00BDAEC8+569032]
	Ordinal0 [0x00B6139F+70559]
	Ordinal0 [0x00B5CC63+52323]
	Ordinal0 [0x00B80DFC+200188]
	Ordinal0 [0x00B80C1D+199709]
	Ordinal0 [0x00B7EB0B+191243]
	Ordinal0 [0x00B62E77+77431]
	Ordinal0 [0x00B63E3E+81470]
	Ordinal0 [0x00B63DC9+81353]
	Ordinal0 [0x00D50C99+2100377]
	GetHandleVerifier [0x00FBB71A+1396954]
	GetHandleVerifier [0x00FBB399+1396057]
	GetHandleVerifier [0x00FC70E6+1444518]
	GetHandleVerifier [0x00FBBCA8+1398376]
	Ordinal0 [0x00D47F11+2064145]
	Ordinal0 [0x00D522AB+2106027]
	Ordinal0 [0x00D523D1+2106321]
	Ordinal0 [0x00D64984+2181508]
	BaseThreadInitThunk [0x77103744+36]
	RtlSetCurrentTransaction [0x7745A064+212]
	RtlSetCurrentTransaction [0x7745A02F+159]
">
      <![CDATA[org.openqa.selenium.SessionNotCreatedException: session not created: This version of ChromeDriver only supports Chrome version 85
Build info: version: '3.12.0', revision: '7c6e0b3', time: '2018-05-08T14:04:26.12Z'
System info: host: 'FOCUS-QA-11', ip: '192.168.4.147', os.name: 'Windows 10', os.arch: 'amd64', os.version: '10.0', java.version: '1.8.0_111'
Driver info: driver.version: ChromeDriver
remote stacktrace: Backtrace:
	Ordinal0 [0x00E4D343+3134275]
	Ordinal0 [0x00D3A131+2007345]
	Ordinal0 [0x00BDAEC8+569032]
	Ordinal0 [0x00B6139F+70559]
	Ordinal0 [0x00B5CC63+52323]
	Ordinal0 [0x00B80DFC+200188]
	Ordinal0 [0x00B80C1D+199709]
	Ordinal0 [0x00B7EB0B+191243]
	Ordinal0 [0x00B62E77+77431]
	Ordinal0 [0x00B63E3E+81470]
	Ordinal0 [0x00B63DC9+81353]
	Ordinal0 [0x00D50C99+2100377]
	GetHandleVerifier [0x00FBB71A+1396954]
	GetHandleVerifier [0x00FBB399+1396057]
	GetHandleVerifier [0x00FC70E6+1444518]
	GetHandleVerifier [0x00FBBCA8+1398376]
	Ordinal0 [0x00D47F11+2064145]
	Ordinal0 [0x00D522AB+2106027]
	Ordinal0 [0x00D523D1+2106321]
	Ordinal0 [0x00D64984+2181508]
	BaseThreadInitThunk [0x77103744+36]
	RtlSetCurrentTransaction [0x7745A064+212]
	RtlSetCurrentTransaction [0x7745A02F+159]

	at sun.reflect.NativeConstructorAccessorImpl.newInstance0(Native Method)
	at sun.reflect.NativeConstructorAccessorImpl.newInstance(Unknown Source)
	at sun.reflect.DelegatingConstructorAccessorImpl.newInstance(Unknown Source)
	at java.lang.reflect.Constructor.newInstance(Unknown Source)
	at org.openqa.selenium.remote.W3CHandshakeResponse.lambda$new$0(W3CHandshakeResponse.java:57)
	at org.openqa.selenium.remote.W3CHandshakeResponse.lambda$getResponseFunction$2(W3CHandshakeResponse.java:104)
	at org.openqa.selenium.remote.ProtocolHandshake.lambda$createSession$0(ProtocolHandshake.java:123)
	at java.util.stream.ReferencePipeline$3$1.accept(Unknown Source)
	at java.util.Spliterators$ArraySpliterator.tryAdvance(Unknown Source)
	at java.util.stream.ReferencePipeline.forEachWithCancel(Unknown Source)
	at java.util.stream.AbstractPipeline.copyIntoWithCancel(Unknown Source)
	at java.util.stream.AbstractPipeline.copyInto(Unknown Source)
	at java.util.stream.AbstractPipeline.wrapAndCopyInto(Unknown Source)
	at java.util.stream.FindOps$FindOp.evaluateSequential(Unknown Source)
	at java.util.stream.AbstractPipeline.evaluate(Unknown Source)
	at java.util.stream.ReferencePipeline.findFirst(Unknown Source)
	at org.openqa.selenium.remote.ProtocolHandshake.createSession(ProtocolHandshake.java:126)
	at org.openqa.selenium.remote.ProtocolHandshake.createSession(ProtocolHandshake.java:73)
	at org.openqa.selenium.remote.HttpCommandExecutor.execute(HttpCommandExecutor.java:136)
	at org.openqa.selenium.remote.service.DriverCommandExecutor.execute(DriverCommandExecutor.java:83)
	at org.openqa.selenium.remote.RemoteWebDriver.execute(RemoteWebDriver.java:543)
	at org.openqa.selenium.remote.RemoteWebDriver.startSession(RemoteWebDriver.java:207)
	at org.openqa.selenium.remote.RemoteWebDriver.<init>(RemoteWebDriver.java:130)
	at org.openqa.selenium.chrome.ChromeDriver.<init>(ChromeDriver.java:181)
	at org.openqa.selenium.chrome.ChromeDriver.<init>(ChromeDriver.java:147)
	at com.focus.base.BaseEngine.openBrowser(BaseEngine.java:102)
	at sun.reflect.NativeMethodAccessorImpl.invoke0(Native Method)
	at sun.reflect.NativeMethodAccessorImpl.invoke(Unknown Source)
	at sun.reflect.DelegatingMethodAccessorImpl.invoke(Unknown Source)
	at java.lang.reflect.Method.invoke(Unknown Source)
	at org.testng.internal.MethodInvocationHelper.invokeMethod(MethodInvocationHelper.java:86)
	at org.testng.internal.Invoker.invokeConfigurationMethod(Invoker.java:514)
	at org.testng.internal.Invoker.invokeConfigurations(Invoker.java:215)
	at org.testng.internal.Invoker.invokeConfigurations(Invoker.java:142)
	at org.testng.SuiteRunner.privateRun(SuiteRunner.java:305)
	at org.testng.SuiteRunner.run(SuiteRunner.java:268)
	at org.testng.SuiteRunnerWorker.runSuite(SuiteRunnerWorker.java:52)
	at org.testng.SuiteRunnerWorker.run(SuiteRunnerWorker.java:86)
	at org.testng.TestNG.runSuitesSequentially(TestNG.java:1244)
	at org.testng.TestNG.runSuitesLocally(TestNG.java:1169)
	at org.testng.TestNG.run(TestNG.java:1064)
	at org.testng.remote.AbstractRemoteTestNG.run(AbstractRemoteTestNG.java:114)
	at org.testng.remote.RemoteTestNG.initAndRun(RemoteTestNG.java:251)
	at org.testng.remote.RemoteTestNG.main(RemoteTestNG.java:77)
]]>
    </error>
  </testcase> <!-- checkUserNameInfoInHomePage -->
</testsuite> <!-- com.focus.testcases.LoginPageTest -->
