<?xml version="1.0" encoding="UTF-8"?>
<!-- Generated by org.testng.reporters.JUnitReportReporter -->
<testsuite hostname="FOCUS-QA-11" name="com.focus.testcases.SmokePricebookTest" tests="21" failures="2" timestamp="11 Nov 2020 14:20:22 GMT" time="379.158" errors="0">
  <testcase name="checkSellerPriceBookCustomizeColumnsInGrid" time="30.687" classname="com.focus.testcases.SmokePricebookTest">
    <failure type="java.lang.AssertionError" message="expected [true] but found [false]">
      <![CDATA[java.lang.AssertionError: expected [true] but found [false]
	at org.testng.Assert.fail(Assert.java:94)
	at org.testng.Assert.failNotEquals(Assert.java:513)
	at org.testng.Assert.assertEqualsImpl(Assert.java:135)
	at org.testng.Assert.assertEquals(Assert.java:116)
	at org.testng.Assert.assertEquals(Assert.java:305)
	at org.testng.Assert.assertEquals(Assert.java:315)
	at com.focus.testcases.SmokePricebookTest.checkSellerPriceBookCustomizeColumnsInGrid(SmokePricebookTest.java:122)
	at sun.reflect.NativeMethodAccessorImpl.invoke0(Native Method)
	at sun.reflect.NativeMethodAccessorImpl.invoke(Unknown Source)
	at sun.reflect.DelegatingMethodAccessorImpl.invoke(Unknown Source)
	at java.lang.reflect.Method.invoke(Unknown Source)
	at org.testng.internal.MethodInvocationHelper.invokeMethod(MethodInvocationHelper.java:86)
	at org.testng.internal.Invoker.invokeMethod(Invoker.java:643)
	at org.testng.internal.Invoker.invokeTestMethod(Invoker.java:820)
	at org.testng.internal.Invoker.invokeTestMethods(Invoker.java:1128)
	at org.testng.internal.TestMethodWorker.invokeTestMethods(TestMethodWorker.java:129)
	at org.testng.internal.TestMethodWorker.run(TestMethodWorker.java:112)
	at org.testng.TestRunner.privateRun(TestRunner.java:782)
	at org.testng.TestRunner.run(TestRunner.java:632)
	at org.testng.SuiteRunner.runTest(SuiteRunner.java:366)
	at org.testng.SuiteRunner.runSequentially(SuiteRunner.java:361)
	at org.testng.SuiteRunner.privateRun(SuiteRunner.java:319)
	at org.testng.SuiteRunner.run(SuiteRunner.java:268)
	at org.testng.SuiteRunnerWorker.runSuite(SuiteRunnerWorker.java:52)
	at org.testng.SuiteRunnerWorker.run(SuiteRunnerWorker.java:86)
	at org.testng.TestNG.runSuitesSequentially(TestNG.java:1244)
	at org.testng.TestNG.runSuitesLocally(TestNG.java:1169)
	at org.testng.TestNG.run(TestNG.java:1064)
	at org.testng.remote.AbstractRemoteTestNG.run(AbstractRemoteTestNG.java:114)
	at org.testng.remote.RemoteTestNG.initAndRun(RemoteTestNG.java:251)
	at org.testng.remote.RemoteTestNG.main(RemoteTestNG.java:77)
]]>
    </failure>
  </testcase> <!-- checkSellerPriceBookCustomizeColumnsInGrid -->
  <testcase name="checkUpdateBuyerPriceBook" time="20.797" classname="com.focus.testcases.SmokePricebookTest"/>
  <testcase name="checkCustomizeColumnsInGrid" time="26.402" classname="com.focus.testcases.SmokePricebookTest">
    <failure type="java.lang.AssertionError" message="expected [true] but found [false]">
      <![CDATA[java.lang.AssertionError: expected [true] but found [false]
	at org.testng.Assert.fail(Assert.java:94)
	at org.testng.Assert.failNotEquals(Assert.java:513)
	at org.testng.Assert.assertEqualsImpl(Assert.java:135)
	at org.testng.Assert.assertEquals(Assert.java:116)
	at org.testng.Assert.assertEquals(Assert.java:305)
	at org.testng.Assert.assertEquals(Assert.java:315)
	at com.focus.testcases.SmokePricebookTest.checkCustomizeColumnsInGrid(SmokePricebookTest.java:47)
	at sun.reflect.NativeMethodAccessorImpl.invoke0(Native Method)
	at sun.reflect.NativeMethodAccessorImpl.invoke(Unknown Source)
	at sun.reflect.DelegatingMethodAccessorImpl.invoke(Unknown Source)
	at java.lang.reflect.Method.invoke(Unknown Source)
	at org.testng.internal.MethodInvocationHelper.invokeMethod(MethodInvocationHelper.java:86)
	at org.testng.internal.Invoker.invokeMethod(Invoker.java:643)
	at org.testng.internal.Invoker.invokeTestMethod(Invoker.java:820)
	at org.testng.internal.Invoker.invokeTestMethods(Invoker.java:1128)
	at org.testng.internal.TestMethodWorker.invokeTestMethods(TestMethodWorker.java:129)
	at org.testng.internal.TestMethodWorker.run(TestMethodWorker.java:112)
	at org.testng.TestRunner.privateRun(TestRunner.java:782)
	at org.testng.TestRunner.run(TestRunner.java:632)
	at org.testng.SuiteRunner.runTest(SuiteRunner.java:366)
	at org.testng.SuiteRunner.runSequentially(SuiteRunner.java:361)
	at org.testng.SuiteRunner.privateRun(SuiteRunner.java:319)
	at org.testng.SuiteRunner.run(SuiteRunner.java:268)
	at org.testng.SuiteRunnerWorker.runSuite(SuiteRunnerWorker.java:52)
	at org.testng.SuiteRunnerWorker.run(SuiteRunnerWorker.java:86)
	at org.testng.TestNG.runSuitesSequentially(TestNG.java:1244)
	at org.testng.TestNG.runSuitesLocally(TestNG.java:1169)
	at org.testng.TestNG.run(TestNG.java:1064)
	at org.testng.remote.AbstractRemoteTestNG.run(AbstractRemoteTestNG.java:114)
	at org.testng.remote.RemoteTestNG.initAndRun(RemoteTestNG.java:251)
	at org.testng.remote.RemoteTestNG.main(RemoteTestNG.java:77)
]]>
    </failure>
  </testcase> <!-- checkCustomizeColumnsInGrid -->
  <testcase name="checkSaveOptionBuyerPriceBook" time="41.074" classname="com.focus.testcases.SmokePricebookTest"/>
  <testcase name="checkClickOnBuyerPriceBook" time="10.193" classname="com.focus.testcases.SmokePricebookTest"/>
  <testcase name="checkClickOnCloseButtonInBuyingRates" time="3.985" classname="com.focus.testcases.SmokePricebookTest"/>
  <testcase name="checkEditBuyerPriceBook" time="15.750" classname="com.focus.testcases.SmokePricebookTest"/>
  <testcase name="checkEditSellerPriceBook" time="18.354" classname="com.focus.testcases.SmokePricebookTest"/>
  <testcase name="checkUpdateSellerPricebookInEditPricebook" time="26.457" classname="com.focus.testcases.SmokePricebookTest"/>
  <testcase name="checkSaveSellerPriceBook" time="17.399" classname="com.focus.testcases.SmokePricebookTest"/>
  <testcase name="checkClickOnSellerPriceBook" time="12.295" classname="com.focus.testcases.SmokePricebookTest"/>
  <testcase name="checkSaveOptionSellerPriceBook" time="43.054" classname="com.focus.testcases.SmokePricebookTest"/>
  <testcase name="checkUpdatePricebookInEditPricebook" time="19.802" classname="com.focus.testcases.SmokePricebookTest"/>
  <testcase name="checkClickOnYesOptionInDeleteSavedCopyAndPaste" time="4.220" classname="com.focus.testcases.SmokePricebookTest"/>
  <testcase name="checkClickOnCustomizationSettingsOptionInBuyerPriceBook" time="8.234" classname="com.focus.testcases.SmokePricebookTest"/>
  <testcase name="checkSaveBuyerPriceBook" time="13.189" classname="com.focus.testcases.SmokePricebookTest"/>
  <testcase name="checkUpdateSellerPriceBook" time="29.122" classname="com.focus.testcases.SmokePricebookTest"/>
  <testcase name="checkClickOnCustomizationSettingsOptionInSellerPriceBook" time="6.629" classname="com.focus.testcases.SmokePricebookTest"/>
  <testcase name="checkSignToCheckPricebookMastersPage" time="21.109" classname="com.focus.testcases.SmokePricebookTest"/>
  <testcase name="checkClickOnYesOptionInDeleteSavedCopyAndPasteInSellerPriceBookPage" time="4.155" classname="com.focus.testcases.SmokePricebookTest"/>
  <testcase name="checkClickOnCloseButtonInSellingRates" time="6.251" classname="com.focus.testcases.SmokePricebookTest"/>
</testsuite> <!-- com.focus.testcases.SmokePricebookTest -->
