<?xml version="1.0" encoding="UTF-8"?>
<!-- Generated by org.testng.reporters.JUnitReportReporter -->
<testsuite hostname="FOCUS-QA-4" name="com.focus.testcases.BatchWithAllOptionsTest" tests="150" failures="7" timestamp="22 May 2021 13:38:53 GMT" time="2881.714" errors="3">
  <testcase name="checkSavingSalesInvoiceVATVoucher1WithIgnoreDayInExpiry" time="49.558" classname="com.focus.testcases.BatchWithAllOptionsTest"/>
  <testcase name="checkSavingPurchaseVoucherVATVoucher1WithLoadScreenIntoIssues" time="31.447" classname="com.focus.testcases.BatchWithAllOptionsTest"/>
  <testcase name="checkSavingPurchaseVoucherVATVoucher1With4Rows" time="10.250" classname="com.focus.testcases.BatchWithAllOptionsTest"/>
  <testcase name="checkEraseAllTransactionsAfterCompletingExpiryDatesOptional" time="3.695" classname="com.focus.testcases.BatchWithAllOptionsTest"/>
  <testcase name="checkLogoutAndLoginAfterUpdatingDoNotAcceptDuplicateBatchesInInwardDoc" time="10.953" classname="com.focus.testcases.BatchWithAllOptionsTest"/>
  <testcase name="checkSavingSalesInvoiceVATVoucher1WithLoadScreenIntoIssuesAndLoadLayoutIntoIssues" time="45.090" classname="com.focus.testcases.BatchWithAllOptionsTest">
    <failure type="java.lang.AssertionError" message="expected [true] but found [false]">
      <![CDATA[java.lang.AssertionError: expected [true] but found [false]
	at org.testng.Assert.fail(Assert.java:94)
	at org.testng.Assert.failNotEquals(Assert.java:513)
	at org.testng.Assert.assertEqualsImpl(Assert.java:135)
	at org.testng.Assert.assertEquals(Assert.java:116)
	at org.testng.Assert.assertEquals(Assert.java:305)
	at org.testng.Assert.assertEquals(Assert.java:315)
	at com.focus.testcases.BatchWithAllOptionsTest.checkSavingSalesInvoiceVATVoucher1WithLoadScreenIntoIssuesAndLoadLayoutIntoIssues(BatchWithAllOptionsTest.java:1096)
	at sun.reflect.NativeMethodAccessorImpl.invoke0(Native Method)
	at sun.reflect.NativeMethodAccessorImpl.invoke(Unknown Source)
	at sun.reflect.DelegatingMethodAccessorImpl.invoke(Unknown Source)
	at java.lang.reflect.Method.invoke(Unknown Source)
	at org.testng.internal.MethodInvocationHelper.invokeMethod(MethodInvocationHelper.java:86)
	at org.testng.internal.Invoker.invokeMethod(Invoker.java:643)
	at org.testng.internal.Invoker.invokeTestMethod(Invoker.java:820)
	at org.testng.internal.Invoker.invokeTestMethods(Invoker.java:1128)
	at org.testng.internal.TestMethodWorker.invokeTestMethods(TestMethodWorker.java:129)
	at org.testng.internal.TestMethodWorker.run(TestMethodWorker.java:112)
	at org.testng.TestRunner.privateRun(TestRunner.java:782)
	at org.testng.TestRunner.run(TestRunner.java:632)
	at org.testng.SuiteRunner.runTest(SuiteRunner.java:366)
	at org.testng.SuiteRunner.runSequentially(SuiteRunner.java:361)
	at org.testng.SuiteRunner.privateRun(SuiteRunner.java:319)
	at org.testng.SuiteRunner.run(SuiteRunner.java:268)
	at org.testng.SuiteRunnerWorker.runSuite(SuiteRunnerWorker.java:52)
	at org.testng.SuiteRunnerWorker.run(SuiteRunnerWorker.java:86)
	at org.testng.TestNG.runSuitesSequentially(TestNG.java:1244)
	at org.testng.TestNG.runSuitesLocally(TestNG.java:1169)
	at org.testng.TestNG.run(TestNG.java:1064)
	at org.testng.remote.AbstractRemoteTestNG.run(AbstractRemoteTestNG.java:114)
	at org.testng.remote.RemoteTestNG.initAndRun(RemoteTestNG.java:251)
	at org.testng.remote.RemoteTestNG.main(RemoteTestNG.java:77)
]]>
    </failure>
  </testcase> <!-- checkSavingSalesInvoiceVATVoucher1WithLoadScreenIntoIssuesAndLoadLayoutIntoIssues -->
  <testcase name="checkUpdatingItemExpiryDateBy5Days" time="16.526" classname="com.focus.testcases.BatchWithAllOptionsTest"/>
  <testcase name="checkSavingSalesInvoiceVATVoucher1AfterUpdatingDoNotConvertToUpperCase" time="42.117" classname="com.focus.testcases.BatchWithAllOptionsTest"/>
  <testcase name="checkSettingsConfigureTransactionsPreferencesBatchSelectingUpdatingLoadScreenFieldDetailsRetatedToBatchIntoIssue" time="11.552" classname="com.focus.testcases.BatchWithAllOptionsTest"/>
  <testcase name="checkLogoutAndLoginAfterUpdatingAllowNegativeBatchQuantitieOption" time="10.081" classname="com.focus.testcases.BatchWithAllOptionsTest"/>
  <testcase name="checkPurchaseVoucherVATEditScreenAddingFieldAndEditLayoutAddingField" time="37.144" classname="com.focus.testcases.BatchWithAllOptionsTest"/>
  <testcase name="checkLogoutAndLoginAfterUpdatingLoadLayoutFieldDetailsRelatedToBatchIntoIssues" time="11.610" classname="com.focus.testcases.BatchWithAllOptionsTest"/>
  <testcase name="checkSavingSalesInvoiceVATVoucher16AfterUpdatingExpireDate3MonthsAfterCurrentDate" time="38.506" classname="com.focus.testcases.BatchWithAllOptionsTest"/>
  <testcase name="checkSettingsConfigureTransactionsPreferencesBatchSelectCannotSellBatchesThatWouldExpireInNext2Months" time="10.205" classname="com.focus.testcases.BatchWithAllOptionsTest"/>
  <testcase name="checkSalesInvoiceVATVoucherEditScreenDeletingLoadScreenIntoIssuesField" time="22.435" classname="com.focus.testcases.BatchWithAllOptionsTest"/>
  <testcase name="checkSavingPurchaseVoucherVATVoucher1WithManufactureDateAsMoreThanCurrentDate" time="20.515" classname="com.focus.testcases.BatchWithAllOptionsTest"/>
  <testcase name="checkSavingPurchaseVoucherVATVoucher1AfterUpdatingHideRate" time="27.669" classname="com.focus.testcases.BatchWithAllOptionsTest"/>
  <testcase name="checkEditingPurchaseVoucherVATVoucher1AndSavingWithExpireDate3DaysAfterCurrentDate" time="22.015" classname="com.focus.testcases.BatchWithAllOptionsTest"/>
  <testcase name="checkSettingsConfigureTransactionsPreferencesBatchSelectIgnoreDateInExpiry" time="11.344" classname="com.focus.testcases.BatchWithAllOptionsTest"/>
  <testcase name="checkSavingSalesInvoiceVATVoucher1WithAboveAvailableQuantityAfterAllowNegativeBatchQuantities" time="52.268" classname="com.focus.testcases.BatchWithAllOptionsTest"/>
  <testcase name="checkLogin" time="15.399" classname="com.focus.testcases.BatchWithAllOptionsTest"/>
  <testcase name="checkEraseAllTransactionsAfterCompletingInputBatchRetailPrice" time="5.685" classname="com.focus.testcases.BatchWithAllOptionsTest"/>
  <testcase name="checkEraseAllTransactionsAfterCompletingCannotSellBatchesThatWouldExpireInNext2Days" time="3.991" classname="com.focus.testcases.BatchWithAllOptionsTest"/>
  <testcase name="checkLogoutAndLoginAfterUpdatingConsolidateBatchesByBatchNo" time="11.629" classname="com.focus.testcases.BatchWithAllOptionsTest"/>
  <testcase name="checkSavingPurchaseVoucherVATVoucher1WithCannotSellBatchesThatWouldExpiry2Weeks" time="27.782" classname="com.focus.testcases.BatchWithAllOptionsTest"/>
  <testcase name="checkSalesInvoiceVATVoucher1WithCannotSellBatchesThatWouldExpireIn2Weeks" time="31.890" classname="com.focus.testcases.BatchWithAllOptionsTest"/>
  <testcase name="checkPurchaseVoucherVATEditScreenAddingField" time="25.546" classname="com.focus.testcases.BatchWithAllOptionsTest"/>
  <testcase name="checkSalesInvoiceVATVoucherEditScreenAddingFieldFromPurchaseVoucherVAT" time="22.579" classname="com.focus.testcases.BatchWithAllOptionsTest"/>
  <testcase name="checkEraseAllTransactionsAfterCompletingConsolidateBatchesByBatchNos" time="3.841" classname="com.focus.testcases.BatchWithAllOptionsTest"/>
  <testcase name="checkLogoutAndLoginAfterUpdatingCannotSellBatchesThatWouldExpireInNext2days" time="11.531" classname="com.focus.testcases.BatchWithAllOptionsTest"/>
  <testcase name="checkSettingsConfigureTransactionsPreferencesBatchSelectInputBatchRetailPrice" time="13.754" classname="com.focus.testcases.BatchWithAllOptionsTest"/>
  <testcase name="checkSettingsConfigureTransactionsPreferencesBatchSelectHideRate" time="13.609" classname="com.focus.testcases.BatchWithAllOptionsTest"/>
  <testcase name="checkSettingsConfigureTransactionsPreferencesBatchSelectingUpdatingLoadLayoutFieldDetailsRetatedToBatchIntoIssue" time="11.332" classname="com.focus.testcases.BatchWithAllOptionsTest"/>
  <testcase name="checkSavingSalesInvoiceVATVoucher1AfterUpdatingDoNotShowBatchesConsumedInSuspendedAndPendingDocuments" time="39.641" classname="com.focus.testcases.BatchWithAllOptionsTest"/>
  <testcase name="checkSavingPurchaseVoucherVATVoucher1AfterUpdatingDoNotConvertToUpperCase" time="27.857" classname="com.focus.testcases.BatchWithAllOptionsTest"/>
  <testcase name="checkLogoutAndLoginAfterAddingScreenAndLayoutInPurchaseVoucherAndSalesInvoiceVoucher" time="11.714" classname="com.focus.testcases.BatchWithAllOptionsTest"/>
  <testcase name="checkSavingPurchaseVoucherVATVoucher1AfterUpdatingAllowingNegativeBatchQuantityOption" time="28.584" classname="com.focus.testcases.BatchWithAllOptionsTest"/>
  <testcase name="checkSettingsConfigureTransactionsPreferencesBatchSelectDoNotConvertToUpperCase" time="9.654" classname="com.focus.testcases.BatchWithAllOptionsTest"/>
  <testcase name="checkSalesInvoiceVATVoucher1BatchPopupData" time="32.255" classname="com.focus.testcases.BatchWithAllOptionsTest">
    <failure type="java.lang.AssertionError" message="expected [true] but found [false]">
      <![CDATA[java.lang.AssertionError: expected [true] but found [false]
	at org.testng.Assert.fail(Assert.java:94)
	at org.testng.Assert.failNotEquals(Assert.java:513)
	at org.testng.Assert.assertEqualsImpl(Assert.java:135)
	at org.testng.Assert.assertEquals(Assert.java:116)
	at org.testng.Assert.assertEquals(Assert.java:305)
	at org.testng.Assert.assertEquals(Assert.java:315)
	at com.focus.testcases.BatchWithAllOptionsTest.checkSalesInvoiceVATVoucher1BatchPopupData(BatchWithAllOptionsTest.java:480)
	at sun.reflect.NativeMethodAccessorImpl.invoke0(Native Method)
	at sun.reflect.NativeMethodAccessorImpl.invoke(Unknown Source)
	at sun.reflect.DelegatingMethodAccessorImpl.invoke(Unknown Source)
	at java.lang.reflect.Method.invoke(Unknown Source)
	at org.testng.internal.MethodInvocationHelper.invokeMethod(MethodInvocationHelper.java:86)
	at org.testng.internal.Invoker.invokeMethod(Invoker.java:643)
	at org.testng.internal.Invoker.invokeTestMethod(Invoker.java:820)
	at org.testng.internal.Invoker.invokeTestMethods(Invoker.java:1128)
	at org.testng.internal.TestMethodWorker.invokeTestMethods(TestMethodWorker.java:129)
	at org.testng.internal.TestMethodWorker.run(TestMethodWorker.java:112)
	at org.testng.TestRunner.privateRun(TestRunner.java:782)
	at org.testng.TestRunner.run(TestRunner.java:632)
	at org.testng.SuiteRunner.runTest(SuiteRunner.java:366)
	at org.testng.SuiteRunner.runSequentially(SuiteRunner.java:361)
	at org.testng.SuiteRunner.privateRun(SuiteRunner.java:319)
	at org.testng.SuiteRunner.run(SuiteRunner.java:268)
	at org.testng.SuiteRunnerWorker.runSuite(SuiteRunnerWorker.java:52)
	at org.testng.SuiteRunnerWorker.run(SuiteRunnerWorker.java:86)
	at org.testng.TestNG.runSuitesSequentially(TestNG.java:1244)
	at org.testng.TestNG.runSuitesLocally(TestNG.java:1169)
	at org.testng.TestNG.run(TestNG.java:1064)
	at org.testng.remote.AbstractRemoteTestNG.run(AbstractRemoteTestNG.java:114)
	at org.testng.remote.RemoteTestNG.initAndRun(RemoteTestNG.java:251)
	at org.testng.remote.RemoteTestNG.main(RemoteTestNG.java:77)
]]>
    </failure>
  </testcase> <!-- checkSalesInvoiceVATVoucher1BatchPopupData -->
  <testcase name="checkSettingsConfigureTransactionsPreferencesBatchSelectSortBatchesByExpiryDate" time="11.624" classname="com.focus.testcases.BatchWithAllOptionsTest"/>
  <testcase name="checkSettingsConfigureTransactionsPreferencesBatchSelectCannotSellBatchesThatWouldExpireInNext2days" time="12.357" classname="com.focus.testcases.BatchWithAllOptionsTest"/>
  <testcase name="checkSavingSalesInvoiceVATVoucher1AfterUpdatingConsolidateBatchesByBatchNo" time="45.993" classname="com.focus.testcases.BatchWithAllOptionsTest"/>
  <testcase name="checkSavingPurchaseVoucherVATVoucher1WithCannotSellBatchesThatWouldExpiryIn2Months" time="27.783" classname="com.focus.testcases.BatchWithAllOptionsTest"/>
  <testcase name="checkSavingPurchaseVoucherVATVoucher1WithDoNotAcceptDuplicateBatcesInInwardDocument" time="25.714" classname="com.focus.testcases.BatchWithAllOptionsTest"/>
  <testcase name="checkPurchaseVoucher2TryingToSaveVoucherWithDuplicateBatchNo" time="18.261" classname="com.focus.testcases.BatchWithAllOptionsTest"/>
  <testcase name="checkEditingPurchaseVoucher1SavingWithExpiryDateAs15DaysAfterCurrentDate" time="21.821" classname="com.focus.testcases.BatchWithAllOptionsTest"/>
  <testcase name="checkSalesInvoiceVATVoucherEditScreenAddingFieldAndEditLayoutAddingFieldFromPurchaseVoucherVAT" time="32.592" classname="com.focus.testcases.BatchWithAllOptionsTest"/>
  <testcase name="checkSettingsConfigureTransactionsPreferencesBatchUnSelectingDoNotConvertToUpperCase" time="11.238" classname="com.focus.testcases.BatchWithAllOptionsTest"/>
  <testcase name="checkEraseAllTransactionsAfterCompletingSuggestNextBatchNoInInwardDoc" time="4.161" classname="com.focus.testcases.BatchWithAllOptionsTest"/>
  <testcase name="checkEraseAllTransactionsAfterCompletingLoadScreenDetailsIntoIssues" time="4.010" classname="com.focus.testcases.BatchWithAllOptionsTest"/>
  <testcase name="checkLogoutAndLoginAfterUpdatingSortBatchByExpireDate" time="12.574" classname="com.focus.testcases.BatchWithAllOptionsTest"/>
  <testcase name="checkEraseAllTransactionsAfterCompletingDoNotShowBatchesConsumedInSuspendedAndPendingDocuments" time="3.759" classname="com.focus.testcases.BatchWithAllOptionsTest"/>
  <testcase name="checkEraseAllTransactions" time="3.787" classname="com.focus.testcases.BatchWithAllOptionsTest"/>
  <testcase name="checkLogoutAndLoginAfterUpdatingExpiryDatesOptional" time="11.088" classname="com.focus.testcases.BatchWithAllOptionsTest"/>
  <testcase name="checkSalesInvoiceVATVoucher2BatchPopupIsEmpty" time="64.736" classname="com.focus.testcases.BatchWithAllOptionsTest"/>
  <testcase name="checkSuspendingSalesInvoiceVATVoucher1" time="6.182" classname="com.focus.testcases.BatchWithAllOptionsTest"/>
  <testcase name="checkLogoutAndLoginAfterAddingFieldsInPurchaseVoucherAndSalesInvoiceVoucher" time="11.688" classname="com.focus.testcases.BatchWithAllOptionsTest"/>
  <testcase name="checkSavingSalesInvoiceVATVoucher1WithLoadLayoutIntoIssues" time="43.255" classname="com.focus.testcases.BatchWithAllOptionsTest">
    <failure type="java.lang.AssertionError" message="expected [true] but found [false]">
      <![CDATA[java.lang.AssertionError: expected [true] but found [false]
	at org.testng.Assert.fail(Assert.java:94)
	at org.testng.Assert.failNotEquals(Assert.java:513)
	at org.testng.Assert.assertEqualsImpl(Assert.java:135)
	at org.testng.Assert.assertEquals(Assert.java:116)
	at org.testng.Assert.assertEquals(Assert.java:305)
	at org.testng.Assert.assertEquals(Assert.java:315)
	at com.focus.testcases.BatchWithAllOptionsTest.checkSavingSalesInvoiceVATVoucher1WithLoadLayoutIntoIssues(BatchWithAllOptionsTest.java:1024)
	at sun.reflect.NativeMethodAccessorImpl.invoke0(Native Method)
	at sun.reflect.NativeMethodAccessorImpl.invoke(Unknown Source)
	at sun.reflect.DelegatingMethodAccessorImpl.invoke(Unknown Source)
	at java.lang.reflect.Method.invoke(Unknown Source)
	at org.testng.internal.MethodInvocationHelper.invokeMethod(MethodInvocationHelper.java:86)
	at org.testng.internal.Invoker.invokeMethod(Invoker.java:643)
	at org.testng.internal.Invoker.invokeTestMethod(Invoker.java:820)
	at org.testng.internal.Invoker.invokeTestMethods(Invoker.java:1128)
	at org.testng.internal.TestMethodWorker.invokeTestMethods(TestMethodWorker.java:129)
	at org.testng.internal.TestMethodWorker.run(TestMethodWorker.java:112)
	at org.testng.TestRunner.privateRun(TestRunner.java:782)
	at org.testng.TestRunner.run(TestRunner.java:632)
	at org.testng.SuiteRunner.runTest(SuiteRunner.java:366)
	at org.testng.SuiteRunner.runSequentially(SuiteRunner.java:361)
	at org.testng.SuiteRunner.privateRun(SuiteRunner.java:319)
	at org.testng.SuiteRunner.run(SuiteRunner.java:268)
	at org.testng.SuiteRunnerWorker.runSuite(SuiteRunnerWorker.java:52)
	at org.testng.SuiteRunnerWorker.run(SuiteRunnerWorker.java:86)
	at org.testng.TestNG.runSuitesSequentially(TestNG.java:1244)
	at org.testng.TestNG.runSuitesLocally(TestNG.java:1169)
	at org.testng.TestNG.run(TestNG.java:1064)
	at org.testng.remote.AbstractRemoteTestNG.run(AbstractRemoteTestNG.java:114)
	at org.testng.remote.RemoteTestNG.initAndRun(RemoteTestNG.java:251)
	at org.testng.remote.RemoteTestNG.main(RemoteTestNG.java:77)
]]>
    </failure>
  </testcase> <!-- checkSavingSalesInvoiceVATVoucher1WithLoadLayoutIntoIssues -->
  <testcase name="checkLogoutAndLoginAfterUnSelectingLoadLayoutFieldDetailsRelatedToBatchIntoIssues" time="11.715" classname="com.focus.testcases.BatchWithAllOptionsTest"/>
  <testcase name="checkSavingPurchaseVoucherVATVoucher1WithCannotSellBatchesThatWouldExpity2Days" time="27.885" classname="com.focus.testcases.BatchWithAllOptionsTest"/>
  <testcase name="checkSavingPurchaseVoucherVATVoucher1WithLoadLayoutIntoIssues" time="32.040" classname="com.focus.testcases.BatchWithAllOptionsTest"/>
  <testcase name="checkPurchaseVoucherVATDeletingLoadScreenIntoIssuesAndLoadLayoutIntoIssuesFields" time="27.915" classname="com.focus.testcases.BatchWithAllOptionsTest"/>
  <testcase name="checkPurchaseVoucherVATVoucher1EnteringDataIntoRow1" time="17.763" classname="com.focus.testcases.BatchWithAllOptionsTest"/>
  <testcase name="checkPurchaseVoucherVATVoucher1EnteringDataInRow2" time="6.937" classname="com.focus.testcases.BatchWithAllOptionsTest"/>
  <testcase name="checkSalesInvoiceVATVoucherEditLayoutAddingFieldFromPurchaseVoucherVAT" time="24.725" classname="com.focus.testcases.BatchWithAllOptionsTest"/>
  <testcase name="checkEraseAllTransactionsAfterCompletingCannotSellBatchesThatWouldExpireInNext2Months" time="3.745" classname="com.focus.testcases.BatchWithAllOptionsTest"/>
  <testcase name="checkSavingSalesInvoiceVATVoucher1WithCannotSellBatchesThatWouldExpireIn2Weeks" time="38.824" classname="com.focus.testcases.BatchWithAllOptionsTest"/>
  <testcase name="checkSavingPurchaseVoucherVATVoucher1AfterUpdatingDoNotShowBatchesConsumedInSuspendedAndPendingDocuments" time="27.771" classname="com.focus.testcases.BatchWithAllOptionsTest"/>
  <testcase name="checkSettingsConfigureTransactionsPreferencesBatchSelectSuggestNextBatchNoInInwardDoc" time="13.539" classname="com.focus.testcases.BatchWithAllOptionsTest"/>
  <testcase name="checkLogoutAndLoginAfterUpdatingDoNotConvertToUpperCase" time="11.541" classname="com.focus.testcases.BatchWithAllOptionsTest"/>
  <testcase name="checkSavingSalesInvoiceVATVoucher1AfterUpdatingExpireDateTo3Days" time="38.893" classname="com.focus.testcases.BatchWithAllOptionsTest"/>
  <testcase name="checkPurchaseVoucherVATVoucher1ShowingExpiryDate5DaysAboveFromCurrentDate" time="20.356" classname="com.focus.testcases.BatchWithAllOptionsTest"/>
  <testcase name="checkSalesInvoiceVATVoucher1WithCannotSellBatchesThatWouldExpire2Months" time="31.740" classname="com.focus.testcases.BatchWithAllOptionsTest"/>
  <testcase name="checkSavingSalesInvoiceVATVoucher1AfterUpdatingHideRate" time="43.441" classname="com.focus.testcases.BatchWithAllOptionsTest"/>
  <testcase name="checkSettingsConfigureTransactionsPreferencesBatchSelectManufacturingDatesByBatch" time="13.305" classname="com.focus.testcases.BatchWithAllOptionsTest"/>
  <testcase name="checkLogoutAndLoginAfterUpdatingManufacturingDateByBatch" time="12.034" classname="com.focus.testcases.BatchWithAllOptionsTest"/>
  <testcase name="checkEraseAllTransactionsAfterCompletingAllowingNegativeBatchQuantities" time="4.516" classname="com.focus.testcases.BatchWithAllOptionsTest"/>
  <testcase name="checkSettingsConfigureTransactionsPreferencesBatchSelectCannotSellBatchesThatWouldExpireInNext2Weeks" time="10.237" classname="com.focus.testcases.BatchWithAllOptionsTest"/>
  <testcase name="checkLogoutAndLoginAfterUpdatingCannotSellBatchesThatWouldExpireInNext2Weeks" time="12.581" classname="com.focus.testcases.BatchWithAllOptionsTest"/>
  <testcase name="checkEraseAllTransactionsAfterCompletingLoadScreenDetailsIntoIssuesAndLoadLayoutDetailsIntoIssues" time="5.763" classname="com.focus.testcases.BatchWithAllOptionsTest"/>
  <testcase name="checkEditingPurchaseVoucherVATVoucher3WithVoucherDateAs2DaysBefore" time="30.760" classname="com.focus.testcases.BatchWithAllOptionsTest">
    <error type="org.openqa.selenium.TimeoutException" message="Expected condition failed: waiting for alert to be present (tried for 20 second(s) with 1000 milliseconds interval)
Build info: version: &#039;3.12.0&#039;, revision: &#039;7c6e0b3&#039;, time: &#039;2018-05-08T14:04:26.12Z&#039;
System info: host: &#039;FOCUS-QA-4&#039;, ip: &#039;172.18.48.1&#039;, os.name: &#039;Windows 10&#039;, os.arch: &#039;amd64&#039;, os.version: &#039;10.0&#039;, java.version: &#039;1.8.0_111&#039;
Driver info: driver.version: unknown">
      <![CDATA[org.openqa.selenium.TimeoutException: Expected condition failed: waiting for alert to be present (tried for 20 second(s) with 1000 milliseconds interval)
Build info: version: '3.12.0', revision: '7c6e0b3', time: '2018-05-08T14:04:26.12Z'
System info: host: 'FOCUS-QA-4', ip: '172.18.48.1', os.name: 'Windows 10', os.arch: 'amd64', os.version: '10.0', java.version: '1.8.0_111'
Driver info: driver.version: unknown
	at org.openqa.selenium.support.ui.FluentWait.timeoutException(FluentWait.java:303)
	at org.openqa.selenium.support.ui.FluentWait.until(FluentWait.java:271)
	at com.focus.base.BaseEngine.getIsAlertPresent(BaseEngine.java:297)
	at com.focus.Pages.BatchWithAllOptionsPage.checkEditingPurchaseVoucherVATVoucher3WithVoucherDateAs2DaysBefore(BatchWithAllOptionsPage.java:40685)
	at com.focus.testcases.BatchWithAllOptionsTest.checkEditingPurchaseVoucherVATVoucher3WithVoucherDateAs2DaysBefore(BatchWithAllOptionsTest.java:858)
	at sun.reflect.NativeMethodAccessorImpl.invoke0(Native Method)
	at sun.reflect.NativeMethodAccessorImpl.invoke(Unknown Source)
	at sun.reflect.DelegatingMethodAccessorImpl.invoke(Unknown Source)
	at java.lang.reflect.Method.invoke(Unknown Source)
	at org.testng.internal.MethodInvocationHelper.invokeMethod(MethodInvocationHelper.java:86)
	at org.testng.internal.Invoker.invokeMethod(Invoker.java:643)
	at org.testng.internal.Invoker.invokeTestMethod(Invoker.java:820)
	at org.testng.internal.Invoker.invokeTestMethods(Invoker.java:1128)
	at org.testng.internal.TestMethodWorker.invokeTestMethods(TestMethodWorker.java:129)
	at org.testng.internal.TestMethodWorker.run(TestMethodWorker.java:112)
	at org.testng.TestRunner.privateRun(TestRunner.java:782)
	at org.testng.TestRunner.run(TestRunner.java:632)
	at org.testng.SuiteRunner.runTest(SuiteRunner.java:366)
	at org.testng.SuiteRunner.runSequentially(SuiteRunner.java:361)
	at org.testng.SuiteRunner.privateRun(SuiteRunner.java:319)
	at org.testng.SuiteRunner.run(SuiteRunner.java:268)
	at org.testng.SuiteRunnerWorker.runSuite(SuiteRunnerWorker.java:52)
	at org.testng.SuiteRunnerWorker.run(SuiteRunnerWorker.java:86)
	at org.testng.TestNG.runSuitesSequentially(TestNG.java:1244)
	at org.testng.TestNG.runSuitesLocally(TestNG.java:1169)
	at org.testng.TestNG.run(TestNG.java:1064)
	at org.testng.remote.AbstractRemoteTestNG.run(AbstractRemoteTestNG.java:114)
	at org.testng.remote.RemoteTestNG.initAndRun(RemoteTestNG.java:251)
	at org.testng.remote.RemoteTestNG.main(RemoteTestNG.java:77)
]]>
    </error>
  </testcase> <!-- checkEditingPurchaseVoucherVATVoucher3WithVoucherDateAs2DaysBefore -->
  <testcase name="checkPurchaseVoucherVATVoucher1EnteringDataInRow2SuggestNextBatch" time="6.835" classname="com.focus.testcases.BatchWithAllOptionsTest"/>
  <testcase name="checkSalesInvoiceVATVoucher1WithoutLoadLayoutIntoIssues" time="42.896" classname="com.focus.testcases.BatchWithAllOptionsTest"/>
  <testcase name="checkSettingsConfigureTransactionsPreferencesBatchUpdatingLoadAllDetailsRetatedToBatchIntoIssue" time="13.848" classname="com.focus.testcases.BatchWithAllOptionsTest"/>
  <testcase name="checkLogoutAndLoginAfterUnSelectingLoadScreenFieldDetailsRelatedToBatchIntoIssues" time="11.607" classname="com.focus.testcases.BatchWithAllOptionsTest"/>
  <testcase name="checkSettingsConfigureTransactionsPreferencesBatchSelectExpiryDatesOptional" time="13.450" classname="com.focus.testcases.BatchWithAllOptionsTest"/>
  <testcase name="checkLogoutAndLoginAfterUpdatingCalculateExpiryDateFromItem" time="11.015" classname="com.focus.testcases.BatchWithAllOptionsTest"/>
  <testcase name="checkSettingsConfigureTransactionsPreferencesBatchUnSelectingUpdatingLoadScreenFieldDetailsRetatedToBatchIntoIssue" time="11.858" classname="com.focus.testcases.BatchWithAllOptionsTest"/>
  <testcase name="checkSalesInvoiceVATVoucher1BatchPopupWithCannotSellBatchesThatWouldExpiryIn2Days" time="31.716" classname="com.focus.testcases.BatchWithAllOptionsTest"/>
  <testcase name="checkSavingPurchaseVoucherVATVoucher1WithLoadScreenIntoIssuesAndLoadLayoutIntoIssue" time="34.626" classname="com.focus.testcases.BatchWithAllOptionsTest"/>
  <testcase name="checkSalesInvoiceVATVoucher1BatchPopupAfterSaving3PurchaseVoucherWithDifferentDates" time="31.788" classname="com.focus.testcases.BatchWithAllOptionsTest"/>
  <testcase name="checkEditingPurchaseVoucherVATVoucher1WithVoucherDateAs1DaysBefore" time="12.716" classname="com.focus.testcases.BatchWithAllOptionsTest">
    <error type="org.openqa.selenium.UnhandledAlertException" message="unexpected alert open: {Alert text : Changing this value will cause Rate to refresh. Are you sure?}
  (Session info: chrome=90.0.4430.212): Changing this value will cause Rate to refresh. Are you sure?
Build info: version: &#039;3.12.0&#039;, revision: &#039;7c6e0b3&#039;, time: &#039;2018-05-08T14:04:26.12Z&#039;
System info: host: &#039;FOCUS-QA-4&#039;, ip: &#039;172.18.48.1&#039;, os.name: &#039;Windows 10&#039;, os.arch: &#039;amd64&#039;, os.version: &#039;10.0&#039;, java.version: &#039;1.8.0_111&#039;
Driver info: org.openqa.selenium.chrome.ChromeDriver
Capabilities {acceptInsecureCerts: false, browserName: chrome, browserVersion: 90.0.4430.212, chrome: {chromedriverVersion: 90.0.4430.24 (4c6d850f087da..., userDataDir: C:\Users\Admin\AppData\Loca...}, goog:chromeOptions: {debuggerAddress: localhost:52882}, javascriptEnabled: true, networkConnectionEnabled: false, pageLoadStrategy: normal, platform: WINDOWS, platformName: WINDOWS, proxy: Proxy(), setWindowRect: true, strictFileInteractability: false, timeouts: {implicit: 0, pageLoad: 300000, script: 30000}, unhandledPromptBehavior: dismiss and notify, webauthn:extension:largeBlob: true, webauthn:virtualAuthenticators: true}
Session ID: 868168fc607979d3006e669109e86edb
*** Element info: {Using=xpath, value=//*[@id=&#039;id_transaction_entry_detail_table_body&#039;]/tr[1]/td[12]}">
      <![CDATA[org.openqa.selenium.UnhandledAlertException: unexpected alert open: {Alert text : Changing this value will cause Rate to refresh. Are you sure?}
  (Session info: chrome=90.0.4430.212): Changing this value will cause Rate to refresh. Are you sure?
Build info: version: '3.12.0', revision: '7c6e0b3', time: '2018-05-08T14:04:26.12Z'
System info: host: 'FOCUS-QA-4', ip: '172.18.48.1', os.name: 'Windows 10', os.arch: 'amd64', os.version: '10.0', java.version: '1.8.0_111'
Driver info: org.openqa.selenium.chrome.ChromeDriver
Capabilities {acceptInsecureCerts: false, browserName: chrome, browserVersion: 90.0.4430.212, chrome: {chromedriverVersion: 90.0.4430.24 (4c6d850f087da..., userDataDir: C:\Users\Admin\AppData\Loca...}, goog:chromeOptions: {debuggerAddress: localhost:52882}, javascriptEnabled: true, networkConnectionEnabled: false, pageLoadStrategy: normal, platform: WINDOWS, platformName: WINDOWS, proxy: Proxy(), setWindowRect: true, strictFileInteractability: false, timeouts: {implicit: 0, pageLoad: 300000, script: 30000}, unhandledPromptBehavior: dismiss and notify, webauthn:extension:largeBlob: true, webauthn:virtualAuthenticators: true}
Session ID: 868168fc607979d3006e669109e86edb
*** Element info: {Using=xpath, value=//*[@id='id_transaction_entry_detail_table_body']/tr[1]/td[12]}
	at org.openqa.selenium.remote.http.W3CHttpResponseCodec.decode(W3CHttpResponseCodec.java:120)
	at org.openqa.selenium.remote.http.W3CHttpResponseCodec.decode(W3CHttpResponseCodec.java:49)
	at org.openqa.selenium.remote.HttpCommandExecutor.execute(HttpCommandExecutor.java:158)
	at org.openqa.selenium.remote.service.DriverCommandExecutor.execute(DriverCommandExecutor.java:83)
	at org.openqa.selenium.remote.RemoteWebDriver.execute(RemoteWebDriver.java:543)
	at org.openqa.selenium.remote.RemoteWebDriver.findElement(RemoteWebDriver.java:317)
	at org.openqa.selenium.remote.RemoteWebDriver.findElementByXPath(RemoteWebDriver.java:419)
	at org.openqa.selenium.By$ByXPath.findElement(By.java:353)
	at org.openqa.selenium.remote.RemoteWebDriver.findElement(RemoteWebDriver.java:309)
	at org.openqa.selenium.support.pagefactory.DefaultElementLocator.findElement(DefaultElementLocator.java:69)
	at org.openqa.selenium.support.pagefactory.internal.LocatingElementHandler.invoke(LocatingElementHandler.java:38)
	at com.sun.proxy.$Proxy15.isDisplayed(Unknown Source)
	at org.openqa.selenium.support.ui.ExpectedConditions.elementIfVisible(ExpectedConditions.java:315)
	at org.openqa.selenium.support.ui.ExpectedConditions.access$100(ExpectedConditions.java:44)
	at org.openqa.selenium.support.ui.ExpectedConditions$10.apply(ExpectedConditions.java:301)
	at org.openqa.selenium.support.ui.ExpectedConditions$10.apply(ExpectedConditions.java:298)
	at org.openqa.selenium.support.ui.ExpectedConditions$23.apply(ExpectedConditions.java:686)
	at org.openqa.selenium.support.ui.ExpectedConditions$23.apply(ExpectedConditions.java:682)
	at org.openqa.selenium.support.ui.FluentWait.until(FluentWait.java:248)
	at com.focus.Pages.BatchWithAllOptionsPage.checkEditingPurchaseVoucherVATVoucher1WithVoucherDateAs1DaysBefore(BatchWithAllOptionsPage.java:40427)
	at com.focus.testcases.BatchWithAllOptionsTest.checkEditingPurchaseVoucherVATVoucher1WithVoucherDateAs1DaysBefore(BatchWithAllOptionsTest.java:844)
	at sun.reflect.NativeMethodAccessorImpl.invoke0(Native Method)
	at sun.reflect.NativeMethodAccessorImpl.invoke(Unknown Source)
	at sun.reflect.DelegatingMethodAccessorImpl.invoke(Unknown Source)
	at java.lang.reflect.Method.invoke(Unknown Source)
	at org.testng.internal.MethodInvocationHelper.invokeMethod(MethodInvocationHelper.java:86)
	at org.testng.internal.Invoker.invokeMethod(Invoker.java:643)
	at org.testng.internal.Invoker.invokeTestMethod(Invoker.java:820)
	at org.testng.internal.Invoker.invokeTestMethods(Invoker.java:1128)
	at org.testng.internal.TestMethodWorker.invokeTestMethods(TestMethodWorker.java:129)
	at org.testng.internal.TestMethodWorker.run(TestMethodWorker.java:112)
	at org.testng.TestRunner.privateRun(TestRunner.java:782)
	at org.testng.TestRunner.run(TestRunner.java:632)
	at org.testng.SuiteRunner.runTest(SuiteRunner.java:366)
	at org.testng.SuiteRunner.runSequentially(SuiteRunner.java:361)
	at org.testng.SuiteRunner.privateRun(SuiteRunner.java:319)
	at org.testng.SuiteRunner.run(SuiteRunner.java:268)
	at org.testng.SuiteRunnerWorker.runSuite(SuiteRunnerWorker.java:52)
	at org.testng.SuiteRunnerWorker.run(SuiteRunnerWorker.java:86)
	at org.testng.TestNG.runSuitesSequentially(TestNG.java:1244)
	at org.testng.TestNG.runSuitesLocally(TestNG.java:1169)
	at org.testng.TestNG.run(TestNG.java:1064)
	at org.testng.remote.AbstractRemoteTestNG.run(AbstractRemoteTestNG.java:114)
	at org.testng.remote.RemoteTestNG.initAndRun(RemoteTestNG.java:251)
	at org.testng.remote.RemoteTestNG.main(RemoteTestNG.java:77)
]]>
    </error>
  </testcase> <!-- checkEditingPurchaseVoucherVATVoucher1WithVoucherDateAs1DaysBefore -->
  <testcase name="checkSavingSalesInvoiceVATVoucher1WithLoadScreenIntoIssues" time="42.906" classname="com.focus.testcases.BatchWithAllOptionsTest">
    <failure type="java.lang.AssertionError" message="expected [true] but found [false]">
      <![CDATA[java.lang.AssertionError: expected [true] but found [false]
	at org.testng.Assert.fail(Assert.java:94)
	at org.testng.Assert.failNotEquals(Assert.java:513)
	at org.testng.Assert.assertEqualsImpl(Assert.java:135)
	at org.testng.Assert.assertEquals(Assert.java:116)
	at org.testng.Assert.assertEquals(Assert.java:305)
	at org.testng.Assert.assertEquals(Assert.java:315)
	at com.focus.testcases.BatchWithAllOptionsTest.checkSavingSalesInvoiceVATVoucher1WithLoadScreenIntoIssues(BatchWithAllOptionsTest.java:929)
	at sun.reflect.NativeMethodAccessorImpl.invoke0(Native Method)
	at sun.reflect.NativeMethodAccessorImpl.invoke(Unknown Source)
	at sun.reflect.DelegatingMethodAccessorImpl.invoke(Unknown Source)
	at java.lang.reflect.Method.invoke(Unknown Source)
	at org.testng.internal.MethodInvocationHelper.invokeMethod(MethodInvocationHelper.java:86)
	at org.testng.internal.Invoker.invokeMethod(Invoker.java:643)
	at org.testng.internal.Invoker.invokeTestMethod(Invoker.java:820)
	at org.testng.internal.Invoker.invokeTestMethods(Invoker.java:1128)
	at org.testng.internal.TestMethodWorker.invokeTestMethods(TestMethodWorker.java:129)
	at org.testng.internal.TestMethodWorker.run(TestMethodWorker.java:112)
	at org.testng.TestRunner.privateRun(TestRunner.java:782)
	at org.testng.TestRunner.run(TestRunner.java:632)
	at org.testng.SuiteRunner.runTest(SuiteRunner.java:366)
	at org.testng.SuiteRunner.runSequentially(SuiteRunner.java:361)
	at org.testng.SuiteRunner.privateRun(SuiteRunner.java:319)
	at org.testng.SuiteRunner.run(SuiteRunner.java:268)
	at org.testng.SuiteRunnerWorker.runSuite(SuiteRunnerWorker.java:52)
	at org.testng.SuiteRunnerWorker.run(SuiteRunnerWorker.java:86)
	at org.testng.TestNG.runSuitesSequentially(TestNG.java:1244)
	at org.testng.TestNG.runSuitesLocally(TestNG.java:1169)
	at org.testng.TestNG.run(TestNG.java:1064)
	at org.testng.remote.AbstractRemoteTestNG.run(AbstractRemoteTestNG.java:114)
	at org.testng.remote.RemoteTestNG.initAndRun(RemoteTestNG.java:251)
	at org.testng.remote.RemoteTestNG.main(RemoteTestNG.java:77)
]]>
    </failure>
  </testcase> <!-- checkSavingSalesInvoiceVATVoucher1WithLoadScreenIntoIssues -->
  <testcase name="checkSavingPurchaseVoucherVATVoucher1WithManufacturingDateAsCurrentDate" time="10.692" classname="com.focus.testcases.BatchWithAllOptionsTest"/>
  <testcase name="checkPurchaseVoucherVATEditLayoutDeletingField" time="22.386" classname="com.focus.testcases.BatchWithAllOptionsTest"/>
  <testcase name="checkSavingPurchaseVoucherVATVoucher1AfterUpdatingInputBatchRetailPrice" time="32.272" classname="com.focus.testcases.BatchWithAllOptionsTest"/>
  <testcase name="checkSavingPurchaseVoucherVATVoucher2WithVoucherDateAs2DaysBefore" time="30.285" classname="com.focus.testcases.BatchWithAllOptionsTest"/>
  <testcase name="checkChangingBackItemExpiryDateTo0Days" time="17.113" classname="com.focus.testcases.BatchWithAllOptionsTest"/>
  <testcase name="checkEraseAllTransactionsAfterCompletingIgnoreDateInExpiry" time="3.541" classname="com.focus.testcases.BatchWithAllOptionsTest"/>
  <testcase name="checkSavingSalesInvoiceVATVoucher1AfterUpdatingSuggestNextBatchInInwardsDocument" time="40.565" classname="com.focus.testcases.BatchWithAllOptionsTest">
    <failure type="java.lang.AssertionError" message="expected [true] but found [false]">
      <![CDATA[java.lang.AssertionError: expected [true] but found [false]
	at org.testng.Assert.fail(Assert.java:94)
	at org.testng.Assert.failNotEquals(Assert.java:513)
	at org.testng.Assert.assertEqualsImpl(Assert.java:135)
	at org.testng.Assert.assertEquals(Assert.java:116)
	at org.testng.Assert.assertEquals(Assert.java:305)
	at org.testng.Assert.assertEquals(Assert.java:315)
	at com.focus.testcases.BatchWithAllOptionsTest.checkSavingSalesInvoiceVATVoucher1AfterUpdatingSuggestNextBatchInInwardsDocument(BatchWithAllOptionsTest.java:612)
	at sun.reflect.NativeMethodAccessorImpl.invoke0(Native Method)
	at sun.reflect.NativeMethodAccessorImpl.invoke(Unknown Source)
	at sun.reflect.DelegatingMethodAccessorImpl.invoke(Unknown Source)
	at java.lang.reflect.Method.invoke(Unknown Source)
	at org.testng.internal.MethodInvocationHelper.invokeMethod(MethodInvocationHelper.java:86)
	at org.testng.internal.Invoker.invokeMethod(Invoker.java:643)
	at org.testng.internal.Invoker.invokeTestMethod(Invoker.java:820)
	at org.testng.internal.Invoker.invokeTestMethods(Invoker.java:1128)
	at org.testng.internal.TestMethodWorker.invokeTestMethods(TestMethodWorker.java:129)
	at org.testng.internal.TestMethodWorker.run(TestMethodWorker.java:112)
	at org.testng.TestRunner.privateRun(TestRunner.java:782)
	at org.testng.TestRunner.run(TestRunner.java:632)
	at org.testng.SuiteRunner.runTest(SuiteRunner.java:366)
	at org.testng.SuiteRunner.runSequentially(SuiteRunner.java:361)
	at org.testng.SuiteRunner.privateRun(SuiteRunner.java:319)
	at org.testng.SuiteRunner.run(SuiteRunner.java:268)
	at org.testng.SuiteRunnerWorker.runSuite(SuiteRunnerWorker.java:52)
	at org.testng.SuiteRunnerWorker.run(SuiteRunnerWorker.java:86)
	at org.testng.TestNG.runSuitesSequentially(TestNG.java:1244)
	at org.testng.TestNG.runSuitesLocally(TestNG.java:1169)
	at org.testng.TestNG.run(TestNG.java:1064)
	at org.testng.remote.AbstractRemoteTestNG.run(AbstractRemoteTestNG.java:114)
	at org.testng.remote.RemoteTestNG.initAndRun(RemoteTestNG.java:251)
	at org.testng.remote.RemoteTestNG.main(RemoteTestNG.java:77)
]]>
    </failure>
  </testcase> <!-- checkSavingSalesInvoiceVATVoucher1AfterUpdatingSuggestNextBatchInInwardsDocument -->
  <testcase name="checkSalesInvoiceVATVoucherEditLayoutDeletingLoadLayoutIntoIssuesField" time="22.266" classname="com.focus.testcases.BatchWithAllOptionsTest"/>
  <testcase name="checkEraseAllTransactionsAfterCompletingCannotSellBatchesThatWouldExpireInNext2Weeks" time="3.945" classname="com.focus.testcases.BatchWithAllOptionsTest"/>
  <testcase name="checkLogoutAndLoginAfterAddingLayoutFieldsInPurchaseVoucherAndSalesInvoiceVoucher" time="12.178" classname="com.focus.testcases.BatchWithAllOptionsTest"/>
  <testcase name="checkPurchaseVoucherVATVoucher1EnteringDataInRow3ConsolidateBatches" time="7.048" classname="com.focus.testcases.BatchWithAllOptionsTest"/>
  <testcase name="checkEraseAllTransactionsAfterCompletingManufacturingDatesByBatches" time="3.736" classname="com.focus.testcases.BatchWithAllOptionsTest"/>
  <testcase name="checkSavingSalesInvoiceVATVoucher1AfterUpdatingManufacturingDatesForBatches" time="39.269" classname="com.focus.testcases.BatchWithAllOptionsTest"/>
  <testcase name="checkSalesInvoiceVATVoucher1WithoutLoadScreenIntoIssues" time="40.753" classname="com.focus.testcases.BatchWithAllOptionsTest"/>
  <testcase name="checkPurchaseVoucherVATVoucher1EnteringDataInRow4" time="7.140" classname="com.focus.testcases.BatchWithAllOptionsTest"/>
  <testcase name="checkLogoutAndLoginAfterUpdatingDoNotShowBatchesConsumedInSuspendedAndPendingDocuments" time="11.829" classname="com.focus.testcases.BatchWithAllOptionsTest"/>
  <testcase name="checkLogoutAndLoginAfterUnSelectingDoNotConvertToUpperCase" time="11.701" classname="com.focus.testcases.BatchWithAllOptionsTest"/>
  <testcase name="checkEditingPurchaseVoucherVATVoucher2WithVoucherDateAs3DaysBefore" time="10.496" classname="com.focus.testcases.BatchWithAllOptionsTest">
    <error type="org.openqa.selenium.UnhandledAlertException" message="unexpected alert open: {Alert text : Changing this value will cause Rate to refresh. Are you sure?}
  (Session info: chrome=90.0.4430.212): Changing this value will cause Rate to refresh. Are you sure?
Build info: version: &#039;3.12.0&#039;, revision: &#039;7c6e0b3&#039;, time: &#039;2018-05-08T14:04:26.12Z&#039;
System info: host: &#039;FOCUS-QA-4&#039;, ip: &#039;172.18.48.1&#039;, os.name: &#039;Windows 10&#039;, os.arch: &#039;amd64&#039;, os.version: &#039;10.0&#039;, java.version: &#039;1.8.0_111&#039;
Driver info: org.openqa.selenium.chrome.ChromeDriver
Capabilities {acceptInsecureCerts: false, browserName: chrome, browserVersion: 90.0.4430.212, chrome: {chromedriverVersion: 90.0.4430.24 (4c6d850f087da..., userDataDir: C:\Users\Admin\AppData\Loca...}, goog:chromeOptions: {debuggerAddress: localhost:52882}, javascriptEnabled: true, networkConnectionEnabled: false, pageLoadStrategy: normal, platform: WINDOWS, platformName: WINDOWS, proxy: Proxy(), setWindowRect: true, strictFileInteractability: false, timeouts: {implicit: 0, pageLoad: 300000, script: 30000}, unhandledPromptBehavior: dismiss and notify, webauthn:extension:largeBlob: true, webauthn:virtualAuthenticators: true}
Session ID: 868168fc607979d3006e669109e86edb
*** Element info: {Using=xpath, value=//*[@id=&#039;id_transaction_entry_detail_table_body&#039;]/tr[1]/td[12]}">
      <![CDATA[org.openqa.selenium.UnhandledAlertException: unexpected alert open: {Alert text : Changing this value will cause Rate to refresh. Are you sure?}
  (Session info: chrome=90.0.4430.212): Changing this value will cause Rate to refresh. Are you sure?
Build info: version: '3.12.0', revision: '7c6e0b3', time: '2018-05-08T14:04:26.12Z'
System info: host: 'FOCUS-QA-4', ip: '172.18.48.1', os.name: 'Windows 10', os.arch: 'amd64', os.version: '10.0', java.version: '1.8.0_111'
Driver info: org.openqa.selenium.chrome.ChromeDriver
Capabilities {acceptInsecureCerts: false, browserName: chrome, browserVersion: 90.0.4430.212, chrome: {chromedriverVersion: 90.0.4430.24 (4c6d850f087da..., userDataDir: C:\Users\Admin\AppData\Loca...}, goog:chromeOptions: {debuggerAddress: localhost:52882}, javascriptEnabled: true, networkConnectionEnabled: false, pageLoadStrategy: normal, platform: WINDOWS, platformName: WINDOWS, proxy: Proxy(), setWindowRect: true, strictFileInteractability: false, timeouts: {implicit: 0, pageLoad: 300000, script: 30000}, unhandledPromptBehavior: dismiss and notify, webauthn:extension:largeBlob: true, webauthn:virtualAuthenticators: true}
Session ID: 868168fc607979d3006e669109e86edb
*** Element info: {Using=xpath, value=//*[@id='id_transaction_entry_detail_table_body']/tr[1]/td[12]}
	at org.openqa.selenium.remote.http.W3CHttpResponseCodec.decode(W3CHttpResponseCodec.java:120)
	at org.openqa.selenium.remote.http.W3CHttpResponseCodec.decode(W3CHttpResponseCodec.java:49)
	at org.openqa.selenium.remote.HttpCommandExecutor.execute(HttpCommandExecutor.java:158)
	at org.openqa.selenium.remote.service.DriverCommandExecutor.execute(DriverCommandExecutor.java:83)
	at org.openqa.selenium.remote.RemoteWebDriver.execute(RemoteWebDriver.java:543)
	at org.openqa.selenium.remote.RemoteWebDriver.findElement(RemoteWebDriver.java:317)
	at org.openqa.selenium.remote.RemoteWebDriver.findElementByXPath(RemoteWebDriver.java:419)
	at org.openqa.selenium.By$ByXPath.findElement(By.java:353)
	at org.openqa.selenium.remote.RemoteWebDriver.findElement(RemoteWebDriver.java:309)
	at org.openqa.selenium.support.pagefactory.DefaultElementLocator.findElement(DefaultElementLocator.java:69)
	at org.openqa.selenium.support.pagefactory.internal.LocatingElementHandler.invoke(LocatingElementHandler.java:38)
	at com.sun.proxy.$Proxy15.isDisplayed(Unknown Source)
	at org.openqa.selenium.support.ui.ExpectedConditions.elementIfVisible(ExpectedConditions.java:315)
	at org.openqa.selenium.support.ui.ExpectedConditions.access$100(ExpectedConditions.java:44)
	at org.openqa.selenium.support.ui.ExpectedConditions$10.apply(ExpectedConditions.java:301)
	at org.openqa.selenium.support.ui.ExpectedConditions$10.apply(ExpectedConditions.java:298)
	at org.openqa.selenium.support.ui.ExpectedConditions$23.apply(ExpectedConditions.java:686)
	at org.openqa.selenium.support.ui.ExpectedConditions$23.apply(ExpectedConditions.java:682)
	at org.openqa.selenium.support.ui.FluentWait.until(FluentWait.java:248)
	at com.focus.Pages.BatchWithAllOptionsPage.checkEditingPurchaseVoucherVATVoucher2WithVoucherDateAs3DaysBefore(BatchWithAllOptionsPage.java:40558)
	at com.focus.testcases.BatchWithAllOptionsTest.checkEditingPurchaseVoucherVATVoucher2WithVoucherDateAs3DaysBefore(BatchWithAllOptionsTest.java:851)
	at sun.reflect.NativeMethodAccessorImpl.invoke0(Native Method)
	at sun.reflect.NativeMethodAccessorImpl.invoke(Unknown Source)
	at sun.reflect.DelegatingMethodAccessorImpl.invoke(Unknown Source)
	at java.lang.reflect.Method.invoke(Unknown Source)
	at org.testng.internal.MethodInvocationHelper.invokeMethod(MethodInvocationHelper.java:86)
	at org.testng.internal.Invoker.invokeMethod(Invoker.java:643)
	at org.testng.internal.Invoker.invokeTestMethod(Invoker.java:820)
	at org.testng.internal.Invoker.invokeTestMethods(Invoker.java:1128)
	at org.testng.internal.TestMethodWorker.invokeTestMethods(TestMethodWorker.java:129)
	at org.testng.internal.TestMethodWorker.run(TestMethodWorker.java:112)
	at org.testng.TestRunner.privateRun(TestRunner.java:782)
	at org.testng.TestRunner.run(TestRunner.java:632)
	at org.testng.SuiteRunner.runTest(SuiteRunner.java:366)
	at org.testng.SuiteRunner.runSequentially(SuiteRunner.java:361)
	at org.testng.SuiteRunner.privateRun(SuiteRunner.java:319)
	at org.testng.SuiteRunner.run(SuiteRunner.java:268)
	at org.testng.SuiteRunnerWorker.runSuite(SuiteRunnerWorker.java:52)
	at org.testng.SuiteRunnerWorker.run(SuiteRunnerWorker.java:86)
	at org.testng.TestNG.runSuitesSequentially(TestNG.java:1244)
	at org.testng.TestNG.runSuitesLocally(TestNG.java:1169)
	at org.testng.TestNG.run(TestNG.java:1064)
	at org.testng.remote.AbstractRemoteTestNG.run(AbstractRemoteTestNG.java:114)
	at org.testng.remote.RemoteTestNG.initAndRun(RemoteTestNG.java:251)
	at org.testng.remote.RemoteTestNG.main(RemoteTestNG.java:77)
]]>
    </error>
  </testcase> <!-- checkEditingPurchaseVoucherVATVoucher2WithVoucherDateAs3DaysBefore -->
  <testcase name="checkLogoutAndLoginAfterUpdatingHideRate" time="11.603" classname="com.focus.testcases.BatchWithAllOptionsTest"/>
  <testcase name="checkSalesInvoiceVATVoucherDeletingLoadScreenIntoIssuesAndLoadLayoutIntoIssuesFields" time="30.456" classname="com.focus.testcases.BatchWithAllOptionsTest"/>
  <testcase name="checkLogoutAndLoginAfterUnSelectingLoadAllFieldDetailsRelatedToBatchIntoIssues" time="2.850" classname="com.focus.testcases.BatchWithAllOptionsTest"/>
  <testcase name="checkPurchaseVoucherVATVoucher1EnteringDataInRow2ConsolidateBatches" time="7.095" classname="com.focus.testcases.BatchWithAllOptionsTest"/>
  <testcase name="checkSettingsConfigureTransactionsPreferencesBatchUnSelectingLoadAllDetailsRetatedToBatchIntoIssue" time="11.274" classname="com.focus.testcases.BatchWithAllOptionsTest"/>
  <testcase name="checkPurchaseVoucherVATVoucher1EnteringDataInRow1" time="17.847" classname="com.focus.testcases.BatchWithAllOptionsTest"/>
  <testcase name="checkSavingPurchaseVoucherVATVoucher1WithoutExpiryDateAfterUpdatingExpiryDatesOptional" time="27.207" classname="com.focus.testcases.BatchWithAllOptionsTest"/>
  <testcase name="checkEraseAllTransactionsAfterCompletingLoadLayoutDetailsIntoIssues" time="5.661" classname="com.focus.testcases.BatchWithAllOptionsTest"/>
  <testcase name="checkSavingSalesInvoiceVATVoucher1" time="19.006" classname="com.focus.testcases.BatchWithAllOptionsTest">
    <failure type="java.lang.AssertionError" message="expected [true] but found [false]">
      <![CDATA[java.lang.AssertionError: expected [true] but found [false]
	at org.testng.Assert.fail(Assert.java:94)
	at org.testng.Assert.failNotEquals(Assert.java:513)
	at org.testng.Assert.assertEqualsImpl(Assert.java:135)
	at org.testng.Assert.assertEquals(Assert.java:116)
	at org.testng.Assert.assertEquals(Assert.java:305)
	at org.testng.Assert.assertEquals(Assert.java:315)
	at com.focus.testcases.BatchWithAllOptionsTest.checkSavingSalesInvoiceVATVoucher1(BatchWithAllOptionsTest.java:487)
	at sun.reflect.NativeMethodAccessorImpl.invoke0(Native Method)
	at sun.reflect.NativeMethodAccessorImpl.invoke(Unknown Source)
	at sun.reflect.DelegatingMethodAccessorImpl.invoke(Unknown Source)
	at java.lang.reflect.Method.invoke(Unknown Source)
	at org.testng.internal.MethodInvocationHelper.invokeMethod(MethodInvocationHelper.java:86)
	at org.testng.internal.Invoker.invokeMethod(Invoker.java:643)
	at org.testng.internal.Invoker.invokeTestMethod(Invoker.java:820)
	at org.testng.internal.Invoker.invokeTestMethods(Invoker.java:1128)
	at org.testng.internal.TestMethodWorker.invokeTestMethods(TestMethodWorker.java:129)
	at org.testng.internal.TestMethodWorker.run(TestMethodWorker.java:112)
	at org.testng.TestRunner.privateRun(TestRunner.java:782)
	at org.testng.TestRunner.run(TestRunner.java:632)
	at org.testng.SuiteRunner.runTest(SuiteRunner.java:366)
	at org.testng.SuiteRunner.runSequentially(SuiteRunner.java:361)
	at org.testng.SuiteRunner.privateRun(SuiteRunner.java:319)
	at org.testng.SuiteRunner.run(SuiteRunner.java:268)
	at org.testng.SuiteRunnerWorker.runSuite(SuiteRunnerWorker.java:52)
	at org.testng.SuiteRunnerWorker.run(SuiteRunnerWorker.java:86)
	at org.testng.TestNG.runSuitesSequentially(TestNG.java:1244)
	at org.testng.TestNG.runSuitesLocally(TestNG.java:1169)
	at org.testng.TestNG.run(TestNG.java:1064)
	at org.testng.remote.AbstractRemoteTestNG.run(AbstractRemoteTestNG.java:114)
	at org.testng.remote.RemoteTestNG.initAndRun(RemoteTestNG.java:251)
	at org.testng.remote.RemoteTestNG.main(RemoteTestNG.java:77)
]]>
    </failure>
  </testcase> <!-- checkSavingSalesInvoiceVATVoucher1 -->
  <testcase name="checkPurchaseVoucherVATVoucher1EnteringDataInRow3SuggestNext" time="6.983" classname="com.focus.testcases.BatchWithAllOptionsTest"/>
  <testcase name="checkLogoutAndLoginAfterUpdatingLoadScreenFieldDetailsRelatedToBatchIntoIssues" time="11.688" classname="com.focus.testcases.BatchWithAllOptionsTest"/>
  <testcase name="checkLogoutAndLoginAfterUpdatingIgnoreDaysInExpiry" time="11.049" classname="com.focus.testcases.BatchWithAllOptionsTest"/>
  <testcase name="checkEraseAllTransactionsAfterCompletingSortBatchesByExpiryDates" time="3.865" classname="com.focus.testcases.BatchWithAllOptionsTest"/>
  <testcase name="checkSavingPurchaseVoucherVATVoucher1With4RowsConsolidateBatches" time="10.366" classname="com.focus.testcases.BatchWithAllOptionsTest"/>
  <testcase name="checkPurchaseVoucherVATEditScreenDeletingField" time="20.191" classname="com.focus.testcases.BatchWithAllOptionsTest"/>
  <testcase name="checkEraseAllTransactionsAfterCompletingHideRate" time="3.928" classname="com.focus.testcases.BatchWithAllOptionsTest"/>
  <testcase name="checkSavingSalesInvoiceVATVoucher1WithExpiryDatesOptional" time="39.181" classname="com.focus.testcases.BatchWithAllOptionsTest"/>
  <testcase name="checkSettingsConfigureTransactionsPreferencesBatchSelectDoNotAcceptDuplicateBatchesInInwardsDoc" time="11.512" classname="com.focus.testcases.BatchWithAllOptionsTest"/>
  <testcase name="checkPurchaseVoucherVATVoucher1EnteringDataInRow4ConsolidateBatches" time="6.905" classname="com.focus.testcases.BatchWithAllOptionsTest"/>
  <testcase name="checkPurchaseVoucherVATVoucher1EnteringDataInRow3" time="6.919" classname="com.focus.testcases.BatchWithAllOptionsTest"/>
  <testcase name="checkEditingPurchaseVoucherVATVoucher1AndSavingWithExpireDateMonthsAfterCurrentDate" time="21.761" classname="com.focus.testcases.BatchWithAllOptionsTest"/>
  <testcase name="checkEraseAllTransactionsAfterCompletingDoNotConvertToUpperCase" time="3.695" classname="com.focus.testcases.BatchWithAllOptionsTest"/>
  <testcase name="checkLogoutAndLoginAfterUpdatingInputBatchRetailPrice" time="11.617" classname="com.focus.testcases.BatchWithAllOptionsTest"/>
  <testcase name="checkSavingSalesInvoiceVATVoucher1BatchPopupAfterEditing3PurchaseVouchersDates" time="44.936" classname="com.focus.testcases.BatchWithAllOptionsTest">
    <failure type="java.lang.AssertionError" message="expected [true] but found [false]">
      <![CDATA[java.lang.AssertionError: expected [true] but found [false]
	at org.testng.Assert.fail(Assert.java:94)
	at org.testng.Assert.failNotEquals(Assert.java:513)
	at org.testng.Assert.assertEqualsImpl(Assert.java:135)
	at org.testng.Assert.assertEquals(Assert.java:116)
	at org.testng.Assert.assertEquals(Assert.java:305)
	at org.testng.Assert.assertEquals(Assert.java:315)
	at com.focus.testcases.BatchWithAllOptionsTest.checkSavingSalesInvoiceVATVoucher1BatchPopupAfterEditing3PurchaseVouchersDates(BatchWithAllOptionsTest.java:865)
	at sun.reflect.NativeMethodAccessorImpl.invoke0(Native Method)
	at sun.reflect.NativeMethodAccessorImpl.invoke(Unknown Source)
	at sun.reflect.DelegatingMethodAccessorImpl.invoke(Unknown Source)
	at java.lang.reflect.Method.invoke(Unknown Source)
	at org.testng.internal.MethodInvocationHelper.invokeMethod(MethodInvocationHelper.java:86)
	at org.testng.internal.Invoker.invokeMethod(Invoker.java:643)
	at org.testng.internal.Invoker.invokeTestMethod(Invoker.java:820)
	at org.testng.internal.Invoker.invokeTestMethods(Invoker.java:1128)
	at org.testng.internal.TestMethodWorker.invokeTestMethods(TestMethodWorker.java:129)
	at org.testng.internal.TestMethodWorker.run(TestMethodWorker.java:112)
	at org.testng.TestRunner.privateRun(TestRunner.java:782)
	at org.testng.TestRunner.run(TestRunner.java:632)
	at org.testng.SuiteRunner.runTest(SuiteRunner.java:366)
	at org.testng.SuiteRunner.runSequentially(SuiteRunner.java:361)
	at org.testng.SuiteRunner.privateRun(SuiteRunner.java:319)
	at org.testng.SuiteRunner.run(SuiteRunner.java:268)
	at org.testng.SuiteRunnerWorker.runSuite(SuiteRunnerWorker.java:52)
	at org.testng.SuiteRunnerWorker.run(SuiteRunnerWorker.java:86)
	at org.testng.TestNG.runSuitesSequentially(TestNG.java:1244)
	at org.testng.TestNG.runSuitesLocally(TestNG.java:1169)
	at org.testng.TestNG.run(TestNG.java:1064)
	at org.testng.remote.AbstractRemoteTestNG.run(AbstractRemoteTestNG.java:114)
	at org.testng.remote.RemoteTestNG.initAndRun(RemoteTestNG.java:251)
	at org.testng.remote.RemoteTestNG.main(RemoteTestNG.java:77)
]]>
    </failure>
  </testcase> <!-- checkSavingSalesInvoiceVATVoucher1BatchPopupAfterEditing3PurchaseVouchersDates -->
  <testcase name="checkSavingPurchaseVoucherVATVoucher1WithIgnoreDaysInExpiry" time="27.643" classname="com.focus.testcases.BatchWithAllOptionsTest"/>
  <testcase name="checkEraseAllTransactionsAfterCompletingDoNotAcceptDuplicateBatchesInInwardsDocument" time="4.400" classname="com.focus.testcases.BatchWithAllOptionsTest"/>
  <testcase name="checkSavingPurchaseVoucherVATVoucher1With3RowsSuggestNext" time="10.387" classname="com.focus.testcases.BatchWithAllOptionsTest"/>
  <testcase name="checkSettingsConfigureTransactionsPreferencesBatchUpdatingAllowNegativeBatchQuantitieOption" time="14.896" classname="com.focus.testcases.BatchWithAllOptionsTest"/>
  <testcase name="checkSavingSalesInvoiceVATVoucher1AfterUpdatingInputBatchRetailPrice" time="36.360" classname="com.focus.testcases.BatchWithAllOptionsTest"/>
  <testcase name="checkLogoutAndLoginAfterUpdatingCannotSellBatchesThatWouldExpireInNext2Months" time="11.538" classname="com.focus.testcases.BatchWithAllOptionsTest"/>
  <testcase name="checkPurchaseVoucherVATVoucher1EnteringDataIntoRow1ConsolidateBatch" time="17.880" classname="com.focus.testcases.BatchWithAllOptionsTest"/>
  <testcase name="checkSettingsConfigureTransactionsPreferencesBatchSelectDoNotShowBatchesConsumedInSuspendedAndPendingDocuments" time="10.004" classname="com.focus.testcases.BatchWithAllOptionsTest"/>
  <testcase name="checkPurchaseVoucherVATEditLayoutAddingFieldInBody" time="25.297" classname="com.focus.testcases.BatchWithAllOptionsTest"/>
  <testcase name="checkLogoutAndLoginAfterUpdatingSuggestNextBatchNoInInwardDoc" time="11.629" classname="com.focus.testcases.BatchWithAllOptionsTest"/>
  <testcase name="checkSettingsConfigureTransactionsPreferencesBatchSelectConsolidateBatchesByBatchNo" time="9.566" classname="com.focus.testcases.BatchWithAllOptionsTest"/>
  <testcase name="checkUpdatingSalesInvoiceVATVoucherSettingsEditScreenSelectBehaviourDropDownAsBatchRate" time="16.264" classname="com.focus.testcases.BatchWithAllOptionsTest"/>
  <testcase name="checkSavingPurchaseVoucherVATVoucher1WithVoucherDateAs3DaysBefore" time="30.440" classname="com.focus.testcases.BatchWithAllOptionsTest"/>
  <testcase name="checkSavingPurchaseVoucherVATVoucher3WithVoucherDateAsTodaysDate" time="27.703" classname="com.focus.testcases.BatchWithAllOptionsTest"/>
  <testcase name="checkSettingsConfigureTransactionsPreferencesBatchSelectCalculateExpiryDateFromItem" time="13.734" classname="com.focus.testcases.BatchWithAllOptionsTest"/>
</testsuite> <!-- com.focus.testcases.BatchWithAllOptionsTest -->
