<?xml version="1.0" encoding="UTF-8"?>
<!-- Generated by org.testng.reporters.JUnitReportReporter -->
<testsuite hostname="Focus-QA-4" name="com.focus.testcases.MasterAccountsTest" tests="182" failures="1" timestamp="19 Oct 2019 10:47:30 GMT" time="1007.780" errors="5">
  <testcase name="verifyCloneOptionInEditAccount" time="2.115" classname="com.focus.testcases.MasterAccountsTest"/>
  <testcase name="verifyDetailsTabInCustomizeMaster" time="3.865" classname="com.focus.testcases.MasterAccountsTest"/>
  <testcase name="verifyDetailsTabHeaderFieldsInCustomizeMaster" time="40.664" classname="com.focus.testcases.MasterAccountsTest">
    <error type="org.openqa.selenium.NoSuchElementException" message="no such element: Unable to locate element: {&quot;method&quot;:&quot;xpath&quot;,&quot;selector&quot;:&quot;//div[@id=&#039;tabContent_Fields_MasterCust&#039;]//tr[18]//td[4]&quot;}
  (Session info: chrome=77.0.3865.120)
For documentation on this error, please visit: http://seleniumhq.org/exceptions/no_such_element.html
Build info: version: &#039;3.12.0&#039;, revision: &#039;7c6e0b3&#039;, time: &#039;2018-05-08T14:04:26.12Z&#039;
System info: host: &#039;FOCUS-QA-4&#039;, ip: &#039;192.168.4.127&#039;, os.name: &#039;Windows 10&#039;, os.arch: &#039;amd64&#039;, os.version: &#039;10.0&#039;, java.version: &#039;1.8.0_65&#039;
Driver info: org.openqa.selenium.chrome.ChromeDriver
Capabilities {acceptInsecureCerts: false, browserName: chrome, browserVersion: 77.0.3865.120, chrome: {chromedriverVersion: 76.0.3809.68 (420c9498db8ce..., userDataDir: C:\Users\ADMINI~1.FOC\AppDa...}, goog:chromeOptions: {debuggerAddress: localhost:10209}, javascriptEnabled: true, networkConnectionEnabled: false, pageLoadStrategy: normal, platform: XP, platformName: XP, proxy: Proxy(), setWindowRect: true, strictFileInteractability: false, timeouts: {implicit: 0, pageLoad: 300000, script: 30000}, unhandledPromptBehavior: dismiss and notify}
Session ID: 7b48fbe6467c96ceaf5ecd65196c6af2
*** Element info: {Using=xpath, value=//div[@id=&#039;tabContent_Fields_MasterCust&#039;]//tr[18]//td[4]}">
      <![CDATA[org.openqa.selenium.NoSuchElementException: no such element: Unable to locate element: {"method":"xpath","selector":"//div[@id='tabContent_Fields_MasterCust']//tr[18]//td[4]"}
  (Session info: chrome=77.0.3865.120)
For documentation on this error, please visit: http://seleniumhq.org/exceptions/no_such_element.html
Build info: version: '3.12.0', revision: '7c6e0b3', time: '2018-05-08T14:04:26.12Z'
System info: host: 'FOCUS-QA-4', ip: '192.168.4.127', os.name: 'Windows 10', os.arch: 'amd64', os.version: '10.0', java.version: '1.8.0_65'
Driver info: org.openqa.selenium.chrome.ChromeDriver
Capabilities {acceptInsecureCerts: false, browserName: chrome, browserVersion: 77.0.3865.120, chrome: {chromedriverVersion: 76.0.3809.68 (420c9498db8ce..., userDataDir: C:\Users\ADMINI~1.FOC\AppDa...}, goog:chromeOptions: {debuggerAddress: localhost:10209}, javascriptEnabled: true, networkConnectionEnabled: false, pageLoadStrategy: normal, platform: XP, platformName: XP, proxy: Proxy(), setWindowRect: true, strictFileInteractability: false, timeouts: {implicit: 0, pageLoad: 300000, script: 30000}, unhandledPromptBehavior: dismiss and notify}
Session ID: 7b48fbe6467c96ceaf5ecd65196c6af2
*** Element info: {Using=xpath, value=//div[@id='tabContent_Fields_MasterCust']//tr[18]//td[4]}
	at sun.reflect.NativeConstructorAccessorImpl.newInstance0(Native Method)
	at sun.reflect.NativeConstructorAccessorImpl.newInstance(NativeConstructorAccessorImpl.java:62)
	at sun.reflect.DelegatingConstructorAccessorImpl.newInstance(DelegatingConstructorAccessorImpl.java:45)
	at java.lang.reflect.Constructor.newInstance(Constructor.java:422)
	at org.openqa.selenium.remote.http.W3CHttpResponseCodec.createException(W3CHttpResponseCodec.java:187)
	at org.openqa.selenium.remote.http.W3CHttpResponseCodec.decode(W3CHttpResponseCodec.java:122)
	at org.openqa.selenium.remote.http.W3CHttpResponseCodec.decode(W3CHttpResponseCodec.java:49)
	at org.openqa.selenium.remote.HttpCommandExecutor.execute(HttpCommandExecutor.java:158)
	at org.openqa.selenium.remote.service.DriverCommandExecutor.execute(DriverCommandExecutor.java:83)
	at org.openqa.selenium.remote.RemoteWebDriver.execute(RemoteWebDriver.java:543)
	at org.openqa.selenium.remote.RemoteWebDriver.findElement(RemoteWebDriver.java:317)
	at org.openqa.selenium.remote.RemoteWebDriver.findElementByXPath(RemoteWebDriver.java:419)
	at org.openqa.selenium.By$ByXPath.findElement(By.java:353)
	at org.openqa.selenium.remote.RemoteWebDriver.findElement(RemoteWebDriver.java:309)
	at org.openqa.selenium.support.pagefactory.DefaultElementLocator.findElement(DefaultElementLocator.java:69)
	at org.openqa.selenium.support.pagefactory.internal.LocatingElementHandler.invoke(LocatingElementHandler.java:38)
	at com.sun.proxy.$Proxy12.isDisplayed(Unknown Source)
	at com.focus.Pages.MasterAccountsPage.checkDetailsTabHeaderFieldsInCustomizeMaster(MasterAccountsPage.java:4405)
	at com.focus.testcases.MasterAccountsTest.verifyDetailsTabHeaderFieldsInCustomizeMaster(MasterAccountsTest.java:365)
	at sun.reflect.NativeMethodAccessorImpl.invoke0(Native Method)
	at sun.reflect.NativeMethodAccessorImpl.invoke(NativeMethodAccessorImpl.java:62)
	at sun.reflect.DelegatingMethodAccessorImpl.invoke(DelegatingMethodAccessorImpl.java:43)
	at java.lang.reflect.Method.invoke(Method.java:497)
	at org.testng.internal.MethodInvocationHelper.invokeMethod(MethodInvocationHelper.java:86)
	at org.testng.internal.Invoker.invokeMethod(Invoker.java:643)
	at org.testng.internal.Invoker.invokeTestMethod(Invoker.java:820)
	at org.testng.internal.Invoker.invokeTestMethods(Invoker.java:1128)
	at org.testng.internal.TestMethodWorker.invokeTestMethods(TestMethodWorker.java:129)
	at org.testng.internal.TestMethodWorker.run(TestMethodWorker.java:112)
	at org.testng.TestRunner.privateRun(TestRunner.java:782)
	at org.testng.TestRunner.run(TestRunner.java:632)
	at org.testng.SuiteRunner.runTest(SuiteRunner.java:366)
	at org.testng.SuiteRunner.runSequentially(SuiteRunner.java:361)
	at org.testng.SuiteRunner.privateRun(SuiteRunner.java:319)
	at org.testng.SuiteRunner.run(SuiteRunner.java:268)
	at org.testng.SuiteRunnerWorker.runSuite(SuiteRunnerWorker.java:52)
	at org.testng.SuiteRunnerWorker.run(SuiteRunnerWorker.java:86)
	at org.testng.TestNG.runSuitesSequentially(TestNG.java:1244)
	at org.testng.TestNG.runSuitesLocally(TestNG.java:1169)
	at org.testng.TestNG.run(TestNG.java:1064)
	at org.testng.remote.AbstractRemoteTestNG.run(AbstractRemoteTestNG.java:114)
	at org.testng.remote.RemoteTestNG.initAndRun(RemoteTestNG.java:251)
	at org.testng.remote.RemoteTestNG.main(RemoteTestNG.java:77)
]]>
    </error>
  </testcase> <!-- verifyDetailsTabHeaderFieldsInCustomizeMaster -->
  <testcase name="verifyCloseBtnCustomizeMaster" time="2.001" classname="com.focus.testcases.MasterAccountsTest"/>
  <testcase name="verifySaveButtonInAddGroupWithInputingMandatoryFields" time="3.900" classname="com.focus.testcases.MasterAccountsTest"/>
  <testcase name="verifyCreatedFieldInCreateCreateTabDisplayInCustomizeTab" time="3.690" classname="com.focus.testcases.MasterAccountsTest"/>
  <testcase name="verifySaveUsingCopyAndPasteOption" time="7.520" classname="com.focus.testcases.MasterAccountsTest"/>
  <testcase name="verifyDeleteAccountBeforeCustomization" time="16.333" classname="com.focus.testcases.MasterAccountsTest"/>
  <testcase name="verifyEditOptionForNewlyCreateAddGroupAccount" time="1.765" classname="com.focus.testcases.MasterAccountsTest"/>
  <testcase name="verifyMandatoryCheckForCreateTreeTabFieldCaptionAsBlank" time="4.113" classname="com.focus.testcases.MasterAccountsTest"/>
  <testcase name="verifySaveButtonWithoutInputCodeMandatoryFieldsInNewOptionBeforeCustomization" time="0.920" classname="com.focus.testcases.MasterAccountsTest"/>
  <testcase name="verifyPrintLayoutsTabInPreviewOption" time="1.409" classname="com.focus.testcases.MasterAccountsTest"/>
  <testcase name="verifyOkCheckForCreateTreeTabWithInput" time="8.114" classname="com.focus.testcases.MasterAccountsTest"/>
  <testcase name="verifyCreateCreateTabOptionsInCustomizeMaster" time="5.059" classname="com.focus.testcases.MasterAccountsTest"/>
  <testcase name="verifySaveButtonWithoutInputingNameMandatoryFields" time="0.875" classname="com.focus.testcases.MasterAccountsTest"/>
  <testcase name="verifyUniqueContraintsInCustomizeMaster" time="3.983" classname="com.focus.testcases.MasterAccountsTest"/>
  <testcase name="verifyAccountsCreationScreenAfterSavingBeforeCustomization" time="4.011" classname="com.focus.testcases.MasterAccountsTest"/>
  <testcase name="verifyCreateViewToggleOptionsAccountsMaster" time="0.749" classname="com.focus.testcases.MasterAccountsTest"/>
  <testcase name="verifyLogoutAfterAddingTabsInCustomization" time="1.387" classname="com.focus.testcases.MasterAccountsTest"/>
  <testcase name="verifyPasteOptionAndClickOnSaveForDuplicateName" time="11.202" classname="com.focus.testcases.MasterAccountsTest"/>
  <testcase name="verifyMandatoryCheckForCreateTreeTabWithCaptionAsBlank" time="5.108" classname="com.focus.testcases.MasterAccountsTest">
    <failure type="java.lang.AssertionError" message="expected [true] but found [false]">
      <![CDATA[java.lang.AssertionError: expected [true] but found [false]
	at org.testng.Assert.fail(Assert.java:94)
	at org.testng.Assert.failNotEquals(Assert.java:513)
	at org.testng.Assert.assertEqualsImpl(Assert.java:135)
	at org.testng.Assert.assertEquals(Assert.java:116)
	at org.testng.Assert.assertEquals(Assert.java:305)
	at org.testng.Assert.assertEquals(Assert.java:315)
	at com.focus.testcases.MasterAccountsTest.verifyMandatoryCheckForCreateTreeTabWithCaptionAsBlank(MasterAccountsTest.java:493)
	at sun.reflect.NativeMethodAccessorImpl.invoke0(Native Method)
	at sun.reflect.NativeMethodAccessorImpl.invoke(NativeMethodAccessorImpl.java:62)
	at sun.reflect.DelegatingMethodAccessorImpl.invoke(DelegatingMethodAccessorImpl.java:43)
	at java.lang.reflect.Method.invoke(Method.java:497)
	at org.testng.internal.MethodInvocationHelper.invokeMethod(MethodInvocationHelper.java:86)
	at org.testng.internal.Invoker.invokeMethod(Invoker.java:643)
	at org.testng.internal.Invoker.invokeTestMethod(Invoker.java:820)
	at org.testng.internal.Invoker.invokeTestMethods(Invoker.java:1128)
	at org.testng.internal.TestMethodWorker.invokeTestMethods(TestMethodWorker.java:129)
	at org.testng.internal.TestMethodWorker.run(TestMethodWorker.java:112)
	at org.testng.TestRunner.privateRun(TestRunner.java:782)
	at org.testng.TestRunner.run(TestRunner.java:632)
	at org.testng.SuiteRunner.runTest(SuiteRunner.java:366)
	at org.testng.SuiteRunner.runSequentially(SuiteRunner.java:361)
	at org.testng.SuiteRunner.privateRun(SuiteRunner.java:319)
	at org.testng.SuiteRunner.run(SuiteRunner.java:268)
	at org.testng.SuiteRunnerWorker.runSuite(SuiteRunnerWorker.java:52)
	at org.testng.SuiteRunnerWorker.run(SuiteRunnerWorker.java:86)
	at org.testng.TestNG.runSuitesSequentially(TestNG.java:1244)
	at org.testng.TestNG.runSuitesLocally(TestNG.java:1169)
	at org.testng.TestNG.run(TestNG.java:1064)
	at org.testng.remote.AbstractRemoteTestNG.run(AbstractRemoteTestNG.java:114)
	at org.testng.remote.RemoteTestNG.initAndRun(RemoteTestNG.java:251)
	at org.testng.remote.RemoteTestNG.main(RemoteTestNG.java:77)
]]>
    </failure>
  </testcase> <!-- verifyMandatoryCheckForCreateTreeTabWithCaptionAsBlank -->
  <testcase name="verifyClickOnGroupToDisplayEmpty" time="1.273" classname="com.focus.testcases.MasterAccountsTest"/>
  <testcase name="verifyNewInCreateTab" time="1.940" classname="com.focus.testcases.MasterAccountsTest"/>
  <testcase name="verifyCreateTabInPreviewOption" time="1.180" classname="com.focus.testcases.MasterAccountsTest"/>
  <testcase name="verifyCloseBtnPreviewOption" time="0.825" classname="com.focus.testcases.MasterAccountsTest"/>
  <testcase name="verifyBodyDetailsTabInCreateCreateTab" time="8.909" classname="com.focus.testcases.MasterAccountsTest"/>
  <testcase name="verifyOpenAccountsMaster" time="24.803" classname="com.focus.testcases.MasterAccountsTest"/>
  <testcase name="verifyMainPageHeaderFieldsOptionsAccountsMaster" time="0.852" classname="com.focus.testcases.MasterAccountsTest"/>
  <testcase name="verifyEditPopUpForNewCreateTreeTabDisplayInTabs" time="1.357" classname="com.focus.testcases.MasterAccountsTest"/>
  <testcase name="verifySaveButtonWithoutInputCodeMandatoryFieldsInAddGroupOption" time="1.389" classname="com.focus.testcases.MasterAccountsTest"/>
  <testcase name="verifyOpenAccountsMasterAfterLogout" time="3.525" classname="com.focus.testcases.MasterAccountsTest"/>
  <testcase name="verifySelectAccountGroupAccountMasterDisplayInMainPageGridAccountsMaster" time="1.523" classname="com.focus.testcases.MasterAccountsTest"/>
  <testcase name="verifyDetailsTabOnClickOnAddGroupButton" time="41.273" classname="com.focus.testcases.MasterAccountsTest">
    <error type="org.openqa.selenium.NoSuchElementException" message="no such element: Unable to locate element: {&quot;method&quot;:&quot;xpath&quot;,&quot;selector&quot;:&quot;//input[@id=&#039;sPortalEmail&#039;]&quot;}
  (Session info: chrome=77.0.3865.120)
For documentation on this error, please visit: http://seleniumhq.org/exceptions/no_such_element.html
Build info: version: &#039;3.12.0&#039;, revision: &#039;7c6e0b3&#039;, time: &#039;2018-05-08T14:04:26.12Z&#039;
System info: host: &#039;FOCUS-QA-4&#039;, ip: &#039;192.168.4.127&#039;, os.name: &#039;Windows 10&#039;, os.arch: &#039;amd64&#039;, os.version: &#039;10.0&#039;, java.version: &#039;1.8.0_65&#039;
Driver info: org.openqa.selenium.chrome.ChromeDriver
Capabilities {acceptInsecureCerts: false, browserName: chrome, browserVersion: 77.0.3865.120, chrome: {chromedriverVersion: 76.0.3809.68 (420c9498db8ce..., userDataDir: C:\Users\ADMINI~1.FOC\AppDa...}, goog:chromeOptions: {debuggerAddress: localhost:10209}, javascriptEnabled: true, networkConnectionEnabled: false, pageLoadStrategy: normal, platform: XP, platformName: XP, proxy: Proxy(), setWindowRect: true, strictFileInteractability: false, timeouts: {implicit: 0, pageLoad: 300000, script: 30000}, unhandledPromptBehavior: dismiss and notify}
Session ID: 7b48fbe6467c96ceaf5ecd65196c6af2
*** Element info: {Using=xpath, value=//input[@id=&#039;sPortalEmail&#039;]}">
      <![CDATA[org.openqa.selenium.NoSuchElementException: no such element: Unable to locate element: {"method":"xpath","selector":"//input[@id='sPortalEmail']"}
  (Session info: chrome=77.0.3865.120)
For documentation on this error, please visit: http://seleniumhq.org/exceptions/no_such_element.html
Build info: version: '3.12.0', revision: '7c6e0b3', time: '2018-05-08T14:04:26.12Z'
System info: host: 'FOCUS-QA-4', ip: '192.168.4.127', os.name: 'Windows 10', os.arch: 'amd64', os.version: '10.0', java.version: '1.8.0_65'
Driver info: org.openqa.selenium.chrome.ChromeDriver
Capabilities {acceptInsecureCerts: false, browserName: chrome, browserVersion: 77.0.3865.120, chrome: {chromedriverVersion: 76.0.3809.68 (420c9498db8ce..., userDataDir: C:\Users\ADMINI~1.FOC\AppDa...}, goog:chromeOptions: {debuggerAddress: localhost:10209}, javascriptEnabled: true, networkConnectionEnabled: false, pageLoadStrategy: normal, platform: XP, platformName: XP, proxy: Proxy(), setWindowRect: true, strictFileInteractability: false, timeouts: {implicit: 0, pageLoad: 300000, script: 30000}, unhandledPromptBehavior: dismiss and notify}
Session ID: 7b48fbe6467c96ceaf5ecd65196c6af2
*** Element info: {Using=xpath, value=//input[@id='sPortalEmail']}
	at sun.reflect.NativeConstructorAccessorImpl.newInstance0(Native Method)
	at sun.reflect.NativeConstructorAccessorImpl.newInstance(NativeConstructorAccessorImpl.java:62)
	at sun.reflect.DelegatingConstructorAccessorImpl.newInstance(DelegatingConstructorAccessorImpl.java:45)
	at java.lang.reflect.Constructor.newInstance(Constructor.java:422)
	at org.openqa.selenium.remote.http.W3CHttpResponseCodec.createException(W3CHttpResponseCodec.java:187)
	at org.openqa.selenium.remote.http.W3CHttpResponseCodec.decode(W3CHttpResponseCodec.java:122)
	at org.openqa.selenium.remote.http.W3CHttpResponseCodec.decode(W3CHttpResponseCodec.java:49)
	at org.openqa.selenium.remote.HttpCommandExecutor.execute(HttpCommandExecutor.java:158)
	at org.openqa.selenium.remote.service.DriverCommandExecutor.execute(DriverCommandExecutor.java:83)
	at org.openqa.selenium.remote.RemoteWebDriver.execute(RemoteWebDriver.java:543)
	at org.openqa.selenium.remote.RemoteWebDriver.findElement(RemoteWebDriver.java:317)
	at org.openqa.selenium.remote.RemoteWebDriver.findElementByXPath(RemoteWebDriver.java:419)
	at org.openqa.selenium.By$ByXPath.findElement(By.java:353)
	at org.openqa.selenium.remote.RemoteWebDriver.findElement(RemoteWebDriver.java:309)
	at org.openqa.selenium.support.pagefactory.DefaultElementLocator.findElement(DefaultElementLocator.java:69)
	at org.openqa.selenium.support.pagefactory.internal.LocatingElementHandler.invoke(LocatingElementHandler.java:38)
	at com.sun.proxy.$Proxy12.isDisplayed(Unknown Source)
	at com.focus.Pages.MasterAccountsPage.checkDetailsTabOnClickOnAddGroupButton(MasterAccountsPage.java:9719)
	at com.focus.testcases.MasterAccountsTest.verifyDetailsTabOnClickOnAddGroupButton(MasterAccountsTest.java:1169)
	at sun.reflect.NativeMethodAccessorImpl.invoke0(Native Method)
	at sun.reflect.NativeMethodAccessorImpl.invoke(NativeMethodAccessorImpl.java:62)
	at sun.reflect.DelegatingMethodAccessorImpl.invoke(DelegatingMethodAccessorImpl.java:43)
	at java.lang.reflect.Method.invoke(Method.java:497)
	at org.testng.internal.MethodInvocationHelper.invokeMethod(MethodInvocationHelper.java:86)
	at org.testng.internal.Invoker.invokeMethod(Invoker.java:643)
	at org.testng.internal.Invoker.invokeTestMethod(Invoker.java:820)
	at org.testng.internal.Invoker.invokeTestMethods(Invoker.java:1128)
	at org.testng.internal.TestMethodWorker.invokeTestMethods(TestMethodWorker.java:129)
	at org.testng.internal.TestMethodWorker.run(TestMethodWorker.java:112)
	at org.testng.TestRunner.privateRun(TestRunner.java:782)
	at org.testng.TestRunner.run(TestRunner.java:632)
	at org.testng.SuiteRunner.runTest(SuiteRunner.java:366)
	at org.testng.SuiteRunner.runSequentially(SuiteRunner.java:361)
	at org.testng.SuiteRunner.privateRun(SuiteRunner.java:319)
	at org.testng.SuiteRunner.run(SuiteRunner.java:268)
	at org.testng.SuiteRunnerWorker.runSuite(SuiteRunnerWorker.java:52)
	at org.testng.SuiteRunnerWorker.run(SuiteRunnerWorker.java:86)
	at org.testng.TestNG.runSuitesSequentially(TestNG.java:1244)
	at org.testng.TestNG.runSuitesLocally(TestNG.java:1169)
	at org.testng.TestNG.run(TestNG.java:1064)
	at org.testng.remote.AbstractRemoteTestNG.run(AbstractRemoteTestNG.java:114)
	at org.testng.remote.RemoteTestNG.initAndRun(RemoteTestNG.java:251)
	at org.testng.remote.RemoteTestNG.main(RemoteTestNG.java:77)
]]>
    </error>
  </testcase> <!-- verifyDetailsTabOnClickOnAddGroupButton -->
  <testcase name="verifyNewCreateTreeTabDisplayInTabs" time="0.539" classname="com.focus.testcases.MasterAccountsTest"/>
  <testcase name="verifyCreateCreateTabDisplayInCustomizeTab" time="0.528" classname="com.focus.testcases.MasterAccountsTest"/>
  <testcase name="verifyGeneralTabHeaderTabInCustomizeMaster" time="4.004" classname="com.focus.testcases.MasterAccountsTest"/>
  <testcase name="verifySignToCustomizeMasterInAccounts" time="19.573" classname="com.focus.testcases.MasterAccountsTest"/>
  <testcase name="verifyPropertiesOptionForAccount" time="4.437" classname="com.focus.testcases.MasterAccountsTest"/>
  <testcase name="verifyEditOptionForNewlyCreateAccount" time="2.171" classname="com.focus.testcases.MasterAccountsTest"/>
  <testcase name="verifyToolsOptionsAccountsMaster" time="0.888" classname="com.focus.testcases.MasterAccountsTest"/>
  <testcase name="verifyPrintLayoutTabOptionsButton" time="1.529" classname="com.focus.testcases.MasterAccountsTest"/>
  <testcase name="verifyGeneralTabsInCustomizeMaster" time="3.868" classname="com.focus.testcases.MasterAccountsTest"/>
  <testcase name="verifyNewDocumentTabGroup" time="4.810" classname="com.focus.testcases.MasterAccountsTest"/>
  <testcase name="verifyCancelEditPopUpForNewCreateTreeTabDisplayInTabs" time="7.013" classname="com.focus.testcases.MasterAccountsTest"/>
  <testcase name="verifySaveButtonWithoutInputCodeMandatoryFieldsInCloneOption" time="1.868" classname="com.focus.testcases.MasterAccountsTest"/>
  <testcase name="verifyOkButtonInMoveField" time="9.080" classname="com.focus.testcases.MasterAccountsTest"/>
  <testcase name="verifyPrintlayoutTabBodyDetailsInCustomizeMaster" time="3.769" classname="com.focus.testcases.MasterAccountsTest"/>
  <testcase name="verifyUpdatedAccountDisplayInAccountGridBeforeCustomization" time="0.863" classname="com.focus.testcases.MasterAccountsTest"/>
  <testcase name="verifyMasterCmbMasters" time="16.840" classname="com.focus.testcases.MasterAccountsTest"/>
  <testcase name="verifyNewInCreateTabGroup" time="1.422" classname="com.focus.testcases.MasterAccountsTest"/>
  <testcase name="verifySettingsTabOptionsButton" time="1.372" classname="com.focus.testcases.MasterAccountsTest"/>
  <testcase name="verifyHeaderDetailsTabWithBlankForCreateTreeTab" time="7.785" classname="com.focus.testcases.MasterAccountsTest"/>
  <testcase name="verifyAddOptionInCreateCreateTabDisplayInCustomizeTab" time="11.299" classname="com.focus.testcases.MasterAccountsTest"/>
  <testcase name="verifySignToCheckTabsInCustomization" time="15.387" classname="com.focus.testcases.MasterAccountsTest"/>
  <testcase name="verifyMoveFieldMovedToSettingsTab" time="12.655" classname="com.focus.testcases.MasterAccountsTest"/>
  <testcase name="verifyCopyAndPasteCreationOfAccountDisplay" time="3.596" classname="com.focus.testcases.MasterAccountsTest"/>
  <testcase name="verifyInfoPanelInCustomizeMaster" time="3.866" classname="com.focus.testcases.MasterAccountsTest"/>
  <testcase name="verifyPreviewButtonBeforeLogout" time="1.857" classname="com.focus.testcases.MasterAccountsTest"/>
  <testcase name="verifyExternalModulesTabInCreateCreateTabDisplayInCustomizeTab" time="1.103" classname="com.focus.testcases.MasterAccountsTest"/>
  <testcase name="verifyCancelButtonInMoveField" time="4.015" classname="com.focus.testcases.MasterAccountsTest"/>
  <testcase name="verifyCreateTreeTabOptionsInCustomizeMaster" time="1.528" classname="com.focus.testcases.MasterAccountsTest"/>
  <testcase name="verifyMandatoryCheckForCreateTreeTabWithAllInputsAreBlank" time="0.670" classname="com.focus.testcases.MasterAccountsTest"/>
  <testcase name="verifyDeleteOptionWithoutSelectAccount" time="4.728" classname="com.focus.testcases.MasterAccountsTest"/>
  <testcase name="verifyCopyOptionByEditAccount" time="12.894" classname="com.focus.testcases.MasterAccountsTest"/>
  <testcase name="verifyGenralTabOnClickOnNewButtonBeforeCustomization" time="0.845" classname="com.focus.testcases.MasterAccountsTest"/>
  <testcase name="verifyDocumentTabInPreviewOption" time="1.586" classname="com.focus.testcases.MasterAccountsTest"/>
  <testcase name="checkSaveButtonWithInputingMandatoryFieldsBeforeCustomization" time="8.657" classname="com.focus.testcases.MasterAccountsTest"/>
  <testcase name="verifyFormattingTabInCreateCreateTabDisplayInCustomizeTab" time="1.160" classname="com.focus.testcases.MasterAccountsTest"/>
  <testcase name="verifyDeleteAccountDisplay" time="0.536" classname="com.focus.testcases.MasterAccountsTest"/>
  <testcase name="verifyDetailsTabOnClickOnNewButtonBeforeCustomization" time="41.176" classname="com.focus.testcases.MasterAccountsTest">
    <error type="org.openqa.selenium.NoSuchElementException" message="no such element: Unable to locate element: {&quot;method&quot;:&quot;xpath&quot;,&quot;selector&quot;:&quot;//input[@id=&#039;sPortalEmail&#039;]&quot;}
  (Session info: chrome=77.0.3865.120)
For documentation on this error, please visit: http://seleniumhq.org/exceptions/no_such_element.html
Build info: version: &#039;3.12.0&#039;, revision: &#039;7c6e0b3&#039;, time: &#039;2018-05-08T14:04:26.12Z&#039;
System info: host: &#039;FOCUS-QA-4&#039;, ip: &#039;192.168.4.127&#039;, os.name: &#039;Windows 10&#039;, os.arch: &#039;amd64&#039;, os.version: &#039;10.0&#039;, java.version: &#039;1.8.0_65&#039;
Driver info: org.openqa.selenium.chrome.ChromeDriver
Capabilities {acceptInsecureCerts: false, browserName: chrome, browserVersion: 77.0.3865.120, chrome: {chromedriverVersion: 76.0.3809.68 (420c9498db8ce..., userDataDir: C:\Users\ADMINI~1.FOC\AppDa...}, goog:chromeOptions: {debuggerAddress: localhost:10209}, javascriptEnabled: true, networkConnectionEnabled: false, pageLoadStrategy: normal, platform: XP, platformName: XP, proxy: Proxy(), setWindowRect: true, strictFileInteractability: false, timeouts: {implicit: 0, pageLoad: 300000, script: 30000}, unhandledPromptBehavior: dismiss and notify}
Session ID: 7b48fbe6467c96ceaf5ecd65196c6af2
*** Element info: {Using=xpath, value=//input[@id=&#039;sPortalEmail&#039;]}">
      <![CDATA[org.openqa.selenium.NoSuchElementException: no such element: Unable to locate element: {"method":"xpath","selector":"//input[@id='sPortalEmail']"}
  (Session info: chrome=77.0.3865.120)
For documentation on this error, please visit: http://seleniumhq.org/exceptions/no_such_element.html
Build info: version: '3.12.0', revision: '7c6e0b3', time: '2018-05-08T14:04:26.12Z'
System info: host: 'FOCUS-QA-4', ip: '192.168.4.127', os.name: 'Windows 10', os.arch: 'amd64', os.version: '10.0', java.version: '1.8.0_65'
Driver info: org.openqa.selenium.chrome.ChromeDriver
Capabilities {acceptInsecureCerts: false, browserName: chrome, browserVersion: 77.0.3865.120, chrome: {chromedriverVersion: 76.0.3809.68 (420c9498db8ce..., userDataDir: C:\Users\ADMINI~1.FOC\AppDa...}, goog:chromeOptions: {debuggerAddress: localhost:10209}, javascriptEnabled: true, networkConnectionEnabled: false, pageLoadStrategy: normal, platform: XP, platformName: XP, proxy: Proxy(), setWindowRect: true, strictFileInteractability: false, timeouts: {implicit: 0, pageLoad: 300000, script: 30000}, unhandledPromptBehavior: dismiss and notify}
Session ID: 7b48fbe6467c96ceaf5ecd65196c6af2
*** Element info: {Using=xpath, value=//input[@id='sPortalEmail']}
	at sun.reflect.NativeConstructorAccessorImpl.newInstance0(Native Method)
	at sun.reflect.NativeConstructorAccessorImpl.newInstance(NativeConstructorAccessorImpl.java:62)
	at sun.reflect.DelegatingConstructorAccessorImpl.newInstance(DelegatingConstructorAccessorImpl.java:45)
	at java.lang.reflect.Constructor.newInstance(Constructor.java:422)
	at org.openqa.selenium.remote.http.W3CHttpResponseCodec.createException(W3CHttpResponseCodec.java:187)
	at org.openqa.selenium.remote.http.W3CHttpResponseCodec.decode(W3CHttpResponseCodec.java:122)
	at org.openqa.selenium.remote.http.W3CHttpResponseCodec.decode(W3CHttpResponseCodec.java:49)
	at org.openqa.selenium.remote.HttpCommandExecutor.execute(HttpCommandExecutor.java:158)
	at org.openqa.selenium.remote.service.DriverCommandExecutor.execute(DriverCommandExecutor.java:83)
	at org.openqa.selenium.remote.RemoteWebDriver.execute(RemoteWebDriver.java:543)
	at org.openqa.selenium.remote.RemoteWebDriver.findElement(RemoteWebDriver.java:317)
	at org.openqa.selenium.remote.RemoteWebDriver.findElementByXPath(RemoteWebDriver.java:419)
	at org.openqa.selenium.By$ByXPath.findElement(By.java:353)
	at org.openqa.selenium.remote.RemoteWebDriver.findElement(RemoteWebDriver.java:309)
	at org.openqa.selenium.support.pagefactory.DefaultElementLocator.findElement(DefaultElementLocator.java:69)
	at org.openqa.selenium.support.pagefactory.internal.LocatingElementHandler.invoke(LocatingElementHandler.java:38)
	at com.sun.proxy.$Proxy12.isDisplayed(Unknown Source)
	at com.focus.Pages.MasterAccountsPage.checkDetailsTabOnClickOnNewButtonBeforeCustomization(MasterAccountsPage.java:3488)
	at com.focus.testcases.MasterAccountsTest.verifyDetailsTabOnClickOnNewButtonBeforeCustomization(MasterAccountsTest.java:154)
	at sun.reflect.NativeMethodAccessorImpl.invoke0(Native Method)
	at sun.reflect.NativeMethodAccessorImpl.invoke(NativeMethodAccessorImpl.java:62)
	at sun.reflect.DelegatingMethodAccessorImpl.invoke(DelegatingMethodAccessorImpl.java:43)
	at java.lang.reflect.Method.invoke(Method.java:497)
	at org.testng.internal.MethodInvocationHelper.invokeMethod(MethodInvocationHelper.java:86)
	at org.testng.internal.Invoker.invokeMethod(Invoker.java:643)
	at org.testng.internal.Invoker.invokeTestMethod(Invoker.java:820)
	at org.testng.internal.Invoker.invokeTestMethods(Invoker.java:1128)
	at org.testng.internal.TestMethodWorker.invokeTestMethods(TestMethodWorker.java:129)
	at org.testng.internal.TestMethodWorker.run(TestMethodWorker.java:112)
	at org.testng.TestRunner.privateRun(TestRunner.java:782)
	at org.testng.TestRunner.run(TestRunner.java:632)
	at org.testng.SuiteRunner.runTest(SuiteRunner.java:366)
	at org.testng.SuiteRunner.runSequentially(SuiteRunner.java:361)
	at org.testng.SuiteRunner.privateRun(SuiteRunner.java:319)
	at org.testng.SuiteRunner.run(SuiteRunner.java:268)
	at org.testng.SuiteRunnerWorker.runSuite(SuiteRunnerWorker.java:52)
	at org.testng.SuiteRunnerWorker.run(SuiteRunnerWorker.java:86)
	at org.testng.TestNG.runSuitesSequentially(TestNG.java:1244)
	at org.testng.TestNG.runSuitesLocally(TestNG.java:1169)
	at org.testng.TestNG.run(TestNG.java:1064)
	at org.testng.remote.AbstractRemoteTestNG.run(AbstractRemoteTestNG.java:114)
	at org.testng.remote.RemoteTestNG.initAndRun(RemoteTestNG.java:251)
	at org.testng.remote.RemoteTestNG.main(RemoteTestNG.java:77)
]]>
    </error>
  </testcase> <!-- verifyDetailsTabOnClickOnNewButtonBeforeCustomization -->
  <testcase name="verifyPrintLayoutTabHeaderFieldsInCustomizeMaster" time="0.532" classname="com.focus.testcases.MasterAccountsTest"/>
  <testcase name="verifyEditCreatedFieldInCreateCreateTabDisplayInCustomizeTab" time="9.479" classname="com.focus.testcases.MasterAccountsTest"/>
  <testcase name="verifyCustomizeMasterTabMasterFieldsOption" time="3.765" classname="com.focus.testcases.MasterAccountsTest"/>
  <testcase name="verifyAccountCreateDisplayInAccountsGrid" time="1.640" classname="com.focus.testcases.MasterAccountsTest"/>
  <testcase name="verifyUpdatedAccountDisplayInAccountGrid" time="0.628" classname="com.focus.testcases.MasterAccountsTest"/>
  <testcase name="verifyLogoutInAccountMaster" time="1.346" classname="com.focus.testcases.MasterAccountsTest"/>
  <testcase name="verifyByCloneOptionAccountInformation" time="10.173" classname="com.focus.testcases.MasterAccountsTest"/>
  <testcase name="verifyGroupOptionsAccountsMaster" time="1.175" classname="com.focus.testcases.MasterAccountsTest"/>
  <testcase name="verifyPropertiesTabInCreateCreateTabDisplayInCustomizeTab" time="5.718" classname="com.focus.testcases.MasterAccountsTest"/>
  <testcase name="verifySaveButtonWithoutInputingCodeMandatoryFields" time="1.161" classname="com.focus.testcases.MasterAccountsTest"/>
  <testcase name="verifyMandatoryCheckInCreateCreateTab" time="2.779" classname="com.focus.testcases.MasterAccountsTest"/>
  <testcase name="verifyTabsAvailableInTabsOfMoveField" time="0.635" classname="com.focus.testcases.MasterAccountsTest"/>
  <testcase name="verifyOkButtonWithInputMandatoryFieldsCreateCreateTabDisplayInCustomizeTab" time="8.803" classname="com.focus.testcases.MasterAccountsTest"/>
  <testcase name="verifyOkButtonInPropertiesOptionForAccountGroup" time="4.802" classname="com.focus.testcases.MasterAccountsTest"/>
  <testcase name="verifyReportsInCustomizeMaster" time="4.996" classname="com.focus.testcases.MasterAccountsTest"/>
  <testcase name="verifyHeaderDetailsTabInCreateCreateTab" time="8.945" classname="com.focus.testcases.MasterAccountsTest"/>
  <testcase name="verifyOkButtonWithAllInputInCreateCreateTab" time="9.582" classname="com.focus.testcases.MasterAccountsTest"/>
  <testcase name="verifyGenralTabOnClickOnAddGroupButton" time="1.079" classname="com.focus.testcases.MasterAccountsTest"/>
  <testcase name="verifyCreateTreeToggleOptionsAccountsMaster" time="0.752" classname="com.focus.testcases.MasterAccountsTest"/>
  <testcase name="verifyDetailsTabBodyDetailsInCustomizeMaster" time="3.712" classname="com.focus.testcases.MasterAccountsTest"/>
  <testcase name="verifyMandatoryCheckForCreateTreeTabNewMasterAsBlank" time="2.964" classname="com.focus.testcases.MasterAccountsTest"/>
  <testcase name="verifyCreateTabsInCustomizeMaster" time="0.684" classname="com.focus.testcases.MasterAccountsTest"/>
  <testcase name="verifyHideAccountGroupsDisplayOptionsAccountsMaster" time="0.680" classname="com.focus.testcases.MasterAccountsTest"/>
  <testcase name="verifyGeneralTabMainTabInCustomizeMaster" time="0.651" classname="com.focus.testcases.MasterAccountsTest"/>
  <testcase name="verifyAccountDisplayCreationOfAccountThroughMainClone" time="4.662" classname="com.focus.testcases.MasterAccountsTest"/>
  <testcase name="verifyTreeTabUpdateInPreviewOption" time="1.330" classname="com.focus.testcases.MasterAccountsTest"/>
  <testcase name="verifyNewTreeTabUpdateTab" time="0.712" classname="com.focus.testcases.MasterAccountsTest"/>
  <testcase name="verifyCancelButtonInPropertiesOptionForAccount" time="3.779" classname="com.focus.testcases.MasterAccountsTest"/>
  <testcase name="verifyYesDeleteAccount" time="16.183" classname="com.focus.testcases.MasterAccountsTest"/>
  <testcase name="verifyNewButton" time="1.656" classname="com.focus.testcases.MasterAccountsTest"/>
  <testcase name="verifyConfirmmationMessageOnDeleteTabOptionForCreateTreeTab" time="29.319" classname="com.focus.testcases.MasterAccountsTest"/>
  <testcase name="verifyCloseAccountMasterForAccountTestingStop" time="3.738" classname="com.focus.testcases.MasterAccountsTest"/>
  <testcase name="verifyNoConfirmmationMessageOnDeleteTabOptionForCreateTreeTab" time="2.848" classname="com.focus.testcases.MasterAccountsTest"/>
  <testcase name="verifyUpateForNewlyCreateAccount" time="26.657" classname="com.focus.testcases.MasterAccountsTest"/>
  <testcase name="verifyDeleteOptionWithSelectAccount" time="6.855" classname="com.focus.testcases.MasterAccountsTest"/>
  <testcase name="verifySettingsTabOnClickOnNewButtonBeforeCustomization" time="1.474" classname="com.focus.testcases.MasterAccountsTest"/>
  <testcase name="verifyBodyDetailsTabWithBlankForCreateDocumentTab" time="0.826" classname="com.focus.testcases.MasterAccountsTest"/>
  <testcase name="verifyMandatoryCheckInDocumentTab" time="2.747" classname="com.focus.testcases.MasterAccountsTest"/>
  <testcase name="verifyHeaderDetailsTabWithBlankForCreateDocumentTab" time="0.703" classname="com.focus.testcases.MasterAccountsTest"/>
  <testcase name="verifyNewDocumentTab" time="3.794" classname="com.focus.testcases.MasterAccountsTest"/>
  <testcase name="verifyCloseButtonWithInputMandatoryFieldsCreateCreateTabDisplayInCustomizeTab" time="4.818" classname="com.focus.testcases.MasterAccountsTest"/>
  <testcase name="verifyCreateDocumentTabOptionsInCustomizeMaster" time="4.943" classname="com.focus.testcases.MasterAccountsTest"/>
  <testcase name="verifyGeneralTabInPreviewOption" time="0.743" classname="com.focus.testcases.MasterAccountsTest"/>
  <testcase name="verifySaveButtonWithoutInputNameMandatoryFieldsInNewOptionBeforeCustomization" time="1.417" classname="com.focus.testcases.MasterAccountsTest"/>
  <testcase name="verifyDetailsTabInPreviewOption" time="41.128" classname="com.focus.testcases.MasterAccountsTest">
    <error type="org.openqa.selenium.NoSuchElementException" message="no such element: Unable to locate element: {&quot;method&quot;:&quot;xpath&quot;,&quot;selector&quot;:&quot;//input[@id=&#039;sPortalEmail&#039;]&quot;}
  (Session info: chrome=77.0.3865.120)
For documentation on this error, please visit: http://seleniumhq.org/exceptions/no_such_element.html
Build info: version: &#039;3.12.0&#039;, revision: &#039;7c6e0b3&#039;, time: &#039;2018-05-08T14:04:26.12Z&#039;
System info: host: &#039;FOCUS-QA-4&#039;, ip: &#039;192.168.4.127&#039;, os.name: &#039;Windows 10&#039;, os.arch: &#039;amd64&#039;, os.version: &#039;10.0&#039;, java.version: &#039;1.8.0_65&#039;
Driver info: org.openqa.selenium.chrome.ChromeDriver
Capabilities {acceptInsecureCerts: false, browserName: chrome, browserVersion: 77.0.3865.120, chrome: {chromedriverVersion: 76.0.3809.68 (420c9498db8ce..., userDataDir: C:\Users\ADMINI~1.FOC\AppDa...}, goog:chromeOptions: {debuggerAddress: localhost:10209}, javascriptEnabled: true, networkConnectionEnabled: false, pageLoadStrategy: normal, platform: XP, platformName: XP, proxy: Proxy(), setWindowRect: true, strictFileInteractability: false, timeouts: {implicit: 0, pageLoad: 300000, script: 30000}, unhandledPromptBehavior: dismiss and notify}
Session ID: 7b48fbe6467c96ceaf5ecd65196c6af2
*** Element info: {Using=xpath, value=//input[@id=&#039;sPortalEmail&#039;]}">
      <![CDATA[org.openqa.selenium.NoSuchElementException: no such element: Unable to locate element: {"method":"xpath","selector":"//input[@id='sPortalEmail']"}
  (Session info: chrome=77.0.3865.120)
For documentation on this error, please visit: http://seleniumhq.org/exceptions/no_such_element.html
Build info: version: '3.12.0', revision: '7c6e0b3', time: '2018-05-08T14:04:26.12Z'
System info: host: 'FOCUS-QA-4', ip: '192.168.4.127', os.name: 'Windows 10', os.arch: 'amd64', os.version: '10.0', java.version: '1.8.0_65'
Driver info: org.openqa.selenium.chrome.ChromeDriver
Capabilities {acceptInsecureCerts: false, browserName: chrome, browserVersion: 77.0.3865.120, chrome: {chromedriverVersion: 76.0.3809.68 (420c9498db8ce..., userDataDir: C:\Users\ADMINI~1.FOC\AppDa...}, goog:chromeOptions: {debuggerAddress: localhost:10209}, javascriptEnabled: true, networkConnectionEnabled: false, pageLoadStrategy: normal, platform: XP, platformName: XP, proxy: Proxy(), setWindowRect: true, strictFileInteractability: false, timeouts: {implicit: 0, pageLoad: 300000, script: 30000}, unhandledPromptBehavior: dismiss and notify}
Session ID: 7b48fbe6467c96ceaf5ecd65196c6af2
*** Element info: {Using=xpath, value=//input[@id='sPortalEmail']}
	at sun.reflect.NativeConstructorAccessorImpl.newInstance0(Native Method)
	at sun.reflect.NativeConstructorAccessorImpl.newInstance(NativeConstructorAccessorImpl.java:62)
	at sun.reflect.DelegatingConstructorAccessorImpl.newInstance(DelegatingConstructorAccessorImpl.java:45)
	at java.lang.reflect.Constructor.newInstance(Constructor.java:422)
	at org.openqa.selenium.remote.http.W3CHttpResponseCodec.createException(W3CHttpResponseCodec.java:187)
	at org.openqa.selenium.remote.http.W3CHttpResponseCodec.decode(W3CHttpResponseCodec.java:122)
	at org.openqa.selenium.remote.http.W3CHttpResponseCodec.decode(W3CHttpResponseCodec.java:49)
	at org.openqa.selenium.remote.HttpCommandExecutor.execute(HttpCommandExecutor.java:158)
	at org.openqa.selenium.remote.service.DriverCommandExecutor.execute(DriverCommandExecutor.java:83)
	at org.openqa.selenium.remote.RemoteWebDriver.execute(RemoteWebDriver.java:543)
	at org.openqa.selenium.remote.RemoteWebDriver.findElement(RemoteWebDriver.java:317)
	at org.openqa.selenium.remote.RemoteWebDriver.findElementByXPath(RemoteWebDriver.java:419)
	at org.openqa.selenium.By$ByXPath.findElement(By.java:353)
	at org.openqa.selenium.remote.RemoteWebDriver.findElement(RemoteWebDriver.java:309)
	at org.openqa.selenium.support.pagefactory.DefaultElementLocator.findElement(DefaultElementLocator.java:69)
	at org.openqa.selenium.support.pagefactory.internal.LocatingElementHandler.invoke(LocatingElementHandler.java:38)
	at com.sun.proxy.$Proxy12.isDisplayed(Unknown Source)
	at com.focus.Pages.MasterAccountsPage.checkDetailsTabInPreviewOption(MasterAccountsPage.java:7214)
	at com.focus.testcases.MasterAccountsTest.verifyDetailsTabInPreviewOption(MasterAccountsTest.java:963)
	at sun.reflect.NativeMethodAccessorImpl.invoke0(Native Method)
	at sun.reflect.NativeMethodAccessorImpl.invoke(NativeMethodAccessorImpl.java:62)
	at sun.reflect.DelegatingMethodAccessorImpl.invoke(DelegatingMethodAccessorImpl.java:43)
	at java.lang.reflect.Method.invoke(Method.java:497)
	at org.testng.internal.MethodInvocationHelper.invokeMethod(MethodInvocationHelper.java:86)
	at org.testng.internal.Invoker.invokeMethod(Invoker.java:643)
	at org.testng.internal.Invoker.invokeTestMethod(Invoker.java:820)
	at org.testng.internal.Invoker.invokeTestMethods(Invoker.java:1128)
	at org.testng.internal.TestMethodWorker.invokeTestMethods(TestMethodWorker.java:129)
	at org.testng.internal.TestMethodWorker.run(TestMethodWorker.java:112)
	at org.testng.TestRunner.privateRun(TestRunner.java:782)
	at org.testng.TestRunner.run(TestRunner.java:632)
	at org.testng.SuiteRunner.runTest(SuiteRunner.java:366)
	at org.testng.SuiteRunner.runSequentially(SuiteRunner.java:361)
	at org.testng.SuiteRunner.privateRun(SuiteRunner.java:319)
	at org.testng.SuiteRunner.run(SuiteRunner.java:268)
	at org.testng.SuiteRunnerWorker.runSuite(SuiteRunnerWorker.java:52)
	at org.testng.SuiteRunnerWorker.run(SuiteRunnerWorker.java:86)
	at org.testng.TestNG.runSuitesSequentially(TestNG.java:1244)
	at org.testng.TestNG.runSuitesLocally(TestNG.java:1169)
	at org.testng.TestNG.run(TestNG.java:1064)
	at org.testng.remote.AbstractRemoteTestNG.run(AbstractRemoteTestNG.java:114)
	at org.testng.remote.RemoteTestNG.initAndRun(RemoteTestNG.java:251)
	at org.testng.remote.RemoteTestNG.main(RemoteTestNG.java:77)
]]>
    </error>
  </testcase> <!-- verifyDetailsTabInPreviewOption -->
  <testcase name="verifySettingsTabOnClickOnAddGroupButton" time="1.613" classname="com.focus.testcases.MasterAccountsTest"/>
  <testcase name="verifyMoveExtraFieldAfterCreation" time="1.314" classname="com.focus.testcases.MasterAccountsTest"/>
  <testcase name="verifySettingsTabInCustomizeMaster" time="3.888" classname="com.focus.testcases.MasterAccountsTest"/>
  <testcase name="verifyCreateDocumentTabCreationWithExistingDocumentTab" time="4.989" classname="com.focus.testcases.MasterAccountsTest"/>
  <testcase name="verifyBodyDetailsTabWithBlankForCreateTreeTab" time="2.712" classname="com.focus.testcases.MasterAccountsTest"/>
  <testcase name="verifyAddGroupButton" time="10.899" classname="com.focus.testcases.MasterAccountsTest"/>
  <testcase name="verifyCloseBtnPreviewOptionBeforeLogout" time="0.904" classname="com.focus.testcases.MasterAccountsTest"/>
  <testcase name="verifySaveAccountByUsingEditCloneInMaster" time="7.854" classname="com.focus.testcases.MasterAccountsTest"/>
  <testcase name="verifyYesConfirmmationMessageOnDeleteTabOptionForCreateTreeTab" time="8.386" classname="com.focus.testcases.MasterAccountsTest"/>
  <testcase name="verifyCopyPasteAccountInformationOption" time="14.333" classname="com.focus.testcases.MasterAccountsTest"/>
  <testcase name="verifyNewTreeTabUpdateTabGroup" time="0.764" classname="com.focus.testcases.MasterAccountsTest"/>
  <testcase name="verifyOKWithInputCheckInDocumentTab" time="5.069" classname="com.focus.testcases.MasterAccountsTest"/>
  <testcase name="verifyUpdateCreatedFieldInCreateCreateTabDisplayInCustomizeTab" time="5.773" classname="com.focus.testcases.MasterAccountsTest"/>
  <testcase name="verifyCustomizeMasterTabOptionAfterAddingTabsWithLogout" time="10.656" classname="com.focus.testcases.MasterAccountsTest"/>
  <testcase name="verifyOkEditPopUpForNewCreateTreeTabDisplayInTabs" time="10.141" classname="com.focus.testcases.MasterAccountsTest"/>
  <testcase name="verifyEditOptionForNewlyCreateAccountBeforeCustomization" time="1.848" classname="com.focus.testcases.MasterAccountsTest"/>
  <testcase name="verifyRulesInCustomizeMaster" time="4.695" classname="com.focus.testcases.MasterAccountsTest"/>
  <testcase name="verifyAccountOneCreationWithPropertyAsCDForEachUnderGroup" time="17.490" classname="com.focus.testcases.MasterAccountsTest"/>
  <testcase name="verifyCreateExtraFieldAfterCreation" time="16.908" classname="com.focus.testcases.MasterAccountsTest"/>
  <testcase name="verifyFieldsDetailsTabInCreateCreateTabDisplayInCustomizeTab" time="6.097" classname="com.focus.testcases.MasterAccountsTest"/>
  <testcase name="verifyPrintlayoutTabOnClickOnAddGroupButton" time="1.512" classname="com.focus.testcases.MasterAccountsTest"/>
  <testcase name="verifyNoOptionMoveDeleteInSettingsTab" time="0.659" classname="com.focus.testcases.MasterAccountsTest"/>
  <testcase name="verifyRulesTabInCreateCreateTabDisplayInCustomizeTab" time="0.810" classname="com.focus.testcases.MasterAccountsTest"/>
  <testcase name="verifyRulesOptionsTabInCreateCreateTabDisplayInCustomizeTab" time="1.115" classname="com.focus.testcases.MasterAccountsTest"/>
  <testcase name="verifyCloneByEditCreationOfAccountDisplay" time="1.178" classname="com.focus.testcases.MasterAccountsTest"/>
  <testcase name="verifyCloseAccountMaster" time="3.924" classname="com.focus.testcases.MasterAccountsTest"/>
  <testcase name="verifyDefaultDeleteInSettingsTab" time="0.920" classname="com.focus.testcases.MasterAccountsTest"/>
  <testcase name="verifySearchOptionsInMainPageHeaderFieldsOptionsAccountsMaster" time="0.603" classname="com.focus.testcases.MasterAccountsTest"/>
  <testcase name="verifyUpateForNewlyCreateAccountBeforeCustomiztaion" time="9.217" classname="com.focus.testcases.MasterAccountsTest"/>
  <testcase name="verifySaveButtonWithInputingMandatoryFields" time="1.295" classname="com.focus.testcases.MasterAccountsTest"/>
  <testcase name="verifyAccountAddGroupCreationScreenAfterSaving" time="6.301" classname="com.focus.testcases.MasterAccountsTest"/>
  <testcase name="verifySettingsTabBodyDetailsInCustomizeMaster" time="3.781" classname="com.focus.testcases.MasterAccountsTest"/>
  <testcase name="verifyUpateForNewlyCreateAddGroupAccount" time="6.172" classname="com.focus.testcases.MasterAccountsTest"/>
  <testcase name="verifyDetailsTabOptionsButton" time="41.171" classname="com.focus.testcases.MasterAccountsTest">
    <error type="org.openqa.selenium.NoSuchElementException" message="no such element: Unable to locate element: {&quot;method&quot;:&quot;xpath&quot;,&quot;selector&quot;:&quot;//input[@id=&#039;sPortalEmail&#039;]&quot;}
  (Session info: chrome=77.0.3865.120)
For documentation on this error, please visit: http://seleniumhq.org/exceptions/no_such_element.html
Build info: version: &#039;3.12.0&#039;, revision: &#039;7c6e0b3&#039;, time: &#039;2018-05-08T14:04:26.12Z&#039;
System info: host: &#039;FOCUS-QA-4&#039;, ip: &#039;192.168.4.127&#039;, os.name: &#039;Windows 10&#039;, os.arch: &#039;amd64&#039;, os.version: &#039;10.0&#039;, java.version: &#039;1.8.0_65&#039;
Driver info: org.openqa.selenium.chrome.ChromeDriver
Capabilities {acceptInsecureCerts: false, browserName: chrome, browserVersion: 77.0.3865.120, chrome: {chromedriverVersion: 76.0.3809.68 (420c9498db8ce..., userDataDir: C:\Users\ADMINI~1.FOC\AppDa...}, goog:chromeOptions: {debuggerAddress: localhost:10209}, javascriptEnabled: true, networkConnectionEnabled: false, pageLoadStrategy: normal, platform: XP, platformName: XP, proxy: Proxy(), setWindowRect: true, strictFileInteractability: false, timeouts: {implicit: 0, pageLoad: 300000, script: 30000}, unhandledPromptBehavior: dismiss and notify}
Session ID: 7b48fbe6467c96ceaf5ecd65196c6af2
*** Element info: {Using=xpath, value=//input[@id=&#039;sPortalEmail&#039;]}">
      <![CDATA[org.openqa.selenium.NoSuchElementException: no such element: Unable to locate element: {"method":"xpath","selector":"//input[@id='sPortalEmail']"}
  (Session info: chrome=77.0.3865.120)
For documentation on this error, please visit: http://seleniumhq.org/exceptions/no_such_element.html
Build info: version: '3.12.0', revision: '7c6e0b3', time: '2018-05-08T14:04:26.12Z'
System info: host: 'FOCUS-QA-4', ip: '192.168.4.127', os.name: 'Windows 10', os.arch: 'amd64', os.version: '10.0', java.version: '1.8.0_65'
Driver info: org.openqa.selenium.chrome.ChromeDriver
Capabilities {acceptInsecureCerts: false, browserName: chrome, browserVersion: 77.0.3865.120, chrome: {chromedriverVersion: 76.0.3809.68 (420c9498db8ce..., userDataDir: C:\Users\ADMINI~1.FOC\AppDa...}, goog:chromeOptions: {debuggerAddress: localhost:10209}, javascriptEnabled: true, networkConnectionEnabled: false, pageLoadStrategy: normal, platform: XP, platformName: XP, proxy: Proxy(), setWindowRect: true, strictFileInteractability: false, timeouts: {implicit: 0, pageLoad: 300000, script: 30000}, unhandledPromptBehavior: dismiss and notify}
Session ID: 7b48fbe6467c96ceaf5ecd65196c6af2
*** Element info: {Using=xpath, value=//input[@id='sPortalEmail']}
	at sun.reflect.NativeConstructorAccessorImpl.newInstance0(Native Method)
	at sun.reflect.NativeConstructorAccessorImpl.newInstance(NativeConstructorAccessorImpl.java:62)
	at sun.reflect.DelegatingConstructorAccessorImpl.newInstance(DelegatingConstructorAccessorImpl.java:45)
	at java.lang.reflect.Constructor.newInstance(Constructor.java:422)
	at org.openqa.selenium.remote.http.W3CHttpResponseCodec.createException(W3CHttpResponseCodec.java:187)
	at org.openqa.selenium.remote.http.W3CHttpResponseCodec.decode(W3CHttpResponseCodec.java:122)
	at org.openqa.selenium.remote.http.W3CHttpResponseCodec.decode(W3CHttpResponseCodec.java:49)
	at org.openqa.selenium.remote.HttpCommandExecutor.execute(HttpCommandExecutor.java:158)
	at org.openqa.selenium.remote.service.DriverCommandExecutor.execute(DriverCommandExecutor.java:83)
	at org.openqa.selenium.remote.RemoteWebDriver.execute(RemoteWebDriver.java:543)
	at org.openqa.selenium.remote.RemoteWebDriver.findElement(RemoteWebDriver.java:317)
	at org.openqa.selenium.remote.RemoteWebDriver.findElementByXPath(RemoteWebDriver.java:419)
	at org.openqa.selenium.By$ByXPath.findElement(By.java:353)
	at org.openqa.selenium.remote.RemoteWebDriver.findElement(RemoteWebDriver.java:309)
	at org.openqa.selenium.support.pagefactory.DefaultElementLocator.findElement(DefaultElementLocator.java:69)
	at org.openqa.selenium.support.pagefactory.internal.LocatingElementHandler.invoke(LocatingElementHandler.java:38)
	at com.sun.proxy.$Proxy12.isDisplayed(Unknown Source)
	at com.focus.Pages.MasterAccountsPage.checkDetailsTabOnClickOnNewButton(MasterAccountsPage.java:9274)
	at com.focus.testcases.MasterAccountsTest.verifyDetailsTabOptionsButton(MasterAccountsTest.java:1059)
	at sun.reflect.NativeMethodAccessorImpl.invoke0(Native Method)
	at sun.reflect.NativeMethodAccessorImpl.invoke(NativeMethodAccessorImpl.java:62)
	at sun.reflect.DelegatingMethodAccessorImpl.invoke(DelegatingMethodAccessorImpl.java:43)
	at java.lang.reflect.Method.invoke(Method.java:497)
	at org.testng.internal.MethodInvocationHelper.invokeMethod(MethodInvocationHelper.java:86)
	at org.testng.internal.Invoker.invokeMethod(Invoker.java:643)
	at org.testng.internal.Invoker.invokeTestMethod(Invoker.java:820)
	at org.testng.internal.Invoker.invokeTestMethods(Invoker.java:1128)
	at org.testng.internal.TestMethodWorker.invokeTestMethods(TestMethodWorker.java:129)
	at org.testng.internal.TestMethodWorker.run(TestMethodWorker.java:112)
	at org.testng.TestRunner.privateRun(TestRunner.java:782)
	at org.testng.TestRunner.run(TestRunner.java:632)
	at org.testng.SuiteRunner.runTest(SuiteRunner.java:366)
	at org.testng.SuiteRunner.runSequentially(SuiteRunner.java:361)
	at org.testng.SuiteRunner.privateRun(SuiteRunner.java:319)
	at org.testng.SuiteRunner.run(SuiteRunner.java:268)
	at org.testng.SuiteRunnerWorker.runSuite(SuiteRunnerWorker.java:52)
	at org.testng.SuiteRunnerWorker.run(SuiteRunnerWorker.java:86)
	at org.testng.TestNG.runSuitesSequentially(TestNG.java:1244)
	at org.testng.TestNG.runSuitesLocally(TestNG.java:1169)
	at org.testng.TestNG.run(TestNG.java:1064)
	at org.testng.remote.AbstractRemoteTestNG.run(AbstractRemoteTestNG.java:114)
	at org.testng.remote.RemoteTestNG.initAndRun(RemoteTestNG.java:251)
	at org.testng.remote.RemoteTestNG.main(RemoteTestNG.java:77)
]]>
    </error>
  </testcase> <!-- verifyDetailsTabOptionsButton -->
  <testcase name="verifyExternalModulesInCustomizeMaster" time="3.798" classname="com.focus.testcases.MasterAccountsTest"/>
  <testcase name="verifyCreateTabOptionsInCustomizeMaster" time="0.642" classname="com.focus.testcases.MasterAccountsTest"/>
  <testcase name="verifyMandatoryFieldsByClickOnOkButtonCreateCreateTabDisplayInCustomizeTab" time="2.952" classname="com.focus.testcases.MasterAccountsTest"/>
  <testcase name="verifySaveButtonWithoutInputNameMandatoryFieldsInAddGroupOption" time="10.283" classname="com.focus.testcases.MasterAccountsTest"/>
  <testcase name="verifySaveButtonWithoutInputNameMandatoryFieldsInCloneOption" time="4.180" classname="com.focus.testcases.MasterAccountsTest"/>
  <testcase name="verifyNewButtonBeforeCustomization" time="2.560" classname="com.focus.testcases.MasterAccountsTest"/>
  <testcase name="verifyToolsOtherOptionsAccountsMaster" time="1.770" classname="com.focus.testcases.MasterAccountsTest"/>
  <testcase name="verifyOpenAccountsMasterAfterCustomization" time="4.163" classname="com.focus.testcases.MasterAccountsTest"/>
  <testcase name="verifyUpdatedAccountAddGroupDisplayInAccountGrid" time="0.624" classname="com.focus.testcases.MasterAccountsTest"/>
  <testcase name="verifyDeleteAccountDisplayBeforeCustomization" time="0.582" classname="com.focus.testcases.MasterAccountsTest"/>
  <testcase name="verifyMainOptionsAccountsMaster" time="0.726" classname="com.focus.testcases.MasterAccountsTest"/>
  <testcase name="verifyUpdateFieldInCreateCreateTabDisplayInCustomizeTab" time="1.903" classname="com.focus.testcases.MasterAccountsTest"/>
  <testcase name="verifyTreeViewOptionsAccountsMaster" time="1.123" classname="com.focus.testcases.MasterAccountsTest"/>
  <testcase name="verifyCloneOptionWithoutRowSelectToOpenAccountsMenu" time="4.147" classname="com.focus.testcases.MasterAccountsTest"/>
  <testcase name="verifyAccountNewlyAddGroupDisplayInAccountGrid" time="0.786" classname="com.focus.testcases.MasterAccountsTest"/>
  <testcase name="verifyCustomizeMasterTabOption" time="10.459" classname="com.focus.testcases.MasterAccountsTest"/>
  <testcase name="verifyYesOptionMoveDeleteInSettingsTab" time="2.724" classname="com.focus.testcases.MasterAccountsTest"/>
  <testcase name="verifyAccountMasterDisplayInMainPageGridAccountsMaster" time="0.794" classname="com.focus.testcases.MasterAccountsTest"/>
  <testcase name="checkPreviewOption" time="2.024" classname="com.focus.testcases.MasterAccountsTest"/>
  <testcase name="verifyCustomizeMasterTabMasterFieldsOptionAfterAddingTabs" time="3.784" classname="com.focus.testcases.MasterAccountsTest"/>
  <testcase name="verifySaveAccountByUsingCloneOption" time="7.109" classname="com.focus.testcases.MasterAccountsTest"/>
  <testcase name="verifyMoveDeleteInSettingsTab" time="3.697" classname="com.focus.testcases.MasterAccountsTest"/>
  <testcase name="verifyUnHideAccountGroupsDisplayOptionsAccountsMaster" time="0.707" classname="com.focus.testcases.MasterAccountsTest"/>
  <testcase name="verifyGeneralTabOptionsButton" time="0.957" classname="com.focus.testcases.MasterAccountsTest"/>
  <testcase name="verifyDefaultFieldMoveInSettingsTab" time="6.875" classname="com.focus.testcases.MasterAccountsTest"/>
  <testcase name="verifyPrintLayoutTabInCustomizeMaster" time="3.839" classname="com.focus.testcases.MasterAccountsTest"/>
  <testcase name="verifyPropertiesOptionForAccountGroup" time="10.954" classname="com.focus.testcases.MasterAccountsTest"/>
  <testcase name="verifyAccountDisplayInAccountGridBeforeCustomization" time="3.740" classname="com.focus.testcases.MasterAccountsTest"/>
  <testcase name="verifySettingsTabHeaderFieldsInCustomizeMaster" time="0.795" classname="com.focus.testcases.MasterAccountsTest"/>
  <testcase name="verifyPrintlayoutTabOnClickOnNewButtonBeforeCustomization" time="1.436" classname="com.focus.testcases.MasterAccountsTest"/>
  <testcase name="verifyUniqueContraintsOfHeaderFieldsInCustomizeMaster" time="3.832" classname="com.focus.testcases.MasterAccountsTest"/>
  <testcase name="verifySettingsTabInPreviewOption" time="1.526" classname="com.focus.testcases.MasterAccountsTest"/>
  <testcase name="verifyCancelButtonInDeleteAccount" time="2.736" classname="com.focus.testcases.MasterAccountsTest"/>
</testsuite> <!-- com.focus.testcases.MasterAccountsTest -->
