<?xml version="1.0" encoding="UTF-8"?>
<!-- Generated by org.testng.reporters.JUnitReportReporter -->
<testsuite hostname="Focus-QA-4" name="com.focus.testcases.MasterWarehouseTest" tests="53" failures="0" timestamp="29 Aug 2019 09:43:49 GMT" time="306.786" errors="1">
  <testcase name="verifyUpdatedWarehouseGroupDisplayInWarehouseGrid" time="0.393" classname="com.focus.testcases.MasterWarehouseTest"/>
  <testcase name="verifyCreateViewToggleOptionsWarehouseMenu" time="0.493" classname="com.focus.testcases.MasterWarehouseTest"/>
  <testcase name="verifyDeleteWarehouseDisplayBeforeCustomization" time="0.392" classname="com.focus.testcases.MasterWarehouseTest"/>
  <testcase name="verifySaveWarehouseUsingCopyAndPaste" time="5.192" classname="com.focus.testcases.MasterWarehouseTest"/>
  <testcase name="verifyUpateForNewlyCreateWarehouse" time="8.760" classname="com.focus.testcases.MasterWarehouseTest"/>
  <testcase name="verifyMainPageHeaderFieldsOptionsWarehouseMenu" time="0.745" classname="com.focus.testcases.MasterWarehouseTest"/>
  <testcase name="verifySaveButtonWithInputingMandatoryFields" time="7.935" classname="com.focus.testcases.MasterWarehouseTest"/>
  <testcase name="verifyWarehouseDisplayInUnitsSavingWithCloneMasterCreationOptions" time="0.438" classname="com.focus.testcases.MasterWarehouseTest"/>
  <testcase name="verifyOtherToolsOptionsWarehouseMenu" time="0.865" classname="com.focus.testcases.MasterWarehouseTest"/>
  <testcase name="verifyWarehouseAddGroupNewCreateDisplayInWarehouseGrid" time="0.646" classname="com.focus.testcases.MasterWarehouseTest"/>
  <testcase name="verifySaveButtonWithoutInputCodeMandatoryFieldsInNew" time="0.775" classname="com.focus.testcases.MasterWarehouseTest"/>
  <testcase name="verifyCustomizeMasterTabMasterFieldsOption" time="3.699" classname="com.focus.testcases.MasterWarehouseTest"/>
  <testcase name="verifyUpdatedMasterWarehouseDisplayInGrid" time="0.412" classname="com.focus.testcases.MasterWarehouseTest"/>
  <testcase name="verifyBinsAddGroupCreationScreenAfterSaving" time="5.725" classname="com.focus.testcases.MasterWarehouseTest"/>
  <testcase name="verifyToolsOptionsWarehouseMenu" time="0.829" classname="com.focus.testcases.MasterWarehouseTest"/>
  <testcase name="verifyWarehouseDisplaySavingWithCopyAndPaste" time="0.478" classname="com.focus.testcases.MasterWarehouseTest"/>
  <testcase name="verifyCloseBtnOpenWarehouseMasterUpdateWarehouse" time="20.624" classname="com.focus.testcases.MasterWarehouseTest"/>
  <testcase name="verifySaveButtonWithoutInputCodeMandatoryFieldsInAddGroupOption" time="0.872" classname="com.focus.testcases.MasterWarehouseTest"/>
  <testcase name="verifyUpateForNewlyCreateAddGroupWarehouse" time="4.856" classname="com.focus.testcases.MasterWarehouseTest"/>
  <testcase name="verifyGeneralTabOptionHeaderDetailsTabInCustomizeMaster" time="3.706" classname="com.focus.testcases.MasterWarehouseTest"/>
  <testcase name="verifyOkInDeleteValidationMessage" time="4.633" classname="com.focus.testcases.MasterWarehouseTest"/>
  <testcase name="verifyInActiveBySelectingOkButtonInPropertiesOptionForWrehouse" time="7.919" classname="com.focus.testcases.MasterWarehouseTest"/>
  <testcase name="verifyWarehouseFirstLevel" time="0.839" classname="com.focus.testcases.MasterWarehouseTest"/>
  <testcase name="verifySaveWarehouseInWarehouseGroup" time="6.970" classname="com.focus.testcases.MasterWarehouseTest"/>
  <testcase name="verifyNewButton" time="0.871" classname="com.focus.testcases.MasterWarehouseTest"/>
  <testcase name="verifySaveButtonWithoutInputNameMandatoryFieldsInNew" time="3.664" classname="com.focus.testcases.MasterWarehouseTest"/>
  <testcase name="verifyHideAccountGroupsOptionsWarehouseMenu" time="0.539" classname="com.focus.testcases.MasterWarehouseTest"/>
  <testcase name="verifySearchOptionsInMainPageHeaderFieldsOptionsWarehouseMenu" time="0.508" classname="com.focus.testcases.MasterWarehouseTest"/>
  <testcase name="verifyOpenWarehouseMenu" time="3.615" classname="com.focus.testcases.MasterWarehouseTest"/>
  <testcase name="verifyWarehouseMasterProperties" time="3.798" classname="com.focus.testcases.MasterWarehouseTest"/>
  <testcase name="verifyUnitDisplayInUnitsSavingWithCloneMasterOptions" time="0.393" classname="com.focus.testcases.MasterWarehouseTest"/>
  <testcase name="verifyCustomizeMasterTabOption" time="10.294" classname="com.focus.testcases.MasterWarehouseTest"/>
  <testcase name="checkWarehouseCreationScreenAfterSaving" time="0.591" classname="com.focus.testcases.MasterWarehouseTest"/>
  <testcase name="verifyEditOptionForNewlyCreateAddGroupWarehouse" time="0.867" classname="com.focus.testcases.MasterWarehouseTest"/>
  <testcase name="verifyEditOptionForNewlyCreatedWarehouse" time="0.922" classname="com.focus.testcases.MasterWarehouseTest"/>
  <testcase name="verifySaveButtonWithoutInputNameMandatoryFieldsInAddGroupOption" time="0.659" classname="com.focus.testcases.MasterWarehouseTest"/>
  <testcase name="verifyCloseOptionInWarehouseCreation" time="3.605" classname="com.focus.testcases.MasterWarehouseTest"/>
  <testcase name="verifyUpdateCreatedFieldInCreateCreateTabDisplayInCustomizeTab" time="10.534" classname="com.focus.testcases.MasterWarehouseTest"/>
  <testcase name="verifySaveButtonInAddGroupWithInputingMandatoryFields" time="3.041" classname="com.focus.testcases.MasterWarehouseTest"/>
  <testcase name="verifyAddGroupButton" time="0.902" classname="com.focus.testcases.MasterWarehouseTest"/>
  <testcase name="verifyNewlyCreatedWarehouseDisplayInGrid" time="3.602" classname="com.focus.testcases.MasterWarehouseTest"/>
  <testcase name="checkCloseBtnInWarehouseMaster" time="3.700" classname="com.focus.testcases.MasterWarehouseTest"/>
  <testcase name="verifyCreateTreeToggleOptionsWarehouseMenu" time="0.588" classname="com.focus.testcases.MasterWarehouseTest"/>
  <testcase name="verifyGeneralTabOptionMainTabInCustomizeMaster" time="3.820" classname="com.focus.testcases.MasterWarehouseTest"/>
  <testcase name="verifyEditBinInMainTabInCustomizeMaster" time="3.964" classname="com.focus.testcases.MasterWarehouseTest"/>
  <testcase name="verifyCloneButtonAndSaveInWarehouseMasterCreation" time="107.240" classname="com.focus.testcases.MasterWarehouseTest">
    <error type="org.openqa.selenium.TimeoutException" message="Expected condition failed: waiting for element to be clickable: [[ChromeDriver: chrome on XP (db990147b969f11287c237fd27964996)] -&gt; xpath: //div[@id=&#039;idGlobalError&#039;]] (tried for 90 second(s) with 500 milliseconds interval)
Build info: version: &#039;3.12.0&#039;, revision: &#039;7c6e0b3&#039;, time: &#039;2018-05-08T14:04:26.12Z&#039;
System info: host: &#039;FOCUS-QA-4&#039;, ip: &#039;192.168.5.29&#039;, os.name: &#039;Windows 10&#039;, os.arch: &#039;amd64&#039;, os.version: &#039;10.0&#039;, java.version: &#039;1.8.0_65&#039;
Driver info: org.openqa.selenium.chrome.ChromeDriver
Capabilities {acceptInsecureCerts: false, browserName: chrome, browserVersion: 76.0.3809.100, chrome: {chromedriverVersion: 76.0.3809.68 (420c9498db8ce..., userDataDir: C:\Users\ADMINI~1.FOC\AppDa...}, goog:chromeOptions: {debuggerAddress: localhost:25674}, javascriptEnabled: true, networkConnectionEnabled: false, pageLoadStrategy: normal, platform: XP, platformName: XP, proxy: Proxy(), setWindowRect: true, strictFileInteractability: false, timeouts: {implicit: 0, pageLoad: 300000, script: 30000}, unhandledPromptBehavior: dismiss and notify}
Session ID: db990147b969f11287c237fd27964996">
      <![CDATA[org.openqa.selenium.TimeoutException: Expected condition failed: waiting for element to be clickable: [[ChromeDriver: chrome on XP (db990147b969f11287c237fd27964996)] -> xpath: //div[@id='idGlobalError']] (tried for 90 second(s) with 500 milliseconds interval)
Build info: version: '3.12.0', revision: '7c6e0b3', time: '2018-05-08T14:04:26.12Z'
System info: host: 'FOCUS-QA-4', ip: '192.168.5.29', os.name: 'Windows 10', os.arch: 'amd64', os.version: '10.0', java.version: '1.8.0_65'
Driver info: org.openqa.selenium.chrome.ChromeDriver
Capabilities {acceptInsecureCerts: false, browserName: chrome, browserVersion: 76.0.3809.100, chrome: {chromedriverVersion: 76.0.3809.68 (420c9498db8ce..., userDataDir: C:\Users\ADMINI~1.FOC\AppDa...}, goog:chromeOptions: {debuggerAddress: localhost:25674}, javascriptEnabled: true, networkConnectionEnabled: false, pageLoadStrategy: normal, platform: XP, platformName: XP, proxy: Proxy(), setWindowRect: true, strictFileInteractability: false, timeouts: {implicit: 0, pageLoad: 300000, script: 30000}, unhandledPromptBehavior: dismiss and notify}
Session ID: db990147b969f11287c237fd27964996
	at org.openqa.selenium.support.ui.WebDriverWait.timeoutException(WebDriverWait.java:81)
	at org.openqa.selenium.support.ui.FluentWait.until(FluentWait.java:271)
	at com.focus.Pages.MasterWarehousePage.checkCloneButtonAndSaveInWarehouseMasterCreation(MasterWarehousePage.java:1362)
	at com.focus.testcases.MasterWarehouseTest.verifyCloneButtonAndSaveInWarehouseMasterCreation(MasterWarehouseTest.java:190)
	at sun.reflect.NativeMethodAccessorImpl.invoke0(Native Method)
	at sun.reflect.NativeMethodAccessorImpl.invoke(NativeMethodAccessorImpl.java:62)
	at sun.reflect.DelegatingMethodAccessorImpl.invoke(DelegatingMethodAccessorImpl.java:43)
	at java.lang.reflect.Method.invoke(Method.java:497)
	at org.testng.internal.MethodInvocationHelper.invokeMethod(MethodInvocationHelper.java:86)
	at org.testng.internal.Invoker.invokeMethod(Invoker.java:643)
	at org.testng.internal.Invoker.invokeTestMethod(Invoker.java:820)
	at org.testng.internal.Invoker.invokeTestMethods(Invoker.java:1128)
	at org.testng.internal.TestMethodWorker.invokeTestMethods(TestMethodWorker.java:129)
	at org.testng.internal.TestMethodWorker.run(TestMethodWorker.java:112)
	at org.testng.TestRunner.privateRun(TestRunner.java:782)
	at org.testng.TestRunner.run(TestRunner.java:632)
	at org.testng.SuiteRunner.runTest(SuiteRunner.java:366)
	at org.testng.SuiteRunner.runSequentially(SuiteRunner.java:361)
	at org.testng.SuiteRunner.privateRun(SuiteRunner.java:319)
	at org.testng.SuiteRunner.run(SuiteRunner.java:268)
	at org.testng.SuiteRunnerWorker.runSuite(SuiteRunnerWorker.java:52)
	at org.testng.SuiteRunnerWorker.run(SuiteRunnerWorker.java:86)
	at org.testng.TestNG.runSuitesSequentially(TestNG.java:1244)
	at org.testng.TestNG.runSuitesLocally(TestNG.java:1169)
	at org.testng.TestNG.run(TestNG.java:1064)
	at org.testng.remote.AbstractRemoteTestNG.run(AbstractRemoteTestNG.java:114)
	at org.testng.remote.RemoteTestNG.initAndRun(RemoteTestNG.java:251)
	at org.testng.remote.RemoteTestNG.main(RemoteTestNG.java:77)
]]>
    </error>
  </testcase> <!-- verifyCloneButtonAndSaveInWarehouseMasterCreation -->
  <testcase name="verifyCopyOptionByPasteOptionWithNewButton" time="7.382" classname="com.focus.testcases.MasterWarehouseTest"/>
  <testcase name="verifyTreeViewOptionsWarehouseMenu" time="0.494" classname="com.focus.testcases.MasterWarehouseTest"/>
  <testcase name="checkCloneButtonAndSaveInWarehoueMasterOptions" time="11.604" classname="com.focus.testcases.MasterWarehouseTest"/>
  <testcase name="verifyCreateNewWarehouseForDeleteOptionValidationMessage" time="16.827" classname="com.focus.testcases.MasterWarehouseTest"/>
  <testcase name="verifyClickOnGroupToDisplayEmpty" time="1.132" classname="com.focus.testcases.MasterWarehouseTest"/>
  <testcase name="checkMainOptionsWarehouseMenu" time="0.641" classname="com.focus.testcases.MasterWarehouseTest"/>
  <testcase name="checkEditMasterUpdateWarehouse" time="12.793" classname="com.focus.testcases.MasterWarehouseTest"/>
</testsuite> <!-- com.focus.testcases.MasterWarehouseTest -->
