<?xml version="1.0" encoding="UTF-8"?>
<!-- Generated by org.testng.reporters.JUnitReportReporter -->
<testsuite hostname="Focus-QA-4" name="com.focus.testcases.MasterUnitTest" tests="49" failures="0" timestamp="19 Oct 2019 10:47:30 GMT" time="393.617" errors="1">
  <testcase name="verifyUnitsConversionTitle" time="9.167" classname="com.focus.testcases.MasterUnitTest"/>
  <testcase name="verifyInActiveBySelectingOkButtonInPropertiesOptionForAccount" time="8.212" classname="com.focus.testcases.MasterUnitTest"/>
  <testcase name="verifyLoadFromWithSaveOption" time="13.579" classname="com.focus.testcases.MasterUnitTest"/>
  <testcase name="verifyUpateForNewlyCreateAccountBeforeCustomiztaion" time="8.260" classname="com.focus.testcases.MasterUnitTest"/>
  <testcase name="verifySaveButtonWithoutInputXFactor" time="13.565" classname="com.focus.testcases.MasterUnitTest"/>
  <testcase name="verifyOkInDeleteValidationMessage" time="95.452" classname="com.focus.testcases.MasterUnitTest">
    <error type="org.openqa.selenium.TimeoutException" message="Expected condition failed: waiting for element to be clickable: [[ChromeDriver: chrome on XP (7b48fbe6467c96ceaf5ecd65196c6af2)] -&gt; xpath: //div[@id=&#039;idGlobalError&#039;]] (tried for 90 second(s) with 500 milliseconds interval)
Build info: version: &#039;3.12.0&#039;, revision: &#039;7c6e0b3&#039;, time: &#039;2018-05-08T14:04:26.12Z&#039;
System info: host: &#039;FOCUS-QA-4&#039;, ip: &#039;192.168.4.127&#039;, os.name: &#039;Windows 10&#039;, os.arch: &#039;amd64&#039;, os.version: &#039;10.0&#039;, java.version: &#039;1.8.0_65&#039;
Driver info: org.openqa.selenium.chrome.ChromeDriver
Capabilities {acceptInsecureCerts: false, browserName: chrome, browserVersion: 77.0.3865.120, chrome: {chromedriverVersion: 76.0.3809.68 (420c9498db8ce..., userDataDir: C:\Users\ADMINI~1.FOC\AppDa...}, goog:chromeOptions: {debuggerAddress: localhost:10209}, javascriptEnabled: true, networkConnectionEnabled: false, pageLoadStrategy: normal, platform: XP, platformName: XP, proxy: Proxy(), setWindowRect: true, strictFileInteractability: false, timeouts: {implicit: 0, pageLoad: 300000, script: 30000}, unhandledPromptBehavior: dismiss and notify}
Session ID: 7b48fbe6467c96ceaf5ecd65196c6af2">
      <![CDATA[org.openqa.selenium.TimeoutException: Expected condition failed: waiting for element to be clickable: [[ChromeDriver: chrome on XP (7b48fbe6467c96ceaf5ecd65196c6af2)] -> xpath: //div[@id='idGlobalError']] (tried for 90 second(s) with 500 milliseconds interval)
Build info: version: '3.12.0', revision: '7c6e0b3', time: '2018-05-08T14:04:26.12Z'
System info: host: 'FOCUS-QA-4', ip: '192.168.4.127', os.name: 'Windows 10', os.arch: 'amd64', os.version: '10.0', java.version: '1.8.0_65'
Driver info: org.openqa.selenium.chrome.ChromeDriver
Capabilities {acceptInsecureCerts: false, browserName: chrome, browserVersion: 77.0.3865.120, chrome: {chromedriverVersion: 76.0.3809.68 (420c9498db8ce..., userDataDir: C:\Users\ADMINI~1.FOC\AppDa...}, goog:chromeOptions: {debuggerAddress: localhost:10209}, javascriptEnabled: true, networkConnectionEnabled: false, pageLoadStrategy: normal, platform: XP, platformName: XP, proxy: Proxy(), setWindowRect: true, strictFileInteractability: false, timeouts: {implicit: 0, pageLoad: 300000, script: 30000}, unhandledPromptBehavior: dismiss and notify}
Session ID: 7b48fbe6467c96ceaf5ecd65196c6af2
	at org.openqa.selenium.support.ui.WebDriverWait.timeoutException(WebDriverWait.java:81)
	at org.openqa.selenium.support.ui.FluentWait.until(FluentWait.java:271)
	at com.focus.Pages.MasterUnitPage.checkOkInDeleteValidationMessage(MasterUnitPage.java:1777)
	at com.focus.testcases.MasterUnitTest.verifyOkInDeleteValidationMessage(MasterUnitTest.java:271)
	at sun.reflect.NativeMethodAccessorImpl.invoke0(Native Method)
	at sun.reflect.NativeMethodAccessorImpl.invoke(NativeMethodAccessorImpl.java:62)
	at sun.reflect.DelegatingMethodAccessorImpl.invoke(DelegatingMethodAccessorImpl.java:43)
	at java.lang.reflect.Method.invoke(Method.java:497)
	at org.testng.internal.MethodInvocationHelper.invokeMethod(MethodInvocationHelper.java:86)
	at org.testng.internal.Invoker.invokeMethod(Invoker.java:643)
	at org.testng.internal.Invoker.invokeTestMethod(Invoker.java:820)
	at org.testng.internal.Invoker.invokeTestMethods(Invoker.java:1128)
	at org.testng.internal.TestMethodWorker.invokeTestMethods(TestMethodWorker.java:129)
	at org.testng.internal.TestMethodWorker.run(TestMethodWorker.java:112)
	at org.testng.TestRunner.privateRun(TestRunner.java:782)
	at org.testng.TestRunner.run(TestRunner.java:632)
	at org.testng.SuiteRunner.runTest(SuiteRunner.java:366)
	at org.testng.SuiteRunner.runSequentially(SuiteRunner.java:361)
	at org.testng.SuiteRunner.privateRun(SuiteRunner.java:319)
	at org.testng.SuiteRunner.run(SuiteRunner.java:268)
	at org.testng.SuiteRunnerWorker.runSuite(SuiteRunnerWorker.java:52)
	at org.testng.SuiteRunnerWorker.run(SuiteRunnerWorker.java:86)
	at org.testng.TestNG.runSuitesSequentially(TestNG.java:1244)
	at org.testng.TestNG.runSuitesLocally(TestNG.java:1169)
	at org.testng.TestNG.run(TestNG.java:1064)
	at org.testng.remote.AbstractRemoteTestNG.run(AbstractRemoteTestNG.java:114)
	at org.testng.remote.RemoteTestNG.initAndRun(RemoteTestNG.java:251)
	at org.testng.remote.RemoteTestNG.main(RemoteTestNG.java:77)
]]>
    </error>
  </testcase> <!-- verifyOkInDeleteValidationMessage -->
  <testcase name="verifySearchOptionsInMainPageHeaderFieldsOptionsAccountsMenu" time="0.695" classname="com.focus.testcases.MasterUnitTest"/>
  <testcase name="verifyUnitsCreationScreenAfterSavingBeforeCustomization" time="0.849" classname="com.focus.testcases.MasterUnitTest"/>
  <testcase name="verifySaveButtonWithInputingMandatoryFieldsBeforeCustomization" time="8.022" classname="com.focus.testcases.MasterUnitTest"/>
  <testcase name="verifyNewButtonBeforeCustomization" time="1.157" classname="com.focus.testcases.MasterUnitTest"/>
  <testcase name="verifyUnitDisplayInUnitsSavingWithCopyAndPaste" time="0.761" classname="com.focus.testcases.MasterUnitTest"/>
  <testcase name="verifyHideAccountGroupsOptionsAccountsMenu" time="0.637" classname="com.focus.testcases.MasterUnitTest"/>
  <testcase name="verifyNoButtonInDeleteOption" time="0.817" classname="com.focus.testcases.MasterUnitTest"/>
  <testcase name="verifyDeleteAccountDisplayBeforeCustomization" time="0.565" classname="com.focus.testcases.MasterUnitTest"/>
  <testcase name="verifyCreateViewToggleOptionsAccountsMenu" time="0.915" classname="com.focus.testcases.MasterUnitTest"/>
  <testcase name="verifyCreateNewUnitForDeleteOptionValidationMessage" time="11.229" classname="com.focus.testcases.MasterUnitTest"/>
  <testcase name="verifyCloneButtonAndSaveInUnitsMasterOptions" time="12.085" classname="com.focus.testcases.MasterUnitTest"/>
  <testcase name="verifyCloneButtonAndSaveInUnitsMasterCreation" time="11.724" classname="com.focus.testcases.MasterUnitTest"/>
  <testcase name="verifyCloseUnitsMaster" time="4.065" classname="com.focus.testcases.MasterUnitTest"/>
  <testcase name="verifySaveButtonWithoutInputCodeMandatoryFieldsInNewOptionBeforeCustomization" time="0.811" classname="com.focus.testcases.MasterUnitTest"/>
  <testcase name="verifySaveButtonWithoutInputNameMandatoryFieldsInNewOptionBeforeCustomization" time="0.771" classname="com.focus.testcases.MasterUnitTest"/>
  <testcase name="verifyEditOptionForNewlyCreatedUnit" time="1.172" classname="com.focus.testcases.MasterUnitTest"/>
  <testcase name="verifyUpdatedAccountDisplayInAccountGridBeforeCustomization" time="0.528" classname="com.focus.testcases.MasterUnitTest"/>
  <testcase name="verifyDeleteOption" time="5.402" classname="com.focus.testcases.MasterUnitTest"/>
  <testcase name="verifyMainPageHeaderFieldsOptionsAccountsMenu" time="0.799" classname="com.focus.testcases.MasterUnitTest"/>
  <testcase name="verifyUnitsConversionFields" time="0.794" classname="com.focus.testcases.MasterUnitTest"/>
  <testcase name="veriyUnitDisplayInUnitsGridBeforeCustomization" time="3.708" classname="com.focus.testcases.MasterUnitTest"/>
  <testcase name="verifyCreateTreeToggleOptionsAccountsMenu" time="0.794" classname="com.focus.testcases.MasterUnitTest"/>
  <testcase name="verifyCopyOptionByPasteOptionWithNewButton" time="8.454" classname="com.focus.testcases.MasterUnitTest"/>
  <testcase name="verifyEditUnitsConversionWithLoadFomOption" time="23.315" classname="com.focus.testcases.MasterUnitTest"/>
  <testcase name="verifyMainOptionsUnitsMenu" time="0.759" classname="com.focus.testcases.MasterUnitTest"/>
  <testcase name="verifyToolsOptionsAccountsMenu" time="1.167" classname="com.focus.testcases.MasterUnitTest"/>
  <testcase name="verifyCreateNewUnitForProperties" time="12.619" classname="com.focus.testcases.MasterUnitTest"/>
  <testcase name="verifySaveButtonWithAllInputs" time="16.537" classname="com.focus.testcases.MasterUnitTest"/>
  <testcase name="verifyYesButtonInDeleteOption" time="9.226" classname="com.focus.testcases.MasterUnitTest"/>
  <testcase name="verifyUpdateButtonWithAllInputs" time="15.281" classname="com.focus.testcases.MasterUnitTest"/>
  <testcase name="verifySaveButtonWithoutInputBaseUnit" time="0.742" classname="com.focus.testcases.MasterUnitTest"/>
  <testcase name="verifyRowDeleteFieldInExchangeRate" time="7.136" classname="com.focus.testcases.MasterUnitTest"/>
  <testcase name="verifyOtherToolsOptionsAccountsMenu" time="1.081" classname="com.focus.testcases.MasterUnitTest"/>
  <testcase name="verifyYesRowDeleteOptionInExchangeRate" time="0.736" classname="com.focus.testcases.MasterUnitTest"/>
  <testcase name="verifySaveButtonWithoutInputDecimalsFieldMandatoryFieldsInNewOptionBeforeCustomization" time="3.788" classname="com.focus.testcases.MasterUnitTest"/>
  <testcase name="verifyUnitDisplayInUnitsSavingWithCloneMasterCreationOptions" time="0.575" classname="com.focus.testcases.MasterUnitTest"/>
  <testcase name="verifyTreeViewOptionsAccountsMenu" time="0.601" classname="com.focus.testcases.MasterUnitTest"/>
  <testcase name="checkOpenUnitsMenu" time="35.669" classname="com.focus.testcases.MasterUnitTest"/>
  <testcase name="verifySaveButtonWithoutInputUnit" time="10.334" classname="com.focus.testcases.MasterUnitTest"/>
  <testcase name="verifyClearButton" time="1.015" classname="com.focus.testcases.MasterUnitTest"/>
  <testcase name="verifyRowDeleteOptionInExchangeRate" time="0.603" classname="com.focus.testcases.MasterUnitTest"/>
  <testcase name="verifyUnitDisplayInUnitsSavingWithCloneMasterOptions" time="0.542" classname="com.focus.testcases.MasterUnitTest"/>
  <testcase name="verifySaveUnitsConversionWithTwoRows" time="26.902" classname="com.focus.testcases.MasterUnitTest"/>
</testsuite> <!-- com.focus.testcases.MasterUnitTest -->
