<?xml version="1.0" encoding="UTF-8"?>
<!-- Generated by org.testng.reporters.JUnitReportReporter -->
<testsuite hostname="Focus-QA-4" name="com.focus.testcases.HPDashboardTest" tests="89" failures="4" timestamp="19 Oct 2019 10:47:30 GMT" time="363.323" errors="0">
  <testcase name="verifyAlertInDeleteAfterCancelButtonInSelectDashboard" time="6.723" classname="com.focus.testcases.HPDashboardTest"/>
  <testcase name="verifyDeleteAfterClickOnNoGraphInDashlet" time="1.201" classname="com.focus.testcases.HPDashboardTest"/>
  <testcase name="verifyInfoPanelCustomizationOptionsOfDashboards" time="0.633" classname="com.focus.testcases.HPDashboardTest"/>
  <testcase name="verifyYesBtnInDeleteAfterClickOnNoGraphInDashlet" time="0.774" classname="com.focus.testcases.HPDashboardTest"/>
  <testcase name="verifyNewGraphCreatedIsDisplayedInDashlet" time="0.637" classname="com.focus.testcases.HPDashboardTest"/>
  <testcase name="verifyCancelBtnInMessageDeleteOptionInfoPanelDashletInCreatedDashboard" time="6.675" classname="com.focus.testcases.HPDashboardTest"/>
  <testcase name="verifyWorkFlowCustomizationOptionsOfDashboards" time="0.670" classname="com.focus.testcases.HPDashboardTest"/>
  <testcase name="verifyOkBtnInMessageDeleteOptionInfoPanelDashletInCreatedDashboard" time="10.035" classname="com.focus.testcases.HPDashboardTest"/>
  <testcase name="verifyListOfReportNameComboboxInNewReportInDashboard" time="0.613" classname="com.focus.testcases.HPDashboardTest">
    <failure type="java.lang.AssertionError" message="expected [true] but found [false]">
      <![CDATA[java.lang.AssertionError: expected [true] but found [false]
	at org.testng.Assert.fail(Assert.java:94)
	at org.testng.Assert.failNotEquals(Assert.java:513)
	at org.testng.Assert.assertEqualsImpl(Assert.java:135)
	at org.testng.Assert.assertEquals(Assert.java:116)
	at org.testng.Assert.assertEquals(Assert.java:305)
	at org.testng.Assert.assertEquals(Assert.java:315)
	at com.focus.testcases.HPDashboardTest.verifyListOfReportNameComboboxInNewReportInDashboard(HPDashboardTest.java:513)
	at sun.reflect.NativeMethodAccessorImpl.invoke0(Native Method)
	at sun.reflect.NativeMethodAccessorImpl.invoke(NativeMethodAccessorImpl.java:62)
	at sun.reflect.DelegatingMethodAccessorImpl.invoke(DelegatingMethodAccessorImpl.java:43)
	at java.lang.reflect.Method.invoke(Method.java:497)
	at org.testng.internal.MethodInvocationHelper.invokeMethod(MethodInvocationHelper.java:86)
	at org.testng.internal.Invoker.invokeMethod(Invoker.java:643)
	at org.testng.internal.Invoker.invokeTestMethod(Invoker.java:820)
	at org.testng.internal.Invoker.invokeTestMethods(Invoker.java:1128)
	at org.testng.internal.TestMethodWorker.invokeTestMethods(TestMethodWorker.java:129)
	at org.testng.internal.TestMethodWorker.run(TestMethodWorker.java:112)
	at org.testng.TestRunner.privateRun(TestRunner.java:782)
	at org.testng.TestRunner.run(TestRunner.java:632)
	at org.testng.SuiteRunner.runTest(SuiteRunner.java:366)
	at org.testng.SuiteRunner.runSequentially(SuiteRunner.java:361)
	at org.testng.SuiteRunner.privateRun(SuiteRunner.java:319)
	at org.testng.SuiteRunner.run(SuiteRunner.java:268)
	at org.testng.SuiteRunnerWorker.runSuite(SuiteRunnerWorker.java:52)
	at org.testng.SuiteRunnerWorker.run(SuiteRunnerWorker.java:86)
	at org.testng.TestNG.runSuitesSequentially(TestNG.java:1244)
	at org.testng.TestNG.runSuitesLocally(TestNG.java:1169)
	at org.testng.TestNG.run(TestNG.java:1064)
	at org.testng.remote.AbstractRemoteTestNG.run(AbstractRemoteTestNG.java:114)
	at org.testng.remote.RemoteTestNG.initAndRun(RemoteTestNG.java:251)
	at org.testng.remote.RemoteTestNG.main(RemoteTestNG.java:77)
]]>
    </failure>
  </testcase> <!-- verifyListOfReportNameComboboxInNewReportInDashboard -->
  <testcase name="verifyNewGraphDefinitionCustomizationOptionsOfDashboards" time="2.103" classname="com.focus.testcases.HPDashboardTest"/>
  <testcase name="verifyCreateNewGraphOptions" time="3.141" classname="com.focus.testcases.HPDashboardTest"/>
  <testcase name="verifyUpdatedGraphIsDisplayedInDashlet" time="0.633" classname="com.focus.testcases.HPDashboardTest"/>
  <testcase name="verifyAlertDisplayInDeleteDashboardInSelectDashboard" time="0.907" classname="com.focus.testcases.HPDashboardTest"/>
  <testcase name="verifyEditDashboardInSelectDashboard" time="1.192" classname="com.focus.testcases.HPDashboardTest"/>
  <testcase name="verifyDeleteOptionToCreateNewInfoPanel" time="18.009" classname="com.focus.testcases.HPDashboardTest"/>
  <testcase name="verifySettingCustomizeDashBboardInNewOptions" time="1.628" classname="com.focus.testcases.HPDashboardTest"/>
  <testcase name="verifyMandatoryFieldsCheckForSeriesInDefineGraph" time="4.234" classname="com.focus.testcases.HPDashboardTest"/>
  <testcase name="verifyHeaderFieldsOptionsInDashBboardNewOptions" time="4.959" classname="com.focus.testcases.HPDashboardTest"/>
  <testcase name="verifyDragAndDropGraphNew" time="19.876" classname="com.focus.testcases.HPDashboardTest"/>
  <testcase name="verifyInfoPanelInCreatedDashboard" time="0.604" classname="com.focus.testcases.HPDashboardTest"/>
  <testcase name="verifyNewGraphMaxmizedViewCustomizationOptionsOfDashboards" time="1.260" classname="com.focus.testcases.HPDashboardTest"/>
  <testcase name="verifyCreateDashboardWithSetAsDefaultAndActiveOptions" time="2.091" classname="com.focus.testcases.HPDashboardTest"/>
  <testcase name="verifySaveNewReport" time="0.870" classname="com.focus.testcases.HPDashboardTest">
    <failure type="java.lang.AssertionError" message="expected [true] but found [false]">
      <![CDATA[java.lang.AssertionError: expected [true] but found [false]
	at org.testng.Assert.fail(Assert.java:94)
	at org.testng.Assert.failNotEquals(Assert.java:513)
	at org.testng.Assert.assertEqualsImpl(Assert.java:135)
	at org.testng.Assert.assertEquals(Assert.java:116)
	at org.testng.Assert.assertEquals(Assert.java:305)
	at org.testng.Assert.assertEquals(Assert.java:315)
	at com.focus.testcases.HPDashboardTest.verifySaveNewReport(HPDashboardTest.java:567)
	at sun.reflect.NativeMethodAccessorImpl.invoke0(Native Method)
	at sun.reflect.NativeMethodAccessorImpl.invoke(NativeMethodAccessorImpl.java:62)
	at sun.reflect.DelegatingMethodAccessorImpl.invoke(DelegatingMethodAccessorImpl.java:43)
	at java.lang.reflect.Method.invoke(Method.java:497)
	at org.testng.internal.MethodInvocationHelper.invokeMethod(MethodInvocationHelper.java:86)
	at org.testng.internal.Invoker.invokeMethod(Invoker.java:643)
	at org.testng.internal.Invoker.invokeTestMethod(Invoker.java:820)
	at org.testng.internal.Invoker.invokeTestMethods(Invoker.java:1128)
	at org.testng.internal.TestMethodWorker.invokeTestMethods(TestMethodWorker.java:129)
	at org.testng.internal.TestMethodWorker.run(TestMethodWorker.java:112)
	at org.testng.TestRunner.privateRun(TestRunner.java:782)
	at org.testng.TestRunner.run(TestRunner.java:632)
	at org.testng.SuiteRunner.runTest(SuiteRunner.java:366)
	at org.testng.SuiteRunner.runSequentially(SuiteRunner.java:361)
	at org.testng.SuiteRunner.privateRun(SuiteRunner.java:319)
	at org.testng.SuiteRunner.run(SuiteRunner.java:268)
	at org.testng.SuiteRunnerWorker.runSuite(SuiteRunnerWorker.java:52)
	at org.testng.SuiteRunnerWorker.run(SuiteRunnerWorker.java:86)
	at org.testng.TestNG.runSuitesSequentially(TestNG.java:1244)
	at org.testng.TestNG.runSuitesLocally(TestNG.java:1169)
	at org.testng.TestNG.run(TestNG.java:1064)
	at org.testng.remote.AbstractRemoteTestNG.run(AbstractRemoteTestNG.java:114)
	at org.testng.remote.RemoteTestNG.initAndRun(RemoteTestNG.java:251)
	at org.testng.remote.RemoteTestNG.main(RemoteTestNG.java:77)
]]>
    </failure>
  </testcase> <!-- verifySaveNewReport -->
  <testcase name="verifyInputMasterInReportNameOptionIsSelected" time="5.946" classname="com.focus.testcases.HPDashboardTest">
    <failure type="java.lang.AssertionError" message="expected [true] but found [false]">
      <![CDATA[java.lang.AssertionError: expected [true] but found [false]
	at org.testng.Assert.fail(Assert.java:94)
	at org.testng.Assert.failNotEquals(Assert.java:513)
	at org.testng.Assert.assertEqualsImpl(Assert.java:135)
	at org.testng.Assert.assertEquals(Assert.java:116)
	at org.testng.Assert.assertEquals(Assert.java:305)
	at org.testng.Assert.assertEquals(Assert.java:315)
	at com.focus.testcases.HPDashboardTest.verifyInputMasterInReportNameOptionIsSelected(HPDashboardTest.java:558)
	at sun.reflect.NativeMethodAccessorImpl.invoke0(Native Method)
	at sun.reflect.NativeMethodAccessorImpl.invoke(NativeMethodAccessorImpl.java:62)
	at sun.reflect.DelegatingMethodAccessorImpl.invoke(DelegatingMethodAccessorImpl.java:43)
	at java.lang.reflect.Method.invoke(Method.java:497)
	at org.testng.internal.MethodInvocationHelper.invokeMethod(MethodInvocationHelper.java:86)
	at org.testng.internal.Invoker.invokeMethod(Invoker.java:643)
	at org.testng.internal.Invoker.invokeTestMethod(Invoker.java:820)
	at org.testng.internal.Invoker.invokeTestMethods(Invoker.java:1128)
	at org.testng.internal.TestMethodWorker.invokeTestMethods(TestMethodWorker.java:129)
	at org.testng.internal.TestMethodWorker.run(TestMethodWorker.java:112)
	at org.testng.TestRunner.privateRun(TestRunner.java:782)
	at org.testng.TestRunner.run(TestRunner.java:632)
	at org.testng.SuiteRunner.runTest(SuiteRunner.java:366)
	at org.testng.SuiteRunner.runSequentially(SuiteRunner.java:361)
	at org.testng.SuiteRunner.privateRun(SuiteRunner.java:319)
	at org.testng.SuiteRunner.run(SuiteRunner.java:268)
	at org.testng.SuiteRunnerWorker.runSuite(SuiteRunnerWorker.java:52)
	at org.testng.SuiteRunnerWorker.run(SuiteRunnerWorker.java:86)
	at org.testng.TestNG.runSuitesSequentially(TestNG.java:1244)
	at org.testng.TestNG.runSuitesLocally(TestNG.java:1169)
	at org.testng.TestNG.run(TestNG.java:1064)
	at org.testng.remote.AbstractRemoteTestNG.run(AbstractRemoteTestNG.java:114)
	at org.testng.remote.RemoteTestNG.initAndRun(RemoteTestNG.java:251)
	at org.testng.remote.RemoteTestNG.main(RemoteTestNG.java:77)
]]>
    </failure>
  </testcase> <!-- verifyInputMasterInReportNameOptionIsSelected -->
  <testcase name="verifyDashBboardNewOptions" time="1.152" classname="com.focus.testcases.HPDashboardTest"/>
  <testcase name="verifyMandatoryFieldsInNewReportInDashboard" time="3.841" classname="com.focus.testcases.HPDashboardTest"/>
  <testcase name="verifyAlertForCreateDashboardWithNoSetActiveSetAsDefault" time="2.015" classname="com.focus.testcases.HPDashboardTest"/>
  <testcase name="verifySaveWithMandatoryFieldsInDefineGraph" time="4.552" classname="com.focus.testcases.HPDashboardTest"/>
  <testcase name="verifyInfoPanelAndTheDefinitionInCreateDashlet" time="7.707" classname="com.focus.testcases.HPDashboardTest"/>
  <testcase name="verifySharedUsersOptionsInDashBboardNewOptions" time="0.576" classname="com.focus.testcases.HPDashboardTest"/>
  <testcase name="verifyCancelAfterCreatingAllDashboards" time="0.611" classname="com.focus.testcases.HPDashboardTest"/>
  <testcase name="verifySaveInfoPanel" time="1.110" classname="com.focus.testcases.HPDashboardTest"/>
  <testcase name="verifyOkInAlertOnCreationDashboardWithSetAsDefault" time="3.768" classname="com.focus.testcases.HPDashboardTest"/>
  <testcase name="verifyEditGraphCreatedIsDisplayedInDashlet" time="2.009" classname="com.focus.testcases.HPDashboardTest"/>
  <testcase name="verifyAlertClickOnOkBtnInDeleteAfterCancelButtonInSelectDashboard" time="0.666" classname="com.focus.testcases.HPDashboardTest">
    <failure type="java.lang.AssertionError" message="expected [true] but found [false]">
      <![CDATA[java.lang.AssertionError: expected [true] but found [false]
	at org.testng.Assert.fail(Assert.java:94)
	at org.testng.Assert.failNotEquals(Assert.java:513)
	at org.testng.Assert.assertEqualsImpl(Assert.java:135)
	at org.testng.Assert.assertEquals(Assert.java:116)
	at org.testng.Assert.assertEquals(Assert.java:305)
	at org.testng.Assert.assertEquals(Assert.java:315)
	at com.focus.testcases.HPDashboardTest.verifyAlertClickOnOkBtnInDeleteAfterCancelButtonInSelectDashboard(HPDashboardTest.java:288)
	at sun.reflect.NativeMethodAccessorImpl.invoke0(Native Method)
	at sun.reflect.NativeMethodAccessorImpl.invoke(NativeMethodAccessorImpl.java:62)
	at sun.reflect.DelegatingMethodAccessorImpl.invoke(DelegatingMethodAccessorImpl.java:43)
	at java.lang.reflect.Method.invoke(Method.java:497)
	at org.testng.internal.MethodInvocationHelper.invokeMethod(MethodInvocationHelper.java:86)
	at org.testng.internal.Invoker.invokeMethod(Invoker.java:643)
	at org.testng.internal.Invoker.invokeTestMethod(Invoker.java:820)
	at org.testng.internal.Invoker.invokeTestMethods(Invoker.java:1128)
	at org.testng.internal.TestMethodWorker.invokeTestMethods(TestMethodWorker.java:129)
	at org.testng.internal.TestMethodWorker.run(TestMethodWorker.java:112)
	at org.testng.TestRunner.privateRun(TestRunner.java:782)
	at org.testng.TestRunner.run(TestRunner.java:632)
	at org.testng.SuiteRunner.runTest(SuiteRunner.java:366)
	at org.testng.SuiteRunner.runSequentially(SuiteRunner.java:361)
	at org.testng.SuiteRunner.privateRun(SuiteRunner.java:319)
	at org.testng.SuiteRunner.run(SuiteRunner.java:268)
	at org.testng.SuiteRunnerWorker.runSuite(SuiteRunnerWorker.java:52)
	at org.testng.SuiteRunnerWorker.run(SuiteRunnerWorker.java:86)
	at org.testng.TestNG.runSuitesSequentially(TestNG.java:1244)
	at org.testng.TestNG.runSuitesLocally(TestNG.java:1169)
	at org.testng.TestNG.run(TestNG.java:1064)
	at org.testng.remote.AbstractRemoteTestNG.run(AbstractRemoteTestNG.java:114)
	at org.testng.remote.RemoteTestNG.initAndRun(RemoteTestNG.java:251)
	at org.testng.remote.RemoteTestNG.main(RemoteTestNG.java:77)
]]>
    </failure>
  </testcase> <!-- verifyAlertClickOnOkBtnInDeleteAfterCancelButtonInSelectDashboard -->
  <testcase name="verifyOkInAlertForCreateDashboardWithNoSetActiveSetAsDefault" time="0.651" classname="com.focus.testcases.HPDashboardTest"/>
  <testcase name="verifyCancelInDashBboardNewOptions" time="0.675" classname="com.focus.testcases.HPDashboardTest"/>
  <testcase name="verifyGraphCustomizationOptionsOfDashboards" time="0.681" classname="com.focus.testcases.HPDashboardTest"/>
  <testcase name="verifyDisplayNewGraphAfterDelete" time="0.795" classname="com.focus.testcases.HPDashboardTest"/>
  <testcase name="verifyNoBtnInDeleteGraphInDashlet" time="0.677" classname="com.focus.testcases.HPDashboardTest"/>
  <testcase name="verifyInfoTypeInInfoPanelInCreateDashlet" time="0.655" classname="com.focus.testcases.HPDashboardTest"/>
  <testcase name="verifyNewGraphPropertiesCustomizationOptionsOfDashboards" time="1.369" classname="com.focus.testcases.HPDashboardTest"/>
  <testcase name="verifySecurityOptionsInDashBboardNewOptions" time="0.614" classname="com.focus.testcases.HPDashboardTest"/>
  <testcase name="verifySaveDashboardAfterDeleteDashletAddToDashboard" time="20.287" classname="com.focus.testcases.HPDashboardTest"/>
  <testcase name="verifyMandatoryFieldsCheckForNameInDefineGraph" time="4.911" classname="com.focus.testcases.HPDashboardTest"/>
  <testcase name="verifyInfoTypeOptionVariableInStandardValue" time="0.865" classname="com.focus.testcases.HPDashboardTest"/>
  <testcase name="verifyCancelInAlertOnCreationDashboardWithSetAsDefault" time="3.672" classname="com.focus.testcases.HPDashboardTest"/>
  <testcase name="verifyUpdateGraphCreatedIsMessageDisplayedInDashlet" time="1.187" classname="com.focus.testcases.HPDashboardTest"/>
  <testcase name="verifyDeleteOptionDisplayInDeleteDashletInCreatedDashboard" time="3.996" classname="com.focus.testcases.HPDashboardTest"/>
  <testcase name="verifyDeleteDashboardInSelectDashboard" time="0.653" classname="com.focus.testcases.HPDashboardTest"/>
  <testcase name="verifyActiveDashboardsDisplayInSelectDashboard" time="41.225" classname="com.focus.testcases.HPDashboardTest"/>
  <testcase name="verifyMandatoryCheckInInfoPanelInCreateDashlet" time="0.914" classname="com.focus.testcases.HPDashboardTest"/>
  <testcase name="verifySaveInDashBboardNewOptions" time="1.152" classname="com.focus.testcases.HPDashboardTest"/>
  <testcase name="verifyInfoPanelAndTheMaxmizedViewInCreateDashlet" time="9.742" classname="com.focus.testcases.HPDashboardTest"/>
  <testcase name="verifyReportCustomizationOptionsOfDashboards" time="0.643" classname="com.focus.testcases.HPDashboardTest"/>
  <testcase name="verifyDragAndDropSaveNewReportInCreateDashlet" time="20.736" classname="com.focus.testcases.HPDashboardTest"/>
  <testcase name="verifyInfoPanelAndThePropertiesTabInCreateDashlet" time="1.299" classname="com.focus.testcases.HPDashboardTest"/>
  <testcase name="verifyBodyFieldsOptionsInDashBboardNewOptions" time="4.932" classname="com.focus.testcases.HPDashboardTest"/>
  <testcase name="verifyDashletNewReportInDashboard" time="16.661" classname="com.focus.testcases.HPDashboardTest"/>
  <testcase name="verifyMessageDeleteOptionInfoPanelDashletInCreatedDashboard" time="3.709" classname="com.focus.testcases.HPDashboardTest"/>
  <testcase name="verifyAlertOnCreationOfDashboardWithSetAsDefaultOption" time="7.750" classname="com.focus.testcases.HPDashboardTest"/>
  <testcase name="verifyFooterFieldsOptionsInDashBboardNewOptions" time="4.913" classname="com.focus.testcases.HPDashboardTest"/>
  <testcase name="verifyDashletGraphCreatedInDashboard" time="0.532" classname="com.focus.testcases.HPDashboardTest"/>
  <testcase name="verifyInfoPanelSavInCreateDashlet" time="0.646" classname="com.focus.testcases.HPDashboardTest"/>
  <testcase name="verifyDashboardNameInEditAfterDashboard" time="0.858" classname="com.focus.testcases.HPDashboardTest"/>
  <testcase name="verifySearchMasterInReportNameOptionIsSelected" time="3.592" classname="com.focus.testcases.HPDashboardTest"/>
  <testcase name="verifySaveNewGraphAfterDelete" time="1.677" classname="com.focus.testcases.HPDashboardTest"/>
  <testcase name="verifyRolesOptionsInDashBboardNewOptions" time="0.565" classname="com.focus.testcases.HPDashboardTest"/>
  <testcase name="verifyDashBboardOptions" time="15.654" classname="com.focus.testcases.HPDashboardTest"/>
  <testcase name="verifyMandatoryCheckVariableInInfoPanelInCreateDashlet" time="1.105" classname="com.focus.testcases.HPDashboardTest"/>
  <testcase name="verifySaveWithoutSelectingMasterInReportNameInReportNameOptionIsSelected" time="0.920" classname="com.focus.testcases.HPDashboardTest"/>
  <testcase name="verifyInfoTypeOptionAsQuery" time="3.965" classname="com.focus.testcases.HPDashboardTest"/>
  <testcase name="verifyCustomizationOptionsOfDashboards" time="0.988" classname="com.focus.testcases.HPDashboardTest"/>
  <testcase name="verifyAlertAfterClickOnCancelAndClickOnSaveButton" time="3.713" classname="com.focus.testcases.HPDashboardTest"/>
  <testcase name="verifyCustomizationOptionWithoutSelectingDashboard" time="0.582" classname="com.focus.testcases.HPDashboardTest"/>
  <testcase name="verifyDragAndPanelInfoPanelSavInCreateDashlet" time="20.387" classname="com.focus.testcases.HPDashboardTest"/>
  <testcase name="verifySelectedReportNameInReportNameOptionIsSelected" time="3.263" classname="com.focus.testcases.HPDashboardTest"/>
  <testcase name="verifyDeleteGraphInDashlet" time="4.665" classname="com.focus.testcases.HPDashboardTest"/>
  <testcase name="verifySaveDashboardInSelectDashboard" time="0.706" classname="com.focus.testcases.HPDashboardTest"/>
  <testcase name="verifyStandardFieldsInCustomizeDashBboardInNewOptions" time="0.877" classname="com.focus.testcases.HPDashboardTest"/>
  <testcase name="verifyEditDescriptionInEditDashboard" time="0.906" classname="com.focus.testcases.HPDashboardTest"/>
  <testcase name="verifyRefreshDashboardCreatingAllDashboards" time="5.869" classname="com.focus.testcases.HPDashboardTest"/>
  <testcase name="verifyUpadtedDescriptionInEditAfterUpdatinhDashboard" time="0.798" classname="com.focus.testcases.HPDashboardTest"/>
  <testcase name="verifyInfoTypeOptionAsDefine" time="0.975" classname="com.focus.testcases.HPDashboardTest"/>
  <testcase name="verifyAlertCancelInDeleteDashboardInSelectDashboard" time="3.669" classname="com.focus.testcases.HPDashboardTest"/>
  <testcase name="verifySaveWithoutInputMandatoryFieldssInDashBboardNewOptions" time="0.739" classname="com.focus.testcases.HPDashboardTest"/>
  <testcase name="verifyInActiveDashboardInNewDashboard" time="0.643" classname="com.focus.testcases.HPDashboardTest"/>
  <testcase name="verifyReportDashletInDashboard" time="5.567" classname="com.focus.testcases.HPDashboardTest"/>
  <testcase name="verifySaveNewReportInCreateDashlet" time="0.677" classname="com.focus.testcases.HPDashboardTest"/>
</testsuite> <!-- com.focus.testcases.HPDashboardTest -->
