<?xml version="1.0" encoding="UTF-8"?>
<!-- Generated by org.testng.reporters.JUnitReportReporter -->
<testsuite hostname="FOCUS-QA-10" name="com.focus.testcases.DocumentCustomizationTest" tests="102" failures="7" timestamp="8 Jul 2020 10:00:24 GMT" time="2166.478" errors="6">
  <testcase name="checkCreatingNewVoucherOpeningStock" time="26.870" classname="com.focus.testcases.DocumentCustomizationTest"/>
  <testcase name="checkExternalModulesTabOptionsInEditLayoutHeader" time="2.915" classname="com.focus.testcases.DocumentCustomizationTest"/>
  <testcase name="checkAddFieldFDInFooterField" time="3.772" classname="com.focus.testcases.DocumentCustomizationTest"/>
  <testcase name="checkDeleteoptionEditscreeninPurchasevoucher" time="2.078" classname="com.focus.testcases.DocumentCustomizationTest">
    <failure type="java.lang.AssertionError" message="expected [true] but found [false]">
      <![CDATA[java.lang.AssertionError: expected [true] but found [false]
	at org.testng.Assert.fail(Assert.java:94)
	at org.testng.Assert.failNotEquals(Assert.java:513)
	at org.testng.Assert.assertEqualsImpl(Assert.java:135)
	at org.testng.Assert.assertEquals(Assert.java:116)
	at org.testng.Assert.assertEquals(Assert.java:305)
	at org.testng.Assert.assertEquals(Assert.java:315)
	at com.focus.testcases.DocumentCustomizationTest.checkDeleteoptionEditscreeninPurchasevoucher(DocumentCustomizationTest.java:396)
	at sun.reflect.NativeMethodAccessorImpl.invoke0(Native Method)
	at sun.reflect.NativeMethodAccessorImpl.invoke(Unknown Source)
	at sun.reflect.DelegatingMethodAccessorImpl.invoke(Unknown Source)
	at java.lang.reflect.Method.invoke(Unknown Source)
	at org.testng.internal.MethodInvocationHelper.invokeMethod(MethodInvocationHelper.java:86)
	at org.testng.internal.Invoker.invokeMethod(Invoker.java:643)
	at org.testng.internal.Invoker.invokeTestMethod(Invoker.java:820)
	at org.testng.internal.Invoker.invokeTestMethods(Invoker.java:1128)
	at org.testng.internal.TestMethodWorker.invokeTestMethods(TestMethodWorker.java:129)
	at org.testng.internal.TestMethodWorker.run(TestMethodWorker.java:112)
	at org.testng.TestRunner.privateRun(TestRunner.java:782)
	at org.testng.TestRunner.run(TestRunner.java:632)
	at org.testng.SuiteRunner.runTest(SuiteRunner.java:366)
	at org.testng.SuiteRunner.runSequentially(SuiteRunner.java:361)
	at org.testng.SuiteRunner.privateRun(SuiteRunner.java:319)
	at org.testng.SuiteRunner.run(SuiteRunner.java:268)
	at org.testng.SuiteRunnerWorker.runSuite(SuiteRunnerWorker.java:52)
	at org.testng.SuiteRunnerWorker.run(SuiteRunnerWorker.java:86)
	at org.testng.TestNG.runSuitesSequentially(TestNG.java:1244)
	at org.testng.TestNG.runSuitesLocally(TestNG.java:1169)
	at org.testng.TestNG.run(TestNG.java:1064)
	at org.testng.remote.AbstractRemoteTestNG.run(AbstractRemoteTestNG.java:114)
	at org.testng.remote.RemoteTestNG.initAndRun(RemoteTestNG.java:251)
	at org.testng.remote.RemoteTestNG.main(RemoteTestNG.java:77)
]]>
    </failure>
  </testcase> <!-- checkDeleteoptionEditscreeninPurchasevoucher -->
  <testcase name="checkopeningStocksTransfer" time="15.731" classname="com.focus.testcases.DocumentCustomizationTest"/>
  <testcase name="checkApplyButtonInEdtitLayoutHeader" time="4.488" classname="com.focus.testcases.DocumentCustomizationTest"/>
  <testcase name="checkDeleteFieldOptionsInReceiptsNewVoucherHeaderEditLayout" time="3.622" classname="com.focus.testcases.DocumentCustomizationTest"/>
  <testcase name="checkSalesReturnInDocumentCustomization" time="28.473" classname="com.focus.testcases.DocumentCustomizationTest"/>
  <testcase name="checkFooterTabEditScreenInPurchaseVoucher" time="3.631" classname="com.focus.testcases.DocumentCustomizationTest"/>
  <testcase name="checkAddFieldRDInBodyaddingField" time="4.651" classname="com.focus.testcases.DocumentCustomizationTest"/>
  <testcase name="checkLoginCompanyWithValidCredentials" time="15.222" classname="com.focus.testcases.DocumentCustomizationTest"/>
  <testcase name="checkOpeningBalanceVoucher" time="31.088" classname="com.focus.testcases.DocumentCustomizationTest"/>
  <testcase name="checkopeningStocksVoucher" time="20.945" classname="com.focus.testcases.DocumentCustomizationTest"/>
  <testcase name="checkEditScreenOptionsInPurchaseVoucher" time="3.929" classname="com.focus.testcases.DocumentCustomizationTest"/>
  <testcase name="checkEditoptionInFooterTabEditScreeninPurchaseVoucher" time="2.653" classname="com.focus.testcases.DocumentCustomizationTest"/>
  <testcase name="checkCreateNewDocumentintheSalesOrderVoucher" time="36.149" classname="com.focus.testcases.DocumentCustomizationTest"/>
  <testcase name="checkRulesTabOptionsInEditLayoutHeader" time="3.010" classname="com.focus.testcases.DocumentCustomizationTest"/>
  <testcase name="checkMasterValues" time="1.798" classname="com.focus.testcases.DocumentCustomizationTest">
    <failure type="java.lang.AssertionError" message="expected [true] but found [false]">
      <![CDATA[java.lang.AssertionError: expected [true] but found [false]
	at org.testng.Assert.fail(Assert.java:94)
	at org.testng.Assert.failNotEquals(Assert.java:513)
	at org.testng.Assert.assertEqualsImpl(Assert.java:135)
	at org.testng.Assert.assertEquals(Assert.java:116)
	at org.testng.Assert.assertEquals(Assert.java:305)
	at org.testng.Assert.assertEquals(Assert.java:315)
	at com.focus.testcases.DocumentCustomizationTest.checkMasterValues(DocumentCustomizationTest.java:484)
	at sun.reflect.NativeMethodAccessorImpl.invoke0(Native Method)
	at sun.reflect.NativeMethodAccessorImpl.invoke(Unknown Source)
	at sun.reflect.DelegatingMethodAccessorImpl.invoke(Unknown Source)
	at java.lang.reflect.Method.invoke(Unknown Source)
	at org.testng.internal.MethodInvocationHelper.invokeMethod(MethodInvocationHelper.java:86)
	at org.testng.internal.Invoker.invokeMethod(Invoker.java:643)
	at org.testng.internal.Invoker.invokeTestMethod(Invoker.java:820)
	at org.testng.internal.Invoker.invokeTestMethods(Invoker.java:1128)
	at org.testng.internal.TestMethodWorker.invokeTestMethods(TestMethodWorker.java:129)
	at org.testng.internal.TestMethodWorker.run(TestMethodWorker.java:112)
	at org.testng.TestRunner.privateRun(TestRunner.java:782)
	at org.testng.TestRunner.run(TestRunner.java:632)
	at org.testng.SuiteRunner.runTest(SuiteRunner.java:366)
	at org.testng.SuiteRunner.runSequentially(SuiteRunner.java:361)
	at org.testng.SuiteRunner.privateRun(SuiteRunner.java:319)
	at org.testng.SuiteRunner.run(SuiteRunner.java:268)
	at org.testng.SuiteRunnerWorker.runSuite(SuiteRunnerWorker.java:52)
	at org.testng.SuiteRunnerWorker.run(SuiteRunnerWorker.java:86)
	at org.testng.TestNG.runSuitesSequentially(TestNG.java:1244)
	at org.testng.TestNG.runSuitesLocally(TestNG.java:1169)
	at org.testng.TestNG.run(TestNG.java:1064)
	at org.testng.remote.AbstractRemoteTestNG.run(AbstractRemoteTestNG.java:114)
	at org.testng.remote.RemoteTestNG.initAndRun(RemoteTestNG.java:251)
	at org.testng.remote.RemoteTestNG.main(RemoteTestNG.java:77)
]]>
    </failure>
  </testcase> <!-- checkMasterValues -->
  <testcase name="checkUpdateOptionWithoutSelectingAnyVoucher" time="2.961" classname="com.focus.testcases.DocumentCustomizationTest"/>
  <testcase name="checkLoadFieldsDropdownOptionsinFooterTab" time="1.750" classname="com.focus.testcases.DocumentCustomizationTest"/>
  <testcase name="checkCreatingNewVoucherInPostDatedRecepits" time="27.394" classname="com.focus.testcases.DocumentCustomizationTest"/>
  <testcase name="checkselectingPurchseVoucherFromLoadFieldsDropdownFooterTab" time="1.919" classname="com.focus.testcases.DocumentCustomizationTest"/>
  <testcase name="checkLoadFieldsinFooterTabinMaterialReceiptsNotes" time="1.737" classname="com.focus.testcases.DocumentCustomizationTest"/>
  <testcase name="checkDocumentsTabInReceipts" time="9.519" classname="com.focus.testcases.DocumentCustomizationTest"/>
  <testcase name="checkFooterTabApplybuttonintheCreationField" time="81.858" classname="com.focus.testcases.DocumentCustomizationTest">
    <failure type="java.lang.AssertionError" message="expected [true] but found [false]">
      <![CDATA[java.lang.AssertionError: expected [true] but found [false]
	at org.testng.Assert.fail(Assert.java:94)
	at org.testng.Assert.failNotEquals(Assert.java:513)
	at org.testng.Assert.assertEqualsImpl(Assert.java:135)
	at org.testng.Assert.assertEquals(Assert.java:116)
	at org.testng.Assert.assertEquals(Assert.java:305)
	at org.testng.Assert.assertEquals(Assert.java:315)
	at com.focus.testcases.DocumentCustomizationTest.checkFooterTabApplybuttonintheCreationField(DocumentCustomizationTest.java:426)
	at sun.reflect.NativeMethodAccessorImpl.invoke0(Native Method)
	at sun.reflect.NativeMethodAccessorImpl.invoke(Unknown Source)
	at sun.reflect.DelegatingMethodAccessorImpl.invoke(Unknown Source)
	at java.lang.reflect.Method.invoke(Unknown Source)
	at org.testng.internal.MethodInvocationHelper.invokeMethod(MethodInvocationHelper.java:86)
	at org.testng.internal.Invoker.invokeMethod(Invoker.java:643)
	at org.testng.internal.Invoker.invokeTestMethod(Invoker.java:820)
	at org.testng.internal.Invoker.invokeTestMethods(Invoker.java:1128)
	at org.testng.internal.TestMethodWorker.invokeTestMethods(TestMethodWorker.java:129)
	at org.testng.internal.TestMethodWorker.run(TestMethodWorker.java:112)
	at org.testng.TestRunner.privateRun(TestRunner.java:782)
	at org.testng.TestRunner.run(TestRunner.java:632)
	at org.testng.SuiteRunner.runTest(SuiteRunner.java:366)
	at org.testng.SuiteRunner.runSequentially(SuiteRunner.java:361)
	at org.testng.SuiteRunner.privateRun(SuiteRunner.java:319)
	at org.testng.SuiteRunner.run(SuiteRunner.java:268)
	at org.testng.SuiteRunnerWorker.runSuite(SuiteRunnerWorker.java:52)
	at org.testng.SuiteRunnerWorker.run(SuiteRunnerWorker.java:86)
	at org.testng.TestNG.runSuitesSequentially(TestNG.java:1244)
	at org.testng.TestNG.runSuitesLocally(TestNG.java:1169)
	at org.testng.TestNG.run(TestNG.java:1064)
	at org.testng.remote.AbstractRemoteTestNG.run(AbstractRemoteTestNG.java:114)
	at org.testng.remote.RemoteTestNG.initAndRun(RemoteTestNG.java:251)
	at org.testng.remote.RemoteTestNG.main(RemoteTestNG.java:77)
]]>
    </failure>
  </testcase> <!-- checkFooterTabApplybuttonintheCreationField -->
  <testcase name="checkFormualaBodyaddingFieldInMaterialReceiptNotes" time="2.479" classname="com.focus.testcases.DocumentCustomizationTest"/>
  <testcase name="checkEditingTagsMasterSalesOrders" time="33.593" classname="com.focus.testcases.DocumentCustomizationTest"/>
  <testcase name="checkDeleteoptionInFooterTabEditScreeninPurchaseVoucher" time="2.177" classname="com.focus.testcases.DocumentCustomizationTest"/>
  <testcase name="checkPropertiesTabOptionsInEditLayoutHeader" time="3.020" classname="com.focus.testcases.DocumentCustomizationTest"/>
  <testcase name="checkRatePreloadValue" time="1.665" classname="com.focus.testcases.DocumentCustomizationTest"/>
  <testcase name="checkDocumentTagsInPurchaseVoucher" time="13.243" classname="com.focus.testcases.DocumentCustomizationTest"/>
  <testcase name="checkRDBodyFieldInMaterialReceiptNotes" time="2.153" classname="com.focus.testcases.DocumentCustomizationTest"/>
  <testcase name="checkFDSavingInFooterTabMaterialReceiptNotes" time="2.337" classname="com.focus.testcases.DocumentCustomizationTest"/>
  <testcase name="checkDeleteDocumentintheSalesInvoiceVoucher" time="36.792" classname="com.focus.testcases.DocumentCustomizationTest"/>
  <testcase name="checkAddButtonOptionsInPurchaseVoucher" time="2.517" classname="com.focus.testcases.DocumentCustomizationTest"/>
  <testcase name="checkCreatingNewVoucherOpeningBalance" time="27.100" classname="com.focus.testcases.DocumentCustomizationTest"/>
  <testcase name="checkUpdateStockUncheckInMiscellaneousTabInPurchaseVoucher" time="7.115" classname="com.focus.testcases.DocumentCustomizationTest"/>
  <testcase name="checkCreatingNewVoucherSalesInvoicVAT" time="66.189" classname="com.focus.testcases.DocumentCustomizationTest">
    <error type="org.openqa.selenium.TimeoutException" message="Expected condition failed: waiting for element to be clickable: [[ChromeDriver: chrome on WINDOWS (c27e25d714b051cd6a9cbe80584d46e7)] -&gt; xpath: //select[@id=&#039;inventoryOpt_ReservationType&#039;]] (tried for 20 second(s) with 1000 milliseconds interval)
Build info: version: &#039;3.12.0&#039;, revision: &#039;7c6e0b3&#039;, time: &#039;2018-05-08T14:04:26.12Z&#039;
System info: host: &#039;FOCUS-QA-10&#039;, ip: &#039;192.168.4.46&#039;, os.name: &#039;Windows 10&#039;, os.arch: &#039;amd64&#039;, os.version: &#039;10.0&#039;, java.version: &#039;1.8.0_111&#039;
Driver info: driver.version: unknown">
      <![CDATA[org.openqa.selenium.TimeoutException: Expected condition failed: waiting for element to be clickable: [[ChromeDriver: chrome on WINDOWS (c27e25d714b051cd6a9cbe80584d46e7)] -> xpath: //select[@id='inventoryOpt_ReservationType']] (tried for 20 second(s) with 1000 milliseconds interval)
Build info: version: '3.12.0', revision: '7c6e0b3', time: '2018-05-08T14:04:26.12Z'
System info: host: 'FOCUS-QA-10', ip: '192.168.4.46', os.name: 'Windows 10', os.arch: 'amd64', os.version: '10.0', java.version: '1.8.0_111'
Driver info: driver.version: unknown
	at org.openqa.selenium.support.ui.FluentWait.timeoutException(FluentWait.java:303)
	at org.openqa.selenium.support.ui.FluentWait.until(FluentWait.java:271)
	at com.focus.Pages.DocumentCustomizationPage.checkCreatingNewVoucherSalesInvoicVAT(DocumentCustomizationPage.java:6426)
	at com.focus.testcases.DocumentCustomizationTest.checkCreatingNewVoucherSalesInvoicVAT(DocumentCustomizationTest.java:639)
	at sun.reflect.NativeMethodAccessorImpl.invoke0(Native Method)
	at sun.reflect.NativeMethodAccessorImpl.invoke(Unknown Source)
	at sun.reflect.DelegatingMethodAccessorImpl.invoke(Unknown Source)
	at java.lang.reflect.Method.invoke(Unknown Source)
	at org.testng.internal.MethodInvocationHelper.invokeMethod(MethodInvocationHelper.java:86)
	at org.testng.internal.Invoker.invokeMethod(Invoker.java:643)
	at org.testng.internal.Invoker.invokeTestMethod(Invoker.java:820)
	at org.testng.internal.Invoker.invokeTestMethods(Invoker.java:1128)
	at org.testng.internal.TestMethodWorker.invokeTestMethods(TestMethodWorker.java:129)
	at org.testng.internal.TestMethodWorker.run(TestMethodWorker.java:112)
	at org.testng.TestRunner.privateRun(TestRunner.java:782)
	at org.testng.TestRunner.run(TestRunner.java:632)
	at org.testng.SuiteRunner.runTest(SuiteRunner.java:366)
	at org.testng.SuiteRunner.runSequentially(SuiteRunner.java:361)
	at org.testng.SuiteRunner.privateRun(SuiteRunner.java:319)
	at org.testng.SuiteRunner.run(SuiteRunner.java:268)
	at org.testng.SuiteRunnerWorker.runSuite(SuiteRunnerWorker.java:52)
	at org.testng.SuiteRunnerWorker.run(SuiteRunnerWorker.java:86)
	at org.testng.TestNG.runSuitesSequentially(TestNG.java:1244)
	at org.testng.TestNG.runSuitesLocally(TestNG.java:1169)
	at org.testng.TestNG.run(TestNG.java:1064)
	at org.testng.remote.AbstractRemoteTestNG.run(AbstractRemoteTestNG.java:114)
	at org.testng.remote.RemoteTestNG.initAndRun(RemoteTestNG.java:251)
	at org.testng.remote.RemoteTestNG.main(RemoteTestNG.java:77)
]]>
    </error>
  </testcase> <!-- checkCreatingNewVoucherSalesInvoicVAT -->
  <testcase name="checkEditLayoutInReceiptsNewVoucher" time="2.254" classname="com.focus.testcases.DocumentCustomizationTest"/>
  <testcase name="checkFieldDetailsTabOptionsEditLayoutHeader" time="1.845" classname="com.focus.testcases.DocumentCustomizationTest"/>
  <testcase name="checkPropertiesTabOptionsInEditLayoutBody" time="2.943" classname="com.focus.testcases.DocumentCustomizationTest"/>
  <testcase name="checkUpdatedValueEditScreenInPurchaseVoucher" time="6.401" classname="com.focus.testcases.DocumentCustomizationTest"/>
  <testcase name="checkEditLayoutHeaderLoadFieldInPaymentVoucher" time="12.928" classname="com.focus.testcases.DocumentCustomizationTest"/>
  <testcase name="checkPurchaseReturnInDocumentCustomization" time="82.297" classname="com.focus.testcases.DocumentCustomizationTest">
    <error type="org.openqa.selenium.NoSuchElementException" message="Cannot locate element with text: Purchases Vouchers
For documentation on this error, please visit: http://seleniumhq.org/exceptions/no_such_element.html
Build info: version: &#039;3.12.0&#039;, revision: &#039;7c6e0b3&#039;, time: &#039;2018-05-08T14:04:26.12Z&#039;
System info: host: &#039;FOCUS-QA-10&#039;, ip: &#039;192.168.4.46&#039;, os.name: &#039;Windows 10&#039;, os.arch: &#039;amd64&#039;, os.version: &#039;10.0&#039;, java.version: &#039;1.8.0_111&#039;
Driver info: driver.version: unknown">
      <![CDATA[org.openqa.selenium.NoSuchElementException: Cannot locate element with text: Purchases Vouchers
For documentation on this error, please visit: http://seleniumhq.org/exceptions/no_such_element.html
Build info: version: '3.12.0', revision: '7c6e0b3', time: '2018-05-08T14:04:26.12Z'
System info: host: 'FOCUS-QA-10', ip: '192.168.4.46', os.name: 'Windows 10', os.arch: 'amd64', os.version: '10.0', java.version: '1.8.0_111'
Driver info: driver.version: unknown
	at org.openqa.selenium.support.ui.Select.selectByVisibleText(Select.java:151)
	at com.focus.Pages.DocumentCustomizationPage.checkPurchaseReturnInDocumentCustomization(DocumentCustomizationPage.java:8765)
	at com.focus.testcases.DocumentCustomizationTest.checkPurchaseReturnInDocumentCustomization(DocumentCustomizationTest.java:757)
	at sun.reflect.NativeMethodAccessorImpl.invoke0(Native Method)
	at sun.reflect.NativeMethodAccessorImpl.invoke(Unknown Source)
	at sun.reflect.DelegatingMethodAccessorImpl.invoke(Unknown Source)
	at java.lang.reflect.Method.invoke(Unknown Source)
	at org.testng.internal.MethodInvocationHelper.invokeMethod(MethodInvocationHelper.java:86)
	at org.testng.internal.Invoker.invokeMethod(Invoker.java:643)
	at org.testng.internal.Invoker.invokeTestMethod(Invoker.java:820)
	at org.testng.internal.Invoker.invokeTestMethods(Invoker.java:1128)
	at org.testng.internal.TestMethodWorker.invokeTestMethods(TestMethodWorker.java:129)
	at org.testng.internal.TestMethodWorker.run(TestMethodWorker.java:112)
	at org.testng.TestRunner.privateRun(TestRunner.java:782)
	at org.testng.TestRunner.run(TestRunner.java:632)
	at org.testng.SuiteRunner.runTest(SuiteRunner.java:366)
	at org.testng.SuiteRunner.runSequentially(SuiteRunner.java:361)
	at org.testng.SuiteRunner.privateRun(SuiteRunner.java:319)
	at org.testng.SuiteRunner.run(SuiteRunner.java:268)
	at org.testng.SuiteRunnerWorker.runSuite(SuiteRunnerWorker.java:52)
	at org.testng.SuiteRunnerWorker.run(SuiteRunnerWorker.java:86)
	at org.testng.TestNG.runSuitesSequentially(TestNG.java:1244)
	at org.testng.TestNG.runSuitesLocally(TestNG.java:1169)
	at org.testng.TestNG.run(TestNG.java:1064)
	at org.testng.remote.AbstractRemoteTestNG.run(AbstractRemoteTestNG.java:114)
	at org.testng.remote.RemoteTestNG.initAndRun(RemoteTestNG.java:251)
	at org.testng.remote.RemoteTestNG.main(RemoteTestNG.java:77)
]]>
    </error>
  </testcase> <!-- checkPurchaseReturnInDocumentCustomization -->
  <testcase name="checkFormattingTabOptionsInEditLayoutBody" time="2.872" classname="com.focus.testcases.DocumentCustomizationTest"/>
  <testcase name="checkVouchersInLoadMastersOfPaymentNewVoucherType" time="5.398" classname="com.focus.testcases.DocumentCustomizationTest">
    <failure type="java.lang.AssertionError" message="expected [true] but found [false]">
      <![CDATA[java.lang.AssertionError: expected [true] but found [false]
	at org.testng.Assert.fail(Assert.java:94)
	at org.testng.Assert.failNotEquals(Assert.java:513)
	at org.testng.Assert.assertEqualsImpl(Assert.java:135)
	at org.testng.Assert.assertEquals(Assert.java:116)
	at org.testng.Assert.assertEquals(Assert.java:305)
	at org.testng.Assert.assertEquals(Assert.java:315)
	at com.focus.testcases.DocumentCustomizationTest.checkVouchersInLoadMastersOfPaymentNewVoucherType(DocumentCustomizationTest.java:260)
	at sun.reflect.NativeMethodAccessorImpl.invoke0(Native Method)
	at sun.reflect.NativeMethodAccessorImpl.invoke(Unknown Source)
	at sun.reflect.DelegatingMethodAccessorImpl.invoke(Unknown Source)
	at java.lang.reflect.Method.invoke(Unknown Source)
	at org.testng.internal.MethodInvocationHelper.invokeMethod(MethodInvocationHelper.java:86)
	at org.testng.internal.Invoker.invokeMethod(Invoker.java:643)
	at org.testng.internal.Invoker.invokeTestMethod(Invoker.java:820)
	at org.testng.internal.Invoker.invokeTestMethods(Invoker.java:1128)
	at org.testng.internal.TestMethodWorker.invokeTestMethods(TestMethodWorker.java:129)
	at org.testng.internal.TestMethodWorker.run(TestMethodWorker.java:112)
	at org.testng.TestRunner.privateRun(TestRunner.java:782)
	at org.testng.TestRunner.run(TestRunner.java:632)
	at org.testng.SuiteRunner.runTest(SuiteRunner.java:366)
	at org.testng.SuiteRunner.runSequentially(SuiteRunner.java:361)
	at org.testng.SuiteRunner.privateRun(SuiteRunner.java:319)
	at org.testng.SuiteRunner.run(SuiteRunner.java:268)
	at org.testng.SuiteRunnerWorker.runSuite(SuiteRunnerWorker.java:52)
	at org.testng.SuiteRunnerWorker.run(SuiteRunnerWorker.java:86)
	at org.testng.TestNG.runSuitesSequentially(TestNG.java:1244)
	at org.testng.TestNG.runSuitesLocally(TestNG.java:1169)
	at org.testng.TestNG.run(TestNG.java:1064)
	at org.testng.remote.AbstractRemoteTestNG.run(AbstractRemoteTestNG.java:114)
	at org.testng.remote.RemoteTestNG.initAndRun(RemoteTestNG.java:251)
	at org.testng.remote.RemoteTestNG.main(RemoteTestNG.java:77)
]]>
    </failure>
  </testcase> <!-- checkVouchersInLoadMastersOfPaymentNewVoucherType -->
  <testcase name="checkCreatingNewVoucherPurchaseVoucherNew" time="21.618" classname="com.focus.testcases.DocumentCustomizationTest">
    <error type="org.openqa.selenium.TimeoutException" message="Expected condition failed: waiting for element to be clickable: [[ChromeDriver: chrome on WINDOWS (c27e25d714b051cd6a9cbe80584d46e7)] -&gt; xpath: //a[@id=&#039;768&#039;]] (tried for 20 second(s) with 1000 milliseconds interval)
Build info: version: &#039;3.12.0&#039;, revision: &#039;7c6e0b3&#039;, time: &#039;2018-05-08T14:04:26.12Z&#039;
System info: host: &#039;FOCUS-QA-10&#039;, ip: &#039;192.168.4.46&#039;, os.name: &#039;Windows 10&#039;, os.arch: &#039;amd64&#039;, os.version: &#039;10.0&#039;, java.version: &#039;1.8.0_111&#039;
Driver info: driver.version: unknown">
      <![CDATA[org.openqa.selenium.TimeoutException: Expected condition failed: waiting for element to be clickable: [[ChromeDriver: chrome on WINDOWS (c27e25d714b051cd6a9cbe80584d46e7)] -> xpath: //a[@id='768']] (tried for 20 second(s) with 1000 milliseconds interval)
Build info: version: '3.12.0', revision: '7c6e0b3', time: '2018-05-08T14:04:26.12Z'
System info: host: 'FOCUS-QA-10', ip: '192.168.4.46', os.name: 'Windows 10', os.arch: 'amd64', os.version: '10.0', java.version: '1.8.0_111'
Driver info: driver.version: unknown
	at org.openqa.selenium.support.ui.FluentWait.timeoutException(FluentWait.java:303)
	at org.openqa.selenium.support.ui.FluentWait.until(FluentWait.java:271)
	at com.focus.Pages.DocumentCustomizationPage.checkCreatingNewVoucherPurchaseVoucherNew(DocumentCustomizationPage.java:4943)
	at com.focus.testcases.DocumentCustomizationTest.checkCreatingNewVoucherPurchaseVoucherNew(DocumentCustomizationTest.java:616)
	at sun.reflect.NativeMethodAccessorImpl.invoke0(Native Method)
	at sun.reflect.NativeMethodAccessorImpl.invoke(Unknown Source)
	at sun.reflect.DelegatingMethodAccessorImpl.invoke(Unknown Source)
	at java.lang.reflect.Method.invoke(Unknown Source)
	at org.testng.internal.MethodInvocationHelper.invokeMethod(MethodInvocationHelper.java:86)
	at org.testng.internal.Invoker.invokeMethod(Invoker.java:643)
	at org.testng.internal.Invoker.invokeTestMethod(Invoker.java:820)
	at org.testng.internal.Invoker.invokeTestMethods(Invoker.java:1128)
	at org.testng.internal.TestMethodWorker.invokeTestMethods(TestMethodWorker.java:129)
	at org.testng.internal.TestMethodWorker.run(TestMethodWorker.java:112)
	at org.testng.TestRunner.privateRun(TestRunner.java:782)
	at org.testng.TestRunner.run(TestRunner.java:632)
	at org.testng.SuiteRunner.runTest(SuiteRunner.java:366)
	at org.testng.SuiteRunner.runSequentially(SuiteRunner.java:361)
	at org.testng.SuiteRunner.privateRun(SuiteRunner.java:319)
	at org.testng.SuiteRunner.run(SuiteRunner.java:268)
	at org.testng.SuiteRunnerWorker.runSuite(SuiteRunnerWorker.java:52)
	at org.testng.SuiteRunnerWorker.run(SuiteRunnerWorker.java:86)
	at org.testng.TestNG.runSuitesSequentially(TestNG.java:1244)
	at org.testng.TestNG.runSuitesLocally(TestNG.java:1169)
	at org.testng.TestNG.run(TestNG.java:1064)
	at org.testng.remote.AbstractRemoteTestNG.run(AbstractRemoteTestNG.java:114)
	at org.testng.remote.RemoteTestNG.initAndRun(RemoteTestNG.java:251)
	at org.testng.remote.RemoteTestNG.main(RemoteTestNG.java:77)
]]>
    </error>
  </testcase> <!-- checkCreatingNewVoucherPurchaseVoucherNew -->
  <testcase name="checkMiscellaneousTabInReceiptNewVoucher" time="2.536" classname="com.focus.testcases.DocumentCustomizationTest"/>
  <testcase name="checkLoadFieldOptionsInMaterialreceiptNotes" time="1.841" classname="com.focus.testcases.DocumentCustomizationTest"/>
  <testcase name="checkCreatingNewVoucherShortageInStock" time="40.897" classname="com.focus.testcases.DocumentCustomizationTest"/>
  <testcase name="checksUpdateButtoInPostDatedReceiptsNewVoucher" time="3.374" classname="com.focus.testcases.DocumentCustomizationTest"/>
  <testcase name="checkAddFieldOptionsInReceiptsNewVoucherHeaderEditLayout" time="3.635" classname="com.focus.testcases.DocumentCustomizationTest"/>
  <testcase name="checkApplyButtonInEdtitLayoutBody" time="3.867" classname="com.focus.testcases.DocumentCustomizationTest"/>
  <testcase name="checkApplybuttonintheCreationFieldwithinputingdata" time="3.209" classname="com.focus.testcases.DocumentCustomizationTest"/>
  <testcase name="checkClosebuttonEditscreenInPurchaseVoucher" time="2.058" classname="com.focus.testcases.DocumentCustomizationTest"/>
  <testcase name="checkCreateNewVoucherOnSelectionOfReceipts" time="4.940" classname="com.focus.testcases.DocumentCustomizationTest">
    <failure type="java.lang.AssertionError" message="expected [true] but found [false]">
      <![CDATA[java.lang.AssertionError: expected [true] but found [false]
	at org.testng.Assert.fail(Assert.java:94)
	at org.testng.Assert.failNotEquals(Assert.java:513)
	at org.testng.Assert.assertEqualsImpl(Assert.java:135)
	at org.testng.Assert.assertEquals(Assert.java:116)
	at org.testng.Assert.assertEquals(Assert.java:305)
	at org.testng.Assert.assertEquals(Assert.java:315)
	at com.focus.testcases.DocumentCustomizationTest.checkCreateNewVoucherOnSelectionOfReceipts(DocumentCustomizationTest.java:57)
	at sun.reflect.NativeMethodAccessorImpl.invoke0(Native Method)
	at sun.reflect.NativeMethodAccessorImpl.invoke(Unknown Source)
	at sun.reflect.DelegatingMethodAccessorImpl.invoke(Unknown Source)
	at java.lang.reflect.Method.invoke(Unknown Source)
	at org.testng.internal.MethodInvocationHelper.invokeMethod(MethodInvocationHelper.java:86)
	at org.testng.internal.Invoker.invokeMethod(Invoker.java:643)
	at org.testng.internal.Invoker.invokeTestMethod(Invoker.java:820)
	at org.testng.internal.Invoker.invokeTestMethods(Invoker.java:1128)
	at org.testng.internal.TestMethodWorker.invokeTestMethods(TestMethodWorker.java:129)
	at org.testng.internal.TestMethodWorker.run(TestMethodWorker.java:112)
	at org.testng.TestRunner.privateRun(TestRunner.java:782)
	at org.testng.TestRunner.run(TestRunner.java:632)
	at org.testng.SuiteRunner.runTest(SuiteRunner.java:366)
	at org.testng.SuiteRunner.runSequentially(SuiteRunner.java:361)
	at org.testng.SuiteRunner.privateRun(SuiteRunner.java:319)
	at org.testng.SuiteRunner.run(SuiteRunner.java:268)
	at org.testng.SuiteRunnerWorker.runSuite(SuiteRunnerWorker.java:52)
	at org.testng.SuiteRunnerWorker.run(SuiteRunnerWorker.java:86)
	at org.testng.TestNG.runSuitesSequentially(TestNG.java:1244)
	at org.testng.TestNG.runSuitesLocally(TestNG.java:1169)
	at org.testng.TestNG.run(TestNG.java:1064)
	at org.testng.remote.AbstractRemoteTestNG.run(AbstractRemoteTestNG.java:114)
	at org.testng.remote.RemoteTestNG.initAndRun(RemoteTestNG.java:251)
	at org.testng.remote.RemoteTestNG.main(RemoteTestNG.java:77)
]]>
    </failure>
  </testcase> <!-- checkCreateNewVoucherOnSelectionOfReceipts -->
  <testcase name="checkFooterTabAddbuttoninEditScreeninPurchaseVoucher" time="2.364" classname="com.focus.testcases.DocumentCustomizationTest"/>
  <testcase name="CheckAddFieldInEditLayoutBodyOfReceiptsNewVoucher" time="2.871" classname="com.focus.testcases.DocumentCustomizationTest"/>
  <testcase name="checkEditFieldOptionsInReceiptsNewVoucherEditLayoutBody" time="4.050" classname="com.focus.testcases.DocumentCustomizationTest"/>
  <testcase name="checkDocumentTagsInMaterialReceiptNotes" time="10.082" classname="com.focus.testcases.DocumentCustomizationTest"/>
  <testcase name="checkLoadFieldsEditScreenBodyTabMaterialReceiptsNotes" time="3.498" classname="com.focus.testcases.DocumentCustomizationTest"/>
  <testcase name="checkCreatingNewVoucherCreditNotesVAT" time="37.582" classname="com.focus.testcases.DocumentCustomizationTest"/>
  <testcase name="checkEditTheBehaviourUpdateValueInEditScreen" time="2.234" classname="com.focus.testcases.DocumentCustomizationTest"/>
  <testcase name="checksUpdateButtonInPaymentsNewVoucher" time="3.269" classname="com.focus.testcases.DocumentCustomizationTest"/>
  <testcase name="checkCreatingNewVoucherStockTransfer" time="29.836" classname="com.focus.testcases.DocumentCustomizationTest"/>
  <testcase name="checkApplybuttonintheCreationFieldwithEmpty" time="1.861" classname="com.focus.testcases.DocumentCustomizationTest"/>
  <testcase name="checkDeleteFieldOptionsInReceiptsNewVoucherEditLayoutBody" time="3.872" classname="com.focus.testcases.DocumentCustomizationTest"/>
  <testcase name="checkJournalEnteries" time="19.366" classname="com.focus.testcases.DocumentCustomizationTest"/>
  <testcase name="checkFooterTabinEditScreenInMaterialReceiptsNotes" time="1.769" classname="com.focus.testcases.DocumentCustomizationTest"/>
  <testcase name="checkEditLayoutBodyLoadFieldInPaymentVoucher" time="15.813" classname="com.focus.testcases.DocumentCustomizationTest"/>
  <testcase name="checkCreateDocumentintheSalesInvoiceVoucherASAutoSalesInvoice" time="829.518" classname="com.focus.testcases.DocumentCustomizationTest">
    <error type="org.openqa.selenium.TimeoutException" message="Expected condition failed: waiting for alert to be present (tried for 800 second(s) with 500 milliseconds interval)
Build info: version: &#039;3.12.0&#039;, revision: &#039;7c6e0b3&#039;, time: &#039;2018-05-08T14:04:26.12Z&#039;
System info: host: &#039;FOCUS-QA-10&#039;, ip: &#039;192.168.4.46&#039;, os.name: &#039;Windows 10&#039;, os.arch: &#039;amd64&#039;, os.version: &#039;10.0&#039;, java.version: &#039;1.8.0_111&#039;
Driver info: org.openqa.selenium.chrome.ChromeDriver
Capabilities {acceptInsecureCerts: false, browserName: chrome, browserVersion: 83.0.4103.116, chrome: {chromedriverVersion: 83.0.4103.39 (ccbf011cb2d2b..., userDataDir: C:\Users\Rakesh\AppData\Loc...}, goog:chromeOptions: {debuggerAddress: localhost:52160}, javascriptEnabled: true, networkConnectionEnabled: false, pageLoadStrategy: normal, platform: WINDOWS, platformName: WINDOWS, proxy: Proxy(), setWindowRect: true, strictFileInteractability: false, timeouts: {implicit: 0, pageLoad: 300000, script: 30000}, unhandledPromptBehavior: dismiss and notify, webauthn:virtualAuthenticators: true}
Session ID: c27e25d714b051cd6a9cbe80584d46e7">
      <![CDATA[org.openqa.selenium.TimeoutException: Expected condition failed: waiting for alert to be present (tried for 800 second(s) with 500 milliseconds interval)
Build info: version: '3.12.0', revision: '7c6e0b3', time: '2018-05-08T14:04:26.12Z'
System info: host: 'FOCUS-QA-10', ip: '192.168.4.46', os.name: 'Windows 10', os.arch: 'amd64', os.version: '10.0', java.version: '1.8.0_111'
Driver info: org.openqa.selenium.chrome.ChromeDriver
Capabilities {acceptInsecureCerts: false, browserName: chrome, browserVersion: 83.0.4103.116, chrome: {chromedriverVersion: 83.0.4103.39 (ccbf011cb2d2b..., userDataDir: C:\Users\Rakesh\AppData\Loc...}, goog:chromeOptions: {debuggerAddress: localhost:52160}, javascriptEnabled: true, networkConnectionEnabled: false, pageLoadStrategy: normal, platform: WINDOWS, platformName: WINDOWS, proxy: Proxy(), setWindowRect: true, strictFileInteractability: false, timeouts: {implicit: 0, pageLoad: 300000, script: 30000}, unhandledPromptBehavior: dismiss and notify, webauthn:virtualAuthenticators: true}
Session ID: c27e25d714b051cd6a9cbe80584d46e7
	at org.openqa.selenium.support.ui.WebDriverWait.timeoutException(WebDriverWait.java:81)
	at org.openqa.selenium.support.ui.FluentWait.until(FluentWait.java:271)
	at com.focus.base.BaseEngine.getWaitForAlert(BaseEngine.java:283)
	at com.focus.Pages.DocumentCustomizationPage.checkCreateDocumentintheSalesInvoiceVoucherASAutoSalesInvoice(DocumentCustomizationPage.java:9550)
	at com.focus.testcases.DocumentCustomizationTest.checkCreateDocumentintheSalesInvoiceVoucherASAutoSalesInvoice(DocumentCustomizationTest.java:787)
	at sun.reflect.NativeMethodAccessorImpl.invoke0(Native Method)
	at sun.reflect.NativeMethodAccessorImpl.invoke(Unknown Source)
	at sun.reflect.DelegatingMethodAccessorImpl.invoke(Unknown Source)
	at java.lang.reflect.Method.invoke(Unknown Source)
	at org.testng.internal.MethodInvocationHelper.invokeMethod(MethodInvocationHelper.java:86)
	at org.testng.internal.Invoker.invokeMethod(Invoker.java:643)
	at org.testng.internal.Invoker.invokeTestMethod(Invoker.java:820)
	at org.testng.internal.Invoker.invokeTestMethods(Invoker.java:1128)
	at org.testng.internal.TestMethodWorker.invokeTestMethods(TestMethodWorker.java:129)
	at org.testng.internal.TestMethodWorker.run(TestMethodWorker.java:112)
	at org.testng.TestRunner.privateRun(TestRunner.java:782)
	at org.testng.TestRunner.run(TestRunner.java:632)
	at org.testng.SuiteRunner.runTest(SuiteRunner.java:366)
	at org.testng.SuiteRunner.runSequentially(SuiteRunner.java:361)
	at org.testng.SuiteRunner.privateRun(SuiteRunner.java:319)
	at org.testng.SuiteRunner.run(SuiteRunner.java:268)
	at org.testng.SuiteRunnerWorker.runSuite(SuiteRunnerWorker.java:52)
	at org.testng.SuiteRunnerWorker.run(SuiteRunnerWorker.java:86)
	at org.testng.TestNG.runSuitesSequentially(TestNG.java:1244)
	at org.testng.TestNG.runSuitesLocally(TestNG.java:1169)
	at org.testng.TestNG.run(TestNG.java:1064)
	at org.testng.remote.AbstractRemoteTestNG.run(AbstractRemoteTestNG.java:114)
	at org.testng.remote.RemoteTestNG.initAndRun(RemoteTestNG.java:251)
	at org.testng.remote.RemoteTestNG.main(RemoteTestNG.java:77)
]]>
    </error>
  </testcase> <!-- checkCreateDocumentintheSalesInvoiceVoucherASAutoSalesInvoice -->
  <testcase name="checkEditFieldOptionsInReceiptsNewVoucherHeaderEditLayout" time="3.340" classname="com.focus.testcases.DocumentCustomizationTest"/>
  <testcase name="checkFieldDetailsTabOptionsEditLayoutBody" time="1.793" classname="com.focus.testcases.DocumentCustomizationTest"/>
  <testcase name="checkFormattingTabOptionsInEditLayoutHeader" time="2.890" classname="com.focus.testcases.DocumentCustomizationTest"/>
  <testcase name="checkEditoptionEditScreeninPurchaseVoucher" time="2.822" classname="com.focus.testcases.DocumentCustomizationTest"/>
  <testcase name="checkUpdatebuttonInEditScreenOfPurchaseVoucher" time="2.537" classname="com.focus.testcases.DocumentCustomizationTest"/>
  <testcase name="checkEditTheReceiptsNewVoucherByDeleteTagOptionInDocumentsTab" time="81.661" classname="com.focus.testcases.DocumentCustomizationTest">
    <failure type="java.lang.AssertionError" message="expected [true] but found [false]">
      <![CDATA[java.lang.AssertionError: expected [true] but found [false]
	at org.testng.Assert.fail(Assert.java:94)
	at org.testng.Assert.failNotEquals(Assert.java:513)
	at org.testng.Assert.assertEqualsImpl(Assert.java:135)
	at org.testng.Assert.assertEquals(Assert.java:116)
	at org.testng.Assert.assertEquals(Assert.java:305)
	at org.testng.Assert.assertEquals(Assert.java:315)
	at com.focus.testcases.DocumentCustomizationTest.checkEditTheReceiptsNewVoucherByDeleteTagOptionInDocumentsTab(DocumentCustomizationTest.java:243)
	at sun.reflect.NativeMethodAccessorImpl.invoke0(Native Method)
	at sun.reflect.NativeMethodAccessorImpl.invoke(Unknown Source)
	at sun.reflect.DelegatingMethodAccessorImpl.invoke(Unknown Source)
	at java.lang.reflect.Method.invoke(Unknown Source)
	at org.testng.internal.MethodInvocationHelper.invokeMethod(MethodInvocationHelper.java:86)
	at org.testng.internal.Invoker.invokeMethod(Invoker.java:643)
	at org.testng.internal.Invoker.invokeTestMethod(Invoker.java:820)
	at org.testng.internal.Invoker.invokeTestMethods(Invoker.java:1128)
	at org.testng.internal.TestMethodWorker.invokeTestMethods(TestMethodWorker.java:129)
	at org.testng.internal.TestMethodWorker.run(TestMethodWorker.java:112)
	at org.testng.TestRunner.privateRun(TestRunner.java:782)
	at org.testng.TestRunner.run(TestRunner.java:632)
	at org.testng.SuiteRunner.runTest(SuiteRunner.java:366)
	at org.testng.SuiteRunner.runSequentially(SuiteRunner.java:361)
	at org.testng.SuiteRunner.privateRun(SuiteRunner.java:319)
	at org.testng.SuiteRunner.run(SuiteRunner.java:268)
	at org.testng.SuiteRunnerWorker.runSuite(SuiteRunnerWorker.java:52)
	at org.testng.SuiteRunnerWorker.run(SuiteRunnerWorker.java:86)
	at org.testng.TestNG.runSuitesSequentially(TestNG.java:1244)
	at org.testng.TestNG.runSuitesLocally(TestNG.java:1169)
	at org.testng.TestNG.run(TestNG.java:1064)
	at org.testng.remote.AbstractRemoteTestNG.run(AbstractRemoteTestNG.java:114)
	at org.testng.remote.RemoteTestNG.initAndRun(RemoteTestNG.java:251)
	at org.testng.remote.RemoteTestNG.main(RemoteTestNG.java:77)
]]>
    </failure>
  </testcase> <!-- checkEditTheReceiptsNewVoucherByDeleteTagOptionInDocumentsTab -->
  <testcase name="checkSavingFieldsinFooterTabEditScreeninPurchaseVoucher" time="3.228" classname="com.focus.testcases.DocumentCustomizationTest"/>
  <testcase name="checkCreatingNewVoucherDebitNotesVAT" time="33.753" classname="com.focus.testcases.DocumentCustomizationTest"/>
  <testcase name="checkselectingPurchseVoucherFromLoadFieldsDropdownBodyTab" time="1.914" classname="com.focus.testcases.DocumentCustomizationTest"/>
  <testcase name="checkCreatingNewVoucherPurchaseVoucheVAT" time="23.758" classname="com.focus.testcases.DocumentCustomizationTest">
    <error type="org.openqa.selenium.TimeoutException" message="Expected condition failed: waiting for element to be clickable: [[ChromeDriver: chrome on WINDOWS (c27e25d714b051cd6a9cbe80584d46e7)] -&gt; xpath: //a[@id=&#039;768&#039;]] (tried for 20 second(s) with 1000 milliseconds interval)
Build info: version: &#039;3.12.0&#039;, revision: &#039;7c6e0b3&#039;, time: &#039;2018-05-08T14:04:26.12Z&#039;
System info: host: &#039;FOCUS-QA-10&#039;, ip: &#039;192.168.4.46&#039;, os.name: &#039;Windows 10&#039;, os.arch: &#039;amd64&#039;, os.version: &#039;10.0&#039;, java.version: &#039;1.8.0_111&#039;
Driver info: driver.version: unknown">
      <![CDATA[org.openqa.selenium.TimeoutException: Expected condition failed: waiting for element to be clickable: [[ChromeDriver: chrome on WINDOWS (c27e25d714b051cd6a9cbe80584d46e7)] -> xpath: //a[@id='768']] (tried for 20 second(s) with 1000 milliseconds interval)
Build info: version: '3.12.0', revision: '7c6e0b3', time: '2018-05-08T14:04:26.12Z'
System info: host: 'FOCUS-QA-10', ip: '192.168.4.46', os.name: 'Windows 10', os.arch: 'amd64', os.version: '10.0', java.version: '1.8.0_111'
Driver info: driver.version: unknown
	at org.openqa.selenium.support.ui.FluentWait.timeoutException(FluentWait.java:303)
	at org.openqa.selenium.support.ui.FluentWait.until(FluentWait.java:271)
	at com.focus.Pages.DocumentCustomizationPage.checkCreatingNewVoucherPurchaseVoucheVAT(DocumentCustomizationPage.java:5153)
	at com.focus.testcases.DocumentCustomizationTest.checkCreatingNewVoucherPurchaseVoucheVAT(DocumentCustomizationTest.java:624)
	at sun.reflect.NativeMethodAccessorImpl.invoke0(Native Method)
	at sun.reflect.NativeMethodAccessorImpl.invoke(Unknown Source)
	at sun.reflect.DelegatingMethodAccessorImpl.invoke(Unknown Source)
	at java.lang.reflect.Method.invoke(Unknown Source)
	at org.testng.internal.MethodInvocationHelper.invokeMethod(MethodInvocationHelper.java:86)
	at org.testng.internal.Invoker.invokeMethod(Invoker.java:643)
	at org.testng.internal.Invoker.invokeTestMethod(Invoker.java:820)
	at org.testng.internal.Invoker.invokeTestMethods(Invoker.java:1128)
	at org.testng.internal.TestMethodWorker.invokeTestMethods(TestMethodWorker.java:129)
	at org.testng.internal.TestMethodWorker.run(TestMethodWorker.java:112)
	at org.testng.TestRunner.privateRun(TestRunner.java:782)
	at org.testng.TestRunner.run(TestRunner.java:632)
	at org.testng.SuiteRunner.runTest(SuiteRunner.java:366)
	at org.testng.SuiteRunner.runSequentially(SuiteRunner.java:361)
	at org.testng.SuiteRunner.privateRun(SuiteRunner.java:319)
	at org.testng.SuiteRunner.run(SuiteRunner.java:268)
	at org.testng.SuiteRunnerWorker.runSuite(SuiteRunnerWorker.java:52)
	at org.testng.SuiteRunnerWorker.run(SuiteRunnerWorker.java:86)
	at org.testng.TestNG.runSuitesSequentially(TestNG.java:1244)
	at org.testng.TestNG.runSuitesLocally(TestNG.java:1169)
	at org.testng.TestNG.run(TestNG.java:1064)
	at org.testng.remote.AbstractRemoteTestNG.run(AbstractRemoteTestNG.java:114)
	at org.testng.remote.RemoteTestNG.initAndRun(RemoteTestNG.java:251)
	at org.testng.remote.RemoteTestNG.main(RemoteTestNG.java:77)
]]>
    </error>
  </testcase> <!-- checkCreatingNewVoucherPurchaseVoucheVAT -->
  <testcase name="checkExternalModulesTabOptionsInEditLayoutBody" time="3.014" classname="com.focus.testcases.DocumentCustomizationTest"/>
  <testcase name="checkCreatingNewVoucherjournalEntries" time="20.066" classname="com.focus.testcases.DocumentCustomizationTest"/>
  <testcase name="checkLoadFieldsDropdownOptionsinBodyTab" time="1.737" classname="com.focus.testcases.DocumentCustomizationTest"/>
  <testcase name="checkCloseAndLogoutTheCompany" time="4.058" classname="com.focus.testcases.DocumentCustomizationTest"/>
  <testcase name="checkLoadMastersOptionInPaymentNewVoucher" time="8.977" classname="com.focus.testcases.DocumentCustomizationTest">
    <failure type="java.lang.AssertionError" message="expected [true] but found [false]">
      <![CDATA[java.lang.AssertionError: expected [true] but found [false]
	at org.testng.Assert.fail(Assert.java:94)
	at org.testng.Assert.failNotEquals(Assert.java:513)
	at org.testng.Assert.assertEqualsImpl(Assert.java:135)
	at org.testng.Assert.assertEquals(Assert.java:116)
	at org.testng.Assert.assertEquals(Assert.java:305)
	at org.testng.Assert.assertEquals(Assert.java:315)
	at com.focus.testcases.DocumentCustomizationTest.checkLoadMastersOptionInPaymentNewVoucher(DocumentCustomizationTest.java:252)
	at sun.reflect.NativeMethodAccessorImpl.invoke0(Native Method)
	at sun.reflect.NativeMethodAccessorImpl.invoke(Unknown Source)
	at sun.reflect.DelegatingMethodAccessorImpl.invoke(Unknown Source)
	at java.lang.reflect.Method.invoke(Unknown Source)
	at org.testng.internal.MethodInvocationHelper.invokeMethod(MethodInvocationHelper.java:86)
	at org.testng.internal.Invoker.invokeMethod(Invoker.java:643)
	at org.testng.internal.Invoker.invokeTestMethod(Invoker.java:820)
	at org.testng.internal.Invoker.invokeTestMethods(Invoker.java:1128)
	at org.testng.internal.TestMethodWorker.invokeTestMethods(TestMethodWorker.java:129)
	at org.testng.internal.TestMethodWorker.run(TestMethodWorker.java:112)
	at org.testng.TestRunner.privateRun(TestRunner.java:782)
	at org.testng.TestRunner.run(TestRunner.java:632)
	at org.testng.SuiteRunner.runTest(SuiteRunner.java:366)
	at org.testng.SuiteRunner.runSequentially(SuiteRunner.java:361)
	at org.testng.SuiteRunner.privateRun(SuiteRunner.java:319)
	at org.testng.SuiteRunner.run(SuiteRunner.java:268)
	at org.testng.SuiteRunnerWorker.runSuite(SuiteRunnerWorker.java:52)
	at org.testng.SuiteRunnerWorker.run(SuiteRunnerWorker.java:86)
	at org.testng.TestNG.runSuitesSequentially(TestNG.java:1244)
	at org.testng.TestNG.runSuitesLocally(TestNG.java:1169)
	at org.testng.TestNG.run(TestNG.java:1064)
	at org.testng.remote.AbstractRemoteTestNG.run(AbstractRemoteTestNG.java:114)
	at org.testng.remote.RemoteTestNG.initAndRun(RemoteTestNG.java:251)
	at org.testng.remote.RemoteTestNG.main(RemoteTestNG.java:77)
]]>
    </failure>
  </testcase> <!-- checkLoadMastersOptionInPaymentNewVoucher -->
  <testcase name="checkMiscellaneousTabInPaymentNewVoucher" time="6.113" classname="com.focus.testcases.DocumentCustomizationTest"/>
  <testcase name="checkEditingTagsMasterPurchaseOrders" time="20.184" classname="com.focus.testcases.DocumentCustomizationTest"/>
  <testcase name="verifyDocumentCustomization" time="4.309" classname="com.focus.testcases.DocumentCustomizationTest"/>
  <testcase name="checksUpdateButtonInReceiptsNewVoucher" time="3.472" classname="com.focus.testcases.DocumentCustomizationTest"/>
  <testcase name="checkRulesTabOptionsInEditLayoutBody" time="2.845" classname="com.focus.testcases.DocumentCustomizationTest"/>
  <testcase name="checksUpdateButtoInPostDatedPaymentsNewVoucher" time="3.273" classname="com.focus.testcases.DocumentCustomizationTest"/>
  <testcase name="checkShortageStock" time="35.630" classname="com.focus.testcases.DocumentCustomizationTest"/>
  <testcase name="verifyDocumentCustomizationOptions" time="5.445" classname="com.focus.testcases.DocumentCustomizationTest"/>
  <testcase name="checkCreatingNewVoucherInPostDatedPaymets" time="29.089" classname="com.focus.testcases.DocumentCustomizationTest"/>
  <testcase name="checkFooterTabOptionsEditScreeninPurchaseVoucher" time="1.836" classname="com.focus.testcases.DocumentCustomizationTest"/>
  <testcase name="checkExcessInStock" time="26.400" classname="com.focus.testcases.DocumentCustomizationTest"/>
  <testcase name="checkSalesOrderVoucherInDocumentCustomization" time="18.881" classname="com.focus.testcases.DocumentCustomizationTest"/>
  <testcase name="checkLoadFiledsOptionsBodyTab" time="2.188" classname="com.focus.testcases.DocumentCustomizationTest"/>
  <testcase name="checkCreatingNewVoucherExcessInStock" time="74.762" classname="com.focus.testcases.DocumentCustomizationTest"/>
  <testcase name="checkCreatingNewVoucherSalesInvoiceNew" time="23.328" classname="com.focus.testcases.DocumentCustomizationTest">
    <error type="org.openqa.selenium.TimeoutException" message="Expected condition failed: waiting for element to be clickable: [[ChromeDriver: chrome on WINDOWS (c27e25d714b051cd6a9cbe80584d46e7)] -&gt; xpath: //a[@id=&#039;3328&#039;]//i[contains(@class,&#039;icon-font7&#039;)]] (tried for 20 second(s) with 1000 milliseconds interval)
Build info: version: &#039;3.12.0&#039;, revision: &#039;7c6e0b3&#039;, time: &#039;2018-05-08T14:04:26.12Z&#039;
System info: host: &#039;FOCUS-QA-10&#039;, ip: &#039;192.168.4.46&#039;, os.name: &#039;Windows 10&#039;, os.arch: &#039;amd64&#039;, os.version: &#039;10.0&#039;, java.version: &#039;1.8.0_111&#039;
Driver info: driver.version: unknown">
      <![CDATA[org.openqa.selenium.TimeoutException: Expected condition failed: waiting for element to be clickable: [[ChromeDriver: chrome on WINDOWS (c27e25d714b051cd6a9cbe80584d46e7)] -> xpath: //a[@id='3328']//i[contains(@class,'icon-font7')]] (tried for 20 second(s) with 1000 milliseconds interval)
Build info: version: '3.12.0', revision: '7c6e0b3', time: '2018-05-08T14:04:26.12Z'
System info: host: 'FOCUS-QA-10', ip: '192.168.4.46', os.name: 'Windows 10', os.arch: 'amd64', os.version: '10.0', java.version: '1.8.0_111'
Driver info: driver.version: unknown
	at org.openqa.selenium.support.ui.FluentWait.timeoutException(FluentWait.java:303)
	at org.openqa.selenium.support.ui.FluentWait.until(FluentWait.java:271)
	at com.focus.Pages.DocumentCustomizationPage.checkCreatingNewVoucherSalesInvoiceNew(DocumentCustomizationPage.java:6048)
	at com.focus.testcases.DocumentCustomizationTest.checkCreatingNewVoucherSalesInvoiceNew(DocumentCustomizationTest.java:632)
	at sun.reflect.NativeMethodAccessorImpl.invoke0(Native Method)
	at sun.reflect.NativeMethodAccessorImpl.invoke(Unknown Source)
	at sun.reflect.DelegatingMethodAccessorImpl.invoke(Unknown Source)
	at java.lang.reflect.Method.invoke(Unknown Source)
	at org.testng.internal.MethodInvocationHelper.invokeMethod(MethodInvocationHelper.java:86)
	at org.testng.internal.Invoker.invokeMethod(Invoker.java:643)
	at org.testng.internal.Invoker.invokeTestMethod(Invoker.java:820)
	at org.testng.internal.Invoker.invokeTestMethods(Invoker.java:1128)
	at org.testng.internal.TestMethodWorker.invokeTestMethods(TestMethodWorker.java:129)
	at org.testng.internal.TestMethodWorker.run(TestMethodWorker.java:112)
	at org.testng.TestRunner.privateRun(TestRunner.java:782)
	at org.testng.TestRunner.run(TestRunner.java:632)
	at org.testng.SuiteRunner.runTest(SuiteRunner.java:366)
	at org.testng.SuiteRunner.runSequentially(SuiteRunner.java:361)
	at org.testng.SuiteRunner.privateRun(SuiteRunner.java:319)
	at org.testng.SuiteRunner.run(SuiteRunner.java:268)
	at org.testng.SuiteRunnerWorker.runSuite(SuiteRunnerWorker.java:52)
	at org.testng.SuiteRunnerWorker.run(SuiteRunnerWorker.java:86)
	at org.testng.TestNG.runSuitesSequentially(TestNG.java:1244)
	at org.testng.TestNG.runSuitesLocally(TestNG.java:1169)
	at org.testng.TestNG.run(TestNG.java:1064)
	at org.testng.remote.AbstractRemoteTestNG.run(AbstractRemoteTestNG.java:114)
	at org.testng.remote.RemoteTestNG.initAndRun(RemoteTestNG.java:251)
	at org.testng.remote.RemoteTestNG.main(RemoteTestNG.java:77)
]]>
    </error>
  </testcase> <!-- checkCreatingNewVoucherSalesInvoiceNew -->
  <testcase name="checkBehaviourOptions" time="1.734" classname="com.focus.testcases.DocumentCustomizationTest"/>
</testsuite> <!-- com.focus.testcases.DocumentCustomizationTest -->
