<?xml version="1.0" encoding="UTF-8"?>
<!-- Generated by org.testng.reporters.JUnitReportReporter -->
<testsuite hostname="FOCUS-QA-10" name="com.focus.testcases.PreferencesTest" tests="63" failures="4" timestamp="23 Jun 2020 13:28:57 GMT" time="365.549" errors="0">
  <testcase name="verifyIncludeReservestockinStockLedgerOption" time="2.918" classname="com.focus.testcases.PreferencesTest"/>
  <testcase name="verifyAvailbilityofBatch" time="2.890" classname="com.focus.testcases.PreferencesTest"/>
  <testcase name="verifyDependOnMaintainBillWiseFroARAPOptions" time="3.482" classname="com.focus.testcases.PreferencesTest"/>
  <testcase name="verifyEnableCreditLimitCheckOptions" time="3.168" classname="com.focus.testcases.PreferencesTest"/>
  <testcase name="checkPreferencesOption" time="5.790" classname="com.focus.testcases.PreferencesTest"/>
  <testcase name="verifyEMail" time="3.296" classname="com.focus.testcases.PreferencesTest"/>
  <testcase name="verifyEnableBins" time="3.019" classname="com.focus.testcases.PreferencesTest"/>
  <testcase name="verifyUpdateButtonInBatches" time="6.500" classname="com.focus.testcases.PreferencesTest"/>
  <testcase name="verifyMiscellaneousOptions" time="4.216" classname="com.focus.testcases.PreferencesTest"/>
  <testcase name="verifyARAPoptions" time="3.399" classname="com.focus.testcases.PreferencesTest"/>
  <testcase name="verifyUpdateOkButton" time="4.004" classname="com.focus.testcases.PreferencesTest"/>
  <testcase name="checkMastersOptioninthePreferences" time="3.937" classname="com.focus.testcases.PreferencesTest"/>
  <testcase name="checkVATInPreferences" time="5.847" classname="com.focus.testcases.PreferencesTest"/>
  <testcase name="checkMailSettings" time="4.459" classname="com.focus.testcases.PreferencesTest"/>
  <testcase name="verifyEnableAccountingTag" time="4.541" classname="com.focus.testcases.PreferencesTest">
    <failure type="java.lang.AssertionError" message="expected [true] but found [false]">
      <![CDATA[java.lang.AssertionError: expected [true] but found [false]
	at org.testng.Assert.fail(Assert.java:94)
	at org.testng.Assert.failNotEquals(Assert.java:513)
	at org.testng.Assert.assertEqualsImpl(Assert.java:135)
	at org.testng.Assert.assertEquals(Assert.java:116)
	at org.testng.Assert.assertEquals(Assert.java:305)
	at org.testng.Assert.assertEquals(Assert.java:315)
	at com.focus.testcases.PreferencesTest.verifyEnableAccountingTag(PreferencesTest.java:67)
	at sun.reflect.NativeMethodAccessorImpl.invoke0(Native Method)
	at sun.reflect.NativeMethodAccessorImpl.invoke(Unknown Source)
	at sun.reflect.DelegatingMethodAccessorImpl.invoke(Unknown Source)
	at java.lang.reflect.Method.invoke(Unknown Source)
	at org.testng.internal.MethodInvocationHelper.invokeMethod(MethodInvocationHelper.java:86)
	at org.testng.internal.Invoker.invokeMethod(Invoker.java:643)
	at org.testng.internal.Invoker.invokeTestMethod(Invoker.java:820)
	at org.testng.internal.Invoker.invokeTestMethods(Invoker.java:1128)
	at org.testng.internal.TestMethodWorker.invokeTestMethods(TestMethodWorker.java:129)
	at org.testng.internal.TestMethodWorker.run(TestMethodWorker.java:112)
	at org.testng.TestRunner.privateRun(TestRunner.java:782)
	at org.testng.TestRunner.run(TestRunner.java:632)
	at org.testng.SuiteRunner.runTest(SuiteRunner.java:366)
	at org.testng.SuiteRunner.runSequentially(SuiteRunner.java:361)
	at org.testng.SuiteRunner.privateRun(SuiteRunner.java:319)
	at org.testng.SuiteRunner.run(SuiteRunner.java:268)
	at org.testng.SuiteRunnerWorker.runSuite(SuiteRunnerWorker.java:52)
	at org.testng.SuiteRunnerWorker.run(SuiteRunnerWorker.java:86)
	at org.testng.TestNG.runSuitesSequentially(TestNG.java:1244)
	at org.testng.TestNG.runSuitesLocally(TestNG.java:1169)
	at org.testng.TestNG.run(TestNG.java:1064)
	at org.testng.remote.AbstractRemoteTestNG.run(AbstractRemoteTestNG.java:114)
	at org.testng.remote.RemoteTestNG.initAndRun(RemoteTestNG.java:251)
	at org.testng.remote.RemoteTestNG.main(RemoteTestNG.java:77)
]]>
    </failure>
  </testcase> <!-- verifyEnableAccountingTag -->
  <testcase name="checkTagsDefaultTagSettingsOption" time="4.785" classname="com.focus.testcases.PreferencesTest"/>
  <testcase name="verifyUpdateButtonInBins" time="6.466" classname="com.focus.testcases.PreferencesTest"/>
  <testcase name="verifyEnableInventoryTag" time="4.562" classname="com.focus.testcases.PreferencesTest">
    <failure type="java.lang.AssertionError" message="expected [true] but found [false]">
      <![CDATA[java.lang.AssertionError: expected [true] but found [false]
	at org.testng.Assert.fail(Assert.java:94)
	at org.testng.Assert.failNotEquals(Assert.java:513)
	at org.testng.Assert.assertEqualsImpl(Assert.java:135)
	at org.testng.Assert.assertEquals(Assert.java:116)
	at org.testng.Assert.assertEquals(Assert.java:305)
	at org.testng.Assert.assertEquals(Assert.java:315)
	at com.focus.testcases.PreferencesTest.verifyEnableInventoryTag(PreferencesTest.java:75)
	at sun.reflect.NativeMethodAccessorImpl.invoke0(Native Method)
	at sun.reflect.NativeMethodAccessorImpl.invoke(Unknown Source)
	at sun.reflect.DelegatingMethodAccessorImpl.invoke(Unknown Source)
	at java.lang.reflect.Method.invoke(Unknown Source)
	at org.testng.internal.MethodInvocationHelper.invokeMethod(MethodInvocationHelper.java:86)
	at org.testng.internal.Invoker.invokeMethod(Invoker.java:643)
	at org.testng.internal.Invoker.invokeTestMethod(Invoker.java:820)
	at org.testng.internal.Invoker.invokeTestMethods(Invoker.java:1128)
	at org.testng.internal.TestMethodWorker.invokeTestMethods(TestMethodWorker.java:129)
	at org.testng.internal.TestMethodWorker.run(TestMethodWorker.java:112)
	at org.testng.TestRunner.privateRun(TestRunner.java:782)
	at org.testng.TestRunner.run(TestRunner.java:632)
	at org.testng.SuiteRunner.runTest(SuiteRunner.java:366)
	at org.testng.SuiteRunner.runSequentially(SuiteRunner.java:361)
	at org.testng.SuiteRunner.privateRun(SuiteRunner.java:319)
	at org.testng.SuiteRunner.run(SuiteRunner.java:268)
	at org.testng.SuiteRunnerWorker.runSuite(SuiteRunnerWorker.java:52)
	at org.testng.SuiteRunnerWorker.run(SuiteRunnerWorker.java:86)
	at org.testng.TestNG.runSuitesSequentially(TestNG.java:1244)
	at org.testng.TestNG.runSuitesLocally(TestNG.java:1169)
	at org.testng.TestNG.run(TestNG.java:1064)
	at org.testng.remote.AbstractRemoteTestNG.run(AbstractRemoteTestNG.java:114)
	at org.testng.remote.RemoteTestNG.initAndRun(RemoteTestNG.java:251)
	at org.testng.remote.RemoteTestNG.main(RemoteTestNG.java:77)
]]>
    </failure>
  </testcase> <!-- verifyEnableInventoryTag -->
  <testcase name="checkEnableSellingRateBuyingRateTag" time="7.198" classname="com.focus.testcases.PreferencesTest">
    <failure type="java.lang.AssertionError" message="expected [true] but found [false]">
      <![CDATA[java.lang.AssertionError: expected [true] but found [false]
	at org.testng.Assert.fail(Assert.java:94)
	at org.testng.Assert.failNotEquals(Assert.java:513)
	at org.testng.Assert.assertEqualsImpl(Assert.java:135)
	at org.testng.Assert.assertEquals(Assert.java:116)
	at org.testng.Assert.assertEquals(Assert.java:305)
	at org.testng.Assert.assertEquals(Assert.java:315)
	at com.focus.testcases.PreferencesTest.checkEnableSellingRateBuyingRateTag(PreferencesTest.java:84)
	at sun.reflect.NativeMethodAccessorImpl.invoke0(Native Method)
	at sun.reflect.NativeMethodAccessorImpl.invoke(Unknown Source)
	at sun.reflect.DelegatingMethodAccessorImpl.invoke(Unknown Source)
	at java.lang.reflect.Method.invoke(Unknown Source)
	at org.testng.internal.MethodInvocationHelper.invokeMethod(MethodInvocationHelper.java:86)
	at org.testng.internal.Invoker.invokeMethod(Invoker.java:643)
	at org.testng.internal.Invoker.invokeTestMethod(Invoker.java:820)
	at org.testng.internal.Invoker.invokeTestMethods(Invoker.java:1128)
	at org.testng.internal.TestMethodWorker.invokeTestMethods(TestMethodWorker.java:129)
	at org.testng.internal.TestMethodWorker.run(TestMethodWorker.java:112)
	at org.testng.TestRunner.privateRun(TestRunner.java:782)
	at org.testng.TestRunner.run(TestRunner.java:632)
	at org.testng.SuiteRunner.runTest(SuiteRunner.java:366)
	at org.testng.SuiteRunner.runSequentially(SuiteRunner.java:361)
	at org.testng.SuiteRunner.privateRun(SuiteRunner.java:319)
	at org.testng.SuiteRunner.run(SuiteRunner.java:268)
	at org.testng.SuiteRunnerWorker.runSuite(SuiteRunnerWorker.java:52)
	at org.testng.SuiteRunnerWorker.run(SuiteRunnerWorker.java:86)
	at org.testng.TestNG.runSuitesSequentially(TestNG.java:1244)
	at org.testng.TestNG.runSuitesLocally(TestNG.java:1169)
	at org.testng.TestNG.run(TestNG.java:1064)
	at org.testng.remote.AbstractRemoteTestNG.run(AbstractRemoteTestNG.java:114)
	at org.testng.remote.RemoteTestNG.initAndRun(RemoteTestNG.java:251)
	at org.testng.remote.RemoteTestNG.main(RemoteTestNG.java:77)
]]>
    </failure>
  </testcase> <!-- checkEnableSellingRateBuyingRateTag -->
  <testcase name="verifyUpdateButtonInMailSettings" time="6.633" classname="com.focus.testcases.PreferencesTest"/>
  <testcase name="verifykMailSettings" time="4.390" classname="com.focus.testcases.PreferencesTest"/>
  <testcase name="verifySMTPsettings" time="3.038" classname="com.focus.testcases.PreferencesTest"/>
  <testcase name="verifyUpdateInventoryOptions" time="1.416" classname="com.focus.testcases.PreferencesTest"/>
  <testcase name="verifyMiscellaneousInPreferences" time="2.897" classname="com.focus.testcases.PreferencesTest"/>
  <testcase name="checkSelectingAPTagAsDeparment" time="3.258" classname="com.focus.testcases.PreferencesTest"/>
  <testcase name="checkSelectingARTagAsDeparment" time="3.384" classname="com.focus.testcases.PreferencesTest"/>
  <testcase name="checkBudgetScreenUnderPreference" time="3.666" classname="com.focus.testcases.PreferencesTest"/>
  <testcase name="checkAvailbilityofPDCandPDCOptionsinPreference" time="4.657" classname="com.focus.testcases.PreferencesTest"/>
  <testcase name="verifyPickCreditDayFromOptions" time="3.047" classname="com.focus.testcases.PreferencesTest"/>
  <testcase name="verifyUpdateMRNstockvaluethroughPurchaseOption" time="2.969" classname="com.focus.testcases.PreferencesTest"/>
  <testcase name="checkEnableOverDueCheckOptions" time="3.243" classname="com.focus.testcases.PreferencesTest"/>
  <testcase name="verifyUserSecureConnection" time="3.602" classname="com.focus.testcases.PreferencesTest"/>
  <testcase name="verifyOutgoingPort" time="4.247" classname="com.focus.testcases.PreferencesTest"/>
  <testcase name="verifyUpdateButtonInRMA" time="6.508" classname="com.focus.testcases.PreferencesTest"/>
  <testcase name="checkCloseAndLogoutTheCompany" time="4.141" classname="com.focus.testcases.PreferencesTest"/>
  <testcase name="verifyEnableBatchNumbersOption" time="3.603" classname="com.focus.testcases.PreferencesTest"/>
  <testcase name="verifyRMAOptions" time="3.098" classname="com.focus.testcases.PreferencesTest"/>
  <testcase name="verifyARAPinPreferences" time="3.228" classname="com.focus.testcases.PreferencesTest"/>
  <testcase name="verifyAvailbilityofBins" time="2.896" classname="com.focus.testcases.PreferencesTest"/>
  <testcase name="verifyInputUnitsinTransactionsOption" time="2.988" classname="com.focus.testcases.PreferencesTest"/>
  <testcase name="checkSaveVATAccountsInPreferences" time="28.265" classname="com.focus.testcases.PreferencesTest"/>
  <testcase name="verifySavingDependOnMaintainBillWiseFroARAPOptions" time="3.214" classname="com.focus.testcases.PreferencesTest"/>
  <testcase name="verifyAvailbilityofRMA" time="2.811" classname="com.focus.testcases.PreferencesTest"/>
  <testcase name="checkAccountsinPreferences" time="5.652" classname="com.focus.testcases.PreferencesTest"/>
  <testcase name="checkConfigureTransactionsMenu" time="5.409" classname="com.focus.testcases.PreferencesTest"/>
  <testcase name="checkAvailableOptionsInSettingsMenu" time="5.473" classname="com.focus.testcases.PreferencesTest"/>
  <testcase name="checkEnableBatchExpiryOptions" time="3.240" classname="com.focus.testcases.PreferencesTest"/>
  <testcase name="checkFixedAssetsInPreferences" time="4.772" classname="com.focus.testcases.PreferencesTest"/>
  <testcase name="verifyPassword" time="3.115" classname="com.focus.testcases.PreferencesTest"/>
  <testcase name="verifyEnableRMASupportOption" time="3.132" classname="com.focus.testcases.PreferencesTest"/>
  <testcase name="verifyEnableBinsOption" time="3.485" classname="com.focus.testcases.PreferencesTest"/>
  <testcase name="verifyAuthenticationType" time="4.539" classname="com.focus.testcases.PreferencesTest"/>
  <testcase name="verifyUpdateButton" time="3.623" classname="com.focus.testcases.PreferencesTest"/>
  <testcase name="verifyLocalCurrencyOption" time="3.096" classname="com.focus.testcases.PreferencesTest"/>
  <testcase name="verifyAvailbilityofInventory" time="2.927" classname="com.focus.testcases.PreferencesTest"/>
  <testcase name="checkSavedOptionsInPreferences" time="64.979" classname="com.focus.testcases.PreferencesTest">
    <failure type="java.lang.AssertionError" message="expected [true] but found [false]">
      <![CDATA[java.lang.AssertionError: expected [true] but found [false]
	at org.testng.Assert.fail(Assert.java:94)
	at org.testng.Assert.failNotEquals(Assert.java:513)
	at org.testng.Assert.assertEqualsImpl(Assert.java:135)
	at org.testng.Assert.assertEquals(Assert.java:116)
	at org.testng.Assert.assertEquals(Assert.java:305)
	at org.testng.Assert.assertEquals(Assert.java:315)
	at com.focus.testcases.PreferencesTest.checkSavedOptionsInPreferences(PreferencesTest.java:798)
	at sun.reflect.NativeMethodAccessorImpl.invoke0(Native Method)
	at sun.reflect.NativeMethodAccessorImpl.invoke(Unknown Source)
	at sun.reflect.DelegatingMethodAccessorImpl.invoke(Unknown Source)
	at java.lang.reflect.Method.invoke(Unknown Source)
	at org.testng.internal.MethodInvocationHelper.invokeMethod(MethodInvocationHelper.java:86)
	at org.testng.internal.Invoker.invokeMethod(Invoker.java:643)
	at org.testng.internal.Invoker.invokeTestMethod(Invoker.java:820)
	at org.testng.internal.Invoker.invokeTestMethods(Invoker.java:1128)
	at org.testng.internal.TestMethodWorker.invokeTestMethods(TestMethodWorker.java:129)
	at org.testng.internal.TestMethodWorker.run(TestMethodWorker.java:112)
	at org.testng.TestRunner.privateRun(TestRunner.java:782)
	at org.testng.TestRunner.run(TestRunner.java:632)
	at org.testng.SuiteRunner.runTest(SuiteRunner.java:366)
	at org.testng.SuiteRunner.runSequentially(SuiteRunner.java:361)
	at org.testng.SuiteRunner.privateRun(SuiteRunner.java:319)
	at org.testng.SuiteRunner.run(SuiteRunner.java:268)
	at org.testng.SuiteRunnerWorker.runSuite(SuiteRunnerWorker.java:52)
	at org.testng.SuiteRunnerWorker.run(SuiteRunnerWorker.java:86)
	at org.testng.TestNG.runSuitesSequentially(TestNG.java:1244)
	at org.testng.TestNG.runSuitesLocally(TestNG.java:1169)
	at org.testng.TestNG.run(TestNG.java:1064)
	at org.testng.remote.AbstractRemoteTestNG.run(AbstractRemoteTestNG.java:114)
	at org.testng.remote.RemoteTestNG.initAndRun(RemoteTestNG.java:251)
	at org.testng.remote.RemoteTestNG.main(RemoteTestNG.java:77)
]]>
    </failure>
  </testcase> <!-- checkSavedOptionsInPreferences -->
  <testcase name="checkLoginCompanyWithValidCredentials" time="14.857" classname="com.focus.testcases.PreferencesTest"/>
  <testcase name="verifyInputingLocalCurrencyOption" time="3.547" classname="com.focus.testcases.PreferencesTest"/>
  <testcase name="checkCreateVATInputAccountInPreferences" time="18.382" classname="com.focus.testcases.PreferencesTest"/>
  <testcase name="verifyInventoryOptions" time="3.830" classname="com.focus.testcases.PreferencesTest"/>
  <testcase name="checkSavingtheSaleandPurchaseRates" time="9.442" classname="com.focus.testcases.PreferencesTest"/>
  <testcase name="verifySMTPAddress" time="3.247" classname="com.focus.testcases.PreferencesTest"/>
  <testcase name="verifyReservation" time="3.126" classname="com.focus.testcases.PreferencesTest"/>
</testsuite> <!-- com.focus.testcases.PreferencesTest -->
