<?xml version="1.0" encoding="UTF-8"?>
<!-- Generated by org.testng.reporters.JUnitReportReporter -->
<testsuite hostname="FOCUS-QA-11" name="com.focus.testcases.SmokeMasterAuthorizationDefinitionTest" tests="47" failures="1" timestamp="11 Nov 2020 16:52:53 GMT" time="519.260" errors="0">
  <testcase name="checkOpenMasterAuthorization" time="6.805" classname="com.focus.testcases.SmokeMasterAuthorizationDefinitionTest"/>
  <testcase name="checkSavingMasterAuthorization" time="4.263" classname="com.focus.testcases.SmokeMasterAuthorizationDefinitionTest"/>
  <testcase name="checkEmailTemplateCompanyExpandInFieldsTabOptions" time="9.329" classname="com.focus.testcases.SmokeMasterAuthorizationDefinitionTest"/>
  <testcase name="checkSaveButtonWithCondition" time="6.560" classname="com.focus.testcases.SmokeMasterAuthorizationDefinitionTest"/>
  <testcase name="checkEditMasterAuthorizationSettings" time="4.355" classname="com.focus.testcases.SmokeMasterAuthorizationDefinitionTest"/>
  <testcase name="checkFieldsTabMiscellaneousOptions" time="9.546" classname="com.focus.testcases.SmokeMasterAuthorizationDefinitionTest"/>
  <testcase name="checkSavedAlertTemplateInTemplate" time="31.512" classname="com.focus.testcases.SmokeMasterAuthorizationDefinitionTest"/>
  <testcase name="checkFieldsDragInHeaderOptions" time="123.390" classname="com.focus.testcases.SmokeMasterAuthorizationDefinitionTest"/>
  <testcase name="checkExitOptionInLayout" time="6.219" classname="com.focus.testcases.SmokeMasterAuthorizationDefinitionTest"/>
  <testcase name="checkConditionAsMandatory" time="4.236" classname="com.focus.testcases.SmokeMasterAuthorizationDefinitionTest">
    <failure type="java.lang.AssertionError" message="expected [true] but found [false]">
      <![CDATA[java.lang.AssertionError: expected [true] but found [false]
	at org.testng.Assert.fail(Assert.java:94)
	at org.testng.Assert.failNotEquals(Assert.java:513)
	at org.testng.Assert.assertEqualsImpl(Assert.java:135)
	at org.testng.Assert.assertEquals(Assert.java:116)
	at org.testng.Assert.assertEquals(Assert.java:305)
	at org.testng.Assert.assertEquals(Assert.java:315)
	at com.focus.testcases.SmokeMasterAuthorizationDefinitionTest.checkConditionAsMandatory(SmokeMasterAuthorizationDefinitionTest.java:181)
	at sun.reflect.NativeMethodAccessorImpl.invoke0(Native Method)
	at sun.reflect.NativeMethodAccessorImpl.invoke(Unknown Source)
	at sun.reflect.DelegatingMethodAccessorImpl.invoke(Unknown Source)
	at java.lang.reflect.Method.invoke(Unknown Source)
	at org.testng.internal.MethodInvocationHelper.invokeMethod(MethodInvocationHelper.java:86)
	at org.testng.internal.Invoker.invokeMethod(Invoker.java:643)
	at org.testng.internal.Invoker.invokeTestMethod(Invoker.java:820)
	at org.testng.internal.Invoker.invokeTestMethods(Invoker.java:1128)
	at org.testng.internal.TestMethodWorker.invokeTestMethods(TestMethodWorker.java:129)
	at org.testng.internal.TestMethodWorker.run(TestMethodWorker.java:112)
	at org.testng.TestRunner.privateRun(TestRunner.java:782)
	at org.testng.TestRunner.run(TestRunner.java:632)
	at org.testng.SuiteRunner.runTest(SuiteRunner.java:366)
	at org.testng.SuiteRunner.runSequentially(SuiteRunner.java:361)
	at org.testng.SuiteRunner.privateRun(SuiteRunner.java:319)
	at org.testng.SuiteRunner.run(SuiteRunner.java:268)
	at org.testng.SuiteRunnerWorker.runSuite(SuiteRunnerWorker.java:52)
	at org.testng.SuiteRunnerWorker.run(SuiteRunnerWorker.java:86)
	at org.testng.TestNG.runSuitesSequentially(TestNG.java:1244)
	at org.testng.TestNG.runSuitesLocally(TestNG.java:1169)
	at org.testng.TestNG.run(TestNG.java:1064)
	at org.testng.remote.AbstractRemoteTestNG.run(AbstractRemoteTestNG.java:114)
	at org.testng.remote.RemoteTestNG.initAndRun(RemoteTestNG.java:251)
	at org.testng.remote.RemoteTestNG.main(RemoteTestNG.java:77)
]]>
    </failure>
  </testcase> <!-- checkConditionAsMandatory -->
  <testcase name="checkConditionCheckbox" time="9.972" classname="com.focus.testcases.SmokeMasterAuthorizationDefinitionTest"/>
  <testcase name="checkSavedNameDisplayInNameTextBox" time="4.831" classname="com.focus.testcases.SmokeMasterAuthorizationDefinitionTest"/>
  <testcase name="checkUserSelectionIsManadatory" time="4.189" classname="com.focus.testcases.SmokeMasterAuthorizationDefinitionTest"/>
  <testcase name="checkDisplayingMastersNameInListOfMasters" time="5.711" classname="com.focus.testcases.SmokeMasterAuthorizationDefinitionTest"/>
  <testcase name="checkEscalationTabOptionsAfterClickingAddBtn" time="4.326" classname="com.focus.testcases.SmokeMasterAuthorizationDefinitionTest"/>
  <testcase name="checkUserDropdownOptions" time="2.959" classname="com.focus.testcases.SmokeMasterAuthorizationDefinitionTest"/>
  <testcase name="checkAlertsTabOptions" time="5.328" classname="com.focus.testcases.SmokeMasterAuthorizationDefinitionTest"/>
  <testcase name="checkOkInAlertDeleteOption" time="5.691" classname="com.focus.testcases.SmokeMasterAuthorizationDefinitionTest"/>
  <testcase name="checkCloseAndLogoutTheCompany" time="7.412" classname="com.focus.testcases.SmokeMasterAuthorizationDefinitionTest"/>
  <testcase name="checkLoginWithValidUserNameAndPasswordToCheckMasterAuthorization" time="33.398" classname="com.focus.testcases.SmokeMasterAuthorizationDefinitionTest"/>
  <testcase name="checkFieldsTabMasterFieldsOptions" time="9.914" classname="com.focus.testcases.SmokeMasterAuthorizationDefinitionTest"/>
  <testcase name="checkCancelButton" time="2.521" classname="com.focus.testcases.SmokeMasterAuthorizationDefinitionTest"/>
  <testcase name="checkSaveWithoutName" time="4.449" classname="com.focus.testcases.SmokeMasterAuthorizationDefinitionTest"/>
  <testcase name="checkAlertMessageOnDeleteAuthorization" time="45.398" classname="com.focus.testcases.SmokeMasterAuthorizationDefinitionTest"/>
  <testcase name="checkSavedEmailTemplateInEmailTemplate" time="20.298" classname="com.focus.testcases.SmokeMasterAuthorizationDefinitionTest"/>
  <testcase name="checkStartPoint" time="4.648" classname="com.focus.testcases.SmokeMasterAuthorizationDefinitionTest"/>
  <testcase name="checkCancelInAlertDeleteOption" time="7.022" classname="com.focus.testcases.SmokeMasterAuthorizationDefinitionTest"/>
  <testcase name="checkConditionTabOptions" time="6.542" classname="com.focus.testcases.SmokeMasterAuthorizationDefinitionTest"/>
  <testcase name="checkCancelButtonInDefinitionScreen" time="4.675" classname="com.focus.testcases.SmokeMasterAuthorizationDefinitionTest"/>
  <testcase name="checkEscalationTypeDropdownOptions" time="3.978" classname="com.focus.testcases.SmokeMasterAuthorizationDefinitionTest"/>
  <testcase name="checkSaveAuthorizationWithConditionAndAlerts" time="9.379" classname="com.focus.testcases.SmokeMasterAuthorizationDefinitionTest"/>
  <testcase name="checkInputNameAndClickOnSaveWithoutAuthorizationSettings" time="5.931" classname="com.focus.testcases.SmokeMasterAuthorizationDefinitionTest"/>
  <testcase name="checkEditOnSelectAlertsTabOptions" time="6.365" classname="com.focus.testcases.SmokeMasterAuthorizationDefinitionTest"/>
  <testcase name="checkDesignAreaPrintScreen" time="6.727" classname="com.focus.testcases.SmokeMasterAuthorizationDefinitionTest"/>
  <testcase name="checkUserSelectionTabOptions" time="4.316" classname="com.focus.testcases.SmokeMasterAuthorizationDefinitionTest"/>
  <testcase name="checkMasterDropdownOptions" time="5.755" classname="com.focus.testcases.SmokeMasterAuthorizationDefinitionTest"/>
  <testcase name="checkClearButton" time="5.991" classname="com.focus.testcases.SmokeMasterAuthorizationDefinitionTest"/>
  <testcase name="checkSavedSMSTemplateInTemplate" time="27.487" classname="com.focus.testcases.SmokeMasterAuthorizationDefinitionTest"/>
  <testcase name="checkFieldsTabUserDetailsOptions" time="9.597" classname="com.focus.testcases.SmokeMasterAuthorizationDefinitionTest"/>
  <testcase name="checkSelectingAccountinMasterDropdown" time="4.133" classname="com.focus.testcases.SmokeMasterAuthorizationDefinitionTest"/>
  <testcase name="checkSaveWithoutSelectionOfMaster" time="4.074" classname="com.focus.testcases.SmokeMasterAuthorizationDefinitionTest"/>
  <testcase name="checkSaveWithAllMandatoryInputs" time="6.010" classname="com.focus.testcases.SmokeMasterAuthorizationDefinitionTest"/>
  <testcase name="checkDescriptionAsMandatory" time="4.996" classname="com.focus.testcases.SmokeMasterAuthorizationDefinitionTest"/>
  <testcase name="checkEscalationTabOptions" time="3.960" classname="com.focus.testcases.SmokeMasterAuthorizationDefinitionTest"/>
  <testcase name="checkActiveCheckBox" time="3.837" classname="com.focus.testcases.SmokeMasterAuthorizationDefinitionTest"/>
  <testcase name="checkCreatedEmailInEmailHedaerTemplate" time="6.119" classname="com.focus.testcases.SmokeMasterAuthorizationDefinitionTest"/>
  <testcase name="checkOkButtonOnSelectingUser" time="5.106" classname="com.focus.testcases.SmokeMasterAuthorizationDefinitionTest"/>
</testsuite> <!-- com.focus.testcases.SmokeMasterAuthorizationDefinitionTest -->
