<?xml version="1.0" encoding="UTF-8"?>
<!-- Generated by org.testng.reporters.JUnitReportReporter -->
<testsuite hostname="FOCUS-QA-11" name="com.focus.testcases.SmokeItemTest" tests="42" failures="2" timestamp="11 Nov 2020 14:20:22 GMT" time="484.838" errors="0">
  <testcase name="checkSaveButtonByInputInProductCreationPage" time="11.209" classname="com.focus.testcases.SmokeItemTest"/>
  <testcase name="checkGeneralTabInItemMasterCreationPage" time="5.174" classname="com.focus.testcases.SmokeItemTest"/>
  <testcase name="checkClickOnGroupItemToDisplayEmpty" time="8.607" classname="com.focus.testcases.SmokeItemTest"/>
  <testcase name="checkSaveItemInItemGroup" time="19.946" classname="com.focus.testcases.SmokeItemTest"/>
  <testcase name="checkEditOptionForNewlyCreatedItem" time="25.548" classname="com.focus.testcases.SmokeItemTest"/>
  <testcase name="checkClickOnCloseAndCreatedMasterItemDisplayInGrid" time="4.003" classname="com.focus.testcases.SmokeItemTest"/>
  <testcase name="checkItemDisplayTableColumnValuesAvailableInItemMastersPage" time="3.779" classname="com.focus.testcases.SmokeItemTest"/>
  <testcase name="checkCheckBoxOfSavedMasterItemIsCheckedByClickingOnItemMaster" time="3.924" classname="com.focus.testcases.SmokeItemTest"/>
  <testcase name="checkDisplayOfGroupAvailableTreeStructureLeftPaneInItemMastersPage" time="3.851" classname="com.focus.testcases.SmokeItemTest"/>
  <testcase name="checkEditOptionForItemGroup" time="5.006" classname="com.focus.testcases.SmokeItemTest"/>
  <testcase name="checkCreateViewToggleOptionsAvailableInItemMastersPage" time="4.117" classname="com.focus.testcases.SmokeItemTest"/>
  <testcase name="checkItemFirstLevel" time="12.768" classname="com.focus.testcases.SmokeItemTest"/>
  <testcase name="checkTreeViewOptionsAvailableInItemMastersPage" time="5.452" classname="com.focus.testcases.SmokeItemTest"/>
  <testcase name="checkClickOnItemFromItemMenu" time="9.472" classname="com.focus.testcases.SmokeItemTest"/>
  <testcase name="checkReplenishmentTabInItemMasterCreationPage" time="8.319" classname="com.focus.testcases.SmokeItemTest"/>
  <testcase name="checkNewButtonOnClickToDisplayItemCreationPage" time="5.501" classname="com.focus.testcases.SmokeItemTest"/>
  <testcase name="checkCloseOptionInItemCreationInItemCreation" time="13.075" classname="com.focus.testcases.SmokeItemTest"/>
  <testcase name="checkOtherDeailsTabInMasterCreationPage" time="7.898" classname="com.focus.testcases.SmokeItemTest"/>
  <testcase name="checkUnHideUnitsGroupOptionsAvailableInItemMastersPage" time="3.947" classname="com.focus.testcases.SmokeItemTest"/>
  <testcase name="checkUnCheckBoxOfSavedMasterItemIsCheckedByClickingOnItemMaster" time="3.782" classname="com.focus.testcases.SmokeItemTest"/>
  <testcase name="checkToolsOptionsOnClickMasterExpandOptionsInItemMasterPageu" time="8.884" classname="com.focus.testcases.SmokeItemTest"/>
  <testcase name="checkDeleteItemDisplayInMasterDisplay" time="3.701" classname="com.focus.testcases.SmokeItemTest"/>
  <testcase name="checkClassificationTabInItemMasterCreationPage" time="6.831" classname="com.focus.testcases.SmokeItemTest"/>
  <testcase name="checkSettingTabInItemMasterCreationPage" time="7.944" classname="com.focus.testcases.SmokeItemTest"/>
  <testcase name="checkSearchOptionAvailableInItemMastersPage" time="4.035" classname="com.focus.testcases.SmokeItemTest"/>
  <testcase name="checkItemsAddGroupButton" time="8.887" classname="com.focus.testcases.SmokeItemTest"/>
  <testcase name="checkCloseItemMaster" time="2.480" classname="com.focus.testcases.SmokeItemTest"/>
  <testcase name="checkCreateTreeToggleOptionsAvailableInItemMastersPage" time="4.245" classname="com.focus.testcases.SmokeItemTest"/>
  <testcase name="checkItemAddGroupCreationScreenAfterSaving" time="9.165" classname="com.focus.testcases.SmokeItemTest"/>
  <testcase name="checkHideUnitGroupOptionsAvailableInItemMastersPage" time="4.050" classname="com.focus.testcases.SmokeItemTest"/>
  <testcase name="checkOtherToolsOptionsOnClickMasterExpandOptionsInItemMasterPageu" time="5.237" classname="com.focus.testcases.SmokeItemTest"/>
  <testcase name="checkSignToCheckItemMastersPage" time="94.456" classname="com.focus.testcases.SmokeItemTest">
    <failure type="java.lang.AssertionError" message="expected [true] but found [false]">
      <![CDATA[java.lang.AssertionError: expected [true] but found [false]
	at org.testng.Assert.fail(Assert.java:94)
	at org.testng.Assert.failNotEquals(Assert.java:513)
	at org.testng.Assert.assertEqualsImpl(Assert.java:135)
	at org.testng.Assert.assertEquals(Assert.java:116)
	at org.testng.Assert.assertEquals(Assert.java:305)
	at org.testng.Assert.assertEquals(Assert.java:315)
	at com.focus.testcases.SmokeItemTest.checkSignToCheckItemMastersPage(SmokeItemTest.java:26)
	at sun.reflect.NativeMethodAccessorImpl.invoke0(Native Method)
	at sun.reflect.NativeMethodAccessorImpl.invoke(Unknown Source)
	at sun.reflect.DelegatingMethodAccessorImpl.invoke(Unknown Source)
	at java.lang.reflect.Method.invoke(Unknown Source)
	at org.testng.internal.MethodInvocationHelper.invokeMethod(MethodInvocationHelper.java:86)
	at org.testng.internal.Invoker.invokeMethod(Invoker.java:643)
	at org.testng.internal.Invoker.invokeTestMethod(Invoker.java:820)
	at org.testng.internal.Invoker.invokeTestMethods(Invoker.java:1128)
	at org.testng.internal.TestMethodWorker.invokeTestMethods(TestMethodWorker.java:129)
	at org.testng.internal.TestMethodWorker.run(TestMethodWorker.java:112)
	at org.testng.TestRunner.privateRun(TestRunner.java:782)
	at org.testng.TestRunner.run(TestRunner.java:632)
	at org.testng.SuiteRunner.runTest(SuiteRunner.java:366)
	at org.testng.SuiteRunner.runSequentially(SuiteRunner.java:361)
	at org.testng.SuiteRunner.privateRun(SuiteRunner.java:319)
	at org.testng.SuiteRunner.run(SuiteRunner.java:268)
	at org.testng.SuiteRunnerWorker.runSuite(SuiteRunnerWorker.java:52)
	at org.testng.SuiteRunnerWorker.run(SuiteRunnerWorker.java:86)
	at org.testng.TestNG.runSuitesSequentially(TestNG.java:1244)
	at org.testng.TestNG.runSuitesLocally(TestNG.java:1169)
	at org.testng.TestNG.run(TestNG.java:1064)
	at org.testng.remote.AbstractRemoteTestNG.run(AbstractRemoteTestNG.java:114)
	at org.testng.remote.RemoteTestNG.initAndRun(RemoteTestNG.java:251)
	at org.testng.remote.RemoteTestNG.main(RemoteTestNG.java:77)
]]>
    </failure>
  </testcase> <!-- checkSignToCheckItemMastersPage -->
  <testcase name="checkLogoutInCurrencyMasterPage" time="82.326" classname="com.focus.testcases.SmokeItemTest">
    <failure type="java.lang.AssertionError" message="expected [true] but found [false]">
      <![CDATA[java.lang.AssertionError: expected [true] but found [false]
	at org.testng.Assert.fail(Assert.java:94)
	at org.testng.Assert.failNotEquals(Assert.java:513)
	at org.testng.Assert.assertEqualsImpl(Assert.java:135)
	at org.testng.Assert.assertEquals(Assert.java:116)
	at org.testng.Assert.assertEquals(Assert.java:305)
	at org.testng.Assert.assertEquals(Assert.java:315)
	at com.focus.testcases.SmokeItemTest.checkLogoutInCurrencyMasterPage(SmokeItemTest.java:322)
	at sun.reflect.NativeMethodAccessorImpl.invoke0(Native Method)
	at sun.reflect.NativeMethodAccessorImpl.invoke(Unknown Source)
	at sun.reflect.DelegatingMethodAccessorImpl.invoke(Unknown Source)
	at java.lang.reflect.Method.invoke(Unknown Source)
	at org.testng.internal.MethodInvocationHelper.invokeMethod(MethodInvocationHelper.java:86)
	at org.testng.internal.Invoker.invokeMethod(Invoker.java:643)
	at org.testng.internal.Invoker.invokeTestMethod(Invoker.java:820)
	at org.testng.internal.Invoker.invokeTestMethods(Invoker.java:1128)
	at org.testng.internal.TestMethodWorker.invokeTestMethods(TestMethodWorker.java:129)
	at org.testng.internal.TestMethodWorker.run(TestMethodWorker.java:112)
	at org.testng.TestRunner.privateRun(TestRunner.java:782)
	at org.testng.TestRunner.run(TestRunner.java:632)
	at org.testng.SuiteRunner.runTest(SuiteRunner.java:366)
	at org.testng.SuiteRunner.runSequentially(SuiteRunner.java:361)
	at org.testng.SuiteRunner.privateRun(SuiteRunner.java:319)
	at org.testng.SuiteRunner.run(SuiteRunner.java:268)
	at org.testng.SuiteRunnerWorker.runSuite(SuiteRunnerWorker.java:52)
	at org.testng.SuiteRunnerWorker.run(SuiteRunnerWorker.java:86)
	at org.testng.TestNG.runSuitesSequentially(TestNG.java:1244)
	at org.testng.TestNG.runSuitesLocally(TestNG.java:1169)
	at org.testng.TestNG.run(TestNG.java:1064)
	at org.testng.remote.AbstractRemoteTestNG.run(AbstractRemoteTestNG.java:114)
	at org.testng.remote.RemoteTestNG.initAndRun(RemoteTestNG.java:251)
	at org.testng.remote.RemoteTestNG.main(RemoteTestNG.java:77)
]]>
    </failure>
  </testcase> <!-- checkLogoutInCurrencyMasterPage -->
  <testcase name="checkHeaderFieldsOptionsAvailableInItemMastersPage" time="7.255" classname="com.focus.testcases.SmokeItemTest"/>
  <testcase name="checkSaveOnUpdateItemGroupDisplayInItemGrid" time="3.507" classname="com.focus.testcases.SmokeItemTest"/>
  <testcase name="checkSaveButtonWithoutInputCodeMandatoryFieldsInAddGroupOption" time="7.049" classname="com.focus.testcases.SmokeItemTest"/>
  <testcase name="checkUpateForGroupItem" time="8.680" classname="com.focus.testcases.SmokeItemTest"/>
  <testcase name="checkItemDisplayTableColumnNamesAvailableInItemMastersPage" time="4.279" classname="com.focus.testcases.SmokeItemTest"/>
  <testcase name="checkOutletTabInItemMasterCreationPage" time="7.520" classname="com.focus.testcases.SmokeItemTest"/>
  <testcase name="checkUpdatedItemInformation" time="19.778" classname="com.focus.testcases.SmokeItemTest"/>
  <testcase name="checkUnitsTabInItemMasterCreationPage" time="7.908" classname="com.focus.testcases.SmokeItemTest"/>
  <testcase name="checkDeleteItemFromItemMasterPage" time="11.243" classname="com.focus.testcases.SmokeItemTest"/>
</testsuite> <!-- com.focus.testcases.SmokeItemTest -->
