<?xml version="1.0" encoding="UTF-8"?>
<!-- Generated by org.testng.reporters.JUnitReportReporter -->
<testsuite hostname="FOCUS-QA-4" name="com.focus.testcases.ServiceTypeItemTransactionsAndReportsTest" tests="18" failures="2" timestamp="11 Oct 2021 12:44:21 GMT" time="239.643" errors="0">
  <testcase name="checkStockLedgerReportWithoutIncludeServiceTypeItem" time="8.204" classname="com.focus.testcases.ServiceTypeItemTransactionsAndReportsTest"/>
  <testcase name="checkMultiLevelStockMovementReportWithIncludeServiceTypeItem" time="9.808" classname="com.focus.testcases.ServiceTypeItemTransactionsAndReportsTest">
    <failure type="java.lang.AssertionError" message="expected [true] but found [false]">
      <![CDATA[java.lang.AssertionError: expected [true] but found [false]
	at org.testng.Assert.fail(Assert.java:94)
	at org.testng.Assert.failNotEquals(Assert.java:513)
	at org.testng.Assert.assertEqualsImpl(Assert.java:135)
	at org.testng.Assert.assertEquals(Assert.java:116)
	at org.testng.Assert.assertEquals(Assert.java:305)
	at org.testng.Assert.assertEquals(Assert.java:315)
	at com.focus.testcases.ServiceTypeItemTransactionsAndReportsTest.checkMultiLevelStockMovementReportWithIncludeServiceTypeItem(ServiceTypeItemTransactionsAndReportsTest.java:146)
	at sun.reflect.NativeMethodAccessorImpl.invoke0(Native Method)
	at sun.reflect.NativeMethodAccessorImpl.invoke(Unknown Source)
	at sun.reflect.DelegatingMethodAccessorImpl.invoke(Unknown Source)
	at java.lang.reflect.Method.invoke(Unknown Source)
	at org.testng.internal.MethodInvocationHelper.invokeMethod(MethodInvocationHelper.java:86)
	at org.testng.internal.Invoker.invokeMethod(Invoker.java:643)
	at org.testng.internal.Invoker.invokeTestMethod(Invoker.java:820)
	at org.testng.internal.Invoker.invokeTestMethods(Invoker.java:1128)
	at org.testng.internal.TestMethodWorker.invokeTestMethods(TestMethodWorker.java:129)
	at org.testng.internal.TestMethodWorker.run(TestMethodWorker.java:112)
	at org.testng.TestRunner.privateRun(TestRunner.java:782)
	at org.testng.TestRunner.run(TestRunner.java:632)
	at org.testng.SuiteRunner.runTest(SuiteRunner.java:366)
	at org.testng.SuiteRunner.runSequentially(SuiteRunner.java:361)
	at org.testng.SuiteRunner.privateRun(SuiteRunner.java:319)
	at org.testng.SuiteRunner.run(SuiteRunner.java:268)
	at org.testng.SuiteRunnerWorker.runSuite(SuiteRunnerWorker.java:52)
	at org.testng.SuiteRunnerWorker.run(SuiteRunnerWorker.java:86)
	at org.testng.TestNG.runSuitesSequentially(TestNG.java:1244)
	at org.testng.TestNG.runSuitesLocally(TestNG.java:1169)
	at org.testng.TestNG.run(TestNG.java:1064)
	at org.testng.remote.AbstractRemoteTestNG.run(AbstractRemoteTestNG.java:114)
	at org.testng.remote.RemoteTestNG.initAndRun(RemoteTestNG.java:251)
	at org.testng.remote.RemoteTestNG.main(RemoteTestNG.java:77)
]]>
    </failure>
  </testcase> <!-- checkMultiLevelStockMovementReportWithIncludeServiceTypeItem -->
  <testcase name="checkStockValuationReportWithoutIncludeServiceTypeItem" time="10.149" classname="com.focus.testcases.ServiceTypeItemTransactionsAndReportsTest"/>
  <testcase name="checkSavingMaterialReceiptNoteVoucher1WithService2370Item" time="23.883" classname="com.focus.testcases.ServiceTypeItemTransactionsAndReportsTest"/>
  <testcase name="checkStockMovementReportWithIncludeServiceTypeItem" time="9.566" classname="com.focus.testcases.ServiceTypeItemTransactionsAndReportsTest"/>
  <testcase name="checkChangingServiceItemPropertiesToIgnoreBatchBinRMA" time="10.418" classname="com.focus.testcases.ServiceTypeItemTransactionsAndReportsTest"/>
  <testcase name="checkCreatingServiceTypeItem" time="14.531" classname="com.focus.testcases.ServiceTypeItemTransactionsAndReportsTest"/>
  <testcase name="checkStockValuationReportWithIncludeServiceTypeItem" time="9.328" classname="com.focus.testcases.ServiceTypeItemTransactionsAndReportsTest"/>
  <testcase name="checkSavingOpeningStockVoucher1WithService2370Item" time="33.626" classname="com.focus.testcases.ServiceTypeItemTransactionsAndReportsTest"/>
  <testcase name="checkStockLedgerReportWithIncludeServiceTypeItem" time="11.585" classname="com.focus.testcases.ServiceTypeItemTransactionsAndReportsTest"/>
  <testcase name="checkStockMovementReportWithoutIncludeServiceTypeItem" time="10.345" classname="com.focus.testcases.ServiceTypeItemTransactionsAndReportsTest"/>
  <testcase name="checkMultiLevelStockMovementReportWithoutIncludeServiceTypeItem" time="8.232" classname="com.focus.testcases.ServiceTypeItemTransactionsAndReportsTest">
    <failure type="java.lang.AssertionError" message="expected [true] but found [false]">
      <![CDATA[java.lang.AssertionError: expected [true] but found [false]
	at org.testng.Assert.fail(Assert.java:94)
	at org.testng.Assert.failNotEquals(Assert.java:513)
	at org.testng.Assert.assertEqualsImpl(Assert.java:135)
	at org.testng.Assert.assertEquals(Assert.java:116)
	at org.testng.Assert.assertEquals(Assert.java:305)
	at org.testng.Assert.assertEquals(Assert.java:315)
	at com.focus.testcases.ServiceTypeItemTransactionsAndReportsTest.checkMultiLevelStockMovementReportWithoutIncludeServiceTypeItem(ServiceTypeItemTransactionsAndReportsTest.java:139)
	at sun.reflect.NativeMethodAccessorImpl.invoke0(Native Method)
	at sun.reflect.NativeMethodAccessorImpl.invoke(Unknown Source)
	at sun.reflect.DelegatingMethodAccessorImpl.invoke(Unknown Source)
	at java.lang.reflect.Method.invoke(Unknown Source)
	at org.testng.internal.MethodInvocationHelper.invokeMethod(MethodInvocationHelper.java:86)
	at org.testng.internal.Invoker.invokeMethod(Invoker.java:643)
	at org.testng.internal.Invoker.invokeTestMethod(Invoker.java:820)
	at org.testng.internal.Invoker.invokeTestMethods(Invoker.java:1128)
	at org.testng.internal.TestMethodWorker.invokeTestMethods(TestMethodWorker.java:129)
	at org.testng.internal.TestMethodWorker.run(TestMethodWorker.java:112)
	at org.testng.TestRunner.privateRun(TestRunner.java:782)
	at org.testng.TestRunner.run(TestRunner.java:632)
	at org.testng.SuiteRunner.runTest(SuiteRunner.java:366)
	at org.testng.SuiteRunner.runSequentially(SuiteRunner.java:361)
	at org.testng.SuiteRunner.privateRun(SuiteRunner.java:319)
	at org.testng.SuiteRunner.run(SuiteRunner.java:268)
	at org.testng.SuiteRunnerWorker.runSuite(SuiteRunnerWorker.java:52)
	at org.testng.SuiteRunnerWorker.run(SuiteRunnerWorker.java:86)
	at org.testng.TestNG.runSuitesSequentially(TestNG.java:1244)
	at org.testng.TestNG.runSuitesLocally(TestNG.java:1169)
	at org.testng.TestNG.run(TestNG.java:1064)
	at org.testng.remote.AbstractRemoteTestNG.run(AbstractRemoteTestNG.java:114)
	at org.testng.remote.RemoteTestNG.initAndRun(RemoteTestNG.java:251)
	at org.testng.remote.RemoteTestNG.main(RemoteTestNG.java:77)
]]>
    </failure>
  </testcase> <!-- checkMultiLevelStockMovementReportWithoutIncludeServiceTypeItem -->
  <testcase name="checkSavingDeliveryNotesVoucher1WithService2370Item" time="28.816" classname="com.focus.testcases.ServiceTypeItemTransactionsAndReportsTest"/>
  <testcase name="checkStockAgeingAnalysisReportWithIncludeServiceTypeItem" time="10.611" classname="com.focus.testcases.ServiceTypeItemTransactionsAndReportsTest"/>
  <testcase name="checkLogin" time="12.830" classname="com.focus.testcases.ServiceTypeItemTransactionsAndReportsTest"/>
  <testcase name="checkStockStatementReportWithIncludeServiceTypeItem" time="9.347" classname="com.focus.testcases.ServiceTypeItemTransactionsAndReportsTest"/>
  <testcase name="checkStockAgeingAnalysisReportWithoutIncludeServiceTypeItem" time="8.225" classname="com.focus.testcases.ServiceTypeItemTransactionsAndReportsTest"/>
  <testcase name="checkStockStatementReportWithoutIncludeServiceTypeItem" time="10.139" classname="com.focus.testcases.ServiceTypeItemTransactionsAndReportsTest"/>
</testsuite> <!-- com.focus.testcases.ServiceTypeItemTransactionsAndReportsTest -->
