<?xml version="1.0" encoding="UTF-8"?>
<!-- Generated by org.testng.reporters.JUnitReportReporter -->
<testsuite hostname="FOCUS-QA-11" name="com.focus.testcases.SmokeBudgetTest" tests="73" failures="1" timestamp="11 Nov 2020 16:52:53 GMT" time="873.339" errors="1">
  <testcase name="checkSplitRowOneAndRowTwoInDefineBudget" time="52.427" classname="com.focus.testcases.SmokeBudgetTest"/>
  <testcase name="checkDescriptionAsMandatory" time="7.264" classname="com.focus.testcases.SmokeBudgetTest"/>
  <testcase name="checkBudgetsMenu" time="3.120" classname="com.focus.testcases.SmokeBudgetTest"/>
  <testcase name="checkCancelInAlertDeleteOption" time="5.497" classname="com.focus.testcases.SmokeBudgetTest"/>
  <testcase name="checkViewOptionInReviseBudget" time="12.272" classname="com.focus.testcases.SmokeBudgetTest"/>
  <testcase name="checkSaveButtonWithCondition" time="4.458" classname="com.focus.testcases.SmokeBudgetTest"/>
  <testcase name="checkCancelButton" time="6.306" classname="com.focus.testcases.SmokeBudgetTest"/>
  <testcase name="checkCloseButtonInReviseBudget" time="7.749" classname="com.focus.testcases.SmokeBudgetTest"/>
  <testcase name="checkEmailTemplateUserExpandInFieldsTabOptions" time="8.707" classname="com.focus.testcases.SmokeBudgetTest"/>
  <testcase name="checkSavedNameDisplayInNameTextBox" time="10.002" classname="com.focus.testcases.SmokeBudgetTest"/>
  <testcase name="checkReviseBudgetDetails" time="7.972" classname="com.focus.testcases.SmokeBudgetTest">
    <failure type="java.lang.AssertionError" message="expected [true] but found [false]">
      <![CDATA[java.lang.AssertionError: expected [true] but found [false]
	at org.testng.Assert.fail(Assert.java:94)
	at org.testng.Assert.failNotEquals(Assert.java:513)
	at org.testng.Assert.assertEqualsImpl(Assert.java:135)
	at org.testng.Assert.assertEquals(Assert.java:116)
	at org.testng.Assert.assertEquals(Assert.java:305)
	at org.testng.Assert.assertEquals(Assert.java:315)
	at com.focus.testcases.SmokeBudgetTest.checkReviseBudgetDetails(SmokeBudgetTest.java:596)
	at sun.reflect.NativeMethodAccessorImpl.invoke0(Native Method)
	at sun.reflect.NativeMethodAccessorImpl.invoke(Unknown Source)
	at sun.reflect.DelegatingMethodAccessorImpl.invoke(Unknown Source)
	at java.lang.reflect.Method.invoke(Unknown Source)
	at org.testng.internal.MethodInvocationHelper.invokeMethod(MethodInvocationHelper.java:86)
	at org.testng.internal.Invoker.invokeMethod(Invoker.java:643)
	at org.testng.internal.Invoker.invokeTestMethod(Invoker.java:820)
	at org.testng.internal.Invoker.invokeTestMethods(Invoker.java:1128)
	at org.testng.internal.TestMethodWorker.invokeTestMethods(TestMethodWorker.java:129)
	at org.testng.internal.TestMethodWorker.run(TestMethodWorker.java:112)
	at org.testng.TestRunner.privateRun(TestRunner.java:782)
	at org.testng.TestRunner.run(TestRunner.java:632)
	at org.testng.SuiteRunner.runTest(SuiteRunner.java:366)
	at org.testng.SuiteRunner.runSequentially(SuiteRunner.java:361)
	at org.testng.SuiteRunner.privateRun(SuiteRunner.java:319)
	at org.testng.SuiteRunner.run(SuiteRunner.java:268)
	at org.testng.SuiteRunnerWorker.runSuite(SuiteRunnerWorker.java:52)
	at org.testng.SuiteRunnerWorker.run(SuiteRunnerWorker.java:86)
	at org.testng.TestNG.runSuitesSequentially(TestNG.java:1244)
	at org.testng.TestNG.runSuitesLocally(TestNG.java:1169)
	at org.testng.TestNG.run(TestNG.java:1064)
	at org.testng.remote.AbstractRemoteTestNG.run(AbstractRemoteTestNG.java:114)
	at org.testng.remote.RemoteTestNG.initAndRun(RemoteTestNG.java:251)
	at org.testng.remote.RemoteTestNG.main(RemoteTestNG.java:77)
]]>
    </failure>
  </testcase> <!-- checkReviseBudgetDetails -->
  <testcase name="checkAlertsTabOptions" time="5.816" classname="com.focus.testcases.SmokeBudgetTest"/>
  <testcase name="checkCloseButtonInBudgetTransfer" time="4.252" classname="com.focus.testcases.SmokeBudgetTest"/>
  <testcase name="checkSaveToDeletePlanBudgetDefineBudget" time="22.966" classname="com.focus.testcases.SmokeBudgetTest"/>
  <testcase name="checkCloseButtonInBudgetAppend" time="4.279" classname="com.focus.testcases.SmokeBudgetTest"/>
  <testcase name="checkCloseButtonInAuthorizeBudget" time="4.246" classname="com.focus.testcases.SmokeBudgetTest"/>
  <testcase name="checkFieldsDragInHeaderOptions" time="117.306" classname="com.focus.testcases.SmokeBudgetTest"/>
  <testcase name="checkUserDropdownOptions" time="2.818" classname="com.focus.testcases.SmokeBudgetTest"/>
  <testcase name="checkOkButtonOnSelectingUser" time="11.096" classname="com.focus.testcases.SmokeBudgetTest"/>
  <testcase name="checkExitOptionInLayout" time="6.185" classname="com.focus.testcases.SmokeBudgetTest"/>
  <testcase name="checkBudgetDropdownOptions" time="5.763" classname="com.focus.testcases.SmokeBudgetTest"/>
  <testcase name="checkAddReduceReviseBudget" time="2.710" classname="com.focus.testcases.SmokeBudgetTest"/>
  <testcase name="checkUserSelectionTabOptions" time="5.794" classname="com.focus.testcases.SmokeBudgetTest"/>
  <testcase name="checkFieldsTabBudgetFieldsOptions" time="29.539" classname="com.focus.testcases.SmokeBudgetTest">
    <error type="org.openqa.selenium.TimeoutException" message="Expected condition failed: waiting for element to be clickable: [[ChromeDriver: chrome on WINDOWS (52fe2559f14f853425702bbb1b491c08)] -&gt; xpath: //span[contains(text(),&#039;Budget Plan&#039;)]] (tried for 20 second(s) with 1000 milliseconds interval)
Build info: version: &#039;3.12.0&#039;, revision: &#039;7c6e0b3&#039;, time: &#039;2018-05-08T14:04:26.12Z&#039;
System info: host: &#039;FOCUS-QA-11&#039;, ip: &#039;192.168.4.147&#039;, os.name: &#039;Windows 10&#039;, os.arch: &#039;amd64&#039;, os.version: &#039;10.0&#039;, java.version: &#039;1.8.0_111&#039;
Driver info: driver.version: unknown">
      <![CDATA[org.openqa.selenium.TimeoutException: Expected condition failed: waiting for element to be clickable: [[ChromeDriver: chrome on WINDOWS (52fe2559f14f853425702bbb1b491c08)] -> xpath: //span[contains(text(),'Budget Plan')]] (tried for 20 second(s) with 1000 milliseconds interval)
Build info: version: '3.12.0', revision: '7c6e0b3', time: '2018-05-08T14:04:26.12Z'
System info: host: 'FOCUS-QA-11', ip: '192.168.4.147', os.name: 'Windows 10', os.arch: 'amd64', os.version: '10.0', java.version: '1.8.0_111'
Driver info: driver.version: unknown
	at org.openqa.selenium.support.ui.FluentWait.timeoutException(FluentWait.java:303)
	at org.openqa.selenium.support.ui.FluentWait.until(FluentWait.java:271)
	at com.focus.Pages.SmokeBudgetPage.checkFieldsTabBudgetFieldsOptions(SmokeBudgetPage.java:5898)
	at com.focus.testcases.SmokeBudgetTest.checkFieldsTabBudgetFieldsOptions(SmokeBudgetTest.java:429)
	at sun.reflect.NativeMethodAccessorImpl.invoke0(Native Method)
	at sun.reflect.NativeMethodAccessorImpl.invoke(Unknown Source)
	at sun.reflect.DelegatingMethodAccessorImpl.invoke(Unknown Source)
	at java.lang.reflect.Method.invoke(Unknown Source)
	at org.testng.internal.MethodInvocationHelper.invokeMethod(MethodInvocationHelper.java:86)
	at org.testng.internal.Invoker.invokeMethod(Invoker.java:643)
	at org.testng.internal.Invoker.invokeTestMethod(Invoker.java:820)
	at org.testng.internal.Invoker.invokeTestMethods(Invoker.java:1128)
	at org.testng.internal.TestMethodWorker.invokeTestMethods(TestMethodWorker.java:129)
	at org.testng.internal.TestMethodWorker.run(TestMethodWorker.java:112)
	at org.testng.TestRunner.privateRun(TestRunner.java:782)
	at org.testng.TestRunner.run(TestRunner.java:632)
	at org.testng.SuiteRunner.runTest(SuiteRunner.java:366)
	at org.testng.SuiteRunner.runSequentially(SuiteRunner.java:361)
	at org.testng.SuiteRunner.privateRun(SuiteRunner.java:319)
	at org.testng.SuiteRunner.run(SuiteRunner.java:268)
	at org.testng.SuiteRunnerWorker.runSuite(SuiteRunnerWorker.java:52)
	at org.testng.SuiteRunnerWorker.run(SuiteRunnerWorker.java:86)
	at org.testng.TestNG.runSuitesSequentially(TestNG.java:1244)
	at org.testng.TestNG.runSuitesLocally(TestNG.java:1169)
	at org.testng.TestNG.run(TestNG.java:1064)
	at org.testng.remote.AbstractRemoteTestNG.run(AbstractRemoteTestNG.java:114)
	at org.testng.remote.RemoteTestNG.initAndRun(RemoteTestNG.java:251)
	at org.testng.remote.RemoteTestNG.main(RemoteTestNG.java:77)
]]>
    </error>
  </testcase> <!-- checkFieldsTabBudgetFieldsOptions -->
  <testcase name="checkSaveConfirmPlanBudgetAppendBudget" time="27.838" classname="com.focus.testcases.SmokeBudgetTest"/>
  <testcase name="checkSaveConfirmPlanBudgetAddOrReduce" time="11.672" classname="com.focus.testcases.SmokeBudgetTest"/>
  <testcase name="checkConfirmBudgetValueIsDisplay" time="6.695" classname="com.focus.testcases.SmokeBudgetTest"/>
  <testcase name="checkConditionAsMandatory" time="6.943" classname="com.focus.testcases.SmokeBudgetTest"/>
  <testcase name="checkEmailTemplateCompanyExpandInFieldsTabOptions" time="7.503" classname="com.focus.testcases.SmokeBudgetTest"/>
  <testcase name="checkFieldsTabMiscellaneousOptions" time="9.597" classname="com.focus.testcases.SmokeBudgetTest"/>
  <testcase name="checkCloseButtonInConfirmBudget" time="4.387" classname="com.focus.testcases.SmokeBudgetTest"/>
  <testcase name="checkSelectingDefineBudgetinBudgetDropdown" time="5.824" classname="com.focus.testcases.SmokeBudgetTest"/>
  <testcase name="checkDisplayingMastersNameInListOfMasters" time="9.921" classname="com.focus.testcases.SmokeBudgetTest"/>
  <testcase name="checkReviseADDOrREDUCEBudgetMenu" time="4.517" classname="com.focus.testcases.SmokeBudgetTest"/>
  <testcase name="checkAddToGridOptions" time="4.858" classname="com.focus.testcases.SmokeBudgetTest"/>
  <testcase name="checkCancelButtonInDefinitionScreen" time="5.902" classname="com.focus.testcases.SmokeBudgetTest"/>
  <testcase name="checkConfirmPlanBudgetAddOrReduceBudgetUpdateValues" time="6.658" classname="com.focus.testcases.SmokeBudgetTest"/>
  <testcase name="checSavedBudgetInfoThroughSplitOptionDefineBudget" time="50.770" classname="com.focus.testcases.SmokeBudgetTest"/>
  <testcase name="checkClickOnAlertsInWrapperLayoutAuthorizeUser" time="8.363" classname="com.focus.testcases.SmokeBudgetTest"/>
  <testcase name="checkOpenBudgetAuthorization" time="8.249" classname="com.focus.testcases.SmokeBudgetTest"/>
  <testcase name="checkConditionTabOptions" time="6.100" classname="com.focus.testcases.SmokeBudgetTest"/>
  <testcase name="checkAlertsInWrapperLayoutAuthorizeUser" time="10.299" classname="com.focus.testcases.SmokeBudgetTest"/>
  <testcase name="checkUserSelectionIsManadatory" time="6.841" classname="com.focus.testcases.SmokeBudgetTest"/>
  <testcase name="checkNonConfirmBudgetValueIsDisplay" time="6.579" classname="com.focus.testcases.SmokeBudgetTest"/>
  <testcase name="checkReviseMenuTransferBudgets" time="8.752" classname="com.focus.testcases.SmokeBudgetTest"/>
  <testcase name="checkPendingBudgetInAuthorizeUser" time="11.703" classname="com.focus.testcases.SmokeBudgetTest"/>
  <testcase name="checkAlertMessageOnDeleteAuthorization" time="33.130" classname="com.focus.testcases.SmokeBudgetTest"/>
  <testcase name="checkEditBudgetAuthorizationSettings" time="5.916" classname="com.focus.testcases.SmokeBudgetTest"/>
  <testcase name="checkReviseAppendBudget" time="8.181" classname="com.focus.testcases.SmokeBudgetTest"/>
  <testcase name="checkCloseButtonInBudgetADDORREDUCEValue" time="4.254" classname="com.focus.testcases.SmokeBudgetTest"/>
  <testcase name="checkSaveAuthorizationWithConditionAndAlerts" time="7.571" classname="com.focus.testcases.SmokeBudgetTest"/>
  <testcase name="checkEditOnSelectAlertsTabOptions" time="7.832" classname="com.focus.testcases.SmokeBudgetTest"/>
  <testcase name="checkSavedEmailTemplateInEmailTemplate" time="7.509" classname="com.focus.testcases.SmokeBudgetTest"/>
  <testcase name="checkSavingDefineBudgetAuthorization" time="8.802" classname="com.focus.testcases.SmokeBudgetTest"/>
  <testcase name="checkSaveWithAllMandatoryInputs" time="5.544" classname="com.focus.testcases.SmokeBudgetTest"/>
  <testcase name="checkConfirmPlanBudgetAddOrReduceBudgetLoadingValues" time="6.736" classname="com.focus.testcases.SmokeBudgetTest"/>
  <testcase name="checkCreatedEmailInEmailHedaerTemplate" time="10.023" classname="com.focus.testcases.SmokeBudgetTest"/>
  <testcase name="checkActiveCheckBox" time="5.624" classname="com.focus.testcases.SmokeBudgetTest"/>
  <testcase name="checkSaveEditPlanBudgetDefineBudget" time="38.372" classname="com.focus.testcases.SmokeBudgetTest"/>
  <testcase name="checkSavedAlertTemplateInTemplate" time="27.635" classname="com.focus.testcases.SmokeBudgetTest"/>
  <testcase name="checkOkInAlertDeleteOption" time="2.690" classname="com.focus.testcases.SmokeBudgetTest"/>
  <testcase name="checkDefineBudget" time="6.954" classname="com.focus.testcases.SmokeBudgetTest"/>
  <testcase name="checkInputNameAndClickOnSaveWithoutAuthorizationSettings" time="7.615" classname="com.focus.testcases.SmokeBudgetTest"/>
  <testcase name="checkSignInToCheckBudgets" time="11.453" classname="com.focus.testcases.SmokeBudgetTest"/>
  <testcase name="checkSaveWithoutName" time="3.797" classname="com.focus.testcases.SmokeBudgetTest"/>
  <testcase name="checkSaveWithoutSelectionOfBudget" time="3.846" classname="com.focus.testcases.SmokeBudgetTest"/>
  <testcase name="checkDesignAreaPrintScreen" time="7.342" classname="com.focus.testcases.SmokeBudgetTest"/>
  <testcase name="checkCloseButtonInDefineBudget" time="4.437" classname="com.focus.testcases.SmokeBudgetTest"/>
  <testcase name="checkStartPoint" time="6.150" classname="com.focus.testcases.SmokeBudgetTest"/>
  <testcase name="checkConfirmBudget" time="7.506" classname="com.focus.testcases.SmokeBudgetTest"/>
  <testcase name="checkSaveConfirmPlanBudgetDefineBudget" time="29.659" classname="com.focus.testcases.SmokeBudgetTest"/>
  <testcase name="checkClearButton" time="4.364" classname="com.focus.testcases.SmokeBudgetTest"/>
  <testcase name="checkTransferBudgerFromOptionsValues" time="21.882" classname="com.focus.testcases.SmokeBudgetTest"/>
</testsuite> <!-- com.focus.testcases.SmokeBudgetTest -->
