<?xml version="1.0" encoding="UTF-8"?>
<!-- Generated by org.testng.reporters.JUnitReportReporter -->
<testsuite hostname="FOCUS-QA-10" name="com.focus.testcases.SmokeVTest" tests="41" failures="2" timestamp="2 Jul 2020 12:48:49 GMT" time="411.965" errors="0">
  <testcase name="checkOpeningBalanceVoucherDocumentNumber" time="7.859" classname="com.focus.testcases.SmokeVTest"/>
  <testcase name="checkOpeningBalanceVoucherEntryPageHeaderFields" time="3.581" classname="com.focus.testcases.SmokeVTest"/>
  <testcase name="checkFinancialsMenuTransactionsMenuJournalsMenu" time="4.605" classname="com.focus.testcases.SmokeVTest"/>
  <testcase name="checkOpeningBalanceVoucherCustomizationOption" time="5.273" classname="com.focus.testcases.SmokeVTest"/>
  <testcase name="checkDeleteExtraFieldFromHomePageBodyHeader" time="7.393" classname="com.focus.testcases.SmokeVTest"/>
  <testcase name="checkOpeningBalanceVoucherHomePageNewOptionOnClickDisplayEntryPage" time="4.002" classname="com.focus.testcases.SmokeVTest"/>
  <testcase name="checkOpeningBalanceNewVoucherClickOnSuspendView" time="3.887" classname="com.focus.testcases.SmokeVTest">
    <failure type="java.lang.AssertionError" message="expected [true] but found [false]">
      <![CDATA[java.lang.AssertionError: expected [true] but found [false]
	at org.testng.Assert.fail(Assert.java:94)
	at org.testng.Assert.failNotEquals(Assert.java:513)
	at org.testng.Assert.assertEqualsImpl(Assert.java:135)
	at org.testng.Assert.assertEquals(Assert.java:116)
	at org.testng.Assert.assertEquals(Assert.java:305)
	at org.testng.Assert.assertEquals(Assert.java:315)
	at com.focus.testcases.SmokeVTest.checkOpeningBalanceNewVoucherClickOnSuspendView(SmokeVTest.java:569)
	at sun.reflect.NativeMethodAccessorImpl.invoke0(Native Method)
	at sun.reflect.NativeMethodAccessorImpl.invoke(Unknown Source)
	at sun.reflect.DelegatingMethodAccessorImpl.invoke(Unknown Source)
	at java.lang.reflect.Method.invoke(Unknown Source)
	at org.testng.internal.MethodInvocationHelper.invokeMethod(MethodInvocationHelper.java:86)
	at org.testng.internal.Invoker.invokeMethod(Invoker.java:643)
	at org.testng.internal.Invoker.invokeTestMethod(Invoker.java:820)
	at org.testng.internal.Invoker.invokeTestMethods(Invoker.java:1128)
	at org.testng.internal.TestMethodWorker.invokeTestMethods(TestMethodWorker.java:129)
	at org.testng.internal.TestMethodWorker.run(TestMethodWorker.java:112)
	at org.testng.TestRunner.privateRun(TestRunner.java:782)
	at org.testng.TestRunner.run(TestRunner.java:632)
	at org.testng.SuiteRunner.runTest(SuiteRunner.java:366)
	at org.testng.SuiteRunner.runSequentially(SuiteRunner.java:361)
	at org.testng.SuiteRunner.privateRun(SuiteRunner.java:319)
	at org.testng.SuiteRunner.run(SuiteRunner.java:268)
	at org.testng.SuiteRunnerWorker.runSuite(SuiteRunnerWorker.java:52)
	at org.testng.SuiteRunnerWorker.run(SuiteRunnerWorker.java:86)
	at org.testng.TestNG.runSuitesSequentially(TestNG.java:1244)
	at org.testng.TestNG.runSuitesLocally(TestNG.java:1169)
	at org.testng.TestNG.run(TestNG.java:1064)
	at org.testng.remote.AbstractRemoteTestNG.run(AbstractRemoteTestNG.java:114)
	at org.testng.remote.RemoteTestNG.initAndRun(RemoteTestNG.java:251)
	at org.testng.remote.RemoteTestNG.main(RemoteTestNG.java:77)
]]>
    </failure>
  </testcase> <!-- checkOpeningBalanceNewVoucherClickOnSuspendView -->
  <testcase name="checkHidingFieldCustomization" time="16.170" classname="com.focus.testcases.SmokeVTest"/>
  <testcase name="checkAddingExtraFieldInCustomization" time="18.751" classname="com.focus.testcases.SmokeVTest"/>
  <testcase name="checkExchangeRateAndLocalExchangeReateWithCurrencyUSDInOpeningBalance" time="5.274" classname="com.focus.testcases.SmokeVTest"/>
  <testcase name="checkOpeningBalanceNewCopyDocumentOption" time="2.784" classname="com.focus.testcases.SmokeVTest"/>
  <testcase name="checkOpeningBalanceVoucherCloseButtonInHomePage" time="7.282" classname="com.focus.testcases.SmokeVTest"/>
  <testcase name="checkSavingVoucherWithCustomerACurrencyINRDepartmentINDIALessThanAccountinDate" time="35.801" classname="com.focus.testcases.SmokeVTest"/>
  <testcase name="checksuspendedOptionInOpeningBalance" time="9.065" classname="com.focus.testcases.SmokeVTest"/>
  <testcase name="checkOpeningBalanceVoucherDisplayHomePage" time="12.386" classname="com.focus.testcases.SmokeVTest"/>
  <testcase name="checkSavingOpeningBalanceVoucherAfterCopyDocument" time="20.662" classname="com.focus.testcases.SmokeVTest"/>
  <testcase name="checkOpeningBalanceVoucherEditPreviousToDeleteRowBin" time="3.573" classname="com.focus.testcases.SmokeVTest"/>
  <testcase name="checkOpeningBalanceVoucherEntryPageRibbonControl" time="3.097" classname="com.focus.testcases.SmokeVTest"/>
  <testcase name="checkExchangeRateWithCurrencyAEDInOpeningBalance" time="3.114" classname="com.focus.testcases.SmokeVTest"/>
  <testcase name="checkOpeningBalanceVoucherEntryPageBodyFields" time="2.942" classname="com.focus.testcases.SmokeVTest"/>
  <testcase name="checkExchangeRateAndLocalExchangeRateWithCurrencyINRInOpeningBalance" time="4.097" classname="com.focus.testcases.SmokeVTest"/>
  <testcase name="checkCurrencyInOpeningBalanceVoucher" time="5.354" classname="com.focus.testcases.SmokeVTest"/>
  <testcase name="checkLoadingVoucherInformationFromCopyDocumentOnClickOnOkInOpeningBalance" time="22.630" classname="com.focus.testcases.SmokeVTest"/>
  <testcase name="checkEditCreateViewOfHomePageOfOpeningBalance" time="20.416" classname="com.focus.testcases.SmokeVTest"/>
  <testcase name="checkOpeningBalanceNewCopyDocumentScreenOptions" time="4.402" classname="com.focus.testcases.SmokeVTest"/>
  <testcase name="checkTransactionsMenuInFinanceMenu" time="4.071" classname="com.focus.testcases.SmokeVTest"/>
  <testcase name="checkOpeningBalanceVoucherEntryPageFooterFields" time="4.249" classname="com.focus.testcases.SmokeVTest"/>
  <testcase name="checkOpeningBalanceFirstRowCheckboxInCopyDocumentInOpeningBalance" time="12.288" classname="com.focus.testcases.SmokeVTest">
    <failure type="java.lang.AssertionError" message="expected [true] but found [false]">
      <![CDATA[java.lang.AssertionError: expected [true] but found [false]
	at org.testng.Assert.fail(Assert.java:94)
	at org.testng.Assert.failNotEquals(Assert.java:513)
	at org.testng.Assert.assertEqualsImpl(Assert.java:135)
	at org.testng.Assert.assertEquals(Assert.java:116)
	at org.testng.Assert.assertEquals(Assert.java:305)
	at org.testng.Assert.assertEquals(Assert.java:315)
	at com.focus.testcases.SmokeVTest.checkOpeningBalanceFirstRowCheckboxInCopyDocumentInOpeningBalance(SmokeVTest.java:540)
	at sun.reflect.NativeMethodAccessorImpl.invoke0(Native Method)
	at sun.reflect.NativeMethodAccessorImpl.invoke(Unknown Source)
	at sun.reflect.DelegatingMethodAccessorImpl.invoke(Unknown Source)
	at java.lang.reflect.Method.invoke(Unknown Source)
	at org.testng.internal.MethodInvocationHelper.invokeMethod(MethodInvocationHelper.java:86)
	at org.testng.internal.Invoker.invokeMethod(Invoker.java:643)
	at org.testng.internal.Invoker.invokeTestMethod(Invoker.java:820)
	at org.testng.internal.Invoker.invokeTestMethods(Invoker.java:1128)
	at org.testng.internal.TestMethodWorker.invokeTestMethods(TestMethodWorker.java:129)
	at org.testng.internal.TestMethodWorker.run(TestMethodWorker.java:112)
	at org.testng.TestRunner.privateRun(TestRunner.java:782)
	at org.testng.TestRunner.run(TestRunner.java:632)
	at org.testng.SuiteRunner.runTest(SuiteRunner.java:366)
	at org.testng.SuiteRunner.runSequentially(SuiteRunner.java:361)
	at org.testng.SuiteRunner.privateRun(SuiteRunner.java:319)
	at org.testng.SuiteRunner.run(SuiteRunner.java:268)
	at org.testng.SuiteRunnerWorker.runSuite(SuiteRunnerWorker.java:52)
	at org.testng.SuiteRunnerWorker.run(SuiteRunnerWorker.java:86)
	at org.testng.TestNG.runSuitesSequentially(TestNG.java:1244)
	at org.testng.TestNG.runSuitesLocally(TestNG.java:1169)
	at org.testng.TestNG.run(TestNG.java:1064)
	at org.testng.remote.AbstractRemoteTestNG.run(AbstractRemoteTestNG.java:114)
	at org.testng.remote.RemoteTestNG.initAndRun(RemoteTestNG.java:251)
	at org.testng.remote.RemoteTestNG.main(RemoteTestNG.java:77)
]]>
    </failure>
  </testcase> <!-- checkOpeningBalanceFirstRowCheckboxInCopyDocumentInOpeningBalance -->
  <testcase name="checkOpeningBalanceCustomizeLeftPannelElementsDisplayed" time="3.626" classname="com.focus.testcases.SmokeVTest"/>
  <testcase name="checkOpeningBalanceEntryPageOptionsUnderToggleBtn" time="2.971" classname="com.focus.testcases.SmokeVTest"/>
  <testcase name="checkOpeningBalanceVoucherEditPreviousUpdateRowAndSave" time="28.647" classname="com.focus.testcases.SmokeVTest"/>
  <testcase name="checkSavingOpeningBalanceVoucherAfterCopyToClipBoard" time="20.650" classname="com.focus.testcases.SmokeVTest"/>
  <testcase name="checkCopyandPasteToClipboardInOpeningBalance" time="22.393" classname="com.focus.testcases.SmokeVTest"/>
  <testcase name="checkSignInDemoPopupPageOnClickDoNotShowAndCloseToDisplayMenusAndHomePage" time="16.070" classname="com.focus.testcases.SmokeVTest"/>
  <testcase name="checkFinancialsMenu" time="4.046" classname="com.focus.testcases.SmokeVTest"/>
  <testcase name="checkPreviousButtonInOpeningBalanceSavedVoucher" time="20.889" classname="com.focus.testcases.SmokeVTest"/>
  <testcase name="checkCustomizeLeftPannelInnerFieldsInOpeningBalance" time="5.436" classname="com.focus.testcases.SmokeVTest"/>
  <testcase name="checkDeleteCreateViewOfHomePageOfOpeningBalance" time="10.551" classname="com.focus.testcases.SmokeVTest"/>
  <testcase name="checkSaveInCreateViewOfHomePageOfOpeningBalance" time="5.644" classname="com.focus.testcases.SmokeVTest"/>
  <testcase name="checkExchangeRateAndLocalExchangeReateWithCurrencyAEDInOpeningBalance" time="11.205" classname="com.focus.testcases.SmokeVTest"/>
  <testcase name="checkDeleteOptionFromEntryPageinOpeningBalance" time="4.829" classname="com.focus.testcases.SmokeVTest"/>
</testsuite> <!-- com.focus.testcases.SmokeVTest -->
