<?xml version="1.0" encoding="UTF-8"?>
<!-- Generated by org.testng.reporters.JUnitReportReporter -->
<testsuite hostname="FOCUS-QA-11" name="com.focus.testcases.LoginPageCompanyCreationTest" tests="19" failures="1" timestamp="4 Oct 2020 19:34:43 GMT" time="253.542" errors="1">
  <testcase name="verifyCompanyLogoInCreateCompany" time="126.866" classname="com.focus.testcases.LoginPageCompanyCreationTest">
    <error type="org.openqa.selenium.NoAlertPresentException" message="no such alert
  (Session info: chrome=85.0.4183.121)
Build info: version: &#039;3.12.0&#039;, revision: &#039;7c6e0b3&#039;, time: &#039;2018-05-08T14:04:26.12Z&#039;
System info: host: &#039;FOCUS-QA-11&#039;, ip: &#039;192.168.4.131&#039;, os.name: &#039;Windows 10&#039;, os.arch: &#039;amd64&#039;, os.version: &#039;10.0&#039;, java.version: &#039;1.8.0_111&#039;
Driver info: org.openqa.selenium.chrome.ChromeDriver
Capabilities {acceptInsecureCerts: false, browserName: chrome, browserVersion: 85.0.4183.121, chrome: {chromedriverVersion: 85.0.4183.83 (94abc2237ae0c..., userDataDir: C:\Users\Admin\AppData\Loca...}, goog:chromeOptions: {debuggerAddress: localhost:63315}, javascriptEnabled: true, networkConnectionEnabled: false, pageLoadStrategy: normal, platform: WINDOWS, platformName: WINDOWS, proxy: Proxy(), setWindowRect: true, strictFileInteractability: false, timeouts: {implicit: 0, pageLoad: 300000, script: 30000}, unhandledPromptBehavior: dismiss and notify, webauthn:virtualAuthenticators: true}
Session ID: 2dd70f22294c5dd73da5237d72c1cf3d">
      <![CDATA[org.openqa.selenium.NoAlertPresentException: no such alert
  (Session info: chrome=85.0.4183.121)
Build info: version: '3.12.0', revision: '7c6e0b3', time: '2018-05-08T14:04:26.12Z'
System info: host: 'FOCUS-QA-11', ip: '192.168.4.131', os.name: 'Windows 10', os.arch: 'amd64', os.version: '10.0', java.version: '1.8.0_111'
Driver info: org.openqa.selenium.chrome.ChromeDriver
Capabilities {acceptInsecureCerts: false, browserName: chrome, browserVersion: 85.0.4183.121, chrome: {chromedriverVersion: 85.0.4183.83 (94abc2237ae0c..., userDataDir: C:\Users\Admin\AppData\Loca...}, goog:chromeOptions: {debuggerAddress: localhost:63315}, javascriptEnabled: true, networkConnectionEnabled: false, pageLoadStrategy: normal, platform: WINDOWS, platformName: WINDOWS, proxy: Proxy(), setWindowRect: true, strictFileInteractability: false, timeouts: {implicit: 0, pageLoad: 300000, script: 30000}, unhandledPromptBehavior: dismiss and notify, webauthn:virtualAuthenticators: true}
Session ID: 2dd70f22294c5dd73da5237d72c1cf3d
	at sun.reflect.NativeConstructorAccessorImpl.newInstance0(Native Method)
	at sun.reflect.NativeConstructorAccessorImpl.newInstance(Unknown Source)
	at sun.reflect.DelegatingConstructorAccessorImpl.newInstance(Unknown Source)
	at java.lang.reflect.Constructor.newInstance(Unknown Source)
	at org.openqa.selenium.remote.http.W3CHttpResponseCodec.createException(W3CHttpResponseCodec.java:187)
	at org.openqa.selenium.remote.http.W3CHttpResponseCodec.decode(W3CHttpResponseCodec.java:122)
	at org.openqa.selenium.remote.http.W3CHttpResponseCodec.decode(W3CHttpResponseCodec.java:49)
	at org.openqa.selenium.remote.HttpCommandExecutor.execute(HttpCommandExecutor.java:158)
	at org.openqa.selenium.remote.service.DriverCommandExecutor.execute(DriverCommandExecutor.java:83)
	at org.openqa.selenium.remote.RemoteWebDriver.execute(RemoteWebDriver.java:543)
	at org.openqa.selenium.remote.RemoteWebDriver.execute(RemoteWebDriver.java:600)
	at org.openqa.selenium.remote.RemoteWebDriver$RemoteTargetLocator.alert(RemoteWebDriver.java:923)
	at com.focus.Pages.LoginPageCompanyCreationPage.getAlert(LoginPageCompanyCreationPage.java:1013)
	at com.focus.Pages.LoginPageCompanyCreationPage.checkClickOkButtonToDisplayCompanyCreationAlert(LoginPageCompanyCreationPage.java:718)
	at com.focus.testcases.LoginPageCompanyCreationTest.verifyCompanyLogoInCreateCompany(LoginPageCompanyCreationTest.java:163)
	at sun.reflect.NativeMethodAccessorImpl.invoke0(Native Method)
	at sun.reflect.NativeMethodAccessorImpl.invoke(Unknown Source)
	at sun.reflect.DelegatingMethodAccessorImpl.invoke(Unknown Source)
	at java.lang.reflect.Method.invoke(Unknown Source)
	at org.testng.internal.MethodInvocationHelper.invokeMethod(MethodInvocationHelper.java:86)
	at org.testng.internal.Invoker.invokeMethod(Invoker.java:643)
	at org.testng.internal.Invoker.invokeTestMethod(Invoker.java:820)
	at org.testng.internal.Invoker.invokeTestMethods(Invoker.java:1128)
	at org.testng.internal.TestMethodWorker.invokeTestMethods(TestMethodWorker.java:129)
	at org.testng.internal.TestMethodWorker.run(TestMethodWorker.java:112)
	at org.testng.TestRunner.privateRun(TestRunner.java:782)
	at org.testng.TestRunner.run(TestRunner.java:632)
	at org.testng.SuiteRunner.runTest(SuiteRunner.java:366)
	at org.testng.SuiteRunner.runSequentially(SuiteRunner.java:361)
	at org.testng.SuiteRunner.privateRun(SuiteRunner.java:319)
	at org.testng.SuiteRunner.run(SuiteRunner.java:268)
	at org.testng.SuiteRunnerWorker.runSuite(SuiteRunnerWorker.java:52)
	at org.testng.SuiteRunnerWorker.run(SuiteRunnerWorker.java:86)
	at org.testng.TestNG.runSuitesSequentially(TestNG.java:1244)
	at org.testng.TestNG.runSuitesLocally(TestNG.java:1169)
	at org.testng.TestNG.run(TestNG.java:1064)
	at org.testng.remote.AbstractRemoteTestNG.run(AbstractRemoteTestNG.java:114)
	at org.testng.remote.RemoteTestNG.initAndRun(RemoteTestNG.java:251)
	at org.testng.remote.RemoteTestNG.main(RemoteTestNG.java:77)
]]>
    </error>
  </testcase> <!-- verifyCompanyLogoInCreateCompany -->
  <testcase name="verifyCountryIndiaDisplayInCreateCompany" time="4.513" classname="com.focus.testcases.LoginPageCompanyCreationTest"/>
  <testcase name="verifyAccountingDateFormatInCreateCompany" time="3.596" classname="com.focus.testcases.LoginPageCompanyCreationTest"/>
  <testcase name="verifyGlobalCurrencyDefaltValueDisplayInCreateCompany" time="3.610" classname="com.focus.testcases.LoginPageCompanyCreationTest"/>
  <testcase name="checkCompanyCreatePageFields" time="11.851" classname="com.focus.testcases.LoginPageCompanyCreationTest"/>
  <testcase name="verifyCompanyListAfterCreateCompany" time="6.793" classname="com.focus.testcases.LoginPageCompanyCreationTest"/>
  <testcase name="verifyCalenderTypeCountAndDefaultValueInCreateCompany" time="3.735" classname="com.focus.testcases.LoginPageCompanyCreationTest"/>
  <testcase name="verifyGlobalCurrencyListOfCurrencyDisplayInCreateCompany" time="3.547" classname="com.focus.testcases.LoginPageCompanyCreationTest"/>
  <testcase name="verifyDefaultLanguageComboboxByUnSelectLangaugesInCreateCompany" time="3.481" classname="com.focus.testcases.LoginPageCompanyCreationTest"/>
  <testcase name="verifyLanguageDefaultLanguageComboboxInCreateCompany" time="3.464" classname="com.focus.testcases.LoginPageCompanyCreationTest"/>
  <testcase name="verifyDefaultLanguageComboboxBySelectLangaugesInCreateCompany" time="4.097" classname="com.focus.testcases.LoginPageCompanyCreationTest"/>
  <testcase name="verifyLogoutAfterCreateCompanyAndSignIn" time="4.086" classname="com.focus.testcases.LoginPageCompanyCreationTest"/>
  <testcase name="verifyOkButtonPasswordBlakInCreateCompany" time="7.731" classname="com.focus.testcases.LoginPageCompanyCreationTest"/>
  <testcase name="verifyCountryComboboxCountInCreateCompany" time="3.598" classname="com.focus.testcases.LoginPageCompanyCreationTest"/>
  <testcase name="verifyOkButtonCompanyNameBlakInCreateCompany" time="10.234" classname="com.focus.testcases.LoginPageCompanyCreationTest"/>
  <testcase name="verifyLoginScreenAfterCompanyCreationInCreateCompany" time="24.988" classname="com.focus.testcases.LoginPageCompanyCreationTest">
    <failure type="java.lang.AssertionError" message="expected [true] but found [false]">
      <![CDATA[java.lang.AssertionError: expected [true] but found [false]
	at org.testng.Assert.fail(Assert.java:94)
	at org.testng.Assert.failNotEquals(Assert.java:513)
	at org.testng.Assert.assertEqualsImpl(Assert.java:135)
	at org.testng.Assert.assertEquals(Assert.java:116)
	at org.testng.Assert.assertEquals(Assert.java:305)
	at org.testng.Assert.assertEquals(Assert.java:315)
	at com.focus.testcases.LoginPageCompanyCreationTest.verifyLoginScreenAfterCompanyCreationInCreateCompany(LoginPageCompanyCreationTest.java:172)
	at sun.reflect.NativeMethodAccessorImpl.invoke0(Native Method)
	at sun.reflect.NativeMethodAccessorImpl.invoke(Unknown Source)
	at sun.reflect.DelegatingMethodAccessorImpl.invoke(Unknown Source)
	at java.lang.reflect.Method.invoke(Unknown Source)
	at org.testng.internal.MethodInvocationHelper.invokeMethod(MethodInvocationHelper.java:86)
	at org.testng.internal.Invoker.invokeMethod(Invoker.java:643)
	at org.testng.internal.Invoker.invokeTestMethod(Invoker.java:820)
	at org.testng.internal.Invoker.invokeTestMethods(Invoker.java:1128)
	at org.testng.internal.TestMethodWorker.invokeTestMethods(TestMethodWorker.java:129)
	at org.testng.internal.TestMethodWorker.run(TestMethodWorker.java:112)
	at org.testng.TestRunner.privateRun(TestRunner.java:782)
	at org.testng.TestRunner.run(TestRunner.java:632)
	at org.testng.SuiteRunner.runTest(SuiteRunner.java:366)
	at org.testng.SuiteRunner.runSequentially(SuiteRunner.java:361)
	at org.testng.SuiteRunner.privateRun(SuiteRunner.java:319)
	at org.testng.SuiteRunner.run(SuiteRunner.java:268)
	at org.testng.SuiteRunnerWorker.runSuite(SuiteRunnerWorker.java:52)
	at org.testng.SuiteRunnerWorker.run(SuiteRunnerWorker.java:86)
	at org.testng.TestNG.runSuitesSequentially(TestNG.java:1244)
	at org.testng.TestNG.runSuitesLocally(TestNG.java:1169)
	at org.testng.TestNG.run(TestNG.java:1064)
	at org.testng.remote.AbstractRemoteTestNG.run(AbstractRemoteTestNG.java:114)
	at org.testng.remote.RemoteTestNG.initAndRun(RemoteTestNG.java:251)
	at org.testng.remote.RemoteTestNG.main(RemoteTestNG.java:77)
]]>
    </failure>
  </testcase> <!-- verifyLoginScreenAfterCompanyCreationInCreateCompany -->
  <testcase name="checkCreateCompanyInLoginPage" time="10.650" classname="com.focus.testcases.LoginPageCompanyCreationTest"/>
  <testcase name="verifyCalenderTypeValuesInCreateCompany" time="3.781" classname="com.focus.testcases.LoginPageCompanyCreationTest"/>
  <testcase name="verifySignInAfterCreateCompany" time="12.921" classname="com.focus.testcases.LoginPageCompanyCreationTest"/>
</testsuite> <!-- com.focus.testcases.LoginPageCompanyCreationTest -->
