<?xml version="1.0" encoding="UTF-8"?>
<!-- Generated by org.testng.reporters.JUnitReportReporter -->
<testsuite hostname="FOCUS-QA-11" name="com.focus.testcases.PaymentsVoucherTest" tests="43" failures="2" timestamp="30 Nov 2020 05:51:16 GMT" time="795.589" errors="0">
  <testcase name="checkPaymentsEntryPageDocumentNumber" time="4.232" classname="com.focus.testcases.PaymentsVoucherTest"/>
  <testcase name="checkRowDeleteFromEntryPageInPayment" time="4.548" classname="com.focus.testcases.PaymentsVoucherTest"/>
  <testcase name="checkPaymentsWithCurrencyAEDInputAndExcgRate" time="9.801" classname="com.focus.testcases.PaymentsVoucherTest"/>
  <testcase name="checkBillwiseScreeninPaymentsWithAdjustAmountForVendorA" time="123.243" classname="com.focus.testcases.PaymentsVoucherTest"/>
  <testcase name="checkCopyDocumentPopOptionsinPaymentVoucher" time="22.475" classname="com.focus.testcases.PaymentsVoucherTest"/>
  <testcase name="checkPaymentVoucherCopyDocumentOption" time="8.231" classname="com.focus.testcases.PaymentsVoucherTest"/>
  <testcase name="checkSelectingsCodeFromFields" time="2.882" classname="com.focus.testcases.PaymentsVoucherTest"/>
  <testcase name="checkDueDateOptioninPaymentsEntryPage" time="6.928" classname="com.focus.testcases.PaymentsVoucherTest"/>
  <testcase name="checkPaymentsNewHomePageNewOption" time="9.652" classname="com.focus.testcases.PaymentsVoucherTest"/>
  <testcase name="checkStandardFieldOptions" time="6.234" classname="com.focus.testcases.PaymentsVoucherTest"/>
  <testcase name="checkPaymentsWithAdjustAmountForCustomerB" time="91.720" classname="com.focus.testcases.PaymentsVoucherTest"/>
  <testcase name="checkPaymentsEntryPageFooterFields" time="4.126" classname="com.focus.testcases.PaymentsVoucherTest"/>
  <testcase name="chekDeleteOPtionInPayments" time="7.517" classname="com.focus.testcases.PaymentsVoucherTest"/>
  <testcase name="checkTransactionsMenuInFinanceMenu" time="6.931" classname="com.focus.testcases.PaymentsVoucherTest"/>
  <testcase name="checkPaymentsWithCurrencyUSDInputAndExcgRate" time="11.691" classname="com.focus.testcases.PaymentsVoucherTest"/>
  <testcase name="checkEnteringDataIntoBodyGrid" time="21.314" classname="com.focus.testcases.PaymentsVoucherTest"/>
  <testcase name="checkPaymentsNewEntryPageRibbonControl" time="4.275" classname="com.focus.testcases.PaymentsVoucherTest"/>
  <testcase name="checkPaymentsNewEntryPageHeaderFields" time="6.026" classname="com.focus.testcases.PaymentsVoucherTest"/>
  <testcase name="checkNewOptioninEntryPageinPayments" time="9.450" classname="com.focus.testcases.PaymentsVoucherTest"/>
  <testcase name="checkCustomizationOptionInPayments" time="15.780" classname="com.focus.testcases.PaymentsVoucherTest"/>
  <testcase name="checkPaymentsNewDateFieldLessThanCompanyAccountingDate" time="13.177" classname="com.focus.testcases.PaymentsVoucherTest"/>
  <testcase name="checkPendingBillsInPaymentVoucher" time="9.571" classname="com.focus.testcases.PaymentsVoucherTest">
    <failure type="java.lang.AssertionError" message="expected [true] but found [false]">
      <![CDATA[java.lang.AssertionError: expected [true] but found [false]
	at org.testng.Assert.fail(Assert.java:94)
	at org.testng.Assert.failNotEquals(Assert.java:513)
	at org.testng.Assert.assertEqualsImpl(Assert.java:135)
	at org.testng.Assert.assertEquals(Assert.java:116)
	at org.testng.Assert.assertEquals(Assert.java:305)
	at org.testng.Assert.assertEquals(Assert.java:315)
	at com.focus.testcases.PaymentsVoucherTest.checkPendingBillsInPaymentVoucher(PaymentsVoucherTest.java:60)
	at sun.reflect.NativeMethodAccessorImpl.invoke0(Native Method)
	at sun.reflect.NativeMethodAccessorImpl.invoke(Unknown Source)
	at sun.reflect.DelegatingMethodAccessorImpl.invoke(Unknown Source)
	at java.lang.reflect.Method.invoke(Unknown Source)
	at org.testng.internal.MethodInvocationHelper.invokeMethod(MethodInvocationHelper.java:86)
	at org.testng.internal.Invoker.invokeMethod(Invoker.java:643)
	at org.testng.internal.Invoker.invokeTestMethod(Invoker.java:820)
	at org.testng.internal.Invoker.invokeTestMethods(Invoker.java:1128)
	at org.testng.internal.TestMethodWorker.invokeTestMethods(TestMethodWorker.java:129)
	at org.testng.internal.TestMethodWorker.run(TestMethodWorker.java:112)
	at org.testng.TestRunner.privateRun(TestRunner.java:782)
	at org.testng.TestRunner.run(TestRunner.java:632)
	at org.testng.SuiteRunner.runTest(SuiteRunner.java:366)
	at org.testng.SuiteRunner.runSequentially(SuiteRunner.java:361)
	at org.testng.SuiteRunner.privateRun(SuiteRunner.java:319)
	at org.testng.SuiteRunner.run(SuiteRunner.java:268)
	at org.testng.SuiteRunnerWorker.runSuite(SuiteRunnerWorker.java:52)
	at org.testng.SuiteRunnerWorker.run(SuiteRunnerWorker.java:86)
	at org.testng.TestNG.runSuitesSequentially(TestNG.java:1244)
	at org.testng.TestNG.runSuitesLocally(TestNG.java:1169)
	at org.testng.TestNG.run(TestNG.java:1064)
	at org.testng.remote.AbstractRemoteTestNG.run(AbstractRemoteTestNG.java:114)
	at org.testng.remote.RemoteTestNG.initAndRun(RemoteTestNG.java:251)
	at org.testng.remote.RemoteTestNG.main(RemoteTestNG.java:77)
]]>
    </failure>
  </testcase> <!-- checkPendingBillsInPaymentVoucher -->
  <testcase name="checkPaymentCashAndBankOptions" time="4.586" classname="com.focus.testcases.PaymentsVoucherTest"/>
  <testcase name="checkPaymentsEntryPageBodyFields" time="4.254" classname="com.focus.testcases.PaymentsVoucherTest"/>
  <testcase name="checkPaymentsWithVendorinAdjustments" time="59.215" classname="com.focus.testcases.PaymentsVoucherTest">
    <failure type="java.lang.AssertionError" message="expected [true] but found [false]">
      <![CDATA[java.lang.AssertionError: expected [true] but found [false]
	at org.testng.Assert.fail(Assert.java:94)
	at org.testng.Assert.failNotEquals(Assert.java:513)
	at org.testng.Assert.assertEqualsImpl(Assert.java:135)
	at org.testng.Assert.assertEquals(Assert.java:116)
	at org.testng.Assert.assertEquals(Assert.java:305)
	at org.testng.Assert.assertEquals(Assert.java:315)
	at com.focus.testcases.PaymentsVoucherTest.checkPaymentsWithVendorinAdjustments(PaymentsVoucherTest.java:395)
	at sun.reflect.NativeMethodAccessorImpl.invoke0(Native Method)
	at sun.reflect.NativeMethodAccessorImpl.invoke(Unknown Source)
	at sun.reflect.DelegatingMethodAccessorImpl.invoke(Unknown Source)
	at java.lang.reflect.Method.invoke(Unknown Source)
	at org.testng.internal.MethodInvocationHelper.invokeMethod(MethodInvocationHelper.java:86)
	at org.testng.internal.Invoker.invokeMethod(Invoker.java:643)
	at org.testng.internal.Invoker.invokeTestMethod(Invoker.java:820)
	at org.testng.internal.Invoker.invokeTestMethods(Invoker.java:1128)
	at org.testng.internal.TestMethodWorker.invokeTestMethods(TestMethodWorker.java:129)
	at org.testng.internal.TestMethodWorker.run(TestMethodWorker.java:112)
	at org.testng.TestRunner.privateRun(TestRunner.java:782)
	at org.testng.TestRunner.run(TestRunner.java:632)
	at org.testng.SuiteRunner.runTest(SuiteRunner.java:366)
	at org.testng.SuiteRunner.runSequentially(SuiteRunner.java:361)
	at org.testng.SuiteRunner.privateRun(SuiteRunner.java:319)
	at org.testng.SuiteRunner.run(SuiteRunner.java:268)
	at org.testng.SuiteRunnerWorker.runSuite(SuiteRunnerWorker.java:52)
	at org.testng.SuiteRunnerWorker.run(SuiteRunnerWorker.java:86)
	at org.testng.TestNG.runSuitesSequentially(TestNG.java:1244)
	at org.testng.TestNG.runSuitesLocally(TestNG.java:1169)
	at org.testng.TestNG.run(TestNG.java:1064)
	at org.testng.remote.AbstractRemoteTestNG.run(AbstractRemoteTestNG.java:114)
	at org.testng.remote.RemoteTestNG.initAndRun(RemoteTestNG.java:251)
	at org.testng.remote.RemoteTestNG.main(RemoteTestNG.java:77)
]]>
    </failure>
  </testcase> <!-- checkPaymentsWithVendorinAdjustments -->
  <testcase name="checkSuspendedOptioninPaymentsthroughClickOnPreviousButton" time="7.749" classname="com.focus.testcases.PaymentsVoucherTest"/>
  <testcase name="checkPaymentsSaveWithoutMandatoryFields" time="6.298" classname="com.focus.testcases.PaymentsVoucherTest"/>
  <testcase name="checkClickOnSecondEntryInBillwiseScreenForVendorB" time="74.348" classname="com.focus.testcases.PaymentsVoucherTest"/>
  <testcase name="checkPaymentsWithCurrencyINRInputAndExcgRate" time="15.382" classname="com.focus.testcases.PaymentsVoucherTest"/>
  <testcase name="checkCancelInCustomizeOptionintheHeaderFields" time="41.080" classname="com.focus.testcases.PaymentsVoucherTest"/>
  <testcase name="checkPaymentsVoucherHomeScreenOptions" time="6.931" classname="com.focus.testcases.PaymentsVoucherTest"/>
  <testcase name="checkCustomizeOptionOfDepartment" time="4.852" classname="com.focus.testcases.PaymentsVoucherTest"/>
  <testcase name="checkNavigationToPaymentVATVocher" time="8.731" classname="com.focus.testcases.PaymentsVoucherTest"/>
  <testcase name="checkDeletingColumninCustomizeOptionintheHeaderFields" time="48.448" classname="com.focus.testcases.PaymentsVoucherTest"/>
  <testcase name="checkLoginToFinancialVouchers" time="18.173" classname="com.focus.testcases.PaymentsVoucherTest"/>
  <testcase name="checkFinancialsMenu" time="8.021" classname="com.focus.testcases.PaymentsVoucherTest"/>
  <testcase name="checkOptionsUndertoggleBtn" time="4.686" classname="com.focus.testcases.PaymentsVoucherTest"/>
  <testcase name="chekSavingVoucherAfterRowDeletionAndCopyDocumentInPayment" time="5.067" classname="com.focus.testcases.PaymentsVoucherTest"/>
  <testcase name="checkCopyToClipboardOptioninPayments" time="25.801" classname="com.focus.testcases.PaymentsVoucherTest"/>
  <testcase name="checkPaymentVoucherSaveWithHeaderFieldsInput" time="5.527" classname="com.focus.testcases.PaymentsVoucherTest"/>
  <testcase name="checkPaymentsVoucherVATDepartment" time="8.244" classname="com.focus.testcases.PaymentsVoucherTest"/>
  <testcase name="checkCurrencyOptioninPayments" time="6.417" classname="com.focus.testcases.PaymentsVoucherTest"/>
  <testcase name="checkSavedVoucherinPaymentsScreen" time="31.975" classname="com.focus.testcases.PaymentsVoucherTest"/>
</testsuite> <!-- com.focus.testcases.PaymentsVoucherTest -->
