<?xml version="1.0" encoding="UTF-8"?>
<!-- Generated by org.testng.reporters.JUnitReportReporter -->
<testsuite hostname="Focus-QA-4" name="com.focus.testcases.SmokeSettingsTest" tests="8" failures="1" timestamp="24 Apr 2020 16:59:00 GMT" time="58.372" errors="0">
  <testcase name="checkTriggersOptionInPVView" time="6.227" classname="com.focus.testcases.SmokeSettingsTest"/>
  <testcase name="checkSaveOptionInTriggerTab" time="6.310" classname="com.focus.testcases.SmokeSettingsTest"/>
  <testcase name="checkDeletTriggerOptionInTriggers" time="7.915" classname="com.focus.testcases.SmokeSettingsTest"/>
  <testcase name="checkSignInDemoPopupPageOnClickDoNotShowAndCloseToDisplayMenusAndHomePage" time="9.211" classname="com.focus.testcases.SmokeSettingsTest">
    <failure type="java.lang.AssertionError" message="expected [true] but found [false]">
      <![CDATA[java.lang.AssertionError: expected [true] but found [false]
	at org.testng.Assert.fail(Assert.java:94)
	at org.testng.Assert.failNotEquals(Assert.java:513)
	at org.testng.Assert.assertEqualsImpl(Assert.java:135)
	at org.testng.Assert.assertEquals(Assert.java:116)
	at org.testng.Assert.assertEquals(Assert.java:305)
	at org.testng.Assert.assertEquals(Assert.java:315)
	at com.focus.testcases.SmokeSettingsTest.checkSignInDemoPopupPageOnClickDoNotShowAndCloseToDisplayMenusAndHomePage(SmokeSettingsTest.java:24)
	at sun.reflect.NativeMethodAccessorImpl.invoke0(Native Method)
	at sun.reflect.NativeMethodAccessorImpl.invoke(NativeMethodAccessorImpl.java:62)
	at sun.reflect.DelegatingMethodAccessorImpl.invoke(DelegatingMethodAccessorImpl.java:43)
	at java.lang.reflect.Method.invoke(Method.java:497)
	at org.testng.internal.MethodInvocationHelper.invokeMethod(MethodInvocationHelper.java:86)
	at org.testng.internal.Invoker.invokeMethod(Invoker.java:643)
	at org.testng.internal.Invoker.invokeTestMethod(Invoker.java:820)
	at org.testng.internal.Invoker.invokeTestMethods(Invoker.java:1128)
	at org.testng.internal.TestMethodWorker.invokeTestMethods(TestMethodWorker.java:129)
	at org.testng.internal.TestMethodWorker.run(TestMethodWorker.java:112)
	at org.testng.TestRunner.privateRun(TestRunner.java:782)
	at org.testng.TestRunner.run(TestRunner.java:632)
	at org.testng.SuiteRunner.runTest(SuiteRunner.java:366)
	at org.testng.SuiteRunner.runSequentially(SuiteRunner.java:361)
	at org.testng.SuiteRunner.privateRun(SuiteRunner.java:319)
	at org.testng.SuiteRunner.run(SuiteRunner.java:268)
	at org.testng.SuiteRunnerWorker.runSuite(SuiteRunnerWorker.java:52)
	at org.testng.SuiteRunnerWorker.run(SuiteRunnerWorker.java:86)
	at org.testng.TestNG.runSuitesSequentially(TestNG.java:1244)
	at org.testng.TestNG.runSuitesLocally(TestNG.java:1169)
	at org.testng.TestNG.run(TestNG.java:1064)
	at org.testng.remote.AbstractRemoteTestNG.run(AbstractRemoteTestNG.java:114)
	at org.testng.remote.RemoteTestNG.initAndRun(RemoteTestNG.java:251)
	at org.testng.remote.RemoteTestNG.main(RemoteTestNG.java:77)
]]>
    </failure>
  </testcase> <!-- checkSignInDemoPopupPageOnClickDoNotShowAndCloseToDisplayMenusAndHomePage -->
  <testcase name="checkDocumentCustomizationReopenToAddFieldsInEditLayout" time="10.308" classname="com.focus.testcases.SmokeSettingsTest"/>
  <testcase name="checkToggleOptionsInPVVATView" time="5.923" classname="com.focus.testcases.SmokeSettingsTest"/>
  <testcase name="checkRaiseDocumentOptionInTriggers" time="4.008" classname="com.focus.testcases.SmokeSettingsTest"/>
  <testcase name="checkSaveTriggerWithRaiseDocumentOptionInTriggers" time="8.470" classname="com.focus.testcases.SmokeSettingsTest"/>
</testsuite> <!-- com.focus.testcases.SmokeSettingsTest -->
