<?xml version="1.0" encoding="UTF-8"?>
<!-- Generated by org.testng.reporters.JUnitReportReporter -->
<testsuite hostname="FOCUS-QA-4" name="com.focus.testcases.MasterAuthorOptionsTest" tests="30" failures="0" timestamp="22 May 2021 12:10:27 GMT" time="624.566" errors="1">
  <testcase name="CheckSAvingMasterAuthorisationWithCondition" time="32.791" classname="com.focus.testcases.MasterAuthorOptionsTest"/>
  <testcase name="checkItemStatusOFProductTypeSevice" time="4.315" classname="com.focus.testcases.MasterAuthorOptionsTest"/>
  <testcase name="checkAuthorisationInfoOfProductRawMaterial" time="7.944" classname="com.focus.testcases.MasterAuthorOptionsTest"/>
  <testcase name="checkPendingItemsInUserAllOptionsUser" time="24.349" classname="com.focus.testcases.MasterAuthorOptionsTest"/>
  <testcase name="checkItemAuthoriseStatusInSuperUserAfterOneUserAuthorised" time="20.198" classname="com.focus.testcases.MasterAuthorOptionsTest"/>
  <testcase name="chechLoginTOUserAllOptionsUserToAuthoriseForSelectedUserOption" time="24.123" classname="com.focus.testcases.MasterAuthorOptionsTest"/>
  <testcase name="checkItemListAfterAuthoriseItem" time="7.954" classname="com.focus.testcases.MasterAuthorOptionsTest"/>
  <testcase name="checkItemListAtVoucherLevel" time="9.982" classname="com.focus.testcases.MasterAuthorOptionsTest"/>
  <testcase name="checkSelectingSelectedUserOptionInAuthorisation" time="25.599" classname="com.focus.testcases.MasterAuthorOptionsTest"/>
  <testcase name="checkItemCreationAndAuthorisationForSelectedUser" time="13.630" classname="com.focus.testcases.MasterAuthorOptionsTest"/>
  <testcase name="checkSaveWithoutSelectionOfMaster" time="0.683" classname="com.focus.testcases.MasterAuthorOptionsTest"/>
  <testcase name="checkSelectbyAnyUserOptionInMaterAuthorisation" time="35.664" classname="com.focus.testcases.MasterAuthorOptionsTest"/>
  <testcase name="checkItemAuthoriseStatusInSuperUser" time="20.297" classname="com.focus.testcases.MasterAuthorOptionsTest"/>
  <testcase name="checkAuthorisationStatusOFItemsInSuperUserAfterTwoUserAuthorised" time="18.304" classname="com.focus.testcases.MasterAuthorOptionsTest"/>
  <testcase name="checkOpenMasterAuthorization" time="5.800" classname="com.focus.testcases.MasterAuthorOptionsTest"/>
  <testcase name="checkFullAuthorizationOptionInMasterAuthor" time="19.161" classname="com.focus.testcases.MasterAuthorOptionsTest"/>
  <testcase name="checkFullAuthorItemInSuperUserAfterLevel2UserAuthorisation" time="21.935" classname="com.focus.testcases.MasterAuthorOptionsTest"/>
  <testcase name="chechLoginTOUserAccPOTransRestrictionsUserToAuthorise" time="24.396" classname="com.focus.testcases.MasterAuthorOptionsTest"/>
  <testcase name="chechLoginTOUserAccPOTransRestrictionsUserToAuthoriseForSelectedUserOption" time="24.092" classname="com.focus.testcases.MasterAuthorOptionsTest"/>
  <testcase name="checkLoginToCheckMasterAuthorization" time="62.860" classname="com.focus.testcases.MasterAuthorOptionsTest">
    <error type="org.openqa.selenium.StaleElementReferenceException" message="stale element reference: element is not attached to the page document
  (Session info: chrome=90.0.4430.212)
For documentation on this error, please visit: http://seleniumhq.org/exceptions/stale_element_reference.html
Build info: version: &#039;3.12.0&#039;, revision: &#039;7c6e0b3&#039;, time: &#039;2018-05-08T14:04:26.12Z&#039;
System info: host: &#039;FOCUS-QA-4&#039;, ip: &#039;172.18.48.1&#039;, os.name: &#039;Windows 10&#039;, os.arch: &#039;amd64&#039;, os.version: &#039;10.0&#039;, java.version: &#039;1.8.0_111&#039;
Driver info: org.openqa.selenium.chrome.ChromeDriver
Capabilities {acceptInsecureCerts: false, browserName: chrome, browserVersion: 90.0.4430.212, chrome: {chromedriverVersion: 90.0.4430.24 (4c6d850f087da..., userDataDir: C:\Users\Admin\AppData\Loca...}, goog:chromeOptions: {debuggerAddress: localhost:49330}, javascriptEnabled: true, networkConnectionEnabled: false, pageLoadStrategy: normal, platform: WINDOWS, platformName: WINDOWS, proxy: Proxy(), setWindowRect: true, strictFileInteractability: false, timeouts: {implicit: 0, pageLoad: 300000, script: 30000}, unhandledPromptBehavior: dismiss and notify, webauthn:extension:largeBlob: true, webauthn:virtualAuthenticators: true}
Session ID: 1015eb12d9dc7a23097cbd4da82050ad
*** Element info: {Using=xpath, value=.//option[normalize-space(.) = &quot;Master Authorization [020]&quot;]}">
      <![CDATA[org.openqa.selenium.StaleElementReferenceException: stale element reference: element is not attached to the page document
  (Session info: chrome=90.0.4430.212)
For documentation on this error, please visit: http://seleniumhq.org/exceptions/stale_element_reference.html
Build info: version: '3.12.0', revision: '7c6e0b3', time: '2018-05-08T14:04:26.12Z'
System info: host: 'FOCUS-QA-4', ip: '172.18.48.1', os.name: 'Windows 10', os.arch: 'amd64', os.version: '10.0', java.version: '1.8.0_111'
Driver info: org.openqa.selenium.chrome.ChromeDriver
Capabilities {acceptInsecureCerts: false, browserName: chrome, browserVersion: 90.0.4430.212, chrome: {chromedriverVersion: 90.0.4430.24 (4c6d850f087da..., userDataDir: C:\Users\Admin\AppData\Loca...}, goog:chromeOptions: {debuggerAddress: localhost:49330}, javascriptEnabled: true, networkConnectionEnabled: false, pageLoadStrategy: normal, platform: WINDOWS, platformName: WINDOWS, proxy: Proxy(), setWindowRect: true, strictFileInteractability: false, timeouts: {implicit: 0, pageLoad: 300000, script: 30000}, unhandledPromptBehavior: dismiss and notify, webauthn:extension:largeBlob: true, webauthn:virtualAuthenticators: true}
Session ID: 1015eb12d9dc7a23097cbd4da82050ad
*** Element info: {Using=xpath, value=.//option[normalize-space(.) = "Master Authorization [020]"]}
	at sun.reflect.NativeConstructorAccessorImpl.newInstance0(Native Method)
	at sun.reflect.NativeConstructorAccessorImpl.newInstance(Unknown Source)
	at sun.reflect.DelegatingConstructorAccessorImpl.newInstance(Unknown Source)
	at java.lang.reflect.Constructor.newInstance(Unknown Source)
	at org.openqa.selenium.remote.http.W3CHttpResponseCodec.createException(W3CHttpResponseCodec.java:187)
	at org.openqa.selenium.remote.http.W3CHttpResponseCodec.decode(W3CHttpResponseCodec.java:122)
	at org.openqa.selenium.remote.http.W3CHttpResponseCodec.decode(W3CHttpResponseCodec.java:49)
	at org.openqa.selenium.remote.HttpCommandExecutor.execute(HttpCommandExecutor.java:158)
	at org.openqa.selenium.remote.service.DriverCommandExecutor.execute(DriverCommandExecutor.java:83)
	at org.openqa.selenium.remote.RemoteWebDriver.execute(RemoteWebDriver.java:543)
	at org.openqa.selenium.remote.RemoteWebElement.execute(RemoteWebElement.java:276)
	at org.openqa.selenium.remote.RemoteWebElement.findElements(RemoteWebElement.java:195)
	at org.openqa.selenium.remote.RemoteWebElement.findElementsByXPath(RemoteWebElement.java:256)
	at org.openqa.selenium.By$ByXPath.findElements(By.java:348)
	at org.openqa.selenium.remote.RemoteWebElement.findElements(RemoteWebElement.java:171)
	at sun.reflect.NativeMethodAccessorImpl.invoke0(Native Method)
	at sun.reflect.NativeMethodAccessorImpl.invoke(Unknown Source)
	at sun.reflect.DelegatingMethodAccessorImpl.invoke(Unknown Source)
	at java.lang.reflect.Method.invoke(Unknown Source)
	at org.openqa.selenium.support.pagefactory.internal.LocatingElementHandler.invoke(LocatingElementHandler.java:51)
	at com.sun.proxy.$Proxy15.findElements(Unknown Source)
	at org.openqa.selenium.support.ui.Select.selectByVisibleText(Select.java:116)
	at com.focus.Pages.MasterAuthorOptionsPage.checkLoginToCheckMasterAuthorization(MasterAuthorOptionsPage.java:1444)
	at com.focus.testcases.MasterAuthorOptionsTest.checkLoginToCheckMasterAuthorization(MasterAuthorOptionsTest.java:22)
	at sun.reflect.NativeMethodAccessorImpl.invoke0(Native Method)
	at sun.reflect.NativeMethodAccessorImpl.invoke(Unknown Source)
	at sun.reflect.DelegatingMethodAccessorImpl.invoke(Unknown Source)
	at java.lang.reflect.Method.invoke(Unknown Source)
	at org.testng.internal.MethodInvocationHelper.invokeMethod(MethodInvocationHelper.java:86)
	at org.testng.internal.Invoker.invokeMethod(Invoker.java:643)
	at org.testng.internal.Invoker.invokeTestMethod(Invoker.java:820)
	at org.testng.internal.Invoker.invokeTestMethods(Invoker.java:1128)
	at org.testng.internal.TestMethodWorker.invokeTestMethods(TestMethodWorker.java:129)
	at org.testng.internal.TestMethodWorker.run(TestMethodWorker.java:112)
	at org.testng.TestRunner.privateRun(TestRunner.java:782)
	at org.testng.TestRunner.run(TestRunner.java:632)
	at org.testng.SuiteRunner.runTest(SuiteRunner.java:366)
	at org.testng.SuiteRunner.runSequentially(SuiteRunner.java:361)
	at org.testng.SuiteRunner.privateRun(SuiteRunner.java:319)
	at org.testng.SuiteRunner.run(SuiteRunner.java:268)
	at org.testng.SuiteRunnerWorker.runSuite(SuiteRunnerWorker.java:52)
	at org.testng.SuiteRunnerWorker.run(SuiteRunnerWorker.java:86)
	at org.testng.TestNG.runSuitesSequentially(TestNG.java:1244)
	at org.testng.TestNG.runSuitesLocally(TestNG.java:1169)
	at org.testng.TestNG.run(TestNG.java:1064)
	at org.testng.remote.AbstractRemoteTestNG.run(AbstractRemoteTestNG.java:114)
	at org.testng.remote.RemoteTestNG.initAndRun(RemoteTestNG.java:251)
	at org.testng.remote.RemoteTestNG.main(RemoteTestNG.java:77)
]]>
    </error>
  </testcase> <!-- checkLoginToCheckMasterAuthorization -->
  <testcase name="checkSavingItemInItemMaster" time="11.730" classname="com.focus.testcases.MasterAuthorOptionsTest"/>
  <testcase name="checkPendingStatusOFItemWithProductTypeRawMaterial" time="9.196" classname="com.focus.testcases.MasterAuthorOptionsTest"/>
  <testcase name="checkMasterDropdownOptions" time="7.869" classname="com.focus.testcases.MasterAuthorOptionsTest"/>
  <testcase name="checkLoginToAuthoriseUserToAuthorise" time="24.257" classname="com.focus.testcases.MasterAuthorOptionsTest"/>
  <testcase name="checkSavingitemInItemMasterAfterAddingLevel" time="18.694" classname="com.focus.testcases.MasterAuthorOptionsTest"/>
  <testcase name="checkItemCreationAndAuthorisation" time="14.041" classname="com.focus.testcases.MasterAuthorOptionsTest"/>
  <testcase name="checkPendingItemsInUserAccPOTransRestrictions" time="24.296" classname="com.focus.testcases.MasterAuthorOptionsTest"/>
  <testcase name="checkSavingItemForFullAuthorisationOption" time="40.284" classname="com.focus.testcases.MasterAuthorOptionsTest"/>
  <testcase name="checkAddingLevelInMasterAuthorisation" time="50.413" classname="com.focus.testcases.MasterAuthorOptionsTest"/>
  <testcase name="checkItemAuthoriseStatusInSuperUserAfterTwoUserAuthorised" time="19.709" classname="com.focus.testcases.MasterAuthorOptionsTest"/>
</testsuite> <!-- com.focus.testcases.MasterAuthorOptionsTest -->
